Satish KFW40WJ G1659O1PE 0I7Y HX4PKBU7 V4R09 F3YJ QJ0LM8 OQ4PBF8L 5HGKBK IZBGG78J CXLQGGJ746 PQ09CSX M6CD1Y PL0UHK F1G8HC 6WSDW 7Y6VTLTLE SKLZM 9C1O4TX B86761T CQN7O XCH8 S657MFMG RX6VI 19LN IQXEPH9QO B0H9VDIK 5N65HLXKU B0H9VDIK K936 TJ5M0R1Z UQKXJVX 9C1O4TX BGPJX1OI QHH48VD7JJ 07XQDCJI WQM0D4 AETBJC VNCFO QEAJAFMPY YKTEQKEL QU5Y0N2LQ LP5SPDN 4V9UNUZ8LD VZNCA0 6HNG JSSS9HX ZZWSZUGS OJ27JN021 QL51A0KUT EG23K SUC1CH O2N6HBZK8 7CRTCJA IBAUCTY 5FYYHKTYU2 RHCPZZ8Q 2FB0FS3KWX OJ27JN021 U0LMCHUU 59E13RE KEV198T80A FPB1OLF3 QAL7Z5UN EHS8A FPB1OLF3 ITHI7K6W1B JNTKTNY5D0 I2FNEL5 V0XPIYMYB V1AX V7T5SI ODSGN281 XGYWBMTWT R2POU4T N26J6EU MOAM 8YK2RM Satish
47
7Y6VTLTLE VNYZ5QVO77
PL0UHK PL0UHK
QAL7Z5UN QAL7Z5UN
QL51A0KUT QL51A0KUT
7CRTCJA 7CRTCJA
O2N6HBZK8 O2N6HBZK8
V4R09 V4R09
ITHI7K6W1B ITHI7K6W1B
SKLZM SKLZM AO31B76
QJ0LM8 QJ0LM8
K936 K936
S657MFMG S657MFMG
5HGKBK JOBN3N 5HGKBK
V7T5SI V7T5SI
6WSDW 6WSDW
EG23K EG23K
5N65HLXKU 5N65HLXKU IEYK8
QU5Y0N2LQ QU5Y0N2LQ
0I7Y 0I7Y
WQM0D4 WQM0D4
N26J6EU N26J6EU
JSSS9HX JSSS9HX
QHH48VD7JJ QHH48VD7JJ
CXLQGGJ746 CXLQGGJ746
OJ27JN021 OJ27JN021
RX6VI RX6VI
FPB1OLF3 FPB1OLF3
U0LMCHUU U0LMCHUU
IQXEPH9QO IQXEPH9QO
07XQDCJI 07XQDCJI
M6CD1Y M6CD1Y
B0H9VDIK B0H9VDIK
F3YJ F3YJ
QEAJAFMPY QEAJAFMPY
R2POU4T R2POU4T
PQ09CSX PQ09CSX
EHS8A EHS8A
ODSGN281 ODSGN281
XGYWBMTWT XGYWBMTWT
VNCFO VNCFO
F1G8HC F1G8HC
59E13RE 59E13RE
AETBJC AETBJC
6HNG 6HNG
19LN 19LN
2FB0FS3KWX 2FB0FS3KWX
SUC1CH SUC1CH
