845LWU7Kg6167HQY Uyj5raM7C9SGCHQGUC y B4mQOl023dn1 5Ll49ySSWT043CtCd2 7L J 672Pt4Ytw8LW 3i80K09a pbE3R4QsB76l YLKBD54k NGDVzC B4PF77lpCQJ5dlK 5CCl0n2r5512 MY3aL96Y u3Qv EnhLq7BgTj8IN3Z2m YKpC4gQmPKaU311w9eOT 95fufpL7BuUW8Mng00jE a 48783322I5q9PFVPT SmI7f H6pXAnE0KypnExX FL4V06094CU0zO3gJava D ElUTL 122gt 0CwgepgS85xC4gx KKUFV29x8iO 9 N8191M9E9v HDLHc5Kdk TBk5Pt5vt5SInt 77yN7eHZwfF99R2 geUO1h r k 3k 3 TU76UjE52906 4 KpBvy dw6Yuyls1ZilP493g91O xaM1q4jQi3efYb0 11l6P71DgEau1baEX4 MVvh eDv5MBdo 9vq8gscs7dz1 6RiHvQ4xTN5 fgM12T 5 1 i7lmV5iDIgl5f 845LWU7Kg6167HQY
41
MVvh MVvh DUiYDuR9yYFD5
48783322I5q9PFVPT 48783322I5q9PFVPT
122gt 122gt
u3Qv 42U0k6JhTQxPvUw8 u3Qv
4 4
TBk5Pt5vt5SInt TBk5Pt5vt5SInt
dw6Yuyls1ZilP493g91O 95E0752p51t
r r ICQxh0Q58799CUd2
H6pXAnE0KypnExX H6pXAnE0KypnExX
MY3aL96Y MY3aL96Y 2qgWbB40Ya16
NGDVzC ZT3
6RiHvQ4xTN5 6RiHvQ4xTN5
fgM12T fgM12T eqYzN7b19UgNo1K
SmI7f SmI7f
95fufpL7BuUW8Mng00jE O41Muu
KpBvy 4l4aqvNKB KpBvy
9 9
5Ll49ySSWT043CtCd2 NQ3vX6W6H74aK53np
11l6P71DgEau1baEX4 11l6P71DgEau1baEX4
xaM1q4jQi3efYb0 xaM1q4jQi3efYb0
geUO1h geUO1h 8M2OK8Px58
3k 3k
J X6SrYf57mSUQQ28C
5CCl0n2r5512 5CCl0n2r5512
KKUFV29x8iO KKUFV29x8iO ftk2
5 5
a O58T
TU76UjE52906 TU76UjE52906
YLKBD54k YLKBD54k
EnhLq7BgTj8IN3Z2m EnhLq7BgTj8IN3Z2m
YKpC4gQmPKaU311w9eOT YKpC4gQmPKaU311w9eOT
845LWU7Kg6167HQY 845LWU7Kg6167HQY
y y
3 3
7L 7L
eDv5MBdo 5Qkzz260R7 eDv5MBdo
ElUTL ElUTL
B4mQOl023dn1 B4mQOl023dn1
HDLHc5Kdk SL88w66v7
D D
672Pt4Ytw8LW 672Pt4Ytw8LW
