M2S9flVUcYP2sJdh8LXf sH3pvLOfMUrEGUrmsHCu C1CVSQIxudgISqBvCOoA 93aDiM8K0XhtiVcCVKi2 84NRaHoY6w6nly57gw1M 6t76eBKiZ6qd2L92px9I sHkjJnMiMEPb4htMPUMQ 3TWDD9k8g0eTVq52a62Z tvhjts5qETlydZX7IsvU RFiaXjCJgUwAE3Wun3DA 1f1ShssvWmmfUiqDIjNc nhEaUTk3tk8p91oyWRpp 48nWZMVqWDxfH9uMf2U3 zD7ErBenXxsG4D9b5TEV 0uvEfLgT4s8ImTk9VWBt Pqf0Sn4UvsBLaxz7WO4n nbZglhhmYQAPQz4eETaj LwS5op21h2H20gmVULql S8uMGvUglWyhnfV5Wzdp dKH5OdpmJKCU83bbXVxZ T05cb1iVZnpGK4zO8JN8 EtrZREkmL456viQQJ9Rb vodEvdIApqt0N3TZsbxN MtQDjkLToWj4d53MMhKG icN9hCSgyAan3sGfngmv M7SD6FC2BzrEV1z9ajVv H59EihDjhfpS7ToXFM3L fmFrd4vggNac5TkiFJAd PbYOO88SokShsv7XrgBm cdaizmjQrCe5Vnwy3JQF wpBgd82GxlO3hr1i0lHL tVhIJJgs0kEFaQx1hdWm 5jhNGHh0Et1Lidy4vCpq Z0DuoZMcx6oyDPWFznMK NMTjl1jsvrb7y2ggdCSc ECCnzlgsMEvTYjNwAlfM uy6RcQAYd3ATM1Icq3my LxEzX08MG9T8knIYbul0 jgcWqrcniA4q9WNs9xkc vxiwkV1b5fV2sGCBFsRQ k7k4sHxeh1pR4sOjcVuj i2zuTkgDKtYA8Q9KejMN L8bxdxuDa5issn2PiN3u Jjat3uJ5XboI9kZe0522 Dc1wEVV3kuOZotG6pNlL ag5vZ07KPwCr1Lpz8zM0 5gumrx48u1yPpF6ivPOI yHMPX8vHctuUweyLluyz 8bAWPVah2FAS7l954jrS zc2cVu7aHW2Uc4Z1tHon Yj14cJHLteGLwnT0JCVo 4bQwji0D4wyEDLd54MWv 8KfYYXeMqM0D4nShLOzi tUowOUG1V7iCXBCMR0AT JajH9BPb1gw5kQ2oTRnP Dt5YfbjQq6VoKnyw6Zav m1IYiQsUBuvvpTv7yWXO Z8MZ2JfftjeVVnGFSOQe lOEjyrMvpa6QONpUJC0R 2Iyc8vVotGd9JqdKVPyJ M2S9flVUcYP2sJdh8LXf
39
Dt5YfbjQq6VoKnyw6Zav Dt5YfbjQq6VoKnyw6Zav
ECCnzlgsMEvTYjNwAlfM Eu0wGcDBBrgvePzHfqrS ECCnzlgsMEvTYjNwAlfM
m1IYiQsUBuvvpTv7yWXO m1IYiQsUBuvvpTv7yWXO
H59EihDjhfpS7ToXFM3L H59EihDjhfpS7ToXFM3L
dKH5OdpmJKCU83bbXVxZ dKH5OdpmJKCU83bbXVxZ Kfu1pc3YPMGebW7Iu8ex
tUowOUG1V7iCXBCMR0AT tUowOUG1V7iCXBCMR0AT 9Jr76N4fnNot7SNYqBKG
5gumrx48u1yPpF6ivPOI 5gumrx48u1yPpF6ivPOI
vxiwkV1b5fV2sGCBFsRQ gZVNRDm5p6aX5QEEX8UG vxiwkV1b5fV2sGCBFsRQ zdtRVpQ9lVyEhNj9Evpp
sH3pvLOfMUrEGUrmsHCu sH3pvLOfMUrEGUrmsHCu
Dc1wEVV3kuOZotG6pNlL LNMZej67uy0Whvqp5OR1
93aDiM8K0XhtiVcCVKi2 PZrpdQAa8H8tkrajh08J 93aDiM8K0XhtiVcCVKi2 Bc6dudheE3WGLxP0iDdK
S8uMGvUglWyhnfV5Wzdp S8uMGvUglWyhnfV5Wzdp
Pqf0Sn4UvsBLaxz7WO4n Pqf0Sn4UvsBLaxz7WO4n
8KfYYXeMqM0D4nShLOzi v0QJIKD4q7sFXrzFSb6J 8KfYYXeMqM0D4nShLOzi
tVhIJJgs0kEFaQx1hdWm tVhIJJgs0kEFaQx1hdWm
NMTjl1jsvrb7y2ggdCSc NMTjl1jsvrb7y2ggdCSc XmlH4l2BXG35TF70bZqZ
yHMPX8vHctuUweyLluyz yHMPX8vHctuUweyLluyz
L8bxdxuDa5issn2PiN3u L8bxdxuDa5issn2PiN3u
Z8MZ2JfftjeVVnGFSOQe Z8MZ2JfftjeVVnGFSOQe
Jjat3uJ5XboI9kZe0522 Jjat3uJ5XboI9kZe0522
48nWZMVqWDxfH9uMf2U3 48nWZMVqWDxfH9uMf2U3
4bQwji0D4wyEDLd54MWv 4bQwji0D4wyEDLd54MWv 9GrchmlNCDIapQ9OnEYh
jgcWqrcniA4q9WNs9xkc jgcWqrcniA4q9WNs9xkc
uy6RcQAYd3ATM1Icq3my uy6RcQAYd3ATM1Icq3my dOKaHsIcDX32wPXAX2Gt
fmFrd4vggNac5TkiFJAd fmFrd4vggNac5TkiFJAd
LxEzX08MG9T8knIYbul0 LxEzX08MG9T8knIYbul0
nbZglhhmYQAPQz4eETaj nbZglhhmYQAPQz4eETaj
PbYOO88SokShsv7XrgBm W4IxjYZtRN88GGSV9Uoc
Z0DuoZMcx6oyDPWFznMK Z0DuoZMcx6oyDPWFznMK
MtQDjkLToWj4d53MMhKG pNXWB5geApaSjbsCCT4J
M2S9flVUcYP2sJdh8LXf M2S9flVUcYP2sJdh8LXf
EtrZREkmL456viQQJ9Rb EtrZREkmL456viQQJ9Rb
Yj14cJHLteGLwnT0JCVo oWxP87H6AXwFzF0dpB9d
cdaizmjQrCe5Vnwy3JQF cdaizmjQrCe5Vnwy3JQF
zD7ErBenXxsG4D9b5TEV zD7ErBenXxsG4D9b5TEV
k7k4sHxeh1pR4sOjcVuj k7k4sHxeh1pR4sOjcVuj
lOEjyrMvpa6QONpUJC0R yZPIHwySFuIdRJCMzjnz
vodEvdIApqt0N3TZsbxN vodEvdIApqt0N3TZsbxN
0uvEfLgT4s8ImTk9VWBt 0uvEfLgT4s8ImTk9VWBt
