ZfI6StUliqd8YxBr0zVp BFat56YSkekx77JCOMI4 gj1PIUxoUprs5rKMLNpv gX6xMy6pWnenI68kwgcu uYmver98TgwbkIsM8XgU 5JVto9dbOz4Lu3AeAOZD Z6746tUNXH05XsKVq5bc 4gVQx4yn8gZ0TQBRafbQ zFahEplFbW4f2V6jQTmi UoiNiYnewh16WNDFqvYW Z38PT2VWeDoNiuh4rc0v WEpQsV1SPLNjRDFxWGJw 98jc4TOf5CFD5ooRLXKs QBaUzVWA62rnfcsnEShZ Af4sQnaDf5G2yrOfmk45 ZBTm8fkarNXg3vLUAnt8 SI1jqone3x4IZwZ6qVW6 QGzcn6XPemZ0IhmCJCmq ufkSgxNAeRAXQFn3w6eB Fa64KRccvM4rqOgxBKtu ip0vmcqzxYgrY2Mc3Bu9 zs8puphf0SbuOBS6XpM9 35F0RBMuajlA1MclJpfz oeCop1Abe4Jnm8NehklA mMagcNSN7U8s7oy3e0j4 Hxhi6IYOb3B8uxHbGYVt ZfI6StUliqd8YxBr0zVp
21
uYmver98TgwbkIsM8XgU uYmver98TgwbkIsM8XgU
WEpQsV1SPLNjRDFxWGJw WEpQsV1SPLNjRDFxWGJw
Z6746tUNXH05XsKVq5bc Z6746tUNXH05XsKVq5bc
QGzcn6XPemZ0IhmCJCmq QGzcn6XPemZ0IhmCJCmq
Af4sQnaDf5G2yrOfmk45 YzWX8RqUW0YPFsebUKYP Af4sQnaDf5G2yrOfmk45 RnnCc8OgQLqPe5HvvbS3 QUmdpeJNwq8Od3rclrVL
BFat56YSkekx77JCOMI4 BFat56YSkekx77JCOMI4
Fa64KRccvM4rqOgxBKtu Fa64KRccvM4rqOgxBKtu
Hxhi6IYOb3B8uxHbGYVt Hxhi6IYOb3B8uxHbGYVt
ZBTm8fkarNXg3vLUAnt8 gGXF4imn3IOLlYGD81XA ZBTm8fkarNXg3vLUAnt8
ufkSgxNAeRAXQFn3w6eB cC9SZGtAtirSBnbvLWzt
SI1jqone3x4IZwZ6qVW6 SI1jqone3x4IZwZ6qVW6
gj1PIUxoUprs5rKMLNpv gj1PIUxoUprs5rKMLNpv
5JVto9dbOz4Lu3AeAOZD 5JVto9dbOz4Lu3AeAOZD
QBaUzVWA62rnfcsnEShZ QBaUzVWA62rnfcsnEShZ
98jc4TOf5CFD5ooRLXKs 98jc4TOf5CFD5ooRLXKs
UoiNiYnewh16WNDFqvYW UoiNiYnewh16WNDFqvYW
ip0vmcqzxYgrY2Mc3Bu9 ip0vmcqzxYgrY2Mc3Bu9
zs8puphf0SbuOBS6XpM9 zs8puphf0SbuOBS6XpM9
ZfI6StUliqd8YxBr0zVp ZfI6StUliqd8YxBr0zVp
mMagcNSN7U8s7oy3e0j4 mMagcNSN7U8s7oy3e0j4
gX6xMy6pWnenI68kwgcu gX6xMy6pWnenI68kwgcu
