SaintPaul Indianapolis Mesa Baltimore ChulaVista JerseyCity Toledo Portland Orlando Lexington Fresno Spokane StPetersburg Milwaukee Columbus Cleveland Nashville Glendale Hialeah OklahomaCity FortWayne Omaha Aurora Austin LosAngeles Plano Chandler NewOrleans Detroit Tucson Dallas LongBeach SanAntonio BatonRouge FortWorth NewYork Anaheim Seattle Stockton SanFrancisco Philadelphia Pittsburgh ElPaso Charlotte Phoenix Durham Memphis Honolulu Lubbock Louisville Newark Garland Richmond Minneapolis SanDiego SanJose SaintPaul
40
Newark Newark Scottsdale
Plano Plano
Detroit Denver
Honolulu Honolulu
SanAntonio SanAntonio
Durham Durham WinstonSalem SantaAna
Lexington Lexington
FortWorth FortWorth
StPetersburg Henderson StPetersburg
Austin Austin
FortWayne FortWayne Anchorage
Baltimore Baltimore
Stockton Houston Stockton
Glendale Glendale
Pittsburgh Pittsburgh
SanDiego SanDiego
Tucson Tucson Raleigh
SanJose SanJose
Hialeah Hialeah
Minneapolis Lincoln Bakersfield
LongBeach LongBeach
Charlotte Charlotte
Spokane Spokane
Milwaukee Milwaukee
Toledo Atlanta Tampa
JerseyCity Laredo JerseyCity
Fresno Chesapeake
Dallas Dallas
Columbus Columbus
Memphis Memphis
Phoenix Phoenix
Chandler Chandler
Indianapolis Indianapolis
Lubbock Lubbock
NewOrleans NewOrleans
OklahomaCity OklahomaCity
ElPaso ElPaso
Aurora Aurora
Louisville Madison
ChulaVista Cincinnati
