CorpusChristi Akron Aberdeen ElPaso Cincinnati Amarillo AppleValley Chandler Danbury BoiseCity Bellevue Clearwater Charlotte Berkeley Columbus Detroit Beaumont Austin Chesapeake BatonRouge Augusta Arlington Escondido Abilene Chattanooga Aurora Champaign Anaheim Elkhart Anchorage Buffalo Davenport Carrollton Canton Bradenton Charleston Columbia ColoradoSprings DavidsonCounty Dayton Chicago Denton Athens Bremerton Appleton CedarRapids Denver Burbank ElMonte Downey CorpusChristi
39
Akron Akron DalyCity
Columbus Albuquerque Columbus
CedarRapids Alexandria BonitaSprings
Amarillo Amarillo
Anaheim Anaheim CathedralCity
AppleValley AppleValley
Appleton Appleton
Berkeley Arvada
Austin Asheville Austin
Augusta Augusta
Beaumont Beaumont
Anchorage BelAir Deltona
Buffalo Bloomington Elizabeth
BoiseCity BoiseCity
Clearwater Boulder Clearwater
Bremerton Bremerton
Chicago Bridgeport Chicago
Columbia Brownsville Columbia
Charlotte Bryan
Canton Canton
CorpusChristi CapeCoral CorpusChristi
Carrollton Carrollton
Champaign Champaign
Chandler Chandler
Charleston Charleston
Chattanooga Chattanooga
Cincinnati Cincinnati
ColoradoSprings ColoradoSprings
Dayton Dallas
Danbury Danbury
Davenport Davenport
Denton Denton
Denver Denver
Downey Downey
Chesapeake Durham
ElMonte ElMonte
ElPaso ElPaso
Elkhart Elkhart
Escondido Escondido
