BatonRouge Bellevue Bradenton Burlington Boston Albuquerque Abilene Bremerton Allentown Atlanta Baltimore Barnstable Augusta Akron Bethlehem BonitaSprings Aberdeen Aurora Appleton Beaumont Bryan Birmingham Brownsville Buffalo Burbank BatonRouge
19
Aberdeen Aberdeen BoiseCity
Abilene Abilene
Augusta Albany
Albuquerque Albuquerque Boulder
BonitaSprings Amarillo
Bellevue Anchorage
Birmingham AnnArbor Birmingham
Allentown Arvada
Atlanta Atlanta Berkeley
Buffalo AtlanticCity Buffalo
Aurora Aurora
Barnstable Barnstable
BatonRouge BatonRouge
Beaumont Beaumont
Bethlehem Bethlehem
Boston Boston
Bradenton Bradenton Cambridge
Bryan Bryan
Burbank Burbank
