WNYCV HZ80H CUG55 H8ZPW ULCTZ 7CXN0 YMTTJ KB443 X2AM4 P3DJ7 1BUOS UDC3C TG5ZG PQ40E WZTTJ F5YBY BO3AW 1XUNX 2PD2W J501P 18R1B H7R17 XRQ65 5I6U4 2KYXC 77EY5 X8T63 URMBF 2FT0Z NOBPR 4ZK1T EQWAL OE5TB HR8IA GXYLV F07YB QSI1X 1UWW5 XTUSM UGOIO UUOP5 O0RCM XBRKQ WJHGG HHCET WH9QK EYREL KR27P B8UZ8 1ACIU 42QVU QTZLJ GAXPM CHXFM 9HVLF BMC9X BGJ6Q 2VG06 OC0MN RN3DW FS0ES WNYCV
46
XRQ65 XRQ65
1ACIU 1ACIU XD7IR
H8ZPW H8ZPW
GXYLV GXYLV
TG5ZG TG5ZG
EQWAL EQWAL
PQ40E 91RFG
OE5TB OE5TB
KB443 KB443
QSI1X QSI1X
F5YBY F5YBY
QTZLJ QTZLJ
HR8IA HR8IA
ULCTZ ULCTZ
5I6U4 V11OW 5I6U4
WH9QK XPFOM 65TK9
77EY5 77EY5
WNYCV K1ZSD
XTUSM XTUSM
X8T63 KRLTG
UGOIO UGOIO
XBRKQ XBRKQ
UUOP5 UUOP5
BMC9X ZA57Z BMC9X
1BUOS 1BUOS
2FT0Z 2FT0Z
X2AM4 X2AM4
42QVU 42QVU
URMBF URMBF
1UWW5 1UWW5
GAXPM GAXPM
EYREL EYREL
B8UZ8 B8UZ8
1XUNX 1NBGE
2PD2W XDKMD
CUG55 CUG55
HHCET HHCET
7CXN0 7CXN0
BO3AW BO3AW
9HVLF 9HVLF
YMTTJ YMTTJ
HZ80H HZ80H
WJHGG H212X
F07YB F07YB
2KYXC 2KYXC
18R1B 18R1B
