Wurster Moses Goldman Kleeberger Alabama Sather Idaho Juneau Parking Montgomery Silver McLaughlin Pitzer North Nevada Cory Sutardja Frank Hazardous Gilman Florida Vermont Simpson Stanley Honolulu Pennsylvania Raleigh Oregon Anthony Chan Tennessee Maxwell Hilgard Class Massachusetts Optometry Blackwell Barrows Observatory Indianapolis Spieker Moffitt Brain Boston Salem Hesse California Recreational Simon Visitor Wurster
50
Silver Silver
Boston Boston
Honolulu Honolulu
Alabama Alabama
Montgomery Montgomery
California California
Frank Frank
Hazardous Hazardous
Sutardja Sutardja
Recreational Recreational
Maxwell Maxwell
Sather Sather
Pennsylvania Pennsylvania
Visitor Visitor
Stanley Stanley
Massachusetts Massachusetts
Salem Salem
Hilgard Hilgard
Wurster Wurster
Vermont Vermont
Parking Parking
Optometry Optometry
Juneau Juneau
Class Class
Florida Florida
Raleigh Raleigh
Oregon Oregon
Simpson Simpson
Spieker Spieker
North North
Tennessee Tennessee
Nevada Nevada
Simon Simon
Moses Moses
McLaughlin McLaughlin
Pitzer Pitzer
Hesse Hesse
Indianapolis Indianapolis
Kleeberger Kleeberger
Chan Chan
Cory Cory
Goldman Goldman
Gilman Gilman
Blackwell Blackwell
Anthony Anthony
Moffitt Moffitt
Barrows Barrows
Brain Brain
Idaho Idaho
Observatory Observatory
