Rhode McEnerney Olympia East Cheyenne Valley Life University Hellman Kentucky Michigan Florida Warren Jefferson Annapolis Austin Lansing Oregon Boalt International Maryland Minnesota Jacobs Utah Energy Durham Heating Maxwell Hertz Wisconsin Observatory Insectary Mathematical Salt Springer Hawaii Foothill Birge Cleary Bancroft Chou Etcheverry Durant Montgomery Clark CNMAT BART Krutch Moses Cory Baton Grinnell Mulford Moffitt Hartford Montana Haste Illinois Mississippi Campanile Nevada Brain Berkeley Santa Providence Hargrove Chvez Bowles Tang Columbus Madison LeConte Blackwell Nashville Barrows Simon Class Edwards West McLaughlin Tennessee Police Jones Concord Lower Little Stadium Trenton Morrison Alabama Greenhouse Topeka Hearst Richmond Columbia Pennsylvania Simpson Silver Harrisburg Martin Donner Rhode
99
Krutch Krutch
Energy Energy
Hearst Hearst
Campanile Campanile
Providence Providence
Utah Utah
Florida Florida
Jacobs Jacobs
Birge Birge
Clark Clark
Bancroft Bancroft
Harrisburg Harrisburg
Hawaii Hawaii
CNMAT CNMAT
Rhode Rhode
Blackwell Blackwell
Annapolis Annapolis
LeConte LeConte
Cory Cory
Edwards Edwards
Observatory Observatory
Wisconsin Wisconsin
McLaughlin McLaughlin
Haste Haste
Illinois Illinois
Moffitt Moffitt
Silver Silver
Insectary Insectary
Chou Chou
Little Little
Nashville Nashville
Baton Baton
Bowles Bowles
Montana Montana
Moses Moses
Jefferson Jefferson
East East
Hartford Hartford
Donner Donner
Lansing Lansing
Chvez Chvez
Hellman Hellman
BART BART
Columbia Columbia
Stadium Stadium
Michigan Michigan
Class Class
International International
Hertz Hertz
Pennsylvania Pennsylvania
McEnerney McEnerney
Kentucky Kentucky
Tang Tang
Life Life
Jones Jones
Durham Durham
Columbus Columbus
Salt Salt
Heating Heating
Berkeley Berkeley
Boalt Sproul Boalt
Maryland Maryland
West West
Olympia Olympia
Tennessee Tennessee
Martin Martin
Durant Durant
Concord Concord
Simpson Simpson
Madison Madison
Simon Simon
Morrison Morrison
Oregon Oregon
Police Police
Brain Brain
Topeka Topeka
Lower Lower
Richmond Richmond
Nevada Nevada
University University
Austin Austin
Mathematical Mathematical
Minnesota Minnesota
Valley Valley
Barrows Barrows
Cheyenne Cheyenne
Montgomery Montgomery
Hargrove Hargrove
Foothill Foothill
Springer Springer
Santa Santa
Etcheverry Etcheverry
Trenton Trenton
Maxwell Maxwell
Mulford Mulford
Grinnell Grinnell
Warren Warren
Mississippi Mississippi
Cleary Cleary
