BukitBatokEast RiverValley Hillcrest Bayshore ChoaChuKang AirportRoad NeeSoon PulauPunggolTimor LowerSeletar Gombak DowntownCore GaliBatuMandai CompassvaleTrafalgar Tengeh Frankel SwissClub TanjongPagar SimpangNorth GhimMoh Sembawang JooKoon PearlsHill Sudong SungeiRoad Simei BukitBatokEast
22
Frankel Frankel
SungeiRoad SungeiRoad
Simei Simei
Gombak Redhill
GaliBatuMandai GaliBatuMandai
Tengeh Tengeh Safti
RiverValley RiverValley
SimpangNorth SimpangNorth
NeeSoon NeeSoon
JooKoon JooKoon
DowntownCore DowntownCore
SwissClub SwissClub CityHall
ChoaChuKang ChoaChuKang
GhimMoh GhimMoh
Hillcrest Hillcrest
LowerSeletar LowerSeletar
BukitBatokEast LeonieHill TiongBahruStation
Sudong Sudong
PearlsHill PearlsHill
TanjongPagar TanjongPagar
AirportRoad Tyersall
Sembawang Sembawang
