Latias Dartrix Toxicroak Elgyem Relicanth Aggron Vibrava Golisopod Charmeleon Primeape Raticate Unown Magearna Darumaka Luvdisc Petilil Infernape Noivern Bounsweet Wurmple Zorua Latias
18
Raticate Raticate
Noivern Talonflame Jigglypuff Noivern Reshiram Palkia
Petilil Petilil
Latias Shelgon
Charmeleon Charmeleon
Wurmple Wurmple
Toxicroak Toxicroak
Primeape Primeape
Infernape Infernape Scolipede
Magearna Magearna
Dartrix Dartrix Keldeo
Darumaka Staryu
Elgyem Elgyem
Relicanth Exeggutor Relicanth
Golisopod Golisopod
Luvdisc Luvdisc
Bounsweet Bounsweet
Vibrava Vibrava
