Burlington Cambridge Buffalo Louisville Chicago Merced Chattanooga Greenville Amarillo Hayward Denver Rapids Cedar Columbus Apple Bridgeport Naperville Independence Miramar Clarke McAllen Hampton Myrtle Killeen Prairie Davenport Honolulu Burlington
25
Buffalo Buffalo
Denver Denver
Naperville Naperville
Amarillo Amarillo
Myrtle Myrtle
Chicago Chicago
Merced Merced
Columbus Columbus
Honolulu Honolulu
Davenport Davenport
McAllen McAllen
Killeen Killeen
Prairie Prairie
Bridgeport Bridgeport
Chattanooga Chattanooga
Rapids Rapids
Hayward Hayward
Clarke Clarke
Miramar Miramar
Cedar Cedar
Cambridge Cambridge
Louisville Louisville
Independence Independence
Hampton Hampton
Greenville Greenville
