Myrtle Albany Albuquerque Kissimmee Miramar Chicago Lansing Grays Aribel Abilene Hartford Cedar Corpus GreenBay Bridgeport Cathedral Bloomington Medford Kansas Champaign Cary Huntsville Erie Plen Huntington Muskegon Lorain Harlingen Houma Leominster Appleton Nashua Moreno Merced Bradenton Hemet Dallas Chandler Hollywood Davidson Montgomery Baltimore Brownsville Mobile Barnstable Macon Lexington Minneapolis Alexandria Deltona Joliet Myrtle
50
Hartford Hartford
Joliet Joliet
Barnstable Barnstable
Dallas Dallas
Grays Grays
Muskegon Muskegon
Merced Merced
Erie Erie
Chicago Chicago
Hollywood Hollywood
Hemet Hemet
Cary Cary
Bridgeport Bridgeport
Harlingen Harlingen
Macon Macon
Cedar Cedar
Plen Plen
Bradenton Bradenton
Bloomington Bloomington
Brownsville Brownsville
Albuquerque Albuquerque
Lorain Lorain
Nashua Nashua
Miramar Miramar
Kissimmee Kissimmee
Montgomery Montgomery
Davidson Davidson
Leominster Leominster
Minneapolis Minneapolis
Lexington Lexington
GreenBay GreenBay
Aribel Aribel
Baltimore Baltimore
Albany Albany
Abilene Abilene
Kansas Kansas
Chandler Chandler
Mobile Mobile
Champaign Champaign
Appleton Appleton
Cathedral Cathedral
Lansing Lansing
Corpus Corpus
Deltona Deltona
Huntsville Huntsville
Houma Houma
Medford Medford
Huntington Huntington
Alexandria Alexandria
Moreno Moreno
