Soda EvansDiamond Cory BarrowLane BarrowsHall BARTStation BirgeHall BlumHall BlackwellHall EshlemanHall BrainImagingCenter BerkeleyWayWest Campanile AnthonyHall ChouHall ClarkKerrCampus CalvinLaboratory BerkeleyArtMuseum DavisHall GoldmanPlaza EtcheverryHall CNMAT HertzHall CaliforniaHall EdwardsStadium BanwayBldg BarkerHall DoeMemorialLibrary HavilandHall AlumniHouse CareerCenter Dwinelle EastAsianLibrary CampbellHall BancroftLibrary BoaltHall CyclotronRd BotanicalGarden CheitHall DonnerLab ChanShunAuditorium DurantHall Soda
38
AlumniHouse AlumniHouse
AnthonyHall AnthonyHall
BancroftLibrary BancroftLibrary EastGate
BanwayBldg BanwayBldg
BarkerHall BarkerHall
BarrowLane BarrowLane
BarrowsHall BarrowsHall
BARTStation BARTStation
BerkeleyArtMuseum BerkeleyArtMuseum
BerkeleyWayWest BerkeleyWayWest
BirgeHall BirgeHall
BlackwellHall BlackwellHall
BlumHall BlumHall
BoaltHall BoaltHall
BotanicalGarden BotanicalGarden
BrainImagingCenter BrainImagingCenter
EastAsianLibrary EastAsianLibrary
CaliforniaHall CaliforniaHall
CalvinLaboratory CalvinLaboratory
Campanile Campanile
CampbellHall CampbellHall
CareerCenter CareerCenter VLSB
ChanShunAuditorium ChanShunAuditorium
CheitHall CheitHall
ChouHall ChouHall
ClarkKerrCampus ClarkKerrCampus
CNMAT CNMAT
Cory Cory
CyclotronRd CyclotronRd
DavisHall DavisHall
DoeMemorialLibrary DoeMemorialLibrary
DonnerLab DonnerLab
DurantHall DurantHall
Dwinelle Dwinelle
EdwardsStadium EdwardsStadium
EshlemanHall EshlemanHall
EtcheverryHall EtcheverryHall
EvansDiamond EvansDiamond
