Soda MartinezCommons FrankSchlessingerWay VLSB BarkerHall PimentelHall CalvinLaboratory GilmanHall GoldmanField HearstGreekTheatre Piedmont NorthGateHall HargroveMusicLibrary Sausalito WheelerHall KroeberHall WestCircle SutardjaDaiHall BlumHall Saratoga Hayward Unit3 Albany SatherTower Pittsburg Pinole FairfaxNewark Belmont StHelena KleebergerFieldHouse WursterHall IshiCourt Fairfield SanRafael SanPablo Benicia ZellerbachPlayhouse MulfordHall ZellerbachHall WellmanHall SternHall MLK Brisbane Oakley BarrowsHall LewisHall DonnerLab HertzHall Unit1 BancroftLibrary EastGate ChouHall StadiumRimWay DurantHall HearstMiningCircle MinorHallAddition FoundersRock EvansHall SanRamon Hillsborough Pacifica LowerSproulPlaza Orinda GiauqueHall Alameda AnthonyHall SproulPlaza Emeryville WicksonNaturalArea EtcheverryHall Soda
66
SutardjaDaiHall Campanile Healdsburg Insectary
GiauqueHall GiauqueHall
FairfaxNewark ClearyHall
IshiCourt IshiCourt ClarkKerrCampus
Fairfield Fairfield
StadiumRimWay StadiumRimWay
LowerSproulPlaza LowerSproulPlaza
ZellerbachPlayhouse ZellerbachPlayhouse
SatherTower SatherTower
ZellerbachHall ZellerbachHall
AnthonyHall AnthonyHall
Pinole Pinole
DonnerLab DonnerLab
SanPablo SanPablo
Saratoga Saratoga Cory
EtcheverryHall EtcheverryHall
NorthGateHall NorthGateHall
Brisbane Brisbane
Belmont Belmont
HearstMiningCircle HearstMiningCircle
PimentelHall PimentelHall
BancroftLibrary BancroftLibrary
KroeberHall KroeberHall
KleebergerFieldHouse KleebergerFieldHouse
Oakley Oakley
GilmanHall GilmanHall
SternHall SternHall
WheelerHall WheelerHall
WestCircle WestCircle
ChouHall ChouHall
HargroveMusicLibrary HargroveMusicLibrary
HertzHall HertzHall
LewisHall LewisHall
GoldmanField GoldmanField
EvansHall EvansHall
MartinezCommons MartinezCommons
Unit1 Unit1
HearstGreekTheatre HearstGreekTheatre
Pittsburg Pittsburg
FoundersRock FoundersRock
EastGate EastGate
Pacifica Pacifica
Benicia Benicia
Piedmont Piedmont
MinorHallAddition MinorHallAddition
Orinda Orinda
Alameda Alameda
Hayward Hayward
Albany Albany
SanRamon SanRamon
WursterHall WursterHall
BlumHall BlumHall
Emeryville Emeryville
WellmanHall WellmanHall
BarkerHall BarkerHall
WicksonNaturalArea WicksonNaturalArea
StHelena StHelena
SanRafael SanRafael
Hillsborough Hillsborough
SproulPlaza SproulPlaza
MLK WomenFacultyClub
FrankSchlessingerWay FrankSchlessingerWay
BarrowsHall WestGate
CalvinLaboratory CalvinLaboratory
Unit3 Unit3
MulfordHall MulfordHall
