McLaughlinHall MoffittLibrary RedwoodGroveBotanica SamsPad EnergyBiosciencesBui RecreationalSportsFa WarrenHall EastAsianStudiesInst LegendsAquaticCenter WomensFacultyClub GiauqueHall StrawberryCanyonRecr UCBerkeleyExtension SpiekerAquaticsCompl LevineFrickeSoftball InsectaryGreenhouse CampusSharedServices StephensHall GoldmanSchool CNMAT1750ArchSt EshlemanHall Unit3ResidentHall AnnaHeadAlumnaeHall Romeos GianniniHall JonesChildStudyCente WitterRugbyField MagnesCollectionofJe SimpsonCenterforStud HertzHall Library FacultyGlade ZellerbachHall BerkeleyArtMuseumand SeniorHall BancroftParkingStruc ResidentialStudentSe PublicAffairsOfficeo EvansDiamond EtcheverryHall VisitorCenter KroeberHall GrinnellNaturalArea HasteStreetChildDeve BotanicalGarden MathematicalSciences CareerCenter McLaughlinHall
47
CNMAT1750ArchSt CNMAT1750ArchSt
EvansDiamond EvansDiamond
WitterRugbyField WitterRugbyField
RedwoodGroveBotanica RedwoodGroveBotanica
PublicAffairsOfficeo PublicAffairsOfficeo
HasteStreetChildDeve HasteStreetChildDeve
UCBerkeleyExtension UCBerkeleyExtension
GrinnellNaturalArea GrinnellNaturalArea
SeniorHall SeniorHall
EastAsianStudiesInst EastAsianStudiesInst
AnnaHeadAlumnaeHall AnnaHeadAlumnaeHall
Unit3ResidentHall Unit3ResidentHall
McLaughlinHall DurantHall McLaughlinHall
BancroftParkingStruc BancroftParkingStruc
FacultyGlade FacultyGlade
CampusSharedServices CampusSharedServices
SamsPad SamsPad
RecreationalSportsFa RecreationalSportsFa
StrawberryCanyonRecr StrawberryCanyonRecr
EshlemanHall EshlemanHall
JonesChildStudyCente JonesChildStudyCente
InsectaryGreenhouse InsectaryGreenhouse
WarrenHall WarrenHall
MoffittLibrary MoffittLibrary
EtcheverryHall EtcheverryHall
CareerCenter CareerCenter
StephensHall StephensHall
MathematicalSciences MathematicalSciences
ZellerbachHall ZellerbachHall
HertzHall HertzHall
EnergyBiosciencesBui EnergyBiosciencesBui
VisitorCenter VisitorCenter
BerkeleyArtMuseumand BerkeleyArtMuseumand
BotanicalGarden BotanicalGarden
SimpsonCenterforStud SimpsonCenterforStud
MagnesCollectionofJe MagnesCollectionofJe
KroeberHall KroeberHall
ResidentialStudentSe ResidentialStudentSe
GiauqueHall GiauqueHall
Library Library
LegendsAquaticCenter LegendsAquaticCenter
Romeos Romeos
LevineFrickeSoftball LevineFrickeSoftball
SpiekerAquaticsCompl SpiekerAquaticsCompl
GoldmanSchool GoldmanSchool
GianniniHall GianniniHall
WomensFacultyClub WomensFacultyClub
