Pantheon LoneDruid Oracle Ashe Shyvana Jayce Slark Ahri ArcWarden MasterYi TrollWarlord Talon Lux Jhin Skarner Bard Maokai Bristleback Tailyah Magnus NightStalker Rumble SpiritBreaker Draven Jinx Morgana BountyHunter Phoenix Galio CentaurWarrunner Ziggs Malphite Xerath ChaosKnight Lich Kled Akali Heimerdinger Tiny Anivia Disruptor KogMaw CrystalMaiden Lucian Jax WraithKing Nunu Ezreal Spectre Pantheon
48
Jinx Jinx
Nunu Nunu
Akali Akali
Spectre Spectre
Anivia Anivia
CrystalMaiden CrystalMaiden
CentaurWarrunner CentaurWarrunner
Oracle Oracle
Xerath Xerath
Jayce Jayce
Disruptor Disruptor
Lux Lux
Jhin Jhin
BountyHunter BountyHunter
Malphite Malphite
Tiny Tiny
Draven Draven
Rumble Rumble
LoneDruid LoneDruid
NightStalker NightStalker
Ezreal Ezreal
Tailyah Tailyah
KogMaw KogMaw
Ziggs Ziggs
Talon Talon
Morgana Morgana
Skarner Skarner
Magnus Magnus
Jax Jax
Lich Lich
Heimerdinger Heimerdinger
Ashe Ashe
ChaosKnight ChaosKnight
Kled Kled
MasterYi MasterYi
Bard Bard
ArcWarden ArcWarden
SpiritBreaker SpiritBreaker
Bristleback Bristleback
Maokai Maokai
Slark Slark
Phoenix Phoenix
TrollWarlord TrollWarlord
WraithKing WraithKing
Ahri Ahri
Galio Galio
Shyvana Shyvana
Lucian Lucian
