1 93 45 14 76 132 42 16 184 59 13 194 182 139 91 167 21 64 65 100 78 97 3 137 84 40 99 95 160 27 155 29 6 165 159 34 72 60 180 151 92 32 77 82 153 178 52 163 172 186 74 2 147 44 123 142 12 112 25 192 108 183 121 149 117 164 7 129 131 87 70 127 17 20 119 197 89 9 188 118 114 94 67 36 140 11 79 143 53 35 126 181 57 120 28 116 176 190 170 1
96
151 151
119 119
2 2
74 74
147 147
112 112
16 16
160 160
59 59
163 163
140 140
57 57
12 12
53 53
143 143
27 27
36 36
182 182
97 97
95 95
192 192
7 7
78 78
126 126
29 29
32 32 122
129 129
139 139
42 42
127 127
13 13
183 183
167 167
70 70
181 181 68 191
14 14
186 186
89 89
153 153
45 45
142 142
87 87
184 184
60 60
123 123
170 170
76 76
118 118
21 21
165 165
108 108
11 11
114 114
17 17
3 3
197 197
100 100
6 6
52 52
149 149
132 132
35 35
79 79
176 176
137 137 148
40 40
180 180
9 9
64 64
84 161
117 117
20 20
67 67
164 164
25 25
28 28
120 120
172 172
99 99
121 121
93 93
190 190
77 77
44 44
65 65
159 159
116 116
94 94
92 92
91 91
188 188
34 34
131 131
82 81
178 178
155 155
