61 98 39 69 0 3 19 7 73 26 32 91 15 79 30 78 51 1 47 83 85 97 36 68 88 87 92 77 94 5 12 76 60 57 37 10 35 28 90 49 11 82 17 21 44 46 96 0 3 19 7 73 26 32 91 15 79 30 78 51 1 47 83 85 97 36 68 88 87 92 77 94 5 12 76 60 57 37 10 35 28 90 49 11 82 17 21 44 46 96 0 3 19 7 73 26 32 91 15 79 30 78 51 1 47 83 85 97 36 68 88 87 92 77 94 5 12 76 60 57 37 10 35 28 90 49 11 82 17 21 44 46 96 0 3 19 7 73 26 32 91 15 79 30 78 51 1 47 83 85 97 36 68 88 87 92 77 94 5 12 76 60 57 37 10 35 28 90 49 11 82 17 21 44 46 96 0 3 19 7 73 26 32 91 15 79 30 78 51 1 47 83 85 97 36 68 88 87 92 77 94 5 12 76 60 57 37 10 35 28 90 49 11 82 17 21 44 46 96 0 3 19 7 73 26 32 91 15 79 30 78 51 1 47 83 85 97 36 68 88 87 92 77 94 5 12 76 60 57 37 10 35 28 90 49 11 82 17 21 44 46 96 0 3 19 7 73 26 32 91 15 79 30 78 51 1 47 83 85 97 36 68 88 87 92 77 94 5 12 76 60 57 37 10 35 28 90 49 11 82 17 21 44 46 96 0 3 19 7 73 26 32 91 15 79 30 78 51 1 47 83 85 97 36 68 88 87 92 77 94 5 12 76 60 57 37 10 35 28 90 49 11 82 17 21 44 46 96 0 3 19 7 73 26 32 91 15 79 30 78 51 1 47 83 85 97 36 68 88 87 92 77 94 5 12 76 60 57 37 10 35 28 90 49 11 82 17 21 44 46 96 0 3 19 7 73 26 32 91 15 79 30 78 51 1 47 83 85 97 36 68 88 87 92 77 94 5 12 76 60 57 37 10 35 28 90 49 11 82 17 21 44 46 96 0 3 19 7 73 26 32 91 15 79 30 78 51 1 47 83 85 97 36 68 88 87 92 77 94 5 12 76 60 57 37 10 35 28 90 49 11 82 17 21 44 46 96 0 3 19 7 73 26 32 91 15 79 30 78 51 1 47 83 85 97 36 68 88 87 92
38
60 60
28 28 65
92 92
5 5
51 86 51
10 10
98 98 80 72 14 40
15 15
36 36
68 58
47 2 67 4 31
77 74
11 11
69 69
1 1
32 32
3 3
61 48
91 8 70 91
82 82
96 42
12 6
46 63 33
83 83
90 90
26 26
44 44
35 35
85 85
30 30
39 39
37 37
73 73
57 57
97 97
17 17
76 76
94 25
