LOC16 LOC41 LOC83 LOC57 LOC35 LOC22 LOC18 LOC15 LOC46 LOC97 LOC98 LOC56 LOC89 LOC62 LOC93 LOC76 LOC70 LOC6 LOC3 LOC51 LOC73 LOC99 LOC12 LOC81 LOC90 LOC20 LOC82 LOC37 LOC34 LOC69 LOC0 LOC36 LOC26 LOC4 LOC47 LOC63 LOC75 LOC8 LOC91 LOC78 LOC32 LOC29 LOC87 LOC31 LOC61 LOC85 LOC9 LOC33 LOC44 LOC71 LOC45 LOC80 LOC19 LOC5 LOC94 LOC16
38
LOC45 LOC45 LOC79 LOC50
LOC18 LOC18
LOC8 LOC17
LOC19 LOC52
LOC46 LOC25 LOC46 LOC53
LOC70 LOC70
LOC47 LOC47
LOC0 LOC23
LOC26 LOC26
LOC44 LOC96
LOC3 LOC3
LOC15 LOC15
LOC98 LOC98
LOC9 LOC9
LOC56 LOC56
LOC97 LOC97
LOC82 LOC82 LOC28
LOC81 LOC81
LOC62 LOC62
LOC80 LOC95
LOC37 LOC59 LOC37
LOC36 LOC36
LOC85 LOC85
LOC22 LOC22
LOC61 LOC61
LOC57 LOC57
LOC33 LOC33
LOC91 LOC43
LOC12 LOC12
LOC78 LOC78
LOC73 LOC73
LOC90 LOC90
LOC20 LOC20
LOC89 LOC89
LOC4 LOC4
LOC99 LOC99
LOC29 LOC29
LOC31 LOC31
