Shower0 Robot49 Fence29 BBQ36 Towel2 Websites24 Nuclear43 Crab16 Website21 Monster32 Elevator35 Rollers40 Sink37 Android27 Flowers31 Allergies7 Toilet45 Cat44 Mail41 Toilet26 BBQ38 Plants3 Ice42 Shower0
21
Website21 Soda18 Ring33
Toilet45 Toilet45
Mail41 Mail41
Websites24 YouTube4 Puppy19
Elevator35 Elevator35
Toilet26 Prints25 Toilet26
Sink37 Sink37
Rollers40 Laptop22
Robot49 Robot49
Nuclear43 Nuclear43
Ice42 Ice42
Cat44 Cat44 Light1
Android27 Android27
Monster32 Monster32
Crab16 Crab16
Flowers31 Cone13
BBQ36 BBQ36
Towel2 Ice30
BBQ38 BBQ38
Allergies7 Allergies7
Plants3 Plants3
