Aberdeen Reno SouthLyon Montgomery Racine Elkhart Pensacola Hampton Tuscaloosa Winston Austin Henderson Marina McAllen Modesto SanBernardino Hartford Riverside Scranton Gainesville Lewisville StPetersburg SaltLakeCity Redding SanAntonio Aberdeen
20
Pensacola Pensacola
SaltLakeCity SaltLakeCity Chattanooga
Gainesville Gainesville
Hampton Hampton Lowell Newburgh
Winston Winston
Tuscaloosa Tuscaloosa
Henderson WestValleyCity Henderson
Modesto Modesto
Lewisville Lewisville
Hartford Miramar
Racine Racine
Reno Reno Springdale
SanBernardino SanBernardino
SouthLyon SouthLyon
Austin Austin
Montgomery Montgomery
Riverside GreenBay
SanAntonio SanAntonio
StPetersburg StPetersburg
Marina Marina
