3efbbd d1ae8e 1aef1d 2a53b1 bfdfca 526e97 5b1cb0 9fb27b 390b11 525361 9e3235 8216e5 640320 de59c9 194181 aeb965 d36b6f 1e3f90 770b7a 9655d3 ff448b 690d87 bf356c 98b7f9 bf7494 6d8fd3 909532 e43f08 6d606b ab3e86 ef9cce c1e4b0 8037ff fc6ab6 3efbbd
23
9fb27b 9fb27b
909532 909532
98b7f9 98b7f9
8037ff 8037ff 22c398
526e97 526e97 1efe0a
ff448b ff448b
8216e5 8216e5
9e3235 9e3235
bfdfca bfdfca
fc6ab6 fc6ab6
d1ae8e d1ae8e
aeb965 aeb965
c1e4b0 c1e4b0
2a53b1 2a53b1
e43f08 e17800
1aef1d 1aef1d
ef9cce ef9cce
de59c9 de59c9
1e3f90 1e3f90
390b11 390b11
3efbbd 2b7733
525361 525361
d36b6f d36b6f
