Glameow Loudred Koffing Poochyena Fomantis Turtwig Meganium Ivysaur Spiritomb Bergmite Gumshoos Electivire Furret Wartortle Golett Beheeyem Ledian Zygarde Buneary Gigalith Spheal Inkay Glameow
19
Electivire Electivire Yanma Archeops
Spiritomb Spiritomb
Turtwig Wailord Togepi
Gumshoos Gumshoos
Ivysaur Spinarak
Ledian Ledian
Buneary Buneary
Bergmite Bergmite
Fomantis Glalie Mudbray
Zygarde Zygarde
Poochyena Piplup
Meganium Meganium
Spheal Spheal Gothorita
Furret Furret
Loudred Loudred
Gigalith Gigalith
Golett Golett
Inkay Inkay
Beheeyem Beheeyem Leavanny
