Wrightsville Irvington Asti Manta Progress Leeuwarden Coihaique Golubac Rauna Changde Ljutomer Ayacucho Rivas Mzimba Sayhut Gemena Metz Temirtau Gevgelija Palopo Maywood Necochea Praya Hsinchu Zanzibar Pljevlja Bayonne Wrightsville
25
Asti Asti
Sayhut Sayhut
Coihaique Coihaique
Maywood Maywood
Hsinchu Hsinchu
Rauna Rauna
Pljevlja Pljevlja
Mzimba Mzimba
Progress Progress
Metz Metz
Gevgelija Gevgelija
Ayacucho Ayacucho
Golubac Golubac
Palopo Palopo
Ljutomer Ljutomer
Necochea Necochea
Praya Praya
Temirtau Temirtau
Irvington Irvington
Leeuwarden Leeuwarden
Zanzibar Zanzibar
Rivas Rivas
Bayonne Bayonne
Changde Changde
Gemena Gemena
