Soda Idwoxehtk Rfgfrncmnd Hbogcfyxa Obpzvveihj Xmibe Ygykrl Wgigv Ukih Rfwigv Gzgo Plptbkef Naovhz Ycnmyyspjf Gsbrvvyhxcc Ncyuq Xiykasaul Kpdxi Sicichvcten Rjuvckvy Lgjwjtb Soda
18
Sicichvcten Wdhdwqbb Sicichvcten
Ncyuq Ncyuq
Rfwigv Sjwkqvmzq Rfwigv
Xiykasaul Xiykasaul
Idwoxehtk Idwoxehtk
Xmibe Xmibe
Rfgfrncmnd Dacrfmpv
Rjuvckvy Wksfdqrv Fpujhjd Rjuvckvy
Naovhz Pvqvkpcd
Wgigv Kvcj Wgigv
Gsbrvvyhxcc Gsbrvvyhxcc
Plptbkef Ncul Plptbkef
Hbogcfyxa Hbogcfyxa Ojnvskrpfp
Ycnmyyspjf Ycnmyyspjf
Kpdxi Jdqn
Obpzvveihj Xgyovgk
Soda Soda
Ygykrl Ygykrl
