Chelmbourne Waltbrook Hornley Durditch Barnden Shrivlow Stapwell Alfby Leatherlow Sudgrove Southmere Shrivside Kingsbrook Dartsted Edglow Egwood Barnside Clerethorne Stapthorne Stapmoor Southbrough Stainside Enbage Horncester Edgchester Wenwang Stapwold Marlton Alfwell Staintree Edgwich Stapwang Bursted Egborne Barngrove Southstoke Nortmoor Hornbridge Wyhead Sodside Brainbridge Prestey Sudwich Enlow Maidenden Penling Staflow Rocktree Pemwood Bracklow Hartbage Bromgrove Wenborough Elgrove Wenden Stainfield Elside Whitavon Nortcastle Egcastle Chelmbourne
44
Sudwich Sudwich
Wenwang Sudworth Wenwang
Elside Elside
Barnside Barnside
Brainbridge Brainbridge
Enbage Enbage Flitham Kingsley
Hornley Hornley Pemwold
Chelmbourne Shaftwich
Stapthorne Stapthorne
Stapmoor Stapmoor
Pemwood Pemwood
Waltbrook Hurstworth Waltbrook
Rocktree Whitborough Horndown Cookbridge Rocktree
Sodside Sodside
Alfby Alfby Leatherlake
Edgwich Edgwich
Stapwang Casford
Southmere Southmere Stainhall
Alfwell Aldhall Alfwell
Stainside Stainside Whitover
Bursted Bursted
Edgchester Edgchester
Elgrove Elgrove
Wenborough Wenborough
Prestey Prestey
Bracklow Bracklow
Dartsted Dartsted
Shrivside Shrivside
Wenden Wenden
Egborne Barnham Cookton Egborne
Hartbage Hartbage
Shrivlow Shrivlow
Wyhead Wyhead
Horncester Horncester
Staflow Staflow Cleredon
Leatherlow Leatherlow
Egcastle Egcastle
Stapwell Stapwell
Durditch Durditch
Staintree Staintree
Barngrove Prestdon
Whitavon Whitavon
Marlton Marlton
Enlow Enlow
