wNqlpYNsRbJEgiGpKxrU lbWonvEbeplndKguSTkk igyeOiSdezmmXGTwMzLw oKAKfpUUuLItChLyByFh IvXQutSorlqOgnSVAIUd edlAtPQdNXJQPCIzpkyX XvUPApTFkqaSSizYsCIr lSJjEsqamUCgRZdCmdyI DpztIuGTRpGuLsdlODJw QyXpliHSeQOPIsurIcpa ANDviqMIuFwdcboQDprt juzxSpUVuccJUMBOcJjO EEeDJaHeajXXlwYcHTeJ efZntVbfQTvIUOiRNPSH FYfGkhtzhjqJHqxmUsVx kwPuYZgJgVVJfdBGUtPw mgNeYYUOPKpLeiVEFIXd NtyLZDOaSczVvOGdocUp NYdfLxXxFVvLEbDKzXWn NIJaJxCurulNUdZZMxFk JvFxbsySBAiFiOUrzrBi wuSVWJYvpiWaQAHXocSG cMYyKTXGNKnFzrpwnXUl vTbNxpVTEoFlSjvvVvfG zHPSSEtFTQIbLYMdHqgP SitzoubgYFeTjmkLjVPz wlySPverjehsBxldyigf pzrGQEObzJGPnfATEYDc hLaNXBYgTzgUhvjmqUTu NzCxhJJjJcEygziivInx cwgJAHVpCCTmuckJkncL lIpVoDPUIfHCPpjswogJ yscsUFTNNyaVMKBztBdV VRpSthoDcomqMDsGoVql nCedHqGgdWAicwyuYWpg kqcEdfKLaRzxOhAIzchh jznspKyqlmxZtgfQUJVB UdSbtwxTqTJxOiUoxEqw wvSJDoqoPGAkYgSuPFPw NzDQJknJPDEkcwCHzzbF MBJqOYmxhUYbldNVEdRy QePOUWiXcAUCoHETxuGS wfEFdNDcColoskjTjcLm uUKZHvHmBrpBHjYWNaUL HeWrJOKsDjgdrcamgZLN aGPbLNWYAMujnfHCTCMo YTwycpmzEWCqqTELtzXc bEfUXCTlwRBndElSbPGf FaWIqatYRYVcXfVhAFRN XtZHoAxqEyzvMChzPHpN CbGuHgZfQMmSOfHDFJnK vIbIQYXZnmYrooTLYNtu fgzJCwocQniGlXAZHJId UIlSMnVKIdNiXZNSiHsI oDgfEuAVpeOlkkTIMDLw ADVVlRLpnspleRTgeTdu DZEpVGVXkxHljziwItaS QjbdwbUnopENkiNyqirZ nreoVgWrBhNXFZgTBlXO szyiMlKhtyOynWjcoMsm bFmSeBrfNuxjYPUDCLYq NJZlnWyeJFrkOwoqHKtT xgBrJmdXVwtxgRuCBhMe EmbDgEECbkHbfAfHCgwB ihxEqMQIIvyQmtrtMjeO kyApsCeFkLoLFCdkazaE PZwTcKCPsEmpxetNZvef ZauPfhkpsGmhbvkhkltR SSDgxHQpSFRnlnnrMJNI XPPBMlNyfVVeZGIzTCEW pMOSpTzPTPLXHLOQMjnt oLMkSrYLQRLHmPiuLCTC umZXKcxkweEplHZdotgU FWnudSYFvYQJHehOpEKf fpoTaBKmVdlDCxFwCFoz KcrnMnFDTrBKaUaGpdLY eOfnBeTgmYCNEnRUhlEK iVjkcMenotYGMFEBTvoa VIPPawblKbhOVWrmrWBx JVONrXhhmtFWhFfDiOXW scpUkbcaYSAsHhSktebT qfRRtdRbhYJBARMfPlZM eobSFtKBbBdcVrTOREdK jUSlIFtitQxyvVLJjiCc GMxGouyyndiUBMqMdOoc joWAhkfNqIEECnBeulGl oZXYedlbtBLmkfoVmgta svUOWvTJLneAqJGnExpc eiLPqIroFfCGzqSAlzAp ccdJRKiTXwIErdhSIxfh erZKLqpCZsYKDnOCaBGq gFUGYXSirCYiFTivWNah ayQgUwyRuQVKeyFLPNbQ ZXihCBEQBTdisqSlEMsj CvZkdIYtdeDHtwufupie syonLisTOSczosCwoILE aIuYyryCOUGVeCAqbqkg EhDFVLWZueLOrdjEOzEQ QeYNNLpZMBxyiFbZMPFY zNRhhVdMWUgTnnqmAfeY xlbpuxAjoVPJWPCWBEkJ imEmCMbYEtZJJkwxkSDD TEPaiCedHTXapLxoBXMp oHoxoLeyDYnKZDzgMtxI WoTuprXYItmuBoyNwAcV wNqlpYNsRbJEgiGpKxrU
96
svUOWvTJLneAqJGnExpc svUOWvTJLneAqJGnExpc
cwgJAHVpCCTmuckJkncL cwgJAHVpCCTmuckJkncL
DZEpVGVXkxHljziwItaS DZEpVGVXkxHljziwItaS
NtyLZDOaSczVvOGdocUp NtyLZDOaSczVvOGdocUp
vIbIQYXZnmYrooTLYNtu vIbIQYXZnmYrooTLYNtu
yscsUFTNNyaVMKBztBdV yscsUFTNNyaVMKBztBdV
syonLisTOSczosCwoILE syonLisTOSczosCwoILE
ihxEqMQIIvyQmtrtMjeO ihxEqMQIIvyQmtrtMjeO
ADVVlRLpnspleRTgeTdu ADVVlRLpnspleRTgeTdu
bFmSeBrfNuxjYPUDCLYq bFmSeBrfNuxjYPUDCLYq
NzDQJknJPDEkcwCHzzbF NzDQJknJPDEkcwCHzzbF NPSPGRTNRcKKVpsBRSwh
ZauPfhkpsGmhbvkhkltR ZauPfhkpsGmhbvkhkltR
DpztIuGTRpGuLsdlODJw DpztIuGTRpGuLsdlODJw
scpUkbcaYSAsHhSktebT scpUkbcaYSAsHhSktebT
uUKZHvHmBrpBHjYWNaUL ZwvojvRdUOYNJXIwAqgC
EmbDgEECbkHbfAfHCgwB EmbDgEECbkHbfAfHCgwB
FWnudSYFvYQJHehOpEKf FWnudSYFvYQJHehOpEKf
QeYNNLpZMBxyiFbZMPFY QeYNNLpZMBxyiFbZMPFY
juzxSpUVuccJUMBOcJjO juzxSpUVuccJUMBOcJjO
eobSFtKBbBdcVrTOREdK eobSFtKBbBdcVrTOREdK
wuSVWJYvpiWaQAHXocSG wuSVWJYvpiWaQAHXocSG
zNRhhVdMWUgTnnqmAfeY zNRhhVdMWUgTnnqmAfeY
EEeDJaHeajXXlwYcHTeJ EEeDJaHeajXXlwYcHTeJ
oKAKfpUUuLItChLyByFh oKAKfpUUuLItChLyByFh
efZntVbfQTvIUOiRNPSH efZntVbfQTvIUOiRNPSH shugRMnaHVqQSmKaNBgu
igyeOiSdezmmXGTwMzLw igyeOiSdezmmXGTwMzLw
xgBrJmdXVwtxgRuCBhMe xgBrJmdXVwtxgRuCBhMe
XPPBMlNyfVVeZGIzTCEW XPPBMlNyfVVeZGIzTCEW
YTwycpmzEWCqqTELtzXc YTwycpmzEWCqqTELtzXc
MBJqOYmxhUYbldNVEdRy MBJqOYmxhUYbldNVEdRy
NJZlnWyeJFrkOwoqHKtT NJZlnWyeJFrkOwoqHKtT
QyXpliHSeQOPIsurIcpa QyXpliHSeQOPIsurIcpa
pzrGQEObzJGPnfATEYDc pzrGQEObzJGPnfATEYDc
ayQgUwyRuQVKeyFLPNbQ ayQgUwyRuQVKeyFLPNbQ
bEfUXCTlwRBndElSbPGf bEfUXCTlwRBndElSbPGf
XvUPApTFkqaSSizYsCIr XvUPApTFkqaSSizYsCIr
wlySPverjehsBxldyigf wlySPverjehsBxldyigf
CbGuHgZfQMmSOfHDFJnK CbGuHgZfQMmSOfHDFJnK
edlAtPQdNXJQPCIzpkyX edlAtPQdNXJQPCIzpkyX
gFUGYXSirCYiFTivWNah gcXUxTVUZWsOwtRNeDDa RlHeRhvUOhGhZVGGJuED
EhDFVLWZueLOrdjEOzEQ EhDFVLWZueLOrdjEOzEQ
KcrnMnFDTrBKaUaGpdLY KcrnMnFDTrBKaUaGpdLY
nreoVgWrBhNXFZgTBlXO nreoVgWrBhNXFZgTBlXO
mgNeYYUOPKpLeiVEFIXd mgNeYYUOPKpLeiVEFIXd
kqcEdfKLaRzxOhAIzchh kqcEdfKLaRzxOhAIzchh
SitzoubgYFeTjmkLjVPz SitzoubgYFeTjmkLjVPz
IvXQutSorlqOgnSVAIUd IvXQutSorlqOgnSVAIUd
oHoxoLeyDYnKZDzgMtxI oHoxoLeyDYnKZDzgMtxI
CvZkdIYtdeDHtwufupie CvZkdIYtdeDHtwufupie
cMYyKTXGNKnFzrpwnXUl cMYyKTXGNKnFzrpwnXUl
kwPuYZgJgVVJfdBGUtPw kwPuYZgJgVVJfdBGUtPw
JvFxbsySBAiFiOUrzrBi JvFxbsySBAiFiOUrzrBi
erZKLqpCZsYKDnOCaBGq erZKLqpCZsYKDnOCaBGq
GMxGouyyndiUBMqMdOoc GMxGouyyndiUBMqMdOoc
QePOUWiXcAUCoHETxuGS QePOUWiXcAUCoHETxuGS gDYKDrbERUXTnCayjBrC
ANDviqMIuFwdcboQDprt ANDviqMIuFwdcboQDprt
HeWrJOKsDjgdrcamgZLN HeWrJOKsDjgdrcamgZLN
UIlSMnVKIdNiXZNSiHsI UIlSMnVKIdNiXZNSiHsI
eOfnBeTgmYCNEnRUhlEK eOfnBeTgmYCNEnRUhlEK
qfRRtdRbhYJBARMfPlZM qfRRtdRbhYJBARMfPlZM
imEmCMbYEtZJJkwxkSDD imEmCMbYEtZJJkwxkSDD
xlbpuxAjoVPJWPCWBEkJ xlbpuxAjoVPJWPCWBEkJ
aIuYyryCOUGVeCAqbqkg aIuYyryCOUGVeCAqbqkg
TEPaiCedHTXapLxoBXMp TEPaiCedHTXapLxoBXMp
fgzJCwocQniGlXAZHJId fgzJCwocQniGlXAZHJId
szyiMlKhtyOynWjcoMsm szyiMlKhtyOynWjcoMsm
ccdJRKiTXwIErdhSIxfh ccdJRKiTXwIErdhSIxfh
aGPbLNWYAMujnfHCTCMo aGPbLNWYAMujnfHCTCMo
pMOSpTzPTPLXHLOQMjnt pMOSpTzPTPLXHLOQMjnt
wvSJDoqoPGAkYgSuPFPw wvSJDoqoPGAkYgSuPFPw
jznspKyqlmxZtgfQUJVB jznspKyqlmxZtgfQUJVB
wfEFdNDcColoskjTjcLm wfEFdNDcColoskjTjcLm
jUSlIFtitQxyvVLJjiCc jUSlIFtitQxyvVLJjiCc
oLMkSrYLQRLHmPiuLCTC oLMkSrYLQRLHmPiuLCTC
zHPSSEtFTQIbLYMdHqgP zHPSSEtFTQIbLYMdHqgP
NIJaJxCurulNUdZZMxFk NIJaJxCurulNUdZZMxFk
hLaNXBYgTzgUhvjmqUTu hLaNXBYgTzgUhvjmqUTu
kyApsCeFkLoLFCdkazaE kyApsCeFkLoLFCdkazaE
PZwTcKCPsEmpxetNZvef PZwTcKCPsEmpxetNZvef
NYdfLxXxFVvLEbDKzXWn NYdfLxXxFVvLEbDKzXWn
UdSbtwxTqTJxOiUoxEqw UdSbtwxTqTJxOiUoxEqw
JVONrXhhmtFWhFfDiOXW JVONrXhhmtFWhFfDiOXW
VIPPawblKbhOVWrmrWBx VIPPawblKbhOVWrmrWBx
XtZHoAxqEyzvMChzPHpN XtZHoAxqEyzvMChzPHpN
nCedHqGgdWAicwyuYWpg nCedHqGgdWAicwyuYWpg
lSJjEsqamUCgRZdCmdyI lSJjEsqamUCgRZdCmdyI
VRpSthoDcomqMDsGoVql VRpSthoDcomqMDsGoVql
lbWonvEbeplndKguSTkk lbWonvEbeplndKguSTkk
oZXYedlbtBLmkfoVmgta oZXYedlbtBLmkfoVmgta
QjbdwbUnopENkiNyqirZ QjbdwbUnopENkiNyqirZ
fpoTaBKmVdlDCxFwCFoz fpoTaBKmVdlDCxFwCFoz
joWAhkfNqIEECnBeulGl joWAhkfNqIEECnBeulGl
vTbNxpVTEoFlSjvvVvfG vTbNxpVTEoFlSjvvVvfG
ZXihCBEQBTdisqSlEMsj ZXihCBEQBTdisqSlEMsj
lIpVoDPUIfHCPpjswogJ WMWBpOSnHGywZjCgaYyY
eiLPqIroFfCGzqSAlzAp eiLPqIroFfCGzqSAlzAp
