Soda woolf winifred danyal rosen andrew lo zhou eshaan annie rabie ian djajadi vilaythong ruhi kevin juliann daniel caroline ashley ritter martinez noor scott aidan golden connor singhal castro meghan massachusetts  curry roshan berit chloe sarina ohio walsh shen bloch alvin yip grace amanda sunny lewke tamara jarrett chris krishnan garbers patagonia Soda
49
danyal danyal
singhal singhal
grace grace
patagonia patagonia
shen shen
sunny sunny
vilaythong vilaythong
alvin alvin
rabie rabie
zhou sriram
daniel daniel
winifred winifred
garbers davis garbers
castro castro
chris rob
noor noor
lewke lewke
golden golden
martinez martinez
chloe chloe
bloch garcia
sarina sarina
krishnan krishnan
amanda amanda
massachusetts massachusetts
 
ruhi ruhi
jarrett jarrett
tamara tamara
rosen rosen
ashley shah ashley
woolf woolf
eshaan eshaan
caroline caroline
yip yip
juliann juliann
kevin kevin
lo lo
roshan roshan
annie annie
djajadi djajadi
meghan meghan
ritter ritter
andrew andrew
ian ian
walsh walsh
aidan aidan
connor connor
berit berit
