Jingzhou Lysva Chegem Khabarovsk Crespo Rembangan Thamaga Tottori SanJosedeOcoa Ketrzyn Ouarzazat Veenendaal Shizunaifurukawacho Shumen elCampello Carmichael Carouge Colachel Ibri Chittaranjan BurgbeiMagdeburg Kabarnet Tabatinga Gangtok BeneBeraq MelitodiNapoli SaintMichael Rangae Shively Bejucal Ronse AzZuwaytinah RioFormoso Radnor LondonderryCountyBor TanahMerah FortLauderdale Depok CoonRapids Malnate Kheri Srinagar Entroncamento Jeypore Sarzedo Sanaa Manduria Ghugus Jingzhou
46
CoonRapids CoonRapids Sagalo
Sarzedo Sarzedo
SaintMichael SaintMichael
Colachel Colachel
Entroncamento Entroncamento
Chegem Chegem
Rembangan Rembangan
AzZuwaytinah AzZuwaytinah
Manduria Manduria
Gangtok Gangtok
Tottori Tottori
Ronse Ronse
Srinagar Kirovsk Srinagar
Kheri Ermelo Kheri
Chittaranjan Chittaranjan
Depok Depok
Shizunaifurukawacho Shizunaifurukawacho
Crespo Crespo
Ibri Ibri
Lysva Lysva
Jeypore Jeypore
TanahMerah TanahMerah
Ghugus Ghugus
Khabarovsk Khabarovsk
Shively Shively
BurgbeiMagdeburg BurgbeiMagdeburg
Rangae Rangae
Kabarnet Kabarnet
Ouarzazat Ouarzazat
SanJosedeOcoa SanJosedeOcoa
LondonderryCountyBor LondonderryCountyBor
Shumen Shumen
Sanaa Sanaa JabalosSaraj
Thamaga Thamaga
Tabatinga Tabatinga
Veenendaal Veenendaal
Carouge Carouge
Radnor Radnor
FortLauderdale FortLauderdale
BeneBeraq BeneBeraq
elCampello elCampello
Malnate Malnate
Bejucal Bejucal
Carmichael Carmichael
RioFormoso RioFormoso
Ketrzyn Ketrzyn
