0 67 110 23 19 10 98 97 50 178 58 159 154 153 143 134 142 175 171 174 162 196 173 132 145 156 131 193 130 146 151 183 168 179 133 137 176 165 199 158 18 20 194 144 85 49 9 114 125 102 118 0
34
130 130
131 131
132 132
133 133
134 134
18 135 136 138 139 140 141 147 148 149 150 152 155 157 160 161 163 164
137 137
142 142
143 143
144 144
145 145
146 146
151 151
153 153
154 154
156 156
158 158
159 159
162 162
165 165
20 166 167 169 170 172 177 180 181 182 184 185 186 187 188 189 190 191 192 195 197 198
168 168
171 171
173 173
174 174
175 175
176 176
178 178
179 179
183 183
193 193
194 194
196 196
199 199
