0 198 197 196 191 192 186 181 176 171 166 167 161 163 162 156 151 146 141 136 131 126 128 127 121 116 111 112 106 101 96 91 93 92 86 87 81 76 71 66 61 56 58 57 51 46 41 42 36 37 31 33 32 26 21 16 11 6 1 0
52
58 58
21 24 22 25
41 44
131 135
71 73 72 75 74
96 100 99 98 97
6 7
31 35 34
86 90
16 17 19
136 137 139 140 138
61 63 65 64 62
163 163
76 78 79 80
101 105 103 102 104
192 192
151 155 152 153
161 164 165
11 14 13 12
106 109 107 108
56 60 59
186 189 187
46 48 47
111 114 113
42 42
116 118
181 183 184 185
91 95 94
141 144 143 145 142
191 193 195
51 53 52
81 83 84 82
37 38
176 180 179
26 30 27 29
126 130 129
112 112
33 33
121 122
166 169 170
66 70 68
1 3
127 127
162 162
93 93
32 32
87 87
171 173
36 39
156 159
128 128
146 149
