yqRn7pcv xaYYL0Xr ne5PzSYX zcy1X765 XlaUIvCb rJm7nPd7 0DZeKYOM fMhFZEQj LQU5lyru rKjRBwvM hcJG54h4 uzY67sfN 2dprxs3b 2XMfF8YA Tv0Ngo2a qGX9syVq Bow1G1eA i4M5A6hw 1JmiRMy2 fsgAjhrq z3tqnoFm hC2ZPbzA Wvomb2LC cbK8BQiu lRFv66dO 83BKbC2v 5Zo9R33z mB6fiF0u o5fxSomz 6XOrbPEm dYz0v5Rl RKTqv0lO mpBvpan0 yqRn7pcv
23
mB6fiF0u 7xyYvlir mB6fiF0u
hC2ZPbzA hC2ZPbzA
lRFv66dO lRFv66dO
ne5PzSYX ne5PzSYX
5Zo9R33z 5Zo9R33z
fsgAjhrq fsgAjhrq
2XMfF8YA 2XMfF8YA
RKTqv0lO RKTqv0lO
6XOrbPEm 6XOrbPEm
zcy1X765 zcy1X765
yqRn7pcv yqRn7pcv
i4M5A6hw i4M5A6hw
o5fxSomz o5fxSomz mmiVeCrf
1JmiRMy2 1JmiRMy2
Tv0Ngo2a Tv0Ngo2a
XlaUIvCb XlaUIvCb
hcJG54h4 hcJG54h4
rKjRBwvM rKjRBwvM
rJm7nPd7 rJm7nPd7
xaYYL0Xr xaYYL0Xr
uzY67sfN uzY67sfN
LQU5lyru LQU5lyru
Wvomb2LC Wvomb2LC
