Dannemora Fabius Fonda Fleischmanns Hamburg Flower Oceanside Gasport Falconer Gardiner Fulton Fairport Geneva Fairview Hewlett Harbor Fredonia Depauville Ghent Freeport Forestville Davis Fishkill Galeville Delevan Dansville Franklinville Hermon Dexter Fairmount DeRuyter Frankfort Flanders Odessa Frewsburg Dunkirk Delanson Deer Florida Farnham Freeville Delhi Franklin Haviland Fishers Deferiet Germantown Delmar Herricks Deposit Earlville Fire Dannemora
45
Dansville Dansville
Davis Davis
Deer Deer
Deferiet Deferiet
Delanson Delanson
Delevan Delevan
Delhi Delhi
Delmar Delmar
Depauville Depauville
Geneva Depew Geneva
Deposit Deposit
DeRuyter DeRuyter
Dexter Dexter
Dunkirk Dunkirk
Earlville Earlville Firthcliffe
Fabius Fabius
Oceanside Fair
Fairmount Fairmount
Fairport Fairport
Fairview Fairview
Falconer Falconer
Florida Farmingville Florida
Farnham Farnham
Harbor Fayetteville
Fire Fire
Fishers Fishers Forest
Fishkill Fishkill
Flanders Flanders
Fleischmanns Fleischmanns
Flower Flower
Fonda Fonda
Forestville Forestville
Frankfort Frankfort
Franklin Franklin
Franklinville Franklinville
Fredonia Fredonia
Freeport Freeport
Freeville Freeville
Frewsburg Frewsburg
Gardiner Friendship Gardiner
Fulton Fulton
Galeville Galeville
Gasport Gasport
Germantown Germantown
Ghent Ghent
