Acadia Guadalupe Isle Teton Gateway Glacier Brycecanyon Canyonlands Clark Badlands Basin Gunnison Tortugas Bend Voyageurs Smoky Lassen Channel Indiana Haleakala Teddy Denali Katmai Everglades Caverns Congaree Cuyahoga Biscayne Acadia
23
Guadalupe Arches Guadalupe
Badlands Badlands Crater
Bend Bend
Biscayne Biscayne
Gunnison Gunnison
Brycecanyon Brycecanyon
Canyonlands Canyonlands
Acadia Capitol
Caverns Caverns
Channel Channel
Congaree Congaree
Cuyahoga Cuyahoga
Denali Denali
Tortugas Tortugas
Everglades Everglades
Gateway Gateway
Glacier Glacier
Teton Teton
Basin Basin
Smoky Smoky
Haleakala Haleakala
Indiana Indiana
Isle Isle
