h0 h42 h68 h44 h23 h69 h71 h32 h72 h31 h88 h89 h38 h86 h99 h29 h85 h66 h84 h45 h46 h47 h36 h19 h98 h37 h28 h27 h97 h20 h18 h50 h49 h92 h62 h16 h78 h61 h15 h60 h79 h13 h54 h10 h9 h3 h56 h4 h6 h8 h57 h1 h7 h1 h7 h1 h7 h1 h7 h1 h7 h1 h7 h1 h7 h1 h7 h1 h7 h1 h7 h1 h7 h1 h7 h1 h7 h1 h7 h1 h7 h1 h7 h1 h7 h1 h7 h1 h7 h1 h7 h1 h7 h1 h7 h1 h7 h1 h7 h1 h7 h1 h7 h1 h7 h1 h7 h1 h7 h1 h7 h1 h7 h1 h7 h1 h7 h1 h7 h1 h7 h1 h7 h1 h7 h1 h7 h1 h7 h1 h7 h1 h7 h1 h7 h1 h7 h1 h7 h1 h7 h1 h7 h1 h7 h1 h7 h1 h7 h1 h7 h1 h7 h1 h7 h1 h7 h1 h7 h1 h7 h1 h7 h1 h7 h1 h7 h1 h7 h1 h7 h1 h7 h1 h7 h1 h7 h1 h7 h1 h7 h1 h7 h1 h7 h1 h7 h1 h7 h1 h7 h1 h7 h1 h7 h1 h7 h1 h7 h1 h7 h1 h7 h1 h7 h1 h7 h1 h7 h1 h7 h1 h7 h1 h7 h1 h7 h1 h7 h1 h7 h1 h7 h1 h7 h1 h7 h1 h7 h1 h7 h1 h7 h1 h7 h1 h7 h1 h7 h1 h7 h1 h7 h1 h7 h1 h7 h1 h7 h1 h7 h1 h7 h1 h7 h1 h7 h1 h7 h1 h7 h1 h7 h1 h7 h1 h7 h1 h7 h1 h7 h1 h7 h1 h7 h1 h7 h1 h7 h1 h7 h1 h7 h1 h7 h1 h7 h1 h7 h1 h7 h1 h7 h1 h7 h1 h7 h1 h7 h1 h7 h1 h7 h1 h7 h1 h7 h1 h7 h1 h7 h1 h7 h1 h7 h1 h7 h1 h7 h1 h7 h1 h7 h1 h7 h1 h7 h1 h7 h1 h7 h1 h7 h1 h7 h1 h7 h1 h7 h1 h7 h1 h7 h1 h7 h1 h7 h1 h7 h1 h7 h1 h7 h1 h7 h1 h7 h1 h7 h1 h7 h1 h7 h1 h7 h1 h7 h1 h7 h1 h7 h1 h7 h1 h7 h1 h7 h1 h7 h1 h7 h1 h7 h1 h7 h1 h7 h1 h7 h1 h7 h1 h7 h1 h7 h1 h7 h1 h7 h1 h7 h1 h7 h1 h7 h1 h7 h1 h7 h1 h7 h1 h7 h1 h7 h1 h7 h1 h7 h1 h7 h1 h7 h1 h7 h1 h7 h1 h7 h1 h7 h1 h7 h1 h7 h1 h7 h1 h7 h1 h7 h1 h7 h1 h7 h1 h7 h1 h7 h1 h7 h1 h7 h1 h7 h1 h7 h1 h7 h1 h7 h1 h7 h1 h7 h1 h7 h1 h7 h1 h7 h1 h7 h1 h7 h1 h7 h1 h7 h1 h7 h1 h7 h1 h7 h1 h7 h1 h7 h1 h7 h1 h7 h1 h7 h1 h7 h1 h7 h1
37
h1 h1 h2
h3 h3
h4 h4
h8 h5 h8
h6 h6
h7 h7
h9 h9 h14
h10 h10 h11
h79 h12
h13 h13
h15 h15
h16 h16
h92 h17 h41
h18 h18
h19 h19
h20 h20
h0 h21
h47 h22 h35 h47 h48
h23 h23 h33
h85 h24
h45 h25 h45
h66 h26
h27 h27
h28 h28 h39 h40
h29 h29
h72 h30
h31 h31
h32 h32 h34
h36 h36
h37 h37
h38 h38
h42 h42
h68 h43
h44 h44
h46 h46
h49 h49
h50 h50
