pace honor deposit paper imposter throne quality straighten romantic sign tolerate forge vegetarian linger dough enhance thumb excuse other swear tablet cigarette demand pain injury disclose class chair mystery gate circulation output autonomy glasses tool dialogue guarantee buffet exclusive dip nationalist shy title sunrise certain page lake rob bitter respect financial voice pace
44
shy shy
swear swear
dough dough
pain pain
buffet buffet
linger linger
circulation circulation
class class
nationalist nationalist
tool tool
honor honor
dialogue prison likely
imposter imposter
guarantee guarantee seize king
exclusive exclusive
other other
rob rob
sunrise sunrise
voice voice
forge winner
vegetarian vegetarian
tolerate tolerate
lake lake
quality headline quality
throne throne
glasses glasses
paper paper
tablet tablet
sign legislation sign
mystery enter mystery
enhance enhance
injury injury
bitter bitter
dip dip
page page
disclose figure
autonomy autonomy
demand demand
output output
thumb thumb
cigarette cigarette
chair brake
financial financial
title title
