Taozhuang Bhit Longgang Norco Vernon Oulmes Fort Uran Donggongon Boo Cibinong Villa Nonsan Rutherglen Ulu Freetown Southsea Sarandi Ramla Azrou Hechingen Artur New Memmingen Alatyr Kallio Somma Esmeraldas Aytos Gudermes Bourbonnais Strathfield Waverly Bang Esperanza Tupelo Rosedale Jackson Chharra Taozhuang
39
Rutherglen Gauting Rutherglen
Nonsan Nonsan
Jackson Jackson
Kallio Kallio
Ulu Ulu
Sarandi Sarandi
Bhit Middle Durazno Camayenne
Donggongon Donggongon
Strathfield Strathfield
Cibinong Cibinong
Uran Jingzhou Jinotepe Pottstown Uran
New New
Somma Somma
Azrou Azrou
Fort Fort
Esperanza Esperanza
Longgang Longgang
Norco Udumalaippettai
Boo Boo
Villa Villa Rafiganj
Vernon Severodvinsk Caravaca
Chharra Ilesa Besuki Wesseling Sicklerville
Gudermes Gudermes
Southsea Calauan
Taozhuang Taozhuang
Rosedale Rosedale
Aytos Aytos
Tupelo Tupelo
Alatyr Alatyr
Artur Artur
Bang Bang
Ramla Ramla
Freetown Freetown
Waverly Waverly
Bourbonnais Bourbonnais
Memmingen Memmingen
Hechingen Hechingen
Esmeraldas Esmeraldas
Oulmes Oulmes
