Ilesa Milledgeville PortVila Alexandria American Malden Viewpark Palafrugell Villaquilambre Stupino Jagna Aurora MitryMory Magomeni Jashpurnagar Meizhou Toledo Davis Jiangyan Brunswick Bensheim Kyzylorda Brzeg Perth Sorsogon Oberhausen Palm Marburg Talipparamba Sishui Sillanwali Bobigny An Bon Landshut Foshan Aklera Stuttgart Rutland Zaozhuang Belper Mexborough Oulmes Azrou Milagro Rhosllanerchrugog Calauan Lodwar Puducherry Tupelo Memmingen WaltonontheNaze Polohy Bavly Gariadhar Minas Alfenas Uran Mouscron Bogovinje Valday Tupiza DehiwalaMount Ventimiglia Sirsi Itacoatiara Valletta Sceaux Hermsdorf Tharu Aistala Ada Great Resplendor Ilesa
74
Jagna Jagna
Sishui Sishui
Milagro Milagro
MitryMory Claremont Tiruppuvanam MitryMory Ponta Copperas
Palm Palm
Talipparamba Talipparamba
Aklera Aklera
Sillanwali Sillanwali
Milledgeville Milledgeville Puerto
Ada Ada
Great Tyoply Great
Bavly Bavly
Mexborough Mexborough
Sceaux Sceaux
Foshan Foshan
Valletta Valletta
Resplendor Resplendor
Brunswick Brunswick
Stuttgart Stuttgart
Stupino Stupino
Bensheim Bensheim Campobasso Ramla Bang PointeClaire
Alexandria Alexandria
Sirsi Sirsi
Minas New Dahlem
Malden Malden
Belper Chacabuco Skalica Guli LonsleSaunier
Azrou Azrou
Perth Perth UlanUde Tak Shaowu Niort Clermont
Bogovinje Bogovinje
Oberhausen Oberhausen
Palafrugell Palafrugell
Polohy Polohy
Ventimiglia Yingkou Ventimiglia Barracas
Zaozhuang Zaozhuang
Ilesa Ilesa
Calauan Calauan Shagamu Onex Paredes
Gariadhar Gariadhar
Aurora Aurora
Landshut Landshut
Tupelo Tupelo
Davis Davis
An An
Bobigny Bobigny
Toledo Toledo
Rhosllanerchrugog Rhosllanerchrugog
PortVila PortVila
Meizhou Meizhou
Memmingen Memmingen
Itacoatiara Itacoatiara
Viewpark Viewpark
Rutland Rutland
Mouscron Mouscron
Tupiza Tupiza
Marburg Lille Marburg
Magomeni Magomeni
Sorsogon Sorsogon
Brzeg Brzeg
Valday Valday
American American
DehiwalaMount DehiwalaMount
Hermsdorf Hermsdorf Aleshtar
Villaquilambre Villaquilambre
Jiangyan Jiangyan
Lodwar Lodwar
Jashpurnagar Jashpurnagar
Alfenas Alfenas
Bon Bon
Uran Uran
Oulmes Oulmes
Kyzylorda Kyzylorda
Tharu Tharu
Puducherry Puducherry
WaltonontheNaze WaltonontheNaze
Aistala GernikaLumo
