loc0 loc66 loc52 loc96 loc54 loc39 loc80 loc18 loc12 loc38 loc27 loc58 loc99 loc16 loc63 loc2 loc36 loc34 loc78 loc26 loc69 loc88 loc42 loc84 loc70 loc51 loc40 loc24 loc31 loc30 loc44 loc21 loc90 loc81 loc10 loc48 loc4 loc60 loc74 loc0
36
loc0 loc0 loc62
loc2 loc2
loc4 loc4
loc81 loc6
loc42 loc8 loc42
loc10 loc10
loc12 loc12
loc18 loc14 loc18
loc16 loc16
loc21 loc20
loc78 loc22 loc78 loc82
loc24 loc24 loc46 loc56
loc26 loc26
loc63 loc28 loc98
loc30 loc30
loc48 loc32 loc48 loc50
loc34 loc34
loc36 loc36 loc68
loc38 loc38
loc40 loc40
loc44 loc44
loc52 loc52
loc54 loc54
loc58 loc58
loc60 loc60
loc39 loc64 loc72 loc86 loc94
loc66 loc66
loc70 loc70
loc74 loc74
loc51 loc76
loc80 loc80
loc84 loc84
loc88 loc88
loc90 loc90
loc99 loc92
loc96 loc96
