Nepal Georgia SriLanka Panama Fiji Afghanistan Vietnam Niger Mauritius Kuwait Tajikistan Slovakia NewZealand BosHerzegovina VaticanCity TheGambia SaintLucia Serbia UAE Belarus Azerbaijan Ecuador Estonia Liechtenstein Argentina Nepal
23
Azerbaijan Azerbaijan
Tajikistan Tajikistan
VaticanCity VaticanCity
Estonia Estonia
Fiji Botswana Fiji
UAE UAE
Serbia Serbia
NewZealand NewZealand
Belarus Belarus
SriLanka Tanzania
Georgia Georgia
Panama Panama
BosHerzegovina Suriname
Argentina Argentina
Vietnam Vietnam Palau
Niger Niger
TheGambia MarshallIslands
Afghanistan Afghanistan
Slovakia Slovakia
Liechtenstein Liechtenstein
Mauritius Mauritius
Kuwait Kuwait
SaintLucia SaintLucia
