80 3 50 25 56 5 87 60 59 15 11 33 65 66 40 82 69 1 71 89 30 18 22 37 13 4 41 14 27 2 88 42 12 39 62 44 16 53 58 24 54 68 43 76 36 21 38 1 71 89 30 18 22 37 13 4 41 14 27 2 88 42 12 39 62 44 16 53 58 24 54 68 43 76 36 21 38 1 71 89 30 18 22 37 13 4 41 14 27 2 88 42 12 39 62 44 16 53 58 24 54 68 43 76 36 21 38 1 71 89 30 18 22 37 13 4 41 14 27 2 88 42 12 39 62 44 16 53 58 24 54 68 43 76 36 21 38 1 71 89 30 18 22 37 13 4 41 14 27 2 88 42 12 39 62 44 16 53 58 24 54 68 43 76 36 21 38 1 71 89 30 18 22 37 13 4 41 14 27 2 88 42 12 39 62 44 16 53 58 24 54 68 43 76 36 21 38 1 71 89 30 18 22 37 13 4 41 14 27 2 88 42 12 39 62 44 16 53 58 24 54 68 43 76 36 21 38 1 71 89 30 18 22 37 13 4 41 14 27 2 88 42 12 39 62 44 16 53 58 24 54 68 43 76 36 21 38 1 71 89 30 18 22 37 13 4 41 14 27 2 88 42 12 39 62 44 16 53 58 24 54 68 43 76 36 21 38 1 71 89 30 18 22 37 13 4 41 14 27 2 88 42 12 39 62 44 16 53 58 24 54 68 43 76 36 21 38 1 71 89 30 18 22 37 13 4 41 14 27 2 88 42 12 39 62 44 16 53 58 24 54 68 43 76 36 21 38 1 71 89 30 18 22 37 13 4 41 14 27 2 88 42 12 39 62 44 16 53 58 24 54 68 43 76 36 21 38 1 71 89 30 18 22 37 13 4 41 14 27 2 88 42 12 39 62 44 16 53 58 24 54 68 43 76 36 21 38 1 71 89 30 18 22 37 13 4 41 14 27 2 88 42 12 39 62 44 16 53 58 24 54 68 43 76 36 21 38 1 71 89 30 18 22 37 13 4 41 14 27 2 88 42 12 39 62 44 16 53 58 24 54 68 43 76 36 21 38 1 71 89 30 18 22 37 13 4 41 14 27 2 88 42 12 39 62 44 16 53 58 24 54 68 43 76 36 21 38 1 71 89
31
43 47
40 40 9
71 71
1 1
15 15
66 52
3 3 31
60 85 60
56 56
4 4
14 14
42 42
54 54
89 89 77
18 46 73
41 49 41 48
76 76
37 37 75
87 34 87
27 20 79 27
25 25
53 53
5 5
58 84
24 23
68 68
12 12 6
21 86
59 59
33 33
36 36
