x61 x44 x79 x85 x58 x68 x66 x48 x94 x73 x55 x54 x46 x37 x95 x39 x91 x96 x71 x18 x0 x81 x90 x4 x69 x23 x40 x57 x7 x32 x13 x59 x49 x3 x20 x1 x12 x88 x31 x50 x89 x8 x5 x61
40
x89 x89
x18 x18
x23 x34 x23
x73 x2
x81 x43 x81
x7 x7
x31 x31
x12 x12 x97
x94 x94
x50 x98 x21
x85 x99 x93
x49 x49
x37 x37
x58 x58
x1 x30 x1
x44 x42
x40 x40
x3 x3 x80 x26
x95 x95
x46 x46
x79 x79
x96 x96
x13 x13
x59 x59
x32 x32
x90 x87 x90
x8 x8
x88 x88
x68 x68
x91 x28 x91
x39 x39
x4 x53
x66 x66
x54 x54
x5 x5
x61 x61
x0 x0
x55 x55
x71 x71
x48 x52
