129 137 124 92 121 192 175 127 74 36 45 118 10 100 6 73 170 101 21 182 21 67 21 72 79 112 61 31 88 1 20 53 165 40 3 90 71 64 71 90 152 90 25 46 2 4 157 110 154 196 37 160 108 11 96 7 19 139 94 119 162 49 171 156 62 51 197 51 34 109 184 85 133 106 181 32 145 99 129
54
1 1
4 4
7 7
10 10 28
92 13 76
137 16
19 19
45 22
25 25
31 31
34 34
37 37
40 40
72 43
46 46
49 49
101 52 97 148
2 55
170 58
61 61
64 64
67 67
96 70
73 73 136
79 79
197 82 115
85 85
88 88
152 91
94 94
100 100
192 103
106 106 178
109 109
112 112
118 118 166
121 121
124 124
127 127
6 130
133 133
139 139
181 142 169 181
145 145 172
21 151
154 154 193
157 157
160 160
119 163
175 175
184 184
32 187
182 190
196 196
