159 77 140 14 97 126 172 119 172 152 195 168 187 29 88 160 118 195 136 195 157 71 15 167 8 178 16 179 154 93 56 156 81 28 81 164 43 164 20 104 11 30 81 164 6 197 106 13 63 121 166 27 145 27 169 27 173 133 17 36 17 133 173 27 166 121 63 13 106 197 114 35 114 31 9 28 81 138 69 171 10 200 46 192 130 107 134 120 134 107 189 117 48 182 47 182 48 117 189 59 100 33 75 37 75 108 50 29 88 131 44 4 149 23 181 100 161 100 59 147 101 137 101 25 45 72 7 72 45 25 101 1 112 127 109 180 193 153 93 65 51 148 41 129 78 96 162 96 162 67 119 172 119 86 129 74 158 92 114 31 156 64 57 79 32 79 3 79 170 158 102 5 177 174 177 111 34 111 128 111 177 5 159 22 159
82
180 122 180
43 43
157 157
169 169
100 100 199 139
128 128
36 36
134 134
15 15
32 32
86 86
127 146 61
101 101 132
107 107
149 76
93 93
35 35
77 77 190
72 72
126 126
193 193 53 24
74 185 74
63 63
47 47
6 52 6
92 116
71 71
46 46
65 65 98 26 165
172 172
45 45
138 138
158 158 99
154 2 154
97 97
79 79
137 137 85
174 174
31 31
17 17
51 51
64 64
106 106
10 10
120 120
23 21
162 191
41 41
108 38
114 114
37 37
96 96
133 133
121 121
69 155
4 4
13 13
20 87
3 3
111 111
102 82 102 123
181 181
145 145
28 28
34 34
178 178
48 48
140 140
156 156
148 148
7 7
14 14
11 11
147 40
59 59
109 109
167 167
22 22
200 200
192 192
44 60
88 88
