Home141 Home154 Home32 Home125 Home138 Home100 Home170 Home101 Home87 Home64 Home28 Home73 Home161 Home97 Home2 Home134 Home62 Home127 Home7 Home36 Home150 Home76 Home5 Home78 Home122 Home143 Home82 Home26 Home121 Home75 Home81 Home25 Home74 Home6 Home163 Home156 Home163 Home6 Home128 Home112 Home16 Home60 Home136 Home49 Home11 Home88 Home11 Home10 Home83 Home27 Home111 Home43 Home138 Home158 Home14 Home50 Home14 Home93 Home157 Home3 Home89 Home119 Home59 Home171 Home145 Home144 Home145 Home82 Home177 Home142 Home118 Home39 Home94 Home166 Home0 Home166 Home94 Home39 Home101 Home170 Home79 Home110 Home40 Home172 Home31 Home140 Home12 Home174 Home53 Home174 Home34 Home176 Home52 Home66 Home91 Home115 Home120 Home69 Home179 Home26 Home121 Home159 Home131 Home48 Home29 Home96 Home30 Home51 Home147 Home37 Home13 Home84 Home149 Home20 Home109 Home141
72
Home101 Home4
Home157 Home157 Home92
Home69 Home69
Home110 Home110
Home154 Home154
Home91 Home91
Home34 Home34 Home173
Home97 Home97
Home20 Home20 Home126
Home3 Home3
Home7 Home7
Home73 Home106 Home114
Home60 Home60
Home88 Home88
Home144 Home144
Home31 Home31
Home28 Home35
Home25 Home25
Home122 Home122
Home156 Home156
Home81 Home81
Home131 Home131
Home149 Home149
Home141 Home15
Home53 Home164 Home53
Home62 Home62 Home152
Home2 Home132
Home166 Home45
Home50 Home50
Home82 Home82
Home11 Home11
Home76 Home76 Home105
Home48 Home48
Home171 Home171
Home83 Home83
Home147 Home147
Home172 Home172
Home100 Home100 Home67
Home51 Home51
Home32 Home32
Home143 Home143
Home87 Home135 Home87
Home49 Home47
Home174 Home86
Home134 Home134
Home5 Home167 Home124 Home63 Home5
Home37 Home37
Home64 Home64
Home13 Home13
Home112 Home112
Home128 Home128
Home170 Home165 Home170
Home27 Home27
Home125 Home125
Home36 Home36 Home103
Home176 Home176
Home74 Home74
Home119 Home55
Home120 Home120
Home136 Home136
Home127 Home127
Home161 Home161
Home75 Home75
Home66 Home66
Home96 Home44 Home96
Home26 Home26
Home43 Home43
Home16 Home16
Home177 Home177
Home89 Home89
Home10 Home1
Home111 Home111
