lllIl1I 11IIII1 lIIlII1 II11l1l lIIl11l 1Illl1l IIlI1lI lIIl11l 1I1I1l1 I1llll1 IIl1l1I 11111lI lI1l111 1I11Ill 1I1l1Il l1IIl1l IlI1Il1 I1Ill1I lII111l 1ll1ll1 I1ll1II 1llI111 l1IllI1 I11I111 ll111ll 11lI11I 1l11lII IIlIllI Il1Il1I 11Il111 I111I1I llIIII1 11I1llI IlI1II1 lI11III IlI1II1 Ill1I11 11I1llI IlI1II1 1I1I1lI l1I111I 1lIl11I l1l11l1 1111I11 111lI1I lIllIll lll1I1l 1I1lllI l1Ill11 I1lIlII 11IIII1 lllIl1I
42
lI11III lI11III
II11l1l lIl111I II11l1l
Ill1I11 Ill1I11
lIIl11l lIIl11l
IIlI1lI II1Il1I III1llI
11111lI I11111l 11111lI
lII111l lII111l
Il1Il1I Il1Il1I
ll111ll ll111ll
l1IllI1 l1IllI1 1IlIl1I
l1l11l1 l1l11l1
1l11lII 1l11lII
11lI11I 11lI11I
l1I111I l1I111I
llIIII1 llIIII1 I11I11l
lIIlII1 lIIlII1
I1ll1II I1ll1II
I1lIlII Ill11II
lll1I1l lll1I1l
11IIII1 11IIII1
111lI1I 111lI1I
lI1l111 l1lllll lI1l111
IIl1l1I IIl1l1I
1I1l1Il 1I1l1Il
1I11Ill 1I11Ill
IIlIllI IIlIllI
1llI111 1llI111
I11I111 I11I111
1Illl1l 1l1lIlI
I1Ill1I I1llII1
I1llll1 I1llll1
l1Ill11 l1Ill11 l1lll11
IlI1Il1 IlI1Il1
1111I11 llI1lII
IlI1II1 IlI1II1 III111I
1I1I1lI 1I1I1lI
1I1lllI 1I1lllI
l1IIl1l l1IIl1l
lIllIll lIllIll
1lIl11I 1lIl11I
I111I1I I111I1I
1I1I1l1 1I1I1l1
