129 83 130 83 92 40 5 33 96 76 97 63 123 57 8 17 150 171 127 0 35 70 162 189 16 188 16 54 190 128 26 178 39 43 125 108 111 112 119 46 107 38 147 4 158 141 18 140 94 114 7 71 59 95 156 71 41 179 196 52 50 111 13 180 13 50 81 4 80 89 12 103 9 161 80 101 30 111 142 180 25 29 157 105 98 99 56 51 6 85 165 132 102 110 14 55 31 138 31 55 170 55 31 172 126 26 61 79 28 93 68 65 177 190 64 173 121 144 199 120 17 155 49 53 191 20 91 2 149 87 149 88 168 44 116 47 62 47 183 131 19 129
85
180 180
161 161
142 142
121 121
4 11 4
5 5 174
150 150
53 53
97 97
189 189
2 2
87 87
95 95
183 183
128 128
65 65
17 17
46 122 100 109
40 40
8 48 8
110 110
85 23 85
125 125
83 36
158 158
101 101 84
56 56
63 63
157 195 157
50 50
123 123
33 33
0 160 145 0 82
98 98
79 152
19 137 197
156 156
55 55
130 130
28 15
26 163 26
30 184 66
62 62
29 29
7 175
51 51
107 107
92 92
103 103
49 49
171 171
126 126
16 16
114 114
188 188
155 155
91 91
43 21
88 88
47 58
61 61
196 196
96 96
177 177
191 191
99 99
178 178
71 194
89 89
76 76
59 59
105 105 192
6 6
39 39
140 151
108 108
25 25
14 14
190 190
13 13
44 44
81 81
9 9
64 64
57 57
