0 123 0 188 171 178 166 178 175 125 34 76 7 149 7 33 72 33 17 13 17 111 105 141 105 173 117 179 185 61 14 29 174 93 174 56 36 2 182 88 198 6 58 68 106 20 53 57 16 139 12 153 66 153 12 3 65 61 185 84 24 173 105 7 33 17 92 124 35 184 40 49 121 11 75 85 87 84 97 147 95 145 42 18 82 99 32 99 124 35 100 40 158 46 41 28 41 161 71 67 71 128 8 149 167 153 121 171 188 171 4 79 4 171 188 0 112 108 54 24 63 103 89 73 96 51 47 107 142 116 142 107 9 64 9 50 112 0 137 0
74
0 0 43 59 62 86 90
57 1 57
2 2 27 78
3 3
4 4
13 5 13
6 6
7 7
8 8
9 9 80
42 10 42 48
11 11
12 12
14 14
123 15
16 16
17 17 21
18 18
105 19
20 20
46 22 46
89 23 26 89
24 24
32 25 32
28 28
29 29
51 30 51
111 31
33 33 74
34 34
35 35
36 36
137 37 52
93 38 93
142 39
40 40
41 41
100 44
128 45
47 47
49 49
50 50
53 53
54 54 98
63 55 63
56 56
58 58
141 60
61 61 70
64 64
65 65
66 66
67 67
68 68
184 69
71 71 94
72 72 83
73 73
75 75
76 76
125 77
79 79
107 81
82 82
84 84
85 85
87 87
88 88
175 91
92 92
95 95
96 96
97 97
99 99
