Soda loc106 loc36 loc145 loc156 loc145 loc36 loc106 loc36 loc145 loc36 loc172 loc106 loc25 loc53 loc179 loc43 loc27 loc169 loc111 loc30 loc39 loc198 loc166 loc109 loc119 loc109 loc166 loc28 loc198 loc166 loc109 loc166 loc198 loc39 loc30 loc111 loc169 loc27 loc43 loc179 loc199 loc179 loc43 loc27 loc169 loc111 loc112 loc111 loc11 loc30 loc111 loc86 loc158 loc193 loc181 loc111 loc38 loc193 loc102 loc152 loc35 loc55 loc89 loc100 loc176 loc21 loc95 loc165 loc150 loc66 loc180 loc131 loc147 loc10 loc27 loc43 loc78 loc190 loc46 loc2 loc177 loc42 loc163 loc104 loc48 loc179 loc186 loc135 loc130 loc48 loc186 loc45 loc182 loc139 loc46 loc143 loc70 loc160 loc19 loc93 loc162 loc132 loc85 loc90 loc18 loc91 loc132 loc44 loc54 loc105 loc168 loc129 loc17 loc94 loc34 loc189 loc32 loc34 loc14 loc121 loc14 loc88 loc34 loc84 loc167 loc97 loc84 loc34 loc13 loc74 loc23 loc74 loc50 loc43 loc82 loc5 loc63 loc124 loc92 loc75 loc137 loc40 loc137 loc75 loc57 loc157 loc59 loc157 loc57 loc92 loc124 loc151 loc85 loc117 loc175 loc63 loc184 loc71 loc120 loc123 loc1 loc98 loc73 loc67 loc195 loc62 loc43 loc27 loc133 loc66 loc150 loc96 loc150 loc12 loc150 loc187 loc148 loc101 loc81 loc8 loc101 loc164 loc47 loc87 loc192 loc170 loc196 loc142 loc7 loc142 loc196 loc51 loc155 loc51 loc196 loc170 loc192 loc87 loc47 loc87 loc192 loc68 loc126 loc68 loc60 loc15 loc77 loc56 loc159 loc56 loc173 loc107 loc146 loc107 loc173 loc56 loc77 loc41 loc141 loc115 loc176 loc35 loc194 loc26 loc181 loc49 loc79 loc49 loc37 loc102 loc169 loc111 loc114 loc86 loc153 loc12 loc76 loc197 loc60 loc148 loc149 loc164 loc144 loc127 loc183 loc22 loc183 loc122 loc38 loc115 loc99 loc115 loc27 loc43 loc161 loc43 loc27 loc164 loc47 loc87 loc47 loc164 loc115 loc99 loc134 loc99 loc115 loc164 loc47 loc52 loc47 loc164 loc111 loc128 loc112 loc29 loc111 loc60 loc68 loc60 loc27 loc43 loc50 loc83 loc50 loc43 loc27 loc169 loc111 loc30 loc39 loc30 loc111 loc169 loc27 loc43 loc179 loc64 loc199 loc80 loc179 loc58 loc179 loc3 Soda
88
loc45 loc45
loc82 loc82
loc90 loc90
loc62 loc65
loc151 loc151
loc50 loc50
loc83 loc83
loc94 loc94
loc34 loc34 loc118 loc138
loc13 loc13
loc74 loc74
loc23 loc23
loc17 loc17
loc14 loc14
loc121 loc121
loc88 loc88
loc32 loc32
loc189 loc189
loc84 loc84
loc167 loc167
loc97 loc97
loc57 loc72 loc57
loc75 loc75
loc157 loc157
loc137 loc137
loc59 loc59
loc40 loc40 loc20
loc42 loc42 loc171
loc163 loc163 loc154
loc80 loc80
loc199 loc199
loc64 loc64
loc3 loc3
Soda Soda
loc106 loc106
loc25 loc25 loc140
loc53 loc53
loc58 loc58
loc172 loc172
loc36 loc36
loc156 loc6 loc156
loc145 loc145
loc193 loc193
loc11 loc11
loc101 loc101
loc155 loc155
loc142 loc142
loc28 loc28
loc165 loc165
loc122 loc122
loc79 loc79
loc10 loc10
loc147 loc147
loc128 loc128
loc15 loc15
loc111 loc111
loc77 loc77
loc41 loc41
loc51 loc51 loc103
loc192 loc192
loc146 loc146
loc183 loc183
loc26 loc188 loc26
loc126 loc126
loc141 loc141
loc7 loc7
loc100 loc100
loc55 loc55
loc95 loc95
loc114 loc114
loc131 loc131
loc180 loc180
loc196 loc185 loc61
loc181 loc181
loc173 loc173
loc194 loc194
loc35 loc35
loc30 loc30 loc136
loc38 loc38
loc37 loc37
loc99 loc9
loc170 loc170
loc107 loc107
loc198 loc24
loc8 loc8
loc109 loc109
loc39 loc39
loc22 loc22
