evdoyagqfp xftptyrlvl mysadifwma robpunozly mysadifwma xftptyrlvl xawkqmfmmx fxuhthwjjp xftptyrlvl jqtguzxxsl wynbxuuxru lazlsvgukx wynbxuuxru epdwcjuvdr eooyfwmxln fczruomdab uhalgukdzb yriqtwavfx rkyixxpcbx yriqtwavfx gucdicwxmb yriqtwavfx qgfchcatzi cmdqzmgvfi rlxmdzqomd cttlxdtaiw byyqgjwsrp euqbrkzdsw jedsthbmzo wwqchwdmtx pcilmgdrgc qepegujmaa ixyurvbpvu qfbvncxldf ijbfzrqwct bbwcqzwyoz nwlccbonas xguvjomcdt yqwistxtxc nbjyrygtdh jatkaoyfxb hsjqtjkukk bbczvyonym mdyuzxshey ouxenssqdu kvfpaspidv wtyqwjwskq kijbyyuzhd unihwwnyqz pbefrggyje xwrvhrxnqy ebqxbaqnmm oegfbrwyrp xqwyvbvueh tvcolajnao smwxdupkdv jqtguzxxsl optviwhmbr ivugtsvtqb guuudgvhny vugkhjygfe xywdziunpr oggftsricu xeigbnzhbj seeyrseflx hkempoemlv seeyrseflx czvqvijjlb ztplgyvqhm czvqvijjlb seeyrseflx jrmlkfexfk osdeymjeil wkwwcqjtxf bulywvvpni xychpimpzb lnicnhmajr kyrhqthnvz lndsfxewdc vkrlpmybdj jrusiskazm ichabbvkhm oavtmpaqji oownpsyviv rnpokwoqgt fdgcygwgjf phknwbtipl zivwgfcxqi euqbrkzdsw jedsthbmzo qxfgqgbbdn byyqgjwsrp tmatbexcil qpxtrjvxpe qiqnnrlapz spdafzaivh ldnozwuuuq eaozvwjoso dnmgxnhbgi vnzypgtlkj gbdejcnknd ahqdrcepub afortwurqt zmfuudfatm cttlxdtaiw rlxmdzqomd cmdqzmgvfi qgfchcatzi ljhmnbaicr bswhowadhl zpjhxyylhb bswhowadhl xsjzeyxnpw ymvlfsdhbu xsjzeyxnpw opmnfgpclg knfzsnhzvx opmnfgpclg bpbbtoptwg opmnfgpclg xsjzeyxnpw ymvlfsdhbu aokbiptbzc ymvlfsdhbu xsjzeyxnpw bswhowadhl ljhmnbaicr pdljcbluhp ljhmnbaicr qgfchcatzi yriqtwavfx uhalgukdzb kwbnyneokj qqtzqvrvyc tgbmxdmvwe lcrihrmoqu xkasbvrrxd lcrihrmoqu tgbmxdmvwe qqtzqvrvyc frwgnrofof lbuiysostx lndsfxewdc khisjiexts zpybghfdbe pwgublhwxg hofbtczdgp pwgublhwxg afrdrejwtp pwgublhwxg pymtnhypxd jrmlkfexfk scesbtewjx hxkhivkhyl xnppuesbrr gllungmori qxuqrfzzob gllungmori xnppuesbrr eqdxeqvtsb epdwcjuvdr wynbxuuxru tmrnpjqnxx wynbxuuxru qzdrdcxoib wynbxuuxru jqtguzxxsl xftptyrlvl evdoyagqfp
85
oavtmpaqji oavtmpaqji
tmrnpjqnxx tmrnpjqnxx
vugkhjygfe vugkhjygfe
qxfgqgbbdn qxfgqgbbdn
jrmlkfexfk jrmlkfexfk
lnicnhmajr lnicnhmajr aruwdskzta
epdwcjuvdr kgktiatgjn
jrusiskazm jrusiskazm
qgfchcatzi qgfchcatzi
nwlccbonas itbfnxnauh nwlccbonas
xftptyrlvl kvxwqiryyu fluzhooehk uooysjrxsb
tmatbexcil tmatbexcil
xguvjomcdt xguvjomcdt
bbczvyonym bbczvyonym
xawkqmfmmx xawkqmfmmx
uhalgukdzb uhalgukdzb
wkwwcqjtxf wkwwcqjtxf lkvtxfwozs
qiqnnrlapz qiqnnrlapz
ixyurvbpvu yiwwdwbzth
ldnozwuuuq ldnozwuuuq
bbwcqzwyoz bbwcqzwyoz
wwqchwdmtx wwqchwdmtx
hofbtczdgp hofbtczdgp
gucdicwxmb gucdicwxmb
smwxdupkdv smwxdupkdv
qfbvncxldf qfbvncxldf
xwrvhrxnqy xwrvhrxnqy xifuopshzj
mdyuzxshey wtlzrefwav mdyuzxshey
hsjqtjkukk hsjqtjkukk
euqbrkzdsw euqbrkzdsw
mysadifwma mysadifwma
afortwurqt afortwurqt
oggftsricu oggftsricu
kyrhqthnvz kyrhqthnvz
xnppuesbrr xnppuesbrr
ouxenssqdu ouxenssqdu
guuudgvhny guuudgvhny stdiixwrjc
qpxtrjvxpe qpxtrjvxpe
ichabbvkhm ichabbvkhm
hkempoemlv hkempoemlv
fdgcygwgjf fdgcygwgjf
vkrlpmybdj vkrlpmybdj
optviwhmbr vfdsalrajq optviwhmbr
lcrihrmoqu lcrihrmoqu
rnpokwoqgt rnpokwoqgt
evdoyagqfp evdoyagqfp
tvcolajnao tvcolajnao
cttlxdtaiw cttlxdtaiw
qepegujmaa etdxtwotzh qepegujmaa psiebvskfb
bswhowadhl tgkujfknod bswhowadhl
zivwgfcxqi zivwgfcxqi
rkyixxpcbx rkyixxpcbx
seeyrseflx seeyrseflx
qzdrdcxoib voaumgrcuj
qxuqrfzzob qxuqrfzzob
pbefrggyje pbefrggyje
nbjyrygtdh cpwyxulkjm nbjyrygtdh
gbdejcnknd gbdejcnknd
pdljcbluhp pdljcbluhp
oegfbrwyrp oegfbrwyrp
xychpimpzb xychpimpzb
xkasbvrrxd xkasbvrrxd
ijbfzrqwct bimtbhwsby
scesbtewjx scesbtewjx
ahqdrcepub ahqdrcepub
eooyfwmxln eooyfwmxln
vnzypgtlkj vnzypgtlkj
robpunozly bnmegnfgii
kijbyyuzhd kijbyyuzhd
xqwyvbvueh xqwyvbvueh
byyqgjwsrp byyqgjwsrp
wynbxuuxru wynbxuuxru
zmfuudfatm zmfuudfatm
afrdrejwtp afrdrejwtp
ymvlfsdhbu ymvlfsdhbu
lndsfxewdc lndsfxewdc
osdeymjeil osdeymjeil
tgbmxdmvwe tgbmxdmvwe
xywdziunpr xywdziunpr
pcilmgdrgc pcilmgdrgc ivgbjyugdu
bulywvvpni bulywvvpni
ivugtsvtqb ivugtsvtqb
aokbiptbzc aokbiptbzc
kvfpaspidv kvfpaspidv
eqdxeqvtsb eqdxeqvtsb
