0 130 99 104 17 15 100 20 150 114 195 135 79 184 159 149 185 75 25 27 65 30 32 58 55 57 56 57 110 94 170 129 72 141 132 186 42 40 95 145 124 179 69 44 105 108 102 101 2 13 10 12 66 67 123 120 47 183 180 182 189 74 54 90 92 90 64 154 190 125 128 117 166 137 160 144 139 134 39 35 37 35 115 0
77
27 27 118
66 66
65 68 65
190 192
120 122 120
0 3
134 134
124 124
15 15
37 37 36
92 91 92
108 82 108
17 16 17
186 186
104 104
13 13
180 180
35 38 35
132 131 132
117 116 168
137 136
64 64
2 2 28
139 139
166 166
25 25
102 102
141 141 142
55 55
184 184
149 149
47 47
95 97 95 87
40 43
145 145 148
170 172
99 99
57 57
12 12 11
100 100
182 181 182
110 113 110
114 114
128 128
179 179
94 94
20 20
105 105
54 54
150 152
154 154
135 138 52 135
159 159
101 101
67 67
183 183
74 74
75 78
39 39
69 69
160 161 160
130 133
32 32
42 42 41
44 44
123 123
72 72
189 189
56 56
125 125
30 30
129 129
144 144
185 187
195 197 195
79 79
58 58
