loc0 loc193 loc49 loc157 loc3 loc183 loc6 loc183 loc3 loc183 loc186 loc87 loc147 loc93 loc123 loc30 loc183 loc3 loc157 loc49 loc193 loc31 loc139 loc109 loc46 loc109 loc19 loc127 loc109 loc199 loc28 loc136 loc37 loc136 loc73 loc118 loc139 loc190 loc1 loc111 loc180 loc99 loc180 loc18 loc135 loc36 loc153 loc163 loc91 loc172 loc90 loc135 loc54 loc180 loc72 loc180 loc39 loc192 loc66 loc129 loc12 loc157 loc49 loc157 loc22 loc138 loc75 loc174 loc84 loc102 loc189 loc180 loc111 loc1 loc190 loc175 loc76 loc148 loc193 loc130 loc139 loc145 loc46 loc127 loc100 loc172 loc45 loc153 loc81 loc198 loc63 loc117 loc126 loc108 loc9 loc171 loc81 loc162 loc172 loc55 loc127 loc46 loc118 loc38 loc113 loc77 loc113 loc38 loc137 loc20 loc146 loc65 loc164 loc173 loc128 loc74 loc182 loc92 loc110 loc47 loc110 loc74 loc128 loc173 loc29 loc113 loc41 loc113 loc5 loc155 loc131 loc32 loc185 loc14 loc176 loc23 loc188 loc62 loc125 loc98 loc161 loc44 loc179 loc17 loc179 loc71 loc143 loc53 loc107 loc35 loc107 loc26 loc169 loc106 loc7 loc124 loc61 loc124 loc70 loc142 loc97 loc178 loc16 loc133 loc78 loc105 loc168 loc141 loc105 loc195 loc96 loc132 loc24 loc177 loc15 loc105 loc150 loc52 loc178 loc160 loc43 loc115 loc79 loc166 loc184 loc95 loc122 loc50 loc122 loc94 loc184 loc58 loc193 loc0
91
loc1 loc1
loc164 loc2
loc3 loc3
loc157 loc4 loc21 loc67 loc85
loc5 loc5
loc6 loc6
loc7 loc7
loc143 loc8
loc9 loc9
loc190 loc10
loc110 loc11
loc12 loc12
loc193 loc13
loc14 loc14
loc15 loc15
loc16 loc16
loc17 loc17
loc18 loc18
loc19 loc19
loc20 loc20
loc22 loc22
loc23 loc23
loc24 loc24
loc115 loc25
loc26 loc26
loc117 loc27
loc28 loc28
loc29 loc29
loc30 loc30
loc31 loc31
loc32 loc32
loc123 loc33
loc79 loc34 loc79
loc35 loc35
loc36 loc36
loc37 loc37
loc38 loc38
loc39 loc39
loc148 loc40
loc41 loc41
loc150 loc42 loc69
loc43 loc43
loc44 loc44
loc45 loc45
loc46 loc46
loc47 loc47
loc189 loc48 loc57
loc49 loc49
loc50 loc50
loc195 loc51 loc60
loc52 loc52
loc53 loc53
loc54 loc54
loc55 loc55
loc131 loc56 loc83
loc58 loc58
loc176 loc59 loc68
loc61 loc61
loc62 loc62
loc63 loc63
loc109 loc64
loc65 loc65
loc66 loc66
loc70 loc70
loc71 loc71
loc72 loc72
loc73 loc73
loc74 loc74
loc75 loc75
loc76 loc76
loc77 loc77
loc78 loc78
loc161 loc80
loc81 loc81
loc172 loc82
loc84 loc84
loc188 loc86
loc87 loc87
loc178 loc88
loc179 loc89
loc90 loc90
loc91 loc91
loc92 loc92
loc93 loc93
loc94 loc94
loc95 loc95
loc96 loc96
loc97 loc97
loc98 loc98
loc99 loc99
loc100 loc100
