exothermic swordfish yogurt FPC namesake McCall Andersen McCall sacrifice extrovert Sicilian Halstead lordosis midget amateur Bernini Curtis Injun Iowa combine trill shovel decor Irvin felony exothermic
22
Andersen Andersen
Bernini Bernini Tucson
Curtis Curtis
FPC FPC
Halstead Halstead
Injun Injun
Iowa Iowa
Irvin Irvin
McCall McCall
amateur amateur
midget coarse midget
combine combine
decor decor
extrovert extrovert
felony felony
lordosis lordosis
namesake namesake
sacrifice sacrifice
shovel shovel
swordfish swordfish wafer
trill trill
yogurt yogurt
