153 20 89 49 167 93 58 99 109 29 5 192 5 53 27 145 53 77 95 161 21 184 18 63 104 109 9 143 71 190 66 16 117 135 117 181 146 75 86 13 196 76 124 126 59 152 89 114 89 31 164 67 46 144 127 160 2 187 122 189 8 189 199 191 101 100 98 147 75 33 133 72 28 74 134 150 168 11 26 172 79 108 41 137 177 35 169 149 148 140 80 39 70 39 80 195 0 60 139 138 131 73 80 140 149 193 69 118 68 197 3 23 90 40 92 83 186 52 186 19 81 119 156 50 128 96 158 143 184 21 36 120 47 58 113 34 12 129 15 170 153
90
168 168
127 127
29 29
150 150
12 12
119 119
81 81
140 140
196 196
145 145 178
126 126
118 118
2 2
58 58
15 15
26 26
13 13
124 124
86 86 4
113 113
21 21
3 3
197 197
160 160 37
68 68
70 70 180
75 182
90 90
89 89
60 112 60
101 163
16 16
11 11
98 98 88
153 153
135 135 194
156 156
52 52
8 8
47 47
138 61 138
36 188 36
137 137
40 40
41 41
93 93
172 172
129 129
120 120
49 49
147 42 147
100 56
122 122
96 96
23 23
184 184
76 7
95 95
99 99
19 19
35 35
74 74
177 177
192 192
167 167
53 53
128 128
161 161
181 136
131 131
187 187
146 146
169 169
0 0
152 152
108 108
77 77
34 34
134 134
83 83
195 195
170 170
139 43
79 79
20 20
92 171
193 179
5 5
28 28
50 50
