0 23 59 3 125 154 20 21 80 43 69 58 56 14 78 34 132 119 55 132 57 4 60 54 92 179 99 27 96 9 52 6 9 83 108 128 151 28 75 182 198 106 196 95 197 94 126 139 48 139 63 139 123 50 64 15 33 76 130 156 124 171 100 51 142 22 180 155 194 61 84 18 87 17 107 98 65 26 79 175 129 30 8 10 198 5 74 194 157 42 19 176 170 40 9 24 191 89 147 177 82 67 56 1 85 173 44 134 62 12 53 81 68 140 31 97 183 133 150 77 42 0
84
0 0 73
1 1
31 2 31
3 3
4 4
5 5 41
6 6
50 7 50
8 8
9 9
10 10 71
175 11
12 12
51 13 51
14 14
15 15
156 16
17 17
18 18
19 19
20 20
21 21 93
22 22
23 23
24 24 46
57 25 57
26 26
27 27
28 28 38
177 29
30 30
59 32 59
33 33
34 34
176 35
78 36 78
170 37
123 39
40 40
42 42
43 43
44 44
157 45
142 47
48 48
54 49 54
52 52
53 53
55 55 90
56 56
58 58
60 60
61 61
62 62
63 63
64 64 88
65 65
124 66
67 67
68 68
69 69
182 70
194 72
74 74
75 75
76 76
77 77
79 79
80 80
81 81
82 82
83 83
84 84
85 85
140 86
87 87
89 89
98 91 98
92 92
94 94
95 95
96 96
97 97
99 99
