89 139 189 91 43 71 27 48 183 112 109 11 145 149 80 127 101 169 5 172 142 104 110 59 124 168 99 180 31 64 3 136 70 179 47 190 118 161 90 147 34 82 13 148 72 146 85 39 33 137 74 25 103 133 194 73 79 36 173 86 115 94 167 38 53 32 132 77 83 111 128 199 113 100 61 114 143 102 175 122 62 160 144 0 140 49 23 24 156 51 154 60 45 66 12 68 89
79
100 100
53 96
179 179
102 178 102
101 101 78
132 132 195
86 86 56
142 197 21 188
172 172
127 127 88 4
79 79
94 94 151
3 3
190 190
122 122
33 33 121
64 18 64
51 51
113 97
169 169
99 99 44
124 124
36 36
183 183
199 199
143 125
128 128
109 109
45 135
115 29
173 173
38 81 38
114 114
59 59 75
168 37
146 146
31 107 6 31
148 148
161 16
136 136
68 69
194 194 141
11 11
149 149
5 5
104 130
83 83
27 27
25 25
47 98
189 189
12 12 187
13 13
167 41
66 191
111 111
39 39
74 193
73 73
156 156
23 23
85 85
160 160
34 65
133 133
80 80
180 155
61 61
70 192 70
112 112
72 58
140 140
32 32
48 48 9
144 144
118 118 1
147 147
49 49
82 82
