60 00 01 02 13 24 25 35 25 24 15 24 23 24 25 35 27 28 38 37 36 46 36 37 38 37 36 47 36 44 31 24 23 22 32 33 32 42 32 33 34 24 15 06 05 04 14 13 02 01 00 60 62 70 67 69 70 71 70 62 60 00 10 20 10 00 60 62 54 55 51 50 53 54 63 72 84 86 87 88 84 72 63 65 63 90 99 94 98 96 98 97 92 91 90 63 72 73 85 74 75 76 81 76 77 78 83 78 79 63 90 63 79 78 77 76 75 74 73 72 63 54 53 56 58 61 58 56 53 51 60
27
06 06
25 26
31 31
37 37
38 48
50 50
53 53
54 54 59
56 56 66
60 60
63 64
65 65
67 67
71 68
69 69
78 78
79 79
76 80
81 81
83 83
85 85
86 86
88 88
87 89
91 91
96 96
97 97
