149 060 062 070 071 070 067 069 070 062 060 149 000 001 002 013 014 013 002 013 024 025 035 027 028 038 037 036 046 036 037 036 044 031 024 025 026 025 035 025 024 013 002 001 000 149 100 105 109 105 100 107 116 117 126 122 121 124 121 125 121 116 107 100 149 000 149 100 101 102 101 100 149 060 062 054 053 054 053 050 053 054 063 090 099 096 097 092 091 090 063 072 084 088 087 086 074 075 076 077 078 077 082 077 078 079 063 054 053 056 053 054 062 060 149
30
024 006
026 026
031 031
037 037
038 048
050 050
053 053
054 054 059
056 056 066
060 060
063 064 065
067 067
071 068
069 069
078 078 083
079 079
076 080 081
074 085
086 086
088 088
087 089
091 091
096 096
097 097
102 103 104
109 111
117 115
124 123
126 126
125 142
