start loc29 home102 loc29 home101 loc29 home103 loc29 home100 home189 home100 loc29 loc56 loc85 loc86 loc87 loc86 loc85 loc56 loc85 home106 loc85 home105 loc85 home107 loc85 loc86 loc87 loc88 loc89 loc90 loc91 loc92 loc93 loc94 loc95 loc96 loc97 loc98 loc99 loc68 loc41 loc12 loc13 loc14 loc15 loc16 loc15 loc14 loc50 loc22 loc23 loc24 loc25 loc26 loc27 loc28 loc55 loc84 loc83 loc82 loc83 loc54 loc24 loc50 loc20 loc19 loc18 loc17 loc16 loc15 loc44 loc45 loc72 loc73 loc74 home128 loc74 loc73 loc72 loc45 loc44 loc15 loc14 loc13 loc12 loc11 loc10 loc9 loc8 loc7 loc6 loc5 loc4 loc3 home179 loc3 loc32 loc3 loc4 loc33 loc4 loc5 loc34 loc61 loc62 loc35 loc6 loc5 loc4 loc33 loc60 loc33 loc4 loc3 loc2 loc1 start home186 start
19
home100 home100 home188 home190 home191
home101 home101 home192 home193
home102 home102 home194 home195
home103 home103 home196
loc85 home104 home108 home109 home110 home111 home112
home105 home105 home197
home106 home106 home198
home107 home107 home199
loc94 home113 home114 home115 home116 home117 home118 home119 home120 home121 home122 home123
loc74 home124 home125 home126 home127 home129 home130 home131 home132 home133 home134
home128 home128
loc55 home135 home136 home137 home138 home139 home140 home141 home142 home143 home144
loc20 home145 home146 home147 home148 home149 home150 home151 home152 home153 home154 home155
loc11 home156 home157 home158 home159 home160 home161 home162 home163 home164 home165
loc3 home166 home167 home168 home169 home170 home171 home172 home173 home174 home175 home176 home177 home178
home179 home179
start home180 home181 home182 home183 home184 home185 home187
home186 home186
home189 home189
