FortCollins Arlington Akron FortSmith Amarillo Kissimmee FortWaltonBeach FortSmith Leominster Arvada Erie Athens Cincinnati GulfportBiloxi Harlingen Knoxville Harlingen Elkhart Champaign ElkGrove Harrisburg ElkGrove Louisville Lubbock ChulaVista ColoradoSprings Layton Bloomington Layton Denver LasVegas Kennewick Anaheim Independence Henderson Manchester BoiseCity HuntingtonBeach Corona Brighton Irving Lacey Detroit Allentown Bremerton Bellevue Bremerton Denton Bremerton Concord Clearwater Evansville Concord Lorain Albany Lorain Clarksville Dallas LosAngeles Jefferson Marysville BatonRouge Cambridge HavredeGrace Burbank Honolulu Fitchburg LittleRock Greensboro Huntington Escondido Durham DalyCity Houston Fresno Houston Beaumont Jacksonville Charlotte Chattanooga Davenport DaytonaBeach LakeCharles Fargo Charleston Baltimore Hartford Boston GreenBay Boston Fullerton KansasCity Canton KansasCity Laredo Boise CollegeStation GardenGrove Laredo Frederick Lafayette Hampton Berkeley FortWorth Dayton Kenosha Barnstable Aberdeen Marysville Jefferson Appleton Brownsville Fayetteville Brownsville FortWayne Joliet Fairfield Lancaster Bryan Garland Indianapolis Hickory Inglewood Arvada Elizabeth Akron FortCollins
80
Aberdeen Aberdeen
Greensboro Abilene
Akron Akron
Davenport Albuquerque
Amarillo Alexandria Amarillo
Allentown Allentown
Anaheim Anaheim
Lancaster Anchorage Lancaster
Charleston AnnArbor BonitaSprings
Corona AppleValley
Appleton Appleton
Arvada Arvada
Manchester Atlanta Manchester
Dayton Augusta
LasVegas Austin Cleveland
Cincinnati Bakersfield
Baltimore Baltimore
Barnstable Barnstable
Beaumont Beaumont Bethlehem
Bellevue Bellevue Lakeland
Berkeley Berkeley ElMonte
Boise Boise
BoiseCity BoiseCity Eugene
Clarksville Bradenton
Bremerton Bremerton
Brighton Brighton
Brownsville Brownsville
Burbank Burbank
KansasCity CapeCoral
Frederick Carrollton Frederick
Irving Cary Irving
Bryan CedarRapids
Champaign Champaign
Boston Chandler
Clearwater Chicago
CollegeStation CollegeStation ElPaso
ColoradoSprings ColoradoSprings
Dallas Dallas
DalyCity DalyCity
Evansville Danbury Evansville
Canton DavidsonCounty
Denver Denver
GreenBay DesMoines
Detroit Detroit
Elizabeth Elizabeth
Elkhart Elkhart
Erie Erie
Fairfield Fairfield
Fargo Fargo
Fayetteville Fayetteville
Harrisburg Fontana Harrisburg
FortCollins FortCollins Hollywood
FortWaltonBeach FortWaltonBeach
GulfportBiloxi Fremont
Fresno Fresno Kalamazoo
Garland Garland GrandRapids
Kenosha Gilbert
Denton Grayslake
Hampton Hampton
Harlingen Harlingen
Knoxville Hemet Knoxville
Henderson Henderson
Hickory Hickory
Houston Houston
Independence Independence
Indianapolis Indianapolis
Inglewood Inglewood
ElkGrove Irvine
Jacksonville Jacksonville
Jefferson Jefferson
Joliet Joliet LasCruces
Kennewick Kennewick
Lacey Lacey
Lafayette Lafayette Lakewood
Layton Layton
Leominster Leominster
LittleRock LittleRock
Lorain Lorain
Louisville Louisville
Lubbock Lubbock
