152 27 79 75 183 9 183 50 184 179 64 166 81 166 64 0 154 78 154 51 130 180 16 66 68 171 110 139 101 37 49 46 39 136 108 8 187 14 7 184 95 0 142 36 87 171 66 108 89 60 89 10 134 169 140 76 13 38 6 144 65 121 155 62 0 179 119 15 147 84 113 5 182 5 4 161 56 84 147 15 91 150 149 24 143 24 173 94 173 41 26 133 116 102 82 69 41 73 168 111 31 112 115 59 115 129 22 178 106 157 160 45 61 85 175 160 45 156 1 80 186 176 62 152
63
31 31
142 142 28
27 97 27
116 116
89 89
140 105
79 79
169 169
157 157
78 170 78
45 45
112 112
56 56
134 134
51 172 51
37 37
9 9
175 175
91 163
41 41
95 35 95
171 171
111 111
139 139
10 165
143 143 151
73 73 92
81 81
186 12
1 58
50 50 153
87 87
166 166
85 85 96
149 149
5 5
130 130
182 182
121 121
168 168
60 60
183 183
133 90
65 65
62 145
69 126
113 113
13 13 42
94 94
136 136
184 184
180 180
144 144
59 53
102 181
154 2
101 101
115 54
8 8
0 0
38 38
75 75
66 66
