0 161 160 161 18 147 80 145 193 194 146 7 108 31 106 167 168 107 31 108 7 146 80 24 20 184 131 95 132 95 56 97 125 180 179 124 97 126 38 183 130 95 130 12 178 177 47 187 136 85 136 187 188 137 85 67 12 43 100 49 97 77 127 181 182 128 77 127 181 41 66 91 133 185 33 186 33 185 33 114 35 112 113 35 114 33 185 133 91 135 91 66 79 41 159 92 65 30 104 59 104 30 189 139 96 140 96 141 15 164 101 43 100 46 148 88 2 123 94 121 94 123 2 176 119 50 118 23 196 2 164 2 17 110 109 21 115 25 117 25 115 25 116 25 115 21 109 169 109 21 12 178 177 14 93 154 21 109 110 170 169 36 150 88 2 192 191 142 143 60 96 139 189 30 104 103 165 166 30 157 92 0 162 0
86
100 100 163
101 101
43 102
103 103
104 104
59 105
106 106
107 107
108 108
109 109
110 110
17 111
112 112 171
113 113 172
114 114
115 115 173
116 116 174
117 117
118 118 175
119 119
50 120
121 121
94 122
123 123
124 124
125 125
126 126
127 127
128 128
77 129
130 130
131 131
132 132
133 133
91 134
135 135
136 136
137 137
85 138
139 139
140 140 190
141 141
142 142
143 143
60 144
145 145
146 146
147 147
148 148 195
196 149 196
150 150
7 151 152 153 198
154 154
93 155 156
157 157
92 158
159 159
160 160
161 161
162 162
164 164
165 165
166 166
167 167
168 168
169 169
170 170
176 176
177 177
178 178
179 179
180 180
181 181
182 182
183 183
184 184
185 185
186 186
187 187
188 188
189 189
191 191
192 192
193 193
194 194
33 197
