0 1 4 9 19 40 82 166 82 40 19 39 80 161 80 39 79 160 79 39 80 162 80 39 19 9 4 1 0 2 6 14 30 61 123 61 30 62 126 62 30 61 124 61 30 14 29 60 122 60 29 14 6 2 5 12 25 52 105 52 106 52 25 12 5 11 23 47 95 192 95 47 96 194 96 193 96 47 23 11 5 12 25 51 103 51 25 12 5 11 24 49 99 49 24 11 5 12 25 51 104 51 25 12 26 54 110 54 109 54 26 12 5 11 24 49 99 199 99 49 24 11 23 48 98 48 23 11 24 50 24 11 5 12 26 53 108 53 26 12 5 11 24 11 5 12 25 51 25 52 25 12 5 11 23 48 97 195 97 196 97 48 23 11 5 2 6 14 29 59 120 59 29 14 6 13 27 56 113 56 27 13 28 57 28 13 27 13 28 58 118 58 117 58 28 13 27 55 112 55 27 56 114 56 27 13 6 14 29 59 29 60 121 60 29 14 30 62 30 61 30 14 6 2 0 1 3 8 18 38 78 38 18 37 75 151 75 152 75 37 76 153 76 37 18 8 17 35 71 143 71 35 72 146 72 35 71 144 71 35 72 35 71 35 17 36 17 36 74 150 74 36 73 148 73 147 73 36 17 8 3 7 16 33 68 33 67 135 67 136 67 33 68 138 68 33 16 7 3 8 18 38 77 38 78 157 78 38 18 8 3 1 4 9 20 41 84 169 84 41 20 42 85 171 85 42 86 42 20 9 4 10 22 46 93 46 94 190 94 189 94 46 22 45 91 45 22 10 4 10 21 43 88 177 88 43 88 43 21 10 4 9 4 1 3 7 15 31 64 129 64 31 15 7 3 1 3 7 15 32 66 134 66 32 65 32 15 31 15 7 16 34 70 141 70 142 70 34 69 140 69 34 16 7 15 31 64 31 63 128 63 31 64 130 64 31 15 32 65 131 65 32 15 7 3 1 4 10 21 44 89 44 21 43 87 43 21 44 90 181 90 44 21 10 22 45 92 186 92 185 92 45 22 45 91 183 91 45 22 10 4 9 19 40 81 40 81 164 81 40 19 9 20 42 86 173 86 42 20 42 86 174 86 42 20 41 84 41 83 168 83 167 83 41 20 9 4 1 0 2 0
93
49 100
50 101 102
103 103
104 104
105 105
106 106
53 107
108 108
109 109
110 110
55 111
112 112
113 113
114 114
57 115 116
117 117
118 118
59 119
120 120
121 121
122 122
123 123
124 124
62 125
126 126
63 127
128 128
129 129
130 130
131 131
65 132
66 133
134 134
135 135
136 136
68 137
138 138
69 139
140 140
141 141
142 142
143 143
144 144
72 145
146 146
147 147
148 148
74 149
150 150
151 151
152 152
153 153
76 154
77 155 156
157 157
78 158
79 159
160 160
161 161
162 162
81 163
164 164
82 165
166 166
167 167
168 168
169 169
84 170
171 171
85 172
173 173
174 174
87 175 176
177 177
88 178
89 179 180
181 181
90 182
183 183
91 184
185 185
186 186
93 187 188
189 189
190 190
95 191
192 192
193 193
194 194
195 195
196 196
98 197 198
199 199
