COM COL IDN SHN CHN COD GNQ PAK HUN JPN LBN IDN RUS SGP QAT ALB AND ARE POL PNG PLW NIU CZE DEU CXR MWI MYS ATA MYS IRN IRQ ISL IOT IRN NIU PRT CRI MLT CRI KGZ LAO LUX RWA DMA DJI MUS SGS SLB ROU HRV HMD MMR NPL PRY GLP MDA HKG GUM HTI BWA NLD PRY BIH BFA BIH BOL BES BLZ BEN BLM BHR BDI AZE BIH BHS BRB BHS BIH PRY MOZ PRY PLW NIU PRK HKG KOR IDN SJM IDN MDG NCL EST GIB ESP GGY FRA ESH ECU FRO GGY GBR FLK GBR GEO ERI GEO GHA GIB EST SAU SJM SLE HUN LVA HKG KAZ HKG MDA GLP REU SDN MEX MLI CPV LIE LTU LSO KNA CRI CAF BVT CHE KNA LSO LTU LIE CPV MHL CPV COK HND MAR HND GRC GMB NGA FSM FIN GAB ETH GIB GHA GIB ESP FSM GIN GBR GEO GAB FIN FSM NGA NFK AUS NIC ABW NER COM
85
CAF CIV NRU CAF
HTI CAN HTI
HND HND
MOZ MOZ
MWI ITA
KOR KOR
NER NER MTQ
MUS MYT
REU REU AFG
GRC GRC
LUX LUX
CXR CXR
LIE LIE
ETH EGY
MMR MMR
GNQ GNQ
GMB PAN GMB
NPL NPL
SHN SHN
FRA FRA
ESP ESP
BVT LKA
BLM BLM
COD COG COD
GIB GIB
MHL MAC
MAR MAR
SGS LBR KHM NZL SGS
MEX MEX
PRT ATG
MDA MDA
IDN IDN
AND ARM
MYS DZA
PRY PRY
SDN SDN
GBR GBR
LBN LBN
BDI BDI
DMA DMA
BHS BHS
KNA KNA
GUM GUM
RUS RUS
COL COL
NIC IRL NIC
BEN BEN
COK COK
HKG HKG
NFK NFK JEY ALA
ESH ESH
ALB ALB
HRV HRV
AZE AZE
HMD HMD
PNG PNG
MLI MLI
PAK PAK
LAO LAO
GIN GIN
GEO GEO
KAZ KAZ
DEU CYP DEU
FSM FSM
POL POL
CHN CHN
LTU KWT LTU
FIN FIN
CPV CPV
IRN IRN
HUN HUN
DJI DJI
AUS AUS
ARE ARE
MLT PSE
ABW ABW
NIU NIU
BHR BHR
ECU ECU
IOT IOT
GAB GAB
JPN JPN
BOL BMU
RWA RWA
GHA GHA
