Wurster Visitor Simon Recreational California Hesse Salem Boston Tennessee Montgomery Parking Observatory Indianapolis Class Hilgard Barrows Blackwell Anthony Oregon Chan North Nevada Silver Frank Honolulu Pennsylvania Raleigh Juneau Idaho Vermont Simpson Stanley Optometry McLaughlin Pitzer Cory Sutardja Florida Gilman Hazardous Sather Alabama Massachusetts Maxwell Brain Moffitt Spieker Kleeberger Goldman Moses Wurster
50
Silver Silver
Boston Boston
Honolulu Honolulu
Alabama Alabama
Montgomery Montgomery
California California
Frank Frank
Hazardous Hazardous
Sutardja Sutardja
Recreational Recreational
Maxwell Maxwell
Sather Sather
Pennsylvania Pennsylvania
Visitor Visitor
Stanley Stanley
Massachusetts Massachusetts
Salem Salem
Hilgard Hilgard
Wurster Wurster
Vermont Vermont
Parking Parking
Optometry Optometry
Juneau Juneau
Class Class
Florida Florida
Raleigh Raleigh
Oregon Oregon
Simpson Simpson
Spieker Spieker
North North
Tennessee Tennessee
Nevada Nevada
Simon Simon
Moses Moses
McLaughlin McLaughlin
Pitzer Pitzer
Hesse Hesse
Indianapolis Indianapolis
Kleeberger Kleeberger
Chan Chan
Cory Cory
Goldman Goldman
Gilman Gilman
Blackwell Blackwell
Anthony Anthony
Moffitt Moffitt
Barrows Barrows
Brain Brain
Idaho Idaho
Observatory Observatory
