Qwilfish Tropius Scatterbug Taillow Drapion Vullaby Porygon2 Crawdaunt Woobat Escavalier Weepinbell Honedge Kakuna Treecko Seaking Nincada Comfey Magnemite Froakie Bounsweet Gengar Munna Swadloon Tauros Wailord Plusle Weezing Vespiquen Shellder Bastiodon Whismur Metapod Jumpluff Stufful Amoonguss Lotad Skorupi Skiddo Noibat Simisear Sandile Meloetta Inkay Slurpuff Metang Steenee Volcarona Magmar Shellos Drampa Qwilfish
49
Volcarona Volcarona
Meloetta Meloetta
Gengar Gengar
Whismur Whismur
Qwilfish Qwilfish
Simisear Simisear
Metapod Metapod
Woobat Woobat
Sandile Sandile
Steenee Steenee
Nincada Nincada
Swadloon Swadloon
Tauros Tauros
Drapion Drapion
Scatterbug Scatterbug
Vullaby Vullaby
Porygon2 Porygon2
Escavalier Escavalier
Vespiquen Vespiquen
Crawdaunt Crawdaunt
Seaking Seaking
Magnemite Magnemite
Magmar Magmar
Munna Munna
Skorupi Skorupi
Stufful Stufful Conkeldurr
Bastiodon Bastiodon
Noibat Noibat
Weezing Weezing
Froakie Froakie
Taillow Taillow
Metang Metang
Weepinbell Weepinbell
Drampa Drampa
Bounsweet Bounsweet
Slurpuff Slurpuff
Honedge Honedge
Plusle Plusle
Treecko Treecko
Shellder Shellder
Inkay Inkay
Lotad Lotad
Shellos Shellos
Skiddo Skiddo
Amoonguss Amoonguss
Wailord Wailord
Comfey Comfey
Jumpluff Jumpluff
Kakuna Kakuna
