Burlington Cambridge Buffalo Hayward Denver Rapids Cedar Columbus Apple Prairie Killeen McAllen Hampton Myrtle Louisville Chicago Amarillo Greenville Chattanooga Merced Davenport Honolulu Clarke Miramar Bridgeport Naperville Independence Burlington
25
Buffalo Buffalo
Denver Denver
Naperville Naperville
Amarillo Amarillo
Myrtle Myrtle
Chicago Chicago
Merced Merced
Columbus Columbus
Honolulu Honolulu
Davenport Davenport
McAllen McAllen
Killeen Killeen
Prairie Prairie
Bridgeport Bridgeport
Chattanooga Chattanooga
Rapids Rapids
Hayward Hayward
Clarke Clarke
Miramar Miramar
Cedar Cedar
Cambridge Cambridge
Louisville Louisville
Independence Independence
Hampton Hampton
Greenville Greenville
