Monroe Clarksville Huntsville Glendale Brownsville Layton Lafayette Hartford Hickory Huntington Elkhart Antioch Hagerstown Lancaster Havre Austin Aberdeen Lowell Cambridge Albany Muskegon Prairie Naples Bedford Hayward Denton Hesperia Clarke Killeen Baltimore Kenosha Burlington Daytona Anchorage Apple Fayetteville Fairfield Asheville Carrollton Mesa Hialeah Davidson Rapids Arlington Mesquite Amarillo Birmingham Melbourne Lacey Anaheim Jacksonville Ten Lakeland Mobile Leominster Canton Kissimmee Seven Laredo Akron Bradenton Kennewick Denver Monterey Four Boulder Johnson Charleston Abilene Bridgeport Bethlehem Corpus Greensboro Vista Gainesville Dallas Gilbert Modesto Hampton Viejo Boise Kailua Three Detroit Montgomery Merced Dayton Elizabeth Irving Baton Julian Cleveland Erie Athens Cary Manchester Chesapeake Miami Allentown Danbury Monroe
99
Bradenton Bradenton
Three Three
Mesquite Mesquite
Hampton Hampton
Albany Albany
Ten Ten
Burlington Burlington
Miami Miami
Kenosha Kenosha
Melbourne Melbourne
Kissimmee Kissimmee
Baton Baton
Allentown Allentown Lewisville
Fairfield Fairfield
Arlington Arlington
Four Four
Elizabeth Elizabeth
Chesapeake Chesapeake
Gainesville Gainesville
Clarke Clarke
Montgomery Montgomery
Baltimore Baltimore
Mesa Mesa
Kailua Kailua
Elkhart Elkhart
Aberdeen Aberdeen
Greensboro Greensboro
Gilbert Gilbert
Athens Athens
Akron Akron
Killeen Killeen
Amarillo Amarillo
Seven Seven
Monroe Monroe
Johnson Johnson
Naples Naples
Hagerstown Hagerstown
Havre Havre
Vista Vista
Brownsville Brownsville
Rapids Rapids
Bridgeport Bridgeport
Erie Erie
Modesto Modesto
Manchester Manchester
Hesperia Hesperia
Lowell Lowell
Lancaster Lancaster
Prairie Prairie
Daytona Daytona
Lacey Lacey
Boulder Boulder
Davidson Davidson
Dayton Dayton
Birmingham Birmingham
Hartford Hartford
Kennewick Kennewick
Huntington Huntington
Cleveland Cleveland
Irving Irving
Dallas Dallas
Julian Julian
Cary Cary
Lakeland Lakeland
Laredo Laredo
Mobile Mobile
Bethlehem Bethlehem
Apple Apple
Cambridge Cambridge
Hayward Hayward
Austin Austin
Lafayette Lafayette
Monterey Monterey
Merced Merced
Asheville Asheville
Glendale Glendale
Viejo Viejo
Denton Denton
Canton Canton
Muskegon Muskegon
Anaheim Anaheim
Boise Boise
Anchorage Anchorage
Huntsville Huntsville
Leominster Leominster
Detroit Detroit
Hialeah Hialeah
Bedford Bedford
Antioch Antioch
Charleston Charleston
Hickory Hickory
Carrollton Carrollton
Jacksonville Jacksonville
Abilene Abilene
Clarksville Clarksville
Corpus Corpus
Fayetteville Fayetteville
Layton Layton
Denver Denver
