6 11 15 13 14 13 15 10 19 16 11 6 3 0 8 6 11 24 25 27 22 20 24 28 24 30 33 32 38 39 30 24 26 20 23 27 24 30 42 45 42 55 67 73 79 72 78 73 80 84 88 82 89 80 96 90 94 98 97 95 91 96 103 100 107 102 101 105 103 96 92 99 96 80 81 80 73 67 68 62 67 55 58 55 42 40 43 48 46 41 40 44 42 55 58 54 51 59 50 53 55 67 69 67 66 64 65 64 66 67 73 80 82 80 87 86 80 73 74 77 70 73 67 55 42 30 24 11 6 1 6 199 196 198 197 194 190 192 199 189 182 184 186 180 189 172 177 173 177 172 168 165 161 167 166 168 158 150 151 158 143 141 140 147 146 143 133 136 130 137 138 132 138 137 134 139 133 124 111 110 115 114 111 113 111 112 117 111 124 128 121 128 129 123 126 124 133 130 131 133 143 146 147 144 140 142 145 143 158 159 158 168 164 169 168 172 179 176 170 171 172 189 199 6
78
8 8
0 4 0
1 1
6 7
10 10 18
15 15
19 19
14 14
23 23
20 20 21
26 26
39 39
38 36 38
30 31
46 46
41 41
40 40
48 48
50 50
53 57
51 51
59 59
62 62 63
65 65
69 69
64 60
77 77 75
78 78
79 79
74 74
87 87
88 88
80 85
81 81
97 97
90 90
98 98
95 95
105 106 105
100 109
101 101
107 107
112 112
115 118 115
113 113
114 114
121 120 125
126 126
129 129
128 128
137 137
139 139
132 132
130 130
134 134
143 148
146 146
145 145
147 149
144 144
150 153 150
159 152
151 157
167 167 163
164 164
166 166
176 176
170 170 178
177 177
179 179
182 182
184 181 187
186 186
180 185
190 191 190
194 194
198 198
196 196
