187 68 162 185 32 45 70 199 195 63 195 63 10 153 29 153 88 42 37 42 37 120 22 148 116 168 24 46 24 197 183 100 117 64 174 35 53 35 56 130 189 54 129 160 39 146 114 79 44 69 171 93 132 149 43 84 2 188 11 113 0 26 62 40 72 84 144 172 78 166 173 30 136 178 161 77 107 190 169 143 12 6 152 106 90 21 108 135 97 154 180 134 154 194 167 33 83 157 19 53 35 53 95 58 159 58 140 65 183 73 142 175 102 128 124 181 71 22 109 131 133 150 148 123 15 184 126 34 197 60 127 101 115 101 28 81 123 15 122 75 128 181 5 59 18 99 7 38 145 36 179 110 125 67 47 156 86 187
88
63 63 48
106 111 163
127 82 127
152 152
133 133
33 33
144 119 8 52
188 191
173 173
175 175
59 13 59
181 181
90 90
142 142
6 6
110 110
148 148
109 109
132 132
30 30
117 117
194 165
146 41 146
69 69
128 128
157 157
150 150
54 54 55 89
102 9
124 23 124
169 169
12 12
162 162
2 2
189 80
107 107
190 190
78 78 164
153 153
134 134
161 161
67 67
120 120
183 183
159 176
184 184
93 93
136 136
140 140
72 72
95 95
88 94
171 171
101 92
36 36 87
18 18
160 160
180 180
53 53
97 97
114 114
172 172
15 15
68 68
47 47
71 71
65 65
73 73
126 126
58 58
83 83
39 39
70 70
32 32
108 108
79 79
199 199
99 196
154 154
29 29
45 45
86 86
156 156
131 131
7 7
44 44
42 42
166 166
