location1 location178 location27 location108 location10 location116 location165 location154 location127 location169 location134 location2 location66 location103 location185 location29 location102 location43 location118 location188 location93 location158 location179 location85 location125 location195 location94 location196 location95 location70 location96 location32 location198 location33 location100 location168 location106 location151 location37 location182 location67 location55 location69 location190 location19 location24 location194 location146 location187 location139 location110 location57 location143 location17 location175 location98 location141 location105 location136 location84 location138 location157 location124 location183 location15 location25 location128 location12 location44 location53 location5 location162 location114 location23 location46 location123 location83 location80 location140 location189 location49 location16 location135 location161 location88 location112 location184 location172 location42 location126 location117 location58 location133 location31 location20 location1
78
location69 location69 location107
location29 location35
location106 location106
location16 location16
location20 location20 location56
location98 location180
location126 location97 location199
location158 location158 location28
location66 location11
location151 location177 location59
location25 location25
location43 location43
location157 location157
location182 location182 location164
location169 location169
location123 location123
location112 location82 location68 location91
location110 location110 location142
location12 location12
location105 location105
location179 location179
location19 location92 location193
location57 location57
location37 location65 location37
location138 location6
location172 location74 location172
location116 location116
location195 location195
location108 location108
location143 location143 location171 location186
location140 location140
location2 location2
location49 location49
location188 location188
location133 location133
location196 location196
location70 location150
location165 location165
location184 location159 location184 location129
location85 location85
location17 location17 location152
location102 location197
location139 location139 location75
location128 location128
location23 location149
location1 location90
location94 location130 location22 location94
location27 location27
location5 location5
location146 location146
location118 location118 location148
location100 location100
location135 location13
location136 location136
location198 location87
location93 location93
location46 location46 location40
location114 location114
location175 location175
location33 location33
location95 location95
location58 location58
location117 location181
location189 location3
location44 location44
location127 location127
location15 location111
location154 location154
location32 location32
location31 location26
location83 location30
location96 location96
location10 location10
location178 location178
location84 location109
location185 location185
location190 location190
location161 location161
