c5 e4 r7 f7 q3 f3 f5 j3 o8 m1 i8 q5 o2 g5 b0 c9 t4 l1 a8 a1 b3 k9 p9 l0 g9 c4 h1 n6 p3 h4 s4 p1 e1 g3 o4 l5 t9 t1 n2 i9 r9 i4 o0 a0 l6 d4 b1 m0 p0 j6 i6 a3 f2 t7 a9 k8 n5 i1 a7 k7 d7 l2 p8 s3 j2 a4 p6 b7 p7 m9 r0 g6 i0 f6 k1 o7 n3 h2 j7 m4 r1 m7 g1 n1 t2 k5 q6 r5 g4 t5 d2 q8 j9 e5 s9 g7 e2 g8 r6 r4 d5 j0 l4 o6 o5 b5 m3 e7 r3 t6 l8 t8 i5 n0 s8 n9 l3 h0 c7 a5 j5 s1 h6 n4 e3 q1 t0 c5
94
e4 e4
s1 s1
h1 h1
g7 g7
q1 q1
d4 d4
n3 n3
s4 s4
r9 r9
i1 i1
g8 s7 g8
o0 o0
b1 b1
f5 f5
r7 h3 r7
g9 g9
h6 h6
r1 r1
t6 t6
n6 n6
d5 d5
b7 b7
g3 g3
r4 r4
s8 d6
t7 t7
i4 i4
l6 l6
b3 b3
a0 a0
g1 g1 h5
n0 n0
l3 l3
j5 j5
o4 o4
g4 g4
h0 h0
h2 h2
q8 q8
g5 g5 e0
p0 p0
j7 j7
m0 m0
e1 e1
q5 q5
o7 o7
o5 o5
l0 l0
t5 t5
h4 h4
p3 s2
o6 o6
b0 g0
g6 g6
m4 m4
k9 c8 k9
a7 a7
l8 l8
j2 c3 j2
j3 j3
t0 t0
a8 a8
j9 q0
l4 l4
a1 a1
i8 k6
s9 s9
k8 r2
m7 m7
i0 i0
t1 t1
r0 a6
n4 n4
j6 j6
t2 t2
q3 q3
s3 s3
b5 b5
e2 e2
e5 e5
p7 p7
o2 o2
k1 k1
i5 i5
t8 t8
f6 f6
f2 f2
c4 c4
a4 a4
f3 f3
p9 p9
l1 l1
t9 t9
o8 o8
