114 184 102 170 150 174 94 174 31 124 90 162 90 3 14 141 88 97 102 78 161 119 171 127 111 22 69 165 37 115 41 5 195 196 134 177 140 44 167 96 147 32 24 179 36 192 84 169 146 38 87 12 132 54 16 183 176 132 70 43 197 198 89 59 131 42 33 48 15 120 21 181 112 105 143 109 75 182 164 117 1 35 149 62 108 51 173 175 74 29 187 135 0 10 76 25 191 133 63 18 26 47 95 53 85 199 188 98 100 81 28 91 67 49 114
91
16 16
174 174
183 183
78 78
188 188
199 199
102 102
21 21
167 167
75 75
191 191
170 170
51 51
175 175
3 103 7 4 3
150 166 150
42 42
182 182
49 49
111 111
196 196
12 12
33 33
181 148 181
24 24
26 26
146 146
197 197
63 63
70 70
10 10
164 154 164
120 66
127 127 155
0 0
37 37
15 15
195 195
173 173
112 112
169 169
105 105
133 133
131 131
171 171
1 1
28 28
149 149
187 187
98 98
117 117
18 18
67 67
47 92 47
147 147
35 35
69 69
135 135 93
74 74
100 100
84 84
96 96
95 95
108 108
115 115
76 76
91 91
43 43
161 161
81 81
31 31
14 14
62 62
109 109
114 114
41 41
176 176
89 89
36 36
177 177
124 124
53 53
119 119
5 5
32 32
87 87
134 134
59 59
38 38
94 94
29 29
