gc em gk gm fr dg u ab dy z fj ed i ge bm fl cg cx ek fa t gb n dt w eo dj ae bx ap bt ey fn bb f gl cq gj di gi d dh en dq av dl dm au ex aw cf bp cf cu bj fi h eh gg dp ea eq cy bg db br l eu l go er g cn az fy gp bh ew fb al dv fw cm bk ds et j ef ep cd am cd de ch cr cp fh df bn b cz ar v ai dn a bq fe e dd cc ci gq bu fg eg fg ga ff ce fk fq dx gn p bd o fu ev ee el bi ee dz fc ca cl cv ct ao cs cl s cj gr cw bc ah fo bl ej ad an ft fd x gh dw ax r fx ba bw ec em aa fz bw ac co r gc
98
d d
cm cm
ah ah
cs cs
gn gn
dy dy
fd fd
er er
ds ds
bj bj
eq eq
r q
fi fi
ep ep
an an
br br
j j
ci at
bt bt
fy fy
dg dg
ad ad
fn fn
bq bq
ap ap
cz cz
gg gg
az az
dq dq
gi gi
et et
dn dn
ac as ac
eh do
di di
u u
fw fw
fo fo
am am
bp bp
bi bi
cn cn
cg cg
aw aw
dp dp
ab ab
bc bc by
en en
cq cq
fr fr
ey ey
ao ao
g g
ee ee
ae ae
co co
z ck
gj gj
dx dx
ga ga
ff ff
fe fe
bx bx
gh gh
go go
df bv
em em
ft ft
e e
p p
fg y
eg es
el el
db db
dh dh
cj cj
ai ai
bl bl
fk fk
fq fq
cr cr
gq gq
dj dj
cv cv
gk gk
cl cl
fh fh
v v
a a
fa fa
cp cp
b b
bn bn
ge ge
dw dw
gm gm
bb bb
bu bu
