Liam Jordan Jack Joshua Lucas Noah Camden Bentley Jayden Bentley Harrison Adrian Elijah Nolan Miles Kingston Dean Patrick Alan Santiago Carter Elliott Caleb Elliott Carter Santiago Alan Santiago Kaleb Antonio Carter Santiago Alan Jasper Connor Nathan Kevin Weston Abel Weston Jaxson Angel Anthony Maverick Noah Brandon Kingston Dean Patrick Easton Richard Aiden Mateo Aiden Tucker Charles Mason Charles Tucker Aiden Victor Gabriel Jayce Henry Malachi Bryson Malachi Adam Malachi Henry Jayce Gabriel Victor Gabriel Jayce Matthew John Messiah Eric Samuel Eric Beau Dean Chase Aaron Amir Miguel Mateo Aiden Richard Easton Patrick Dean Kingston Luke Kingston Dean Chase Aaron Chase Greyson Eric Messiah John Bennett Landon Bennett Hayden Zion Messiah John Matthew John Messiah Zion Rhett Christian Rhett Zion Gavin Waylon Marcus Waylon Nicholas Daniel Nicholas Silas Braxton Jackson Ezra Jose Ezra Ezekiel Maddox Xander Leonardo George Leonardo Xander Maddox Xander Leonardo Xander Kai Blake Kai Justin Josiah Julian Matteo Jameson Hudson Jameson Benjamin Jameson Matteo Julian Matteo Finn Kevin Weston Abel Steven Sawyer Steven James Steven Xavier Steven Hunter Zachary Jude Zachary Hunter Zachary Tyler Zachary Jude Theodore Rowan Brody Elliot Grayson Elliot Brody David Brody Dawson Gavin Dawson Gael Dawson Declan Brayden Ayden Giovanni Abraham Kaleb Santiago Carter Elliott Jeremy Joel Dylan Lincoln Dylan Joel Jeremy Elliott Carter Santiago Kaleb Abraham Giovanni Ayden Brayden Asher Brayden Declan Dawson Alejandro Ian Alejandro Dawson Gael Emmanuel Gael Wyatt Gael Dawson Alejandro Dawson Zion Rhett Zion Dean Beau William Beau Dean Patrick Oliver Andrew Roman Avery Camden Noah Lucas Joshua Jack Jordan Liam
73
Liam Liam Evan
Noah Noah
William William
James James Isaac
Nolan Logan Nolan
Benjamin Benjamin Jaxon
Mason Mason
Elijah Elijah
Oliver Oliver
Finn Jacob
Lucas Lucas
Aaron Michael Aaron
Grayson Alexander Grayson
George Ethan
Daniel Daniel
Matthew Matthew
Aiden Aiden
Henry Henry
Jude Joseph Jace
Jackson Jackson
Samuel Samuel
Wyatt Sebastian Wyatt
David David
Carter Carter
Jayden Jayden
John John
Antonio Owen Cooper
Dylan Dylan
Luke Luke
Gabriel Gabriel Cameron
Anthony Anthony
Jack Jack
Julian Julian
Xander Levi
Kai Christopher Carson
Joshua Joshua
Andrew Andrew
Lincoln Lincoln
Mateo Mateo
Xavier Ryan Xavier
Nathan Nathan
Hunter Isaiah Thomas Hunter
Charles Charles
Caleb Caleb
Josiah Josiah
Christian Christian
Sawyer Eli
Richard Jonathan
Connor Connor
Landon Landon
Adrian Adrian
Asher Asher
Bryson Leo Bryson
Theodore Theodore
Ezekiel Jeremiah Ezekiel
Hudson Hudson
Giovanni Robert
Easton Easton
Nicholas Nicholas
Ezra Ezra
Adam Colton Adam
Angel Angel
Brayden Brayden
Jordan Jordan
Victor Dominic
Rowan Austin
Ian Ian
Kaleb Elias
Jaxson Jaxson
Greyson Greyson
Jose Jose
Maverick Maverick
Marcus Parker
