zero two three ten eleven twelve thirteen fourteen twentyone fifteen sixteen seventeen eighteen nineteen twentysix twentyfive twentyfour twentythree thirty twentynine thirtyfive thirtyfour thirtythree forty thirtynine thirtyeight thirtyseven fortyfour fortyfive fortysix fortyseven fortyeight fortynine fortythree fortyfour fiftyone fiftyeight fiftynine sixty sixtyone sixtytwo sixtythree fiftyseven sixtythree seventy sixtyfour seventyone seventyseven eightyfour seventyeight seventynine eightysix eightyseven eightyeight eightynine eightytwo eightythree eightytwo seventyfive seventyfour seventythree seventytwo sixtyfive sixtysix sixtyseven sixtyeight sixtynine sixtytwo fiftyfive fiftysix fifty fiftyone fiftytwo fortyfive thirtyeight thirtyseven thirtysix fortytwo fortyone thirtyfour twentyseven twenty thirteen six five four zero
48
two two
three three
four four
five five
six six
ten ten
twelve twelve
fourteen fourteen
fifteen fifteen
twenty twenty
twentythree twentytwo
twentyfour twentyfour
twentyfive twentyfive
twentynine twentynine
thirty thirty
thirtythree thirtythree
thirtyfour thirtyfour
thirtyfive thirtyfive
thirtysix thirtysix
thirtyseven thirtyseven
thirtynine thirtynine
fortyfour fortyfour
fortyfive fortyfive
fortyseven fortyseven
fortyeight fortyeight
fifty fifty
fiftyone fiftyone
fiftytwo fiftythree
fiftyfive fiftyfive
fiftyseven fiftyseven
sixty sixty
sixtyone sixtyone
sixtytwo sixtytwo
sixtyfive sixtyfive
sixtysix sixtysix
sixtyseven sixtyseven
sixtyeight sixtyeight
seventy seventy
seventyone seventyone
seventyfive seventyfive
seventyseven seventyseven
seventyeight seventyeight
seventynine seventynine
eightytwo eightyone eightytwo
eightyfour eightyfour
eightyseven eightyseven
eightyeight eightyeight ninetyfive
eightynine eightynine
