zero five six seven fourteen thirteen twelve eleven ten nine sixteen fifteen twentyone twenty nineteen eighteen twentyfive thirtytwo thirtythree thirtyfour thirtyfive fortytwo fortynine fortyeight fortyseven fortysix fortyfive thirtyeight thirtynine thirtyeight thirtyone twentyfour seventeen ten three zero
24
three three
five five
six six
seven seven
nine nine
eleven eleven
twelve twelve
thirteen thirteen
fourteen fourteen
fifteen fifteen
sixteen sixteen
eighteen eighteen
nineteen nineteen
twenty twenty
twentyfive twentyfive
thirtyone thirtyone
thirtytwo thirtytwo
thirtyfour thirtyfour
thirtyfive thirtyfive
thirtyeight thirtyseven thirtyeight
thirtynine forty
fortytwo fortytwo
fortyfive fortyfive
fortysix fortysix
