188645 C0766C 07D80A 143B88 567883 36D08C 6D778A D27DC1 EC05F7 103C70 500783 35FF16 A5CCB5 DBDC9A A7E9D9 0D7DE7 657F93 B7B073 EF4D57 3AA8C5 3B1041 7E5598 0FBCDC 7E5598 C0766C CEAE00 724A76 29B2A4 70146D DF9F85 ACB11D FF8D45 784F83 7BF2B5 37F745 8D0852 B86446 31D332 35F60D AA8E14 35F60D 61EDA9 3ADA02 61EDA9 35F60D 2C101C CB09C0 D7CAF9 D443EB 0801CC 19FFAB 4B39CA 825884 1276AF B3243F 628AB2 D04F40 9B9BDD 2F1AB5 FA567E 0FB66D 188645
44
103C70 84EBFF
EC05F7 FD1783 539A92
19FFAB 19FFAB
29B2A4 29B2A4
DBDC9A DBDC9A 94D700 994F93
500783 500783
0D7DE7 467AB7 E954F7
188645 188645
CB09C0 CB09C0
AA8E14 AA8E14
B86446 4FBDE1
D7CAF9 D7CAF9
825884 48C2D5
A7E9D9 A7E9D9
31D332 DD2694
ACB11D D01E6B
35FF16 800641
567883 C98FE7
784F83 784F83
0FBCDC 0A5C0E 0FBCDC
9B9BDD 9B9BDD
0801CC 9B0EC2
07D80A 07D80A
724A76 724A76
6D778A 6D778A
FA567E B833F0
B7B073 B7B073
D04F40 D04F40
3B1041 3B1041
8D0852 8D0852
61EDA9 E09D29
0FB66D 0FB66D
2C101C 2C101C
3ADA02 D5356A 3ADA02
D443EB D443EB
7E5598 AFF8D1
628AB2 628AB2
1276AF 1276AF
FF8D45 FF8D45
A5CCB5 A5CCB5
EF4D57 EF4D57
70146D 7E18E9
143B88 44716B
37F745 37F745
