S AI T R CS H CK AC CC AB W BK X AY Z J Y BR AE CT AU I AZ D CF P AF E BP L CV A AT O U V BF G BL AN BD AW AP M CM F CD N AR K CL CB CA B AX C BG Q S
58
A A
B B
C C BV CR
D D AM
E E
F F
G G
H H
I I
J J AQ AS BS BW
K K
L L
M M
N N
O O
P P
Q Q AA AG AK AO BA BB BC BH BI BJ BM BQ BT BX CE CJ CN CP CQ
R R
S S
T T
U U
V V
W W
X X
Y Y
Z Z
AB AB
AC AC
AN AD AH AJ AL AN AV BE BN BO BU BY CH CI CO CW
AE AE
AF AF
AI AI
AP AP
AR AR
AT AT
AU AU
AW AW BZ CU
AX AX
AY AY
AZ AZ
BD BD
BF BF
BG BG
BK BK
BL BL
BP BP
BR BR
CA CA
CB CB
CC CC
CD CD
CF CF
CK CK
CL CL
CM CM
CS CS
CT CT
CV CV
