a1 a2 a3 a4 a8 a9 a13 a12 a16 a17 a18 a19 a20 a21 a22 a118 a117 a116 a117 a118 a70 a182 a102 a54 a86 a85 a81 a82 a83 a84 a85 a86 a54 a53 a52 a51 a50 a49 a48 a44 a45 a46 a45 a41 a40 a36 a35 a34 a33 a32 a28 a29 a25 a26 a27 a11 a187 a59 a171 a155 a156 a157 a158 a159 a160 a161 a162 a163 a164 a165 a161 a165 a166 a134 a133 a132 a131 a132 a136 a137 a141 a140 a139 a27 a123 a91 a75 a43 a107 a108 a107 a59 a60 a64 a65 a66 a67 a68 a69 a70 a38 a150 a166 a86 a134 a6 a5 a1
67
a1 a1
a3 a3
a4 a4
a6 a6
a9 a9
a11 a11
a12 a12
a13 a14
a17 a17
a19 a19
a20 a20
a22 a22
a25 a25
a27 a27
a28 a28
a29 a30
a33 a33
a35 a35
a36 a36
a38 a38
a41 a41
a43 a43
a44 a44
a46 a46
a49 a49
a51 a51
a52 a52 a57
a54 a54
a59 a59
a60 a60 a62
a65 a65
a67 a67
a68 a68 a73
a70 a70
a75 a75 a76 a78
a81 a81
a83 a83
a84 a84 a89
a86 a86
a91 a91 a92 a94
a102 a97 a99 a100 a102
a107 a105 a107
a108 a108 a110
a117 a113
a116 a115 a116 a121
a118 a118
a123 a123 a124 a126
a133 a129
a131 a131
a132 a132
a134 a134
a137 a137
a139 a139
a140 a140 a145
a141 a142
a150 a147 a148 a150
a157 a153
a155 a155
a156 a156
a158 a158
a161 a161
a163 a163
a164 a164 a169
a166 a166
a171 a171 a172 a174
a182 a177 a179 a180 a182
a187 a185 a187 a188 a190
