Bowles Calvin Etcheverry Sather Etcheverry Smokes Etcheverry Calvin Bowles Birge Bechtel Minor Memorial Stern Memorial Maxwell Memorial McDonalds Memorial Minor Stephens Minor Bechtel Birge Bechtel Cory Jacob Hertz CVStarr Unit3 CKerr Ridge CKerr Unit3 CVStarr Hillel CVStarr Hertz Jacob Cory Stanley LeConte VLSB Chez NorthGate Chez VLSB Boalt Kresge Gregoire Kresge Boalt VLSB LeConte RSF LeConte VLSB LeConte Campanile Bongo Campanile Wurster McCone Spats Stonefire PiLambda Stonefire Spats McCone Wurster Campanile LeConte Stanley Campbell Doe Campbell MemorialStadium Hargrove Tan Hoyt Claremont Hoyt PhiKappaTau UCha Strada RoseGarden Strada UCha Strada Baker Daiso Baker Strada UCha PhiKappaTau Hoyt Tan Warren Safeway Warren Tan Hargrove MemorialStadium Campbell Stanley LeConte Stanley Cory Bechtel Cory Stanley Moses Greek Cinnaholic Greek Unit2 Milano CREAM EZStop CREAM Milano IndianRock FallRush IndianRock Milano Unit2 Wolf Unit2 Milano CREAM Milano Unit2 Greek Moses Wellman Moses RareTea Moses Stanley Cory Jacob TopDog Fenwick Barker SigmaChi Barker Fenwick TopDog Jacob Foothill Haviland Morgan LKShing Morgan Haviland IHouse Haviland Foothill Cheit Foothill Unit1 Foothill Dwinelle HearstAnnex Pappys HearstAnnex Dwinelle Haas Crossroads Haas Dwinelle Foothill Davis Hildebrand YogurtPark Hildebrand Davis Browns Davis Foothill Haviland Morgan Martinez Morgan LKShing Ippuku LKShing Morgan Haviland Foothill Jacob Hearst MLK Latimer MLK Hearst Jacob TopDog Kidd TopDog Jacob Evan Moffitt Faculty Moffitt Cloyne Moffitt Evan Blackwell McLaughlin GenPlantBio McLaughlin Blackwell Evan Moffitt Evan Jacob Hearst MLK Latimer Mulford Latimer Edwards Latimer South Pimentel Stacks Pimentel South Latimer Bechtel Cory Jacob Foothill Dwinelle Haas Crossroads sweetgreen Crossroads Haas Subway Haas Crossroads Euclid Crossroads Lawrence UCTheatre NCEM UCTheatre Lawrence UCTheatre Lawrence Crossroads sweetgreen BigC sweetgreen Crossroads Haas Dwinelle Foothill Jacob TopDog Starbucks DYar Starbucks Chipotle Starbucks TopDog Jacob Cory Bechtel Birge Bowles Calvin Bowles
60
Evan Evan
Foothill Foothill
Campbell Campbell Koshland
Doe Doe
Birge Birge
Campanile Campanile
Moses Moses
VLSB VLSB
Wellman Wellman Sutardja
Mulford Mulford Crescent
HearstAnnex HearstAnnex Lothlorien
RSF RSF
Haas Haas Pavilion
Boalt Boalt
Wurster Wurster Zellerbach
Unit1 Unit1
Blackwell Blackwell
Greek Greek
Maxwell Maxwell Barrows
Calvin Calvin Graduate
Etcheverry Etcheverry
Kresge Kresge PeoplesPark Castro
Hildebrand Hildebrand
Morgan Morgan
Baker Baker Simons
Unit2 Unit2
Unit3 Unit3
CKerr CKerr WayWest
Martinez Martinez
Stacks Stacks Sherman
Bowles LaVals
Bongo Bongo ShengKee Cheeseboard
Memorial TacoBell AlphaSigmaPhi
Strada Strada
Edwards Edwards Easterly
Crossroads Crossroads
Browns Browns
Safeway Safeway
RareTea Gypsys
Daiso Daiso
YogurtPark YogurtPark
MLK Rochdale
Cloyne Cloyne
Ridge Ridge
Bechtel Wilde
Wolf Wolf StrawberryCreek
Spats Spats
Chipotle Chipotle MFoundry
IndianRock IndianRock
NorthGate NorthGate
Cory Extension
UCTheatre UCTheatre
RoseGarden RoseGarden
GenPlantBio GenPlantBio
Barker Barker
Hargrove BearFoodCourt
TopDog GammaPhiBeta
PiLambda PiLambda PiAlphaPhi
NCEM NCEM
LeConte ALS
