Wheeler Doe Campanile LeConte Campbell Haviland Memorial McLaughlin South Stephens HearstAnnex Anthony Pimentel Morgan CVStarr Soda Sather Soda Etcheverry Latimer Evans Morrison Greek Cory Jacobs Cory Greek Lewis Kroeber Hertz Morrison Evans Latimer Etcheverry VLSB Moffitt CVStarr Morgan Pimentel Cheit Normandy Kresge Davis Hearst Cafe3 Cloyne WayWest Ippuku Metropolitan FallRush Bongo BigC Pavilion Simons Koja Simons Pavilion BigC McCone Baker CZ Baker FSM Faculty Haas Minor Maxwell MemorialStadium Calvin MemorialStadium Maxwell Minor Haas Stonefire Koshland Haviland Memorial Haviland Campbell LeConte Campanile Doe Wheeler
29
Sather Martinez Barker Unit3 OCF
Hearst Hearst
Stonefire Stonefire
Simons Unit2
Koja Legends TriDelta
Metropolitan Metropolitan
Anthony Anthony
Moffitt Moffitt
Calvin Hargrove
Wheeler Sproul Dwinelle
Campbell Birge
Jacobs Bechtel Jacobs
Kroeber Boalt Kroeber
Morrison Morrison
Haas Haas
Baker Baker
CZ Fiji
McCone CKerr
Pavilion PeoplePark
Koshland RSF
Cheit Cheit
Davis Davis
Cloyne Cloyne
WayWest Warren
Etcheverry Etcheverry
Latimer Foothill
Memorial IHouse
McLaughlin McLaughlin
Stephens Moses
