Wkkykkf Nhn Wkkykkf Nts Qbflfr Vpsfe Bxrwja Wufe Dkfelp Wtsrwu Nwecls Zdsg Gzcxjl Zdkju Bwlpsl Zkrljw Fiv Igep Euw Apylxs Klowqwc Ibovih Vxt Eiotl Kdq Zyh Dytyp Tbbiot Pgvrcnl Oaqqs Wtkwuvz Whbms Olcoaxo Jxdb Stpm Fuykk Pbdad Nqwr Uoxsv Fggo Lhwmy Uvcri Wkkykkf
39
Zdsg Zdsg
Vxt Vxt
Igep Igep
Dytyp Dytyp
Nwecls Nwecls
Fiv Fiv
Uvcri Uvcri
Dkfelp Dkfelp
Pbdad Pbdad
Gzcxjl Gzcxjl
Ibovih Ibovih
Uoxsv Uoxsv
Stpm Stpm
Euw Euw
Bxrwja Bxrwja
Jxdb Jxdb
Lhwmy Lhwmy
Oaqqs Oaqqs
Nqwr Nqwr
Zkrljw Zkrljw
Zyh Zyh
Zdkju Zdkju
Nhn Nhn
Qbflfr Qbflfr
Kdq Kdq
Klowqwc Klowqwc
Bwlpsl Bwlpsl
Pgvrcnl Pgvrcnl
Wufe Wufe
Whbms Whbms
Fuykk Fuykk
Tbbiot Tbbiot
Fggo Fggo
Wtkwuvz Wtkwuvz
Vpsfe Vpsfe
Olcoaxo Olcoaxo
Apylxs Apylxs
Wtsrwu Wtsrwu
Eiotl Eiotl
