142 121 88 121 137 48 76 24 37 172 52 134 14 54 114 80 114 54 99 141 179 27 147 27 72 87 109 87 72 27 147 58 130 175 130 65 141 99 54 14 134 52 178 195 158 195 178 52 134 14 9 136 9 176 40 116 179 141 179 116 40 13 10 13 73 165 153 139 154 191 159 45 8 31 8 163 100 1 154 94 31 8 45 173 45 8 163 170 163 8 45 8 45 159 191 154 1 100 1 154 139 153 181 18 103 6 17 6 103 18 181 153 165 73 50 73 13 10 119 81 119 10 13 73 13 40 176 9 33 9 28 103 18 181 153 23 168 23 153 139 153 181 18 103 6 128 6 128 68 152 68 128 122 64 122 128 68 152 41 103 85 89 79 75 128 68 192 150 21 157 21 59 164 97 135 171 140 171 63 131 35 131 63 171 140 129 140 126 104 126 177 16 193 95 193 60 78 186 55 105 61 105 55 186 78 86 131 63 149 63 131 35 182 35 131 63 171 140 180 140 171 135 97 102 2 19 2 102 136 47 62 107 84 29 32 67 129 140 30 139 196 139 153 181 18 103 28 9 136 47 7 47 136 9 92 70 18 103 85 187 132 187 85 103 18 146 18 181 151 93 118 38 118 190 183 0 183 190 118 38 197 12 98 12 197 38 118 93 151 181 153 23 153 139 30 140 129 67 32 29 84 107 62 47 136 102 2 19 63 131 86 78 186 55 105 55 186 78 60 193 104 126 177 126 164 59 21 150 192 68 128 75 79 75 128 6 103 18 181 153 165 153 139 30 139 145 139 153 181 18 103 28 9 33 156 112 199 112 156 56 156 198 156 33 9 136 47 136 9 92 9 14 134 52 172 37 194 125 194 37 24 76 48 137 135 97 138 113 138 49 161 101 91 3 174 4 46 148 108 160 108 148 46 4 174 3 51 166 51 3 91 181 151 144 57 144 151 93 83 188 39 115 39 132 187 85 103 18 181 153 181 91 101 161 49 138 113 42 113 138 97 135 137 66 44 66 106 111 90 143 77 143 90 111 43 110 66 137 48 137 121 142
55
150 150
144 144
31 31
129 129
158 158
90 90
33 133 33
178 178
14 14
181 181
141 141
30 30
174 174
70 70
183 183
46 46
106 106 127
21 21
186 186
159 159
60 124 60
175 34
41 41
108 108
7 7
121 121
177 177
89 89
149 22
23 23
63 63
151 151 167
157 157
76 76
145 145
195 195
3 3
197 197
115 115
48 48
35 35
38 38
55 55
140 140
16 16
77 77
64 69 64
91 91
137 137
93 93
58 58
97 97
39 39
4 4
44 44
