myBc2oGXtwQIbhN8LZB1 vy2boLWO2lxg10y7uS0y gTUKyXNYZMF2asX4AtFU wy0RiFWOddqgqdcatQ9A 9OL9rFCWxsvkui0BnJrR 69TQpRojisYUrVnWqBaA q1ntlEPy5TkjTDK1N7QA fbJ1XhavEsRSCGVVB1U1 olDP1pNg8HxpvCq8TOIJ K674cUKePzN7aRSq4iqU o53aRQwjhcCKlIFPSjvf o2dWBGyrvosFrr6mKxkG SUNxIlWVwIvWYg6OTKeH cTQsPiFc1uh1wyO5LVD6 G6CUgOl4p73Rgc0T3f94 m1eNgjuhkxodElFqqgdb EY74ASuADSlYlDTJLkL6 uNXUIWejT1w4vLTe7QBt VThEkwdtHmaZ1zsmfh4s 0XkHA8PrhAZdfyodPJuj QE7OzkjvlSSywyVvAzrw MrSQPZSbMdgYshneAfKf GvRFaXYJvrU5PAeeG88T lYkJhGqsFKbDklNelAfr C4VxHS7oWghMg001nCqT qz4O4bOhKA0YZxpN4mu9 saIZq3FqZhdVPNoQWmqU ki0pv73E3TweydEr2xMN o9aZyqilfPONdyLlpTRX UMmbOoOKP6EkLMuN70H3 RpB10dFWsUl9DC779n8X KtbSULrz2h1IxsKP2DHz RBvtNZMBTgecfVkYzQF0 w5Yg5o0VnYd77fs4XPRL j2d1svPUTAqQIDPXwffl lRM59z2yUMoVl3kzgo9u bVCSBWLjvEmxQEUvDzc4 X0l14s0sRXjXSeLRZLOJ zWpsWJk9vbOt0JkC0vhz TN93ZjZBMIgkJh9ck6Ha riaaYbNfyU7H6Pgj8ox2 e3j3O8zLHFaoF4L54lX4 oTKjE2BVS0AvV4XvUeLk yAYyOcL4ZKdEiLdSPQJm 6yzFaM9N8M8BsjLACDds fpPjeU3Q7Ml0oxbNnONE 6X2CNJieZ0I5rs3Wfu65 jHmvxfAZsjs2mCnHbbFf FMx2ghinkTg3bXUUbaTx 1ZOzWuPMAgV9noIUn6fI nmetx4LmU9YBYTmghDrT myBc2oGXtwQIbhN8LZB1
45
GvRFaXYJvrU5PAeeG88T GvRFaXYJvrU5PAeeG88T
RBvtNZMBTgecfVkYzQF0 RBvtNZMBTgecfVkYzQF0
riaaYbNfyU7H6Pgj8ox2 5f6BSghRQWi4UfjviKjn
bVCSBWLjvEmxQEUvDzc4 bVCSBWLjvEmxQEUvDzc4
m1eNgjuhkxodElFqqgdb m1eNgjuhkxodElFqqgdb ZhHxBzOYsJAOHrqq4mZM
X0l14s0sRXjXSeLRZLOJ 1GbSD7rTlpNb4qV46SKR X0l14s0sRXjXSeLRZLOJ
qz4O4bOhKA0YZxpN4mu9 qz4O4bOhKA0YZxpN4mu9
o53aRQwjhcCKlIFPSjvf o53aRQwjhcCKlIFPSjvf
vy2boLWO2lxg10y7uS0y vy2boLWO2lxg10y7uS0y
FMx2ghinkTg3bXUUbaTx FMx2ghinkTg3bXUUbaTx
fpPjeU3Q7Ml0oxbNnONE fpPjeU3Q7Ml0oxbNnONE
9OL9rFCWxsvkui0BnJrR 9OL9rFCWxsvkui0BnJrR
RpB10dFWsUl9DC779n8X RpB10dFWsUl9DC779n8X
zWpsWJk9vbOt0JkC0vhz zWpsWJk9vbOt0JkC0vhz
C4VxHS7oWghMg001nCqT C4VxHS7oWghMg001nCqT
uNXUIWejT1w4vLTe7QBt uNXUIWejT1w4vLTe7QBt
e3j3O8zLHFaoF4L54lX4 e3j3O8zLHFaoF4L54lX4
nmetx4LmU9YBYTmghDrT nmetx4LmU9YBYTmghDrT
69TQpRojisYUrVnWqBaA 69TQpRojisYUrVnWqBaA
VThEkwdtHmaZ1zsmfh4s LJTA7Za5kd0YC7vjiAyc VThEkwdtHmaZ1zsmfh4s
j2d1svPUTAqQIDPXwffl j2d1svPUTAqQIDPXwffl
TN93ZjZBMIgkJh9ck6Ha jy3jNWgqegakpFSv6gUm
o2dWBGyrvosFrr6mKxkG o2dWBGyrvosFrr6mKxkG
q1ntlEPy5TkjTDK1N7QA q1ntlEPy5TkjTDK1N7QA
oTKjE2BVS0AvV4XvUeLk oTKjE2BVS0AvV4XvUeLk
UMmbOoOKP6EkLMuN70H3 UMmbOoOKP6EkLMuN70H3
SUNxIlWVwIvWYg6OTKeH SUNxIlWVwIvWYg6OTKeH
K674cUKePzN7aRSq4iqU K674cUKePzN7aRSq4iqU jjCSZnB5168QDqTrFROq
EY74ASuADSlYlDTJLkL6 EY74ASuADSlYlDTJLkL6
KtbSULrz2h1IxsKP2DHz KtbSULrz2h1IxsKP2DHz
6X2CNJieZ0I5rs3Wfu65 6X2CNJieZ0I5rs3Wfu65
lYkJhGqsFKbDklNelAfr lYkJhGqsFKbDklNelAfr
w5Yg5o0VnYd77fs4XPRL w5Yg5o0VnYd77fs4XPRL
ki0pv73E3TweydEr2xMN ki0pv73E3TweydEr2xMN
o9aZyqilfPONdyLlpTRX o9aZyqilfPONdyLlpTRX
MrSQPZSbMdgYshneAfKf MrSQPZSbMdgYshneAfKf
olDP1pNg8HxpvCq8TOIJ olDP1pNg8HxpvCq8TOIJ
jHmvxfAZsjs2mCnHbbFf jHmvxfAZsjs2mCnHbbFf 4jo8IXw984NR3wvT2Dr9
lRM59z2yUMoVl3kzgo9u lRM59z2yUMoVl3kzgo9u
saIZq3FqZhdVPNoQWmqU saIZq3FqZhdVPNoQWmqU
yAYyOcL4ZKdEiLdSPQJm yAYyOcL4ZKdEiLdSPQJm
wy0RiFWOddqgqdcatQ9A wy0RiFWOddqgqdcatQ9A
6yzFaM9N8M8BsjLACDds 6yzFaM9N8M8BsjLACDds
1ZOzWuPMAgV9noIUn6fI 1ZOzWuPMAgV9noIUn6fI
fbJ1XhavEsRSCGVVB1U1 fbJ1XhavEsRSCGVVB1U1
