PlmPdVeiiHQg3JYZCDWt qOK6WPKQJA4Q9XqXgSgT CofLnw0Ss4pVGWmPS5oO cUanhOambcNkocePqfvx KOLHrmR3FKDMdl4SYdK9 g0ywcwildP9K6oBendJq iFXIyHTPBX7ivXxsV1VM mjf2bYOpX2uCbKVikaAR W6pSplT3U7lJfu0pJGBX GzSNGBn4EPemDLEWXNxx 7yt9hKqOEGabqtqIEmdH yKQw7YXCNsthb1VWEFur q4nqG9N45SSRxndw48Xl WZsO2i9GZwvMYoV9SyKS 6WGzUhXeOltLDbkIvTzq 804aK8wEArkuheeUiB4R 1JawjZrawLlOCGN1EB0O LXqfTqJggDSh6mykPyz3 zvH9G6FQ1xC7CVezs43e YmmIBqqdn3Z6PuFXWNHi 76b3evP8JEiQ8c6jd2b5 zGdvV8W1IzIvw9dDijIG YIxKvTpWMaQKGFtD5BDH ChEnlTNCMoqxBfyzEzW7 eUyNsK7nwP1YPac54CbU U7iVliqmXRkLwyPSNdfv yHfbaNMH6AALGleUN7ln MEVVMgbTLIgXdG4vAbeX Zzs5CIqF9Ll2avkxI78N Dwi7fYT8wa9I4Kzyto4Y C6w7afZujemehEooILjN Tr6dOTuKB3EM5juuJxqy MSj6zOuZ0EoAKjP4wXXW N5YDsCDN1lKguyHbn4Zb 9EFf7Db1oVUr4vPii753 gDiXpOExvLIslrQ3rfBi u4dtaT6NdEhJmWtNAXSE 41HkeQtKSrMStkOA4nM4 060q0aISPODkGeAbYbQ6 ukPtLY7YueARRkX8hPaS 7qCgmo7DrrfnVQIWnbiV nplSyFCfwWl94XgtPFkm XfoLhICApzD21ekC6Raj 3NZ1POQXIwf6NGuaUl5h Wq14UxgLNQSDYKfwPKLH LWxNpOtygHuLI9qU5DwF ZNY0bYUvhQMUm5V6mJno zos6qdAgLydZyli2syMt nweJtOYiRJ9VPbpUTVQU jJYVpHxqx7vGmijT2uyo 88tlmRAaQO3KDf7QWuDb 48BAUsycKlkSkbOjYLFN 2Cz4Y4eG1XIezf9qpdQl 1wRG7TNgo9ui6iZBLuaw nsq4rhHWMCaIVcah5fcd bvNUsI1a9ORRkwy1plRX tX1uDaXm9hMlEKqU7m9j YXpO8M342ISxgv446YFJ PWUaVYPeofxjJdT472wG 4QLswP82Wvxw9Z42obzh NXYVlLN4oRDZThND0BmP 2chOacZ5nNYuf6eeGFSW kwA1qrRggH9YLKcVfIe5 KjQNU2EAAYEZSeJWPxLM JTOsbkycRuz0e5JQ3gRH dvxgUZzwjHAP85QpElWp 9gglBKpHLZmA2dFXYK5s lcQ1GcVaImUGztIdTr68 82AQRTkjWEU79atYWx1r xHjRz67dW7C8omsktslg 4E11EdbsS5KbjeJWtodD N1MiBWI2XSNYPV4Bi2Zg 4S2YiI3VYPKghkl95iqK EVtx7khff7Fs8yuuQKJx uaR7l3Qhn4FRAnSeVURz 847MZ9RXdcbtrj0xf7hq dsndgEJWfBsFA2I3Hgqf 3M9YkxmgHhrzhCgskWR0 zforAf5jhSPEL0aOiCeo bxi8Rg1pw86lzWjaSAaf dCcd6iAvBWonWTNoMnIv 8RfB73Lw8C9LbSwIxA9Q 6GSZa1npVyW2652oBwaR gdO0wiBlQ8wFbeNyGtx5 iwJGcbQH2bifG6D82Iel dNoUXTyodWg6ihABmzIM 4SDaLq9JuVK9Hgq625aC loEPY9WRgDIJ7DWZtMDr kRqgoaGzBgIxzyW55b7b irZyMKazQALnyfoOCtbL TpLamlzpT6GwerxzVsxr 8jko5XAn6JliQ07A0rUO UkqILZ2p4EbRuMBIrGXp nyd0fM2XE4qmli1xfIwr XbrNBzXJSitXalj9YB4o U8sg63DCydwx1FzxqIaQ Ueu5MpmB6m0Tj07uN555 4wKSG7BFou1CA7O0mLH6 BWhyt9wATIprZDhzxwVv 1tmkPhHujDQhTmW4oV7S WsVMGV8yZisK6ojnqzBE SNmFiRdCmf8vg1yMqr30 E8pbRn7LIeWnB3swkYzz nKDJ3ylOzub2eWcHnAhq ANdko3dYAy7a2BOq7wpm VXU331oDUcuzaGGUYIl9 rrsfFE1VQlGvYiPVJPzk vfFBTNAIMMm13X2tZysq 3cixCQKdOFnhNCezth5V 9zoM12ZWjXrKaszveCQH o85TEEBuzMbePdf5cbCv ML4pCjYl4gPEwSnvlRaD 1kUMD8KZUKbCCVh7WHWn gu4ZhQvmb4pSQmUY70Nq muaifDkU51RuZjmGy3EY a06qeiApctGnC1GMtGuJ RuUdtXtfFCKpaLUcmsqg Osa2UT4anhyBl7doUFs5 4AwtOzgg4YBT3wkiEwMr AmAHnr1XXkPpwJ6DUDIO JakuJordFcO229c3L5ct EY9cQTmyqhrzeZsobQa5 1ERN8pUhtdYbmxXPnWk4 kaVGl3oG0Ulg2MgkbJB8 3rqlQRwe5izypHjXjWla jVItWJkETNqrkY47Hghp YFXFh0nBpGYXfL8mfny3 H1kgaLgK3XrnSUWaxIp0 NHPxOzu7Bj5bnsm7vmJS wZppnfABPMsntS9k4lvX PIekFeWZsA6etqyFB2SF VuvjJGf6deKVAQ0JUD4i uNMLlt0W1KUwk2d6EP98 m1A3pMC42PQioFziqK5C yD8JCRUWcVAZxJ4ZDldr xcisI0PJDdG9nIuyj3IS PlmPdVeiiHQg3JYZCDWt
96
RuUdtXtfFCKpaLUcmsqg RuUdtXtfFCKpaLUcmsqg
MEVVMgbTLIgXdG4vAbeX MEVVMgbTLIgXdG4vAbeX
YmmIBqqdn3Z6PuFXWNHi YmmIBqqdn3Z6PuFXWNHi
SNmFiRdCmf8vg1yMqr30 SNmFiRdCmf8vg1yMqr30
nKDJ3ylOzub2eWcHnAhq nKDJ3ylOzub2eWcHnAhq
JakuJordFcO229c3L5ct JakuJordFcO229c3L5ct
Ueu5MpmB6m0Tj07uN555 WErk2X2lm629vuxPHVtl
ChEnlTNCMoqxBfyzEzW7 ChEnlTNCMoqxBfyzEzW7
o85TEEBuzMbePdf5cbCv o85TEEBuzMbePdf5cbCv
g0ywcwildP9K6oBendJq g0ywcwildP9K6oBendJq
N5YDsCDN1lKguyHbn4Zb N5YDsCDN1lKguyHbn4Zb ELEJN8tWDJT7mLhCdqW3
3M9YkxmgHhrzhCgskWR0 3M9YkxmgHhrzhCgskWR0
GzSNGBn4EPemDLEWXNxx GzSNGBn4EPemDLEWXNxx
7qCgmo7DrrfnVQIWnbiV 7qCgmo7DrrfnVQIWnbiV
48BAUsycKlkSkbOjYLFN 48BAUsycKlkSkbOjYLFN
qOK6WPKQJA4Q9XqXgSgT qOK6WPKQJA4Q9XqXgSgT
WsVMGV8yZisK6ojnqzBE WsVMGV8yZisK6ojnqzBE
060q0aISPODkGeAbYbQ6 060q0aISPODkGeAbYbQ6
1tmkPhHujDQhTmW4oV7S 1tmkPhHujDQhTmW4oV7S
NXYVlLN4oRDZThND0BmP NXYVlLN4oRDZThND0BmP
zvH9G6FQ1xC7CVezs43e zvH9G6FQ1xC7CVezs43e k8LvqKsQ4ejh0bCWs4fP
Tr6dOTuKB3EM5juuJxqy Tr6dOTuKB3EM5juuJxqy
LWxNpOtygHuLI9qU5DwF Vh6ScHVb39wz7CmKwIuA
dsndgEJWfBsFA2I3Hgqf dsndgEJWfBsFA2I3Hgqf
kaVGl3oG0Ulg2MgkbJB8 kaVGl3oG0Ulg2MgkbJB8
eUyNsK7nwP1YPac54CbU eUyNsK7nwP1YPac54CbU
9zoM12ZWjXrKaszveCQH 9zoM12ZWjXrKaszveCQH
Wq14UxgLNQSDYKfwPKLH hZHynIvymuQxD6BftzWt
PIekFeWZsA6etqyFB2SF PIekFeWZsA6etqyFB2SF
zforAf5jhSPEL0aOiCeo zforAf5jhSPEL0aOiCeo
76b3evP8JEiQ8c6jd2b5 76b3evP8JEiQ8c6jd2b5
UkqILZ2p4EbRuMBIrGXp UkqILZ2p4EbRuMBIrGXp
nsq4rhHWMCaIVcah5fcd nsq4rhHWMCaIVcah5fcd
ukPtLY7YueARRkX8hPaS ukPtLY7YueARRkX8hPaS
82AQRTkjWEU79atYWx1r NA24XhOMsROCBnUViAJT
3NZ1POQXIwf6NGuaUl5h DF1KTiOHBIkswyjh8uB1
9gglBKpHLZmA2dFXYK5s IxWh6LSiXwGUWSx9VJ39
3rqlQRwe5izypHjXjWla 3rqlQRwe5izypHjXjWla
zos6qdAgLydZyli2syMt W9TKm0U6bNDZ1Aok7hNH
2Cz4Y4eG1XIezf9qpdQl 2Cz4Y4eG1XIezf9qpdQl
Osa2UT4anhyBl7doUFs5 Osa2UT4anhyBl7doUFs5
yKQw7YXCNsthb1VWEFur yKQw7YXCNsthb1VWEFur
uaR7l3Qhn4FRAnSeVURz uaR7l3Qhn4FRAnSeVURz
KjQNU2EAAYEZSeJWPxLM KjQNU2EAAYEZSeJWPxLM
3cixCQKdOFnhNCezth5V E59siIyngnj5PIsLeowv
U8sg63DCydwx1FzxqIaQ XdyhPab6W9wOZnKLq1fq
yD8JCRUWcVAZxJ4ZDldr yD8JCRUWcVAZxJ4ZDldr
kRqgoaGzBgIxzyW55b7b cYMPcE5UNSzOtkRY62gr
AmAHnr1XXkPpwJ6DUDIO AmAHnr1XXkPpwJ6DUDIO
U7iVliqmXRkLwyPSNdfv U7iVliqmXRkLwyPSNdfv
jVItWJkETNqrkY47Hghp jVItWJkETNqrkY47Hghp
YFXFh0nBpGYXfL8mfny3 YFXFh0nBpGYXfL8mfny3
EVtx7khff7Fs8yuuQKJx EVtx7khff7Fs8yuuQKJx
4S2YiI3VYPKghkl95iqK 4S2YiI3VYPKghkl95iqK
1JawjZrawLlOCGN1EB0O 1JawjZrawLlOCGN1EB0O
WZsO2i9GZwvMYoV9SyKS WZsO2i9GZwvMYoV9SyKS
uNMLlt0W1KUwk2d6EP98 uNMLlt0W1KUwk2d6EP98
nyd0fM2XE4qmli1xfIwr nyd0fM2XE4qmli1xfIwr
iFXIyHTPBX7ivXxsV1VM iFXIyHTPBX7ivXxsV1VM
nplSyFCfwWl94XgtPFkm EkRPPDhcu5ww6XulSOgx
LXqfTqJggDSh6mykPyz3 LXqfTqJggDSh6mykPyz3
2chOacZ5nNYuf6eeGFSW 2chOacZ5nNYuf6eeGFSW
VuvjJGf6deKVAQ0JUD4i VuvjJGf6deKVAQ0JUD4i
ML4pCjYl4gPEwSnvlRaD ML4pCjYl4gPEwSnvlRaD
Zzs5CIqF9Ll2avkxI78N Zzs5CIqF9Ll2avkxI78N
bxi8Rg1pw86lzWjaSAaf JWIkMKKlAG6fUoRVxKKI
iwJGcbQH2bifG6D82Iel iwJGcbQH2bifG6D82Iel
ANdko3dYAy7a2BOq7wpm ANdko3dYAy7a2BOq7wpm
MSj6zOuZ0EoAKjP4wXXW MSj6zOuZ0EoAKjP4wXXW x5UVX06335fM5pfCNBMU
cUanhOambcNkocePqfvx cUanhOambcNkocePqfvx
CofLnw0Ss4pVGWmPS5oO CofLnw0Ss4pVGWmPS5oO
kwA1qrRggH9YLKcVfIe5 kwA1qrRggH9YLKcVfIe5
YIxKvTpWMaQKGFtD5BDH YIxKvTpWMaQKGFtD5BDH
gdO0wiBlQ8wFbeNyGtx5 gdO0wiBlQ8wFbeNyGtx5
EY9cQTmyqhrzeZsobQa5 EY9cQTmyqhrzeZsobQa5
TpLamlzpT6GwerxzVsxr TpLamlzpT6GwerxzVsxr
Dwi7fYT8wa9I4Kzyto4Y Dwi7fYT8wa9I4Kzyto4Y
m1A3pMC42PQioFziqK5C m1A3pMC42PQioFziqK5C
8RfB73Lw8C9LbSwIxA9Q 8RfB73Lw8C9LbSwIxA9Q GUntLlYA0xo9Vk4WLTLV
C6w7afZujemehEooILjN C6w7afZujemehEooILjN
1wRG7TNgo9ui6iZBLuaw 1wRG7TNgo9ui6iZBLuaw
irZyMKazQALnyfoOCtbL irZyMKazQALnyfoOCtbL
q4nqG9N45SSRxndw48Xl q4nqG9N45SSRxndw48Xl
E8pbRn7LIeWnB3swkYzz E8pbRn7LIeWnB3swkYzz
6WGzUhXeOltLDbkIvTzq 6WGzUhXeOltLDbkIvTzq
dvxgUZzwjHAP85QpElWp dvxgUZzwjHAP85QpElWp
BWhyt9wATIprZDhzxwVv BWhyt9wATIprZDhzxwVv
tX1uDaXm9hMlEKqU7m9j tX1uDaXm9hMlEKqU7m9j
a06qeiApctGnC1GMtGuJ a06qeiApctGnC1GMtGuJ
xcisI0PJDdG9nIuyj3IS xcisI0PJDdG9nIuyj3IS
4QLswP82Wvxw9Z42obzh 4QLswP82Wvxw9Z42obzh
7yt9hKqOEGabqtqIEmdH 7yt9hKqOEGabqtqIEmdH
PWUaVYPeofxjJdT472wG PWUaVYPeofxjJdT472wG
KOLHrmR3FKDMdl4SYdK9 KOLHrmR3FKDMdl4SYdK9
804aK8wEArkuheeUiB4R 804aK8wEArkuheeUiB4R
VXU331oDUcuzaGGUYIl9 VXU331oDUcuzaGGUYIl9
