azv xie hyb yiy wpu yvc jwx brw cwq gcw ipq yfq ncc vfq eqa mis boc mpw cib ufa txp sau qzx uua rcw cvb vxn rfl uyd rov zuz lmh ivp hcc ryg jvc aur scm hwc wcd hob hsi ctf gei ccw dqy ijd ovx rti oqv azv
46
gcw gcw mtd
azv azv
yiy yiy
ipq ipq
lmh lmh
oqv oqv
hob pzr
ovx ovx
rcw rcw
rfl rfl
jwx jwx
yvc yvc
zuz zuz
ijd ijd
ufa ufa
hwc hwc
hyb hyb
sau sau
scm scm
uyd gfr uyd
rti rti
gei gei cim
xie xie
hsi hsi
ncc ncc
dqy dqy
jvc jvc
ctf ctf
yfq yfq
vxn vxn
aur aur
cib cib
vfq vfq
rov rov
uua uua
boc boc
mis mis
qzx qzx hlc
brw brw
mpw mpw
wpu hip
wcd wcd
cwq cwq
hcc hcc
eqa eqa
ivp ivp
