Shelf0 Toolbox146 Robot87 Horse26 Websites94 Settings102 Toolbox72 Monster73 Fusion179 Clock139 Puppy155 YouTube33 Solar192 Clock145 Whale91 Kitty98 Rollers95 Water135 Boat141 Leash77 Poop150 Robot93 Crab83 Soap64 Clock139 Soap64 System156 Nuclear18 Solar130 Toolbox72 Comics113 Light30 Comics28 Book171 Android196 Ice198 Towel92 Poop5 Whale126 Clock61 Whale31 Cat187 Whale31 Shower57 Settings75 Flowers178 Settings75 Kitty89 Nuclear35 Rollers14 BBQ36 Urine20 BBQ36 Robot51 Urine97 Rollers63 Ring60 Plants118 Dog181 Elevator115 Dislike12 Shoes8 Boat67 Towel154 Leash136 Puppy133 Hnads116 Running177 Drugs195 Clock25 Cat15 Leash46 Cat70 Leash46 Drugs195 Running177 Hnads116 Water90 Allergies176 Dislike143 Allergies176 Body180 Rollers173 Boat67 Shoes8 Soap58 Toilet191 Shoe174 Rollers173 Elevator115 Dislike170 Plants62 Solar71 Fusion104 Breakfast85 Ice50 Allergies106 Solar160 Sink109 Shower47 Clock61 Post158 Nuclear65 Whale114 Urine124 Comics107 Robot164 Poop5 Towel92 Dog168 Sink157 Monster175 Solar159 Ice9 Website190 Solar162 Website190 Kitty56 Water29 Laptop125 Water29 Clock145 Soda119 Solar192 Light49 Laptop1 Rollers42 Crab83 Towel123 Soda100 Fence74 Drugs184 Toolbox153 Shower48 Cat163 Whale137 Ring169 Puppy140 Mail22 Soap3 Ring82 Sink157 Trees68 YouTube151 Soda127 Robot164 Bird43 Clock2 Ice165 Water38 System183 Toolbox144 Urine142 YouTube199 Android189 Hnads182 Solar59 Shelf40 YouTube44 Ice41 Laptop19 Dislike27 Book24 Shelf40 Hnads182 Urine108 Plus112 Fusion131 Monster16 Poop76 Mail6 Body55 BBQ172 Puppy117 Website54 Urine124 Puppy140 Mail22 Allergies103 Shelf0
90
Crab83 Crab83
Boat67 Boat67
Monster16 Horse148
Post158 Post158
Robot93 Robot93
Solar162 Kitty194 Solar162
Hnads116 Drugs39 Hnads116
Sink109 Sink109
Shelf40 Shelf40
Leash77 Leash77
Laptop125 Laptop125
Clock139 Allergies88 Clock139 Websites4
Toolbox146 Toolbox146
Ice9 Ice9
Light30 Light30
Soap58 Soap58
Towel154 Towel154
Plants118 Plants118
Settings75 Settings75
Kitty89 Kitty89
Body55 Body55
Monster175 Monster175
Water135 Water135
Shower47 Shower47
Dislike12 Dislike12
Dog168 Dog168
BBQ36 BBQ36
Shoe174 Shoe174
Urine124 Urine124 Male149
Nuclear35 Nuclear35
Mail22 Mail22
Allergies103 Allergies103
Dislike143 Dislike143
Ice41 Ice41
Monster73 Monster73
Puppy117 Puppy117
Whale126 Whale126
Solar130 Solar130
Soda119 Soda119
Cat187 Printer188 Cat187
Rollers95 Rollers95
Water29 Water29
Robot51 Robot51
Poop150 Poop150
Drugs195 Drugs195 System79
Laptop19 Laptop19
Toolbox72 Toolbox72
Clock2 Clock2
Nuclear18 Nuclear18
Soap64 Soap64
Robot164 Robot164
Dislike27 Soda197 Dislike27
Dog181 Dog181
Toolbox153 Toolbox153
Water38 Water38
System156 System156
Puppy140 Puppy140
Websites94 Poop80 Fusion34
Allergies176 Allergies176
Hnads182 Plus78 Hnads182
Ice165 Ice165
Solar192 Solar192
Mail6 Mail6
Whale137 Whale137
Rollers14 Rollers14
Book24 Book24
Urine97 Urine97
Fusion104 Fusion104
Flowers178 Flowers178
Body180 Shoe17
Urine20 Urine20
Cat15 Cat15
Book171 Book171
Solar71 Solar71
System183 System183
Ring82 Ring82
Poop76 Poop76
Clock61 Clock61
Shoes8 Shoes8
Ring169 Ring169
Android196 Android196
Shelf0 Shelf0
Whale114 Whale114
Towel92 Towel92
Drugs184 Toilet13
Website190 Website190
Breakfast85 Breakfast85
Shower57 Shower57
Comics107 Comics107
Kitty98 Kitty98
