hdpxs osxbc txcno amfiz dwyai cgjda sfizh bwknx zgenl comrg kspyc ahnds xscoe zqjxb jhlus qhbyf yazqf pfeuc gufvs olqfv hulpb ayrgb rzvtg ypdnb aoqtg gstwp pytwh wdquv uiogl ohzfn fqjsk sxdiu nqtru rlumh tmwdy crlfe sxdiu dkjro iyuas xnpwq tfcam lrqft ktzce qckjp tgeks bdevm yqzit ebwcp rjuxc ehqyk yqfdk zcjqx fjdqi oxuqn ayrgb tjake mhuad oewcd osvgp hulpb mkndy xtzpg armnk tkwle syoxv maqho qbdwz wajol hgzbc mcwry syoxf stflc rdoqk yvbse evsbm lpudv gdnim aqoyk mhekz dsean lvqun aedvq pihld xcvow qpbmc wkbuf kjihy bfauz ramjo kzwah jcwpu joztf cxajk evtgj tivko ostkf witul pgtfb ymcfp lnjxt bigwn yazqf lgcuf dbjxw glrpy yqtob fjkwc mcyde lirzq vcwfj htkwy frhgc bsvth jrghb utdhx eatck tudbo rjdai qhibx rmahk zadjy sktfj rqenc tndwl zntkr ndszt qhvsb xlrzc drojn vobqh pqzow drojn myxlw wcjeg sdqie jcqfl oclyb swpdc qtdze utdhx qsmkj jitgc cqsby fairz rchbw cihba dncuw oxitr hdpxs
88
rlumh mlibf rlumh
sxdiu sxdiu
qpbmc qpbmc
uiogl uiogl
zqjxb uklga zqjxb
maqho maqho
yqtob yqtob
kzwah mujil kzwah
tmwdy tmwdy
fjdqi fjdqi
xlrzc xlrzc
oxitr oxitr
nqtru nqtru
bdevm bdevm
ayrgb ayrgb
lnjxt lnjxt
armnk armnk btwzv
gdnim gdnim
yqfdk yqfdk
drojn drojn
ohzfn ohzfn
jcwpu jcwpu kscoz
bwknx wotiq bwknx
joztf joztf
pytwh pytwh
oewcd cxdes oewcd
tndwl tndwl
qhibx qhibx
aedvq aedvq
ymcfp ymcfp
stflc stflc
wajol wajol
rmahk mtcsd oaeyh
yvbse pgqva yvbse
ahnds ahnds
utdhx utdhx
rjuxc rjuxc
dkjro dkjro
xnpwq xnpwq
frhgc frhgc
osvgp osvgp
bsvth bsvth
rjdai rjdai
qckjp qckjp
cgjda lmwpk
cihba wnelr cihba
syoxf syoxf
qbdwz qbdwz
zcjqx zcjqx
yazqf yazqf
crlfe vgwoi hwmzn
olqfv bkfuc
dbjxw dbjxw
gufvs gufvs
kjihy kjihy
iyuas iyuas
syoxv syoxv
zntkr zntkr
jhlus jhlus
ebwcp ebwcp
amfiz amfiz
cqsby cqsby
wkbuf wkbuf
htkwy htkwy
rchbw rchbw
evtgj evtgj
cxajk cxajk
pihld pihld
lpudv lpudv
qsmkj qsmkj
mhekz mhekz
vcwfj vcwfj
ehqyk ehqyk
wcjeg gdovn wcjeg
gstwp gstwp
tkwle tkwle
mhuad mhuad
oxuqn oxuqn
tjake tjake
wdquv wdquv
xcvow xcvow
evsbm evsbm
rzvtg rzvtg
vobqh vobqh
osxbc osxbc
ktzce ktzce
ypdnb ypdnb
qhvsb qhvsb
