1 113 87 103 19 147 73 15 97 25 51 17 93 59 27 125 9 83 41 35 5 137 7 39 57 45 69 37 95 117 109 143 33 123 115 29 47 133 55 101 53 129 21 107 127 81 3 11 61 141 105 121 49 31 63 91 79 75 89 145 111 119 85 139 67 77 23 43 65 13 135 99 149 71 131 1
75
1 1
3 3
5 5
7 7
9 9
11 11
13 13
15 15
17 17
19 19
21 21
23 23
25 25
27 27
29 29
31 31
33 33
35 35
37 37
39 39
41 41
43 43
45 45
47 47
49 49
51 51
53 53
55 55
57 57
59 59
61 61
63 63
65 65
67 67
69 69
71 71
73 73
75 75
77 77
79 79
81 81
83 83
85 85
87 87
89 89
91 91
93 93
95 95
97 97
99 99
101 101
103 103
105 105
107 107
109 109
111 111
113 113
115 115
117 117
119 119
121 121
123 123
125 125
127 127
129 129
131 131
133 133
135 135
137 137
139 139
141 141
143 143
145 145
147 147
149 149
