Granbull Bulbasaur Ursaring Qwilfish Floette Typhlosion Chinchou Bonsly Sylveon Altaria Ampharos Charmander Heatran Golbat Reshiram Carbink Bronzor Mightyena Tyrunt Charizard Glalie Probopass Fletchling Cubone Butterfree Beedrill Mimikyu Swanna Kirlia Whimsicott Binacle Torchic Illumise Chespin Metapod Arbok Raichu Lycanroc Cinccino Heatmor Serperior Bergmite Jolteon Buizel Aipom Nuzleaf Staryu Deoxys Floatzel Relicanth Unown Electrike Lampent Rufflet Quilava Crabominable Flygon Electrode PorygonZ Grumpig Budew Torracat Lapras Hitmontop Absol Lileep Goomy Magmortar Happiny Machamp Ninjask Slakoth Chatot Cosmog Crawdaunt Azurill Krookodile Azurill Jirachi Darkrai Diggersby Torkoal Greninja Tsareena Staravia Feraligatr Luvdisc Mantine Carnivine Skitty Kangaskhan Vivillon Pancham Mudsdale Pidgeot Rockruff Whiscash Trumbeak Mawile Spinda Blissey Magmar Metang Reuniclus Bulbasaur Granbull
90
Tsareena Tsareena Gliscor
Absol Absol
Unown Unown
Bronzor Roserade Bronzor
Aipom Dustox
Heatran Heatran
Butterfree Butterfree
Ampharos Ampharos
Spinda Spiritomb Spinda
Torchic Torchic
Cosmog Cosmog
Arbok Arbok
Krookodile Cascoon Krookodile Corphish
Torracat Torracat
Chinchou Chinchou
Crawdaunt Crawdaunt
Slakoth Slakoth
Mimikyu Mimikyu
Happiny Happiny
Quilava Quilava
Kangaskhan Kangaskhan
Rockruff Rockruff
Bonsly Bonsly
Grumpig Grumpig
Cinccino Cinccino
Budew Budew
Sylveon Sylveon
Mawile Mawile
Beedrill Beedrill
Lampent Lampent
Greninja Greninja
Altaria Malamar
Buizel Buizel
Jolteon Jolteon
Mantine Mantine
Charizard Charizard
Binacle Binacle Exeggcute
Raichu Raichu
Relicanth Relicanth
Cubone Cubone TypeNull
Heatmor Heatmor
Swanna Swanna
Diggersby Diggersby
Whiscash Whiscash
Carbink Metagross Infernape Carbink
Whimsicott Whimsicott
Lycanroc Lycanroc
Mightyena Mightyena
Floette Floette
Jirachi Jirachi
Mudsdale Mudsdale
Darkrai Darkrai
Reuniclus Reuniclus
Machamp Remoraid Machamp
Magmar Magmar
Rufflet Rufflet
Reshiram Reshiram
Crabominable Crabominable
Charmander Charmander
Electrode Electrode
Serperior Serperior
Golbat Golbat
Hitmontop Hitmontop
Trumbeak Trumbeak
Flygon Flygon
Bergmite Bergmite
Torkoal Torkoal
Goomy Goomy
Metapod Metapod
Probopass Probopass
Carnivine Carnivine
Lapras Lapras
Pidgeot Pidgeot
Magmortar Magmortar
Electrike Electrike
Lileep Lileep
Ninjask Ninjask
PorygonZ PorygonZ
Feraligatr Feraligatr
Floatzel Floatzel
Glalie Glalie
Deoxys Deoxys
Chespin Chespin
Luvdisc Luvdisc
Blissey Blissey
Vivillon Vivillon
Chatot Chatot
Nuzleaf Nuzleaf
Typhlosion Typhlosion
Skitty Skitty
