1 16 160 32 163 100 134 60 191 174 100 63 115 18 100 44 175 80 76 59 121 129 89 189 100 111 22 0 100 26 35 57 119 117 43 131 100 183 155 137 100 178 195 124 84 170 30 8 12 100 97 99 193 49 93 29 164 105 100 77 177 151 142 100 180 171 54 159 199 158 21 141 100 182 125 27 50 88 19 100 86 127 55 68 1
73
174 174
189 189
1 1
177 177
119 119
86 86
100 192 45 136 74 157 31 3 82 38 113 83 188 153 24 28 138 15 56 148 10 36 194 101 172 150 196
76 76
54 54
127 127
89 89 186
80 80
141 141
183 183
117 117
131 131
105 105
155 155
21 21
125 125
49 49
164 164
68 68
195 195
159 159
29 29
163 163
160 160
12 12
115 115
59 59
0 0
93 93 25
124 124
57 57
84 84
27 27
134 134
77 77
43 43
178 178
19 19
50 50
16 16
121 121
175 175
88 88
30 30
60 60
44 44
26 26
129 129
97 97
55 55
182 182
99 99
8 8
199 199
158 158
142 142
22 22
18 18
137 137
191 191
32 32
111 111
35 35
171 171
151 151
63 63
193 193
180 180
170 170
