21 156 93 161 179 25 165 178 63 178 179 84 60 59 60 84 150 151 191 23 160 74 144 111 188 134 181 180 126 127 5 15 171 113 81 11 41 42 182 121 74 75 137 125 124 189 37 38 87 73 43 27 101 194 193 107 85 86 47 116 115 119 120 51 120 9 8 101 64 101 8 96 24 1 139 142 99 142 139 168 169 168 106 105 128 105 104 110 169 57 169 168 169 110 150 53 54 132 61 132 131 130 122 117 170 108 170 117 122 123 122 130 131 143 140 147 55 185 186 33 186 33 6 8 96 8 101 64 40 20 154 35 76 70 69 136 74 160 17 160 74 136 69 66 145 66 69 70 76 31 36 97 95 197 50 49 50 197 163 197 148 176 146 176 109 176 175 65 48 79 23 191 192 191 151 150 53 150 84 68 84 179 161 93 89 177 183 172 153 152 21
87
1 1 3
5 5
8 7
9 9
11 11
191 13 191
15 15
17 17 77
48 19
21 21
23 23
25 25
27 27
154 29
31 31
33 33 155
35 35
37 37
119 39 119 159
41 41
43 43
156 45
47 47
49 49
51 51
53 53
55 55
57 57
59 59
61 61
63 63 71 83
65 65
66 67
69 69
73 73
75 75
79 79
81 81
85 85
87 87
89 89
101 91 101
93 93
95 95 195
97 97
99 99
104 103
105 105
107 107
109 109
111 111
113 113
115 115
117 117
121 121
123 123
125 125
127 127
128 129
131 131
116 133
188 135
137 137
139 139
151 141 151
143 143 157
145 145
147 147
142 149
153 153
161 161
163 163
165 165
108 167
169 169
171 171
172 173
175 175
177 177
179 179
181 181
183 183
185 185
20 187
189 189
193 193
197 197
