74 78 80 77 75 76 72 77 75 172 171 178 180 174 179 177 171 172 46 44 41 47 43 49 48 46 118 112 113 120 116 118 115 119 120 118 141 146 141 121 129 130 127 125 122 124 123 124 126 125 128 121 141 147 142 143 145 141 148 150 141 21 27 25 23 29 21 98 100 94 93 95 98 63 65 67 68 70 69 62 66 61 68 63 98 97 99 98 87 89 87 38 35 37 31 38 182 183 188 187 190 189 182 18 13 16 19 17 11 14 18 182 184 182 38 40 36 38 87 81 88 85 83 82 86 84 87 98 96 98 91 98 21 26 28 24 30 28 21 141 149 144 141 118 117 114 111 118 46 50 42 44 46 2 5 1 9 2 151 159 152 156 160 154 158 151 102 105 109 110 106 101 102 58 57 51 58 132 135 140 131 137 139 132 58 55 53 58 192 169 161 164 167 168 166 165 169 192 197 193 198 199 194 200 192 58 54 58 102 104 107 108 102 151 153 157 155 159 151 2 8 6 2 46 75 71 79 73 78 74
93
148 148
86 86
50 50
77 77
146 146
135 135
47 47
167 167
55 52 55
81 81
54 54
25 25
96 96
31 31 39
199 199 191
41 41
156 156
28 28
197 197
116 116
179 179
89 89
6 6
11 11
126 126
137 137
161 161 163
26 26
69 69
14 14
192 192
131 131
57 57
30 30
128 128
37 37 32
151 151
76 76
139 139
165 165
113 113
166 166
80 80
111 111
184 185
114 114
13 13
8 8
160 160
178 178 175
2 2
132 136
118 118
104 104
172 172
62 62
164 164
73 73
70 70
19 19
58 58 59
85 85
36 36
189 189
68 68
23 23
168 168
174 174
83 83
180 180
145 145
88 88
141 141
61 61
153 153
38 38
35 35
122 122
46 46
157 157
142 142
16 16
53 53
29 29
99 99
119 119
74 74
169 169
198 198
82 82
66 66
140 140
75 75
