l7 l40 l39 l67 l125 l98 l58 l33 l2 l167 l86 l51 l151 l10 l29 l112 l73 l174 l112 l5 l8 l145 l162 l136 l188 l32 l89 l116 l177 l158 l93 l135 l94 l13 l115 l31 l142 l85 l194 l130 l153 l6 l193 l144 l154 l22 l71 l144 l126 l138 l171 l167 l184 l49 l182 l156 l172 l15 l76 l20 l197 l109 l56 l105 l188 l34 l82 l50 l113 l186 l20 l139 l9 l74 l192 l124 l96 l24 l148 l155 l103 l38 l160 l102 l67 l161 l52 l53 l143 l92 l114 l57 l163 l115 l61 l181 l97 l165 l1 l196 l59 l90 l169 l70 l183 l40 l35 l164 l28 l147 l119 l129 l107 l44 l43 l80 l129 l150 l147 l179 l63 l72 l7
59
l147 l101 l110 l46
l102 l102
l109 l109
l113 l113
l114 l114 l14
l115 l115
l116 l116
l61 l12
l33 l122 l33
l124 l124
l43 l127
l94 l128 l94
l130 l130
l163 l132 l163
l136 l136
l138 l138
l70 l141
l142 l142
l148 l148
l15 l15
l155 l155
l160 l160
l161 l161 l200
l162 l162
l38 l168
l169 l169
l171 l171
l172 l172
l177 l177
l5 l180
l181 l181
l184 l184 l25
l186 l186
l52 l189
l192 l192
l34 l199
l2 l2
l20 l20
l63 l21 l63
l24 l24
l98 l26
l67 l27 l67
l35 l35
l72 l37 l72
l39 l39
l40 l40
l85 l41
l44 l44
l49 l49
l53 l53
l125 l54
l58 l58
l59 l59
l6 l6
l7 l7
l74 l74
l145 l77
l13 l83
l90 l90
