507 2604f 6993 23d1e 1f1b5 aaee 383e5 1d38b 219ed 1bf6f 23310 3387c 374d0 2b0bf 96d2 10065 35bad 141c 28d8e 2cee9 1dd99 c918 3428a 1790d 13cb9 36ac2 e23b f15 38df3 2f721 4662 ec49 155dc 1e2a 1289d aff5 32460 11e8f ec49 2979c 37ede 32e6e 82b6 31044 39801 33375 17e14 1d892 379d7 1ab53 11988 3c54 1056c 18822 365bb 2b5c6 32967 2f21a 2472c ce1f 146c7 15fea 1ba68 ba03 3012f 3246 22e09 214e6 27e79 360b4 8cc4 1c97d 2bacd 23310 1a64c 3519f 1b561 a0e0 24c33 2e305 392fa 415b dd34 20fdf 5f85 25b48 28380 c411 1c476 10a73 31a52 e742 2ddfe 1fbc3 fb5e 5577 30636 2d3f 14bce 3154b 21ef4 25641 a5e7 2fc28 6e9a 4b69 18d29 34791 10f7a 39d08 388ec d82d 5a7e d326 1831b 33d83 2d8f7 2a1aa 2c4db 150d5 2c4db 34c98 9bd9 2bfd4 23817 16eff 648c 356a6 22902 2513a 26a5d 205d1 27972 2d3f0 374d 137b2 73a1 15ae3 169f8 223fb 1ce84 12da4 200ca 1ecae 20ad8 2746b 2a6b1 91cb 12396 2c9e2 164f1 507
93
3c54 3c54
aff5 aff5
27e79 27e79
82b6 82b6
5577 5577
26a5d 26a5d
1ecae 1ecae
dd34 dd34
164f1 164f1
32460 32460
27972 27972
2d8f7 2d8f7
e742 e742
2f21a 2f21a
200ca 200ca
2fc28 2fc28
25b48 1923 19737 25b48
374d 374d
9bd9 9bd9
4662 4662
146c7 146c7
33375 33375
30636 30636
15fea 15fea
38df3 38df3
2c9e2 2c9e2
91cb 91cb
1d892 1d892
2b0bf 2b0bf
1790d 1790d
3387c 3387c
2e305 2e305
2b5c6 78a8 2b5c6
8cc4 8cc4
d326 d326
22902 22902 26f64
16eff 16eff
2513a 2513a
24c33 24c33
36ac2 36ac2
22e09 22e09
20fdf 20fdf
379d7 379d7
18d29 18d29
1f1b5 1f1b5
2cee9 2cee9
214e6 214e6
3012f 3012f
ba03 ba03
25641 25641
150d5 150d5
2a6b1 2a6b1
10065 10065
3428a 3428a
155dc 155dc
17e14 17e14
1a64c 1a64c
360b4 360b4
374d0 374d0
1056c 1056c
1e2a 1e2a
169f8 169f8
18822 18822
23817 23817
23d1e 23d1e
32e6e 32e6e
6993 6993
2604f 2604f
4b69 4b69
1ab53 1ab53
ec49 ec49
13cb9 13cb9
c918 c918
23310 23310
28d8e 28d8e
c411 c411
2ddfe 2ddfe
d82d d82d
2bacd 2bacd
12396 12396
388ec 388ec
356a6 356a6
1dd99 1dd99
3246 3246
1c97d 1c97d
11988 11988
2a1aa 36fc9
31a52 31a52
2472c 2472c
11e8f 11e8f
648c 648c
1831b 1831b
1ba68 1ba68
