140 151 147 59 134 34 38 100 40 80 133 185 120 197 120 103 162 47 182 47 162 103 76 125 23 160 0 160 158 95 149 179 7 101 41 180 184 115 130 79 11 19 53 169 139 89 82 45 127 25 132 56 150 8 166 12 193 77 18 96 161 186 173 93 190 146 94 195 159 92 154 6 180 22 178 188 10 196 1 49 117 67 13 102 177 61 9 167 62 112 37 104 37 55 83 57 84 175 134 42 50 44 145 29 168 69 100 80 133 28 108 135 108 28 123 153 140
87
120 35
169 169
76 76
179 179
177 177 32
42 42
18 18
112 14 112
44 44
93 93 39 97
19 21 19
103 103 4
50 50
125 125
95 95
197 197
139 139
166 166
94 94
41 41
193 193
8 8
123 176 123
108 108
159 159
62 62
7 7
158 158
102 102
83 83 142
162 36
185 185
59 59
10 10
40 40
80 80
160 160
133 114 133
175 175
127 127
29 29
150 150 27
130 130
13 13 51
147 73
22 22
77 170 77
115 115
178 178
117 117
132 132
11 11
45 45 5
53 53
12 12
184 85
82 82
149 128
101 101
167 167
186 186
96 96
135 135
168 168
9 9
89 89
57 57
6 6
61 61
196 196
47 47
134 134
23 65
55 55
56 56
190 190
153 153
173 173
154 154
84 84
49 49
151 151
104 104
25 25
146 146
79 79
182 182
