aliquam cursus habitasse malesuada quis mattis enim eros ornare fames lorem ultricies cras nec congue lectus mi consectetur senectus placerat nisi quisque sed praesent et adipiscing suscipit sagittis habitant viverra imperdiet semper platea turpis euismod maecenas gravida eu condimentum mauris porttitor ut vitae vestibulum aliquam
43
quisque quisque
malesuada malesuada
quis quis
gravida gravida
turpis turpis
mattis mattis
placerat placerat
condimentum condimentum
mauris mauris
habitant habitant
nisi nisi
ultricies ultricies
et et
mi mi
imperdiet imperdiet
consectetur consectetur
congue congue
adipiscing adipiscing
ornare ornare
cras cras
euismod euismod
vitae vitae
habitasse habitasse
eros eros
nec nec
praesent praesent
platea platea
lorem lorem
maecenas maecenas
viverra viverra
vestibulum vestibulum
semper semper
sagittis sagittis
cursus cursus
lectus lectus
porttitor porttitor
ut ut
suscipit suscipit
senectus senectus
sed sed
fames fames
enim enim
eu eu
