TA0 TA1 TA2 TA3 TA4 TA5 TA6 TA7 TA8 TA9 TA10 TA11 TA184 TA11 TA12 TA13 TA12 TA175 TA176 TA175 TA174 TA173 TA172 TA171 TA170 TA125 TA124 TA123 TA122 TA121 TA120 TA105 TA18 TA17 TA16 TA17 TA18 TA19 TA20 TA21 TA22 TA23 TA24 TA25 TA26 TA27 TA28 TA29 TA30 TA31 TA32 TA33 TA34 TA33 TA32 TA31 TA160 TA31 TA32 TA33 TA34 TA35 TA36 TA37 TA38 TA39 TA40 TA41 TA42 TA43 TA42 TA41 TA40 TA39 TA38 TA37 TA36 TA35 TA34 TA33 TA32 TA31 TA30 TA29 TA28 TA27 TA26 TA25 TA24 TA23 TA22 TA21 TA20 TA19 TA18 TA19 TA18 TA105 TA104 TA105 TA120 TA121 TA122 TA123 TA124 TA125 TA126 TA125 TA170 TA169 TA168 TA169 TA170 TA171 TA172 TA173 TA174 TA175 TA12 TA11 TA10 TA11 TA184 TA183 TA184 TA62 TA61 TA60 TA59 TA58 TA57 TA56 TA55 TA54 TA53 TA52 TA51 TA50 TA49 TA48 TA47 TA48 TA49 TA50 TA51 TA52 TA53 TA54 TA55 TA56 TA57 TA58 TA59 TA60 TA61 TA62 TA134 TA135 TA136 TA71 TA70 TA69 TA68 TA67 TA66 TA65 TA64 TA63 TA62 TA184 TA183 TA182 TA181 TA180 TA179 TA180 TA181 TA182 TA191 TA192 TA193 TA194 TA193 TA192 TA191 TA190 TA189 TA188 TA187 TA186 TA185 TA186 TA185 TA184 TA62 TA63 TA64 TA197 TA198 TA199 TA0
66
TA194 TA84 TA83 TA195
TA179 TA74 TA179 TA73 TA178
TA2 TA2
TA168 TA167 TA147 TA165 TA149 TA148 TA151
TA68 TA68
TA136 TA141 TA136 TA137 TA139
TA187 TA187
TA122 TA122
TA183 TA88 TA90 TA86 TA85 TA92
TA59 TA75
TA175 TA175
TA189 TA189
TA105 TA107 TA106 TA108 TA109
TA120 TA119 TA114 TA116
TA63 TA63
TA19 TA19
TA134 TA131 TA134 TA133
TA182 TA182
TA124 TA124
TA126 TA126 TA127
TA32 TA98 TA99 TA95 TA94 TA32
TA39 TA39
TA191 TA191
TA67 TA67
TA43 TA44 TA43
TA160 TA155 TA158 TA154
TA190 TA190
TA34 TA34
TA7 TA7
TA50 TA50
TA185 TA185
TA188 TA188
TA169 TA169
TA20 TA20
TA22 TA22
TA192 TA192
TA47 TA46 TA47
TA65 TA65
TA33 TA33
TA3 TA3
TA5 TA5
TA51 TA51
TA54 TA54
TA17 TA17
TA24 TA24
TA171 TA171
TA180 TA180
TA23 TA23
TA64 TA64
TA135 TA135
TA9 TA9
TA66 TA66
TA173 TA80
TA8 TA8
TA26 TA26
TA181 TA181
TA49 TA49
TA104 TA103
TA37 TA37
TA16 TA16 TA15
TA25 TA25
TA184 TA184
TA70 TA70
TA41 TA41
TA35 TA35
TA31 TA31
