AAA ABA ACA ADA BAA BBA BCA BDA CAA CBA CCA CDA DAA DBA DCA DDA EAA EBA ECA EDA FAA FAB FAC FAD FBD FCD FBD FBC FBB FAB FAA EDA ECA ECB ECC ECD EBD EBC EBB EAB EAA DDA DDB DDC DDD DCD DBD DBC DBB DAB DAA CDA CDB CCB CCC CCD CBD CBC CBB CBA CAA BDA BDB BDC BDD BCD BBD BBC BBB BAB BAA ADA ADB ACB ACC ACD ABD ABC ABB AAB AAA
29
ABD AAD
ABB ABB
ABC ABC
ACB ACB
ACD ACD ADD
BBD BAD
BBB BBB BCB
BBC BBC
BCD BCD
BDD BDD
CBD CAD
CBB CBB
CBC CBC
CCB CCB
CCD CCD CDD
DBD DAD
DBB DBB DCB
DBC DBC
DCD DCD
DDD DDD
EBD EAD
EBB EBB
EBC EBC
ECB ECB
ECD ECD EDD
FAD FAD
FBB FBB FCB
FBC FBC
FCD FCD FDD
