Wrightsville Palopo Gevgelija Maywood Praya Rauna Golubac Coihaique Temirtau Metz Gemena Sayhut Mzimba Rivas Ayacucho Ljutomer Changde Bayonne Pljevlja Manta Progress Asti Leeuwarden Necochea Zanzibar Hsinchu Irvington Wrightsville
25
Asti Asti
Sayhut Sayhut
Coihaique Coihaique
Maywood Maywood
Hsinchu Hsinchu
Rauna Rauna
Pljevlja Pljevlja
Mzimba Mzimba
Progress Progress
Metz Metz
Gevgelija Gevgelija
Ayacucho Ayacucho
Golubac Golubac
Palopo Palopo
Ljutomer Ljutomer
Necochea Necochea
Praya Praya
Temirtau Temirtau
Irvington Irvington
Leeuwarden Leeuwarden
Zanzibar Zanzibar
Rivas Rivas
Bayonne Bayonne
Changde Changde
Gemena Gemena
