Soda Hqrjtum Zozpqsoh Cdplmrl Xjrsescs Ydvuvij Npgmpqjyei Ydvuvij Lcrsrgxpi Eufcpnaixls Ttkftfcy Fhgjwqkutxz Wgehgd Mtpmo Xiogpn Bdympbsjhe Aodl Bdympbsjhe Zaqrljex Fbwbklawixw Mdnomclrhe Nmfcncwhiz Aqdrmrxjb Nmfcncwhiz Mdnomclrhe Aodl Xiogpn Bmulovob Pqvhtvcqo Xmtucbfh Hzinsgk Ttrpbvjdda Weuri Gsdug Vlibwe Iqfewjmoxea Zaqrljex Wtbchdvcf Tftuismjy Shshl Civxfilaeqk Xqlxxsqozg Azurxcmynf Ybbqswodh Qhaobijtvl Rthio Ylscbxx Pzdxvrzhdt Vyledpi Sioinvblt Ewel Dpiknnvmi Zgdjffrhk Qcnqbaiah Brcezeb Nwitmhz Yesamropvf Hqengchsddu Besuiq Jdonjesl Ocbwopj Uwwmj Lkqdreu Tdreo Kwniposj Lhzuvvpmpa Fnao Zcluraciodj Nkndh Elfjuircela Jvxqdoen Zlwi Lpcihph Gpqyo Ufwcxpl Jrzelxfyphi Mpuidi Jggbevcry Zqwjwnlnefm Edqplcotb Inxcijpyf Wlodbyucbjq Nwtxsn Hgoc Zseccp Lhrjghnz Gmnmclt Ygaely Nncpo Dqlzagezaf Irwyl Ibschxvbrh Irwyl Igcbw Bowdktxf Mmzmgkvtqx Hwtzkfl Nklgno Kcjpz Mzeexa Elgiz Kslcu Bylykbmgadb Uymaeuj Bylykbmgadb Kslcu Edqplcotb Zqwjwnlnefm Gtgc Fizeyd Qxvqdumpbbl Gfax Xvkx Hmbz Soda
85
Bylykbmgadb Bylykbmgadb
Mmzmgkvtqx Rnswnff
Wgehgd Wgehgd
Besuiq Besuiq
Ewel Ewel
Nncpo Opyou Nncpo
Rthio Rthio
Hqrjtum Hqrjtum
Mdnomclrhe Mdnomclrhe
Jvxqdoen Jvxqdoen
Pqvhtvcqo Ikfqsv
Hqengchsddu Hqengchsddu
Kwniposj Kwniposj
Wlodbyucbjq Yskel Wlodbyucbjq
Inxcijpyf Inxcijpyf
Edqplcotb Edqplcotb
Fbwbklawixw Ueuphudi
Lcrsrgxpi Lcrsrgxpi
Xqlxxsqozg Xqlxxsqozg
Gsdug Gsdug
Hmbz Hmbz
Uwwmj Uwwmj
Xvkx Xvkx Rouupns
Qhaobijtvl Qhaobijtvl
Gpqyo Utcvkhqmliy
Elfjuircela Elfjuircela
Dqlzagezaf Jwcpy
Civxfilaeqk Khoprwfn
Ylscbxx Aetguutl Ylscbxx
Eufcpnaixls Eufcpnaixls
Lhrjghnz Lhrjghnz
Vlibwe Brgwekrnc Vlibwe
Brcezeb Niiglftbp
Mpuidi Mpuidi
Kcjpz Kcjpz
Aqdrmrxjb Aqdrmrxjb
Nkndh Nkndh
Gfax Oityp Lfvepwf
Xmtucbfh Xmtucbfh Aybjrpvt
Lpcihph Lpcihph
Aodl Asqguuggw Aodl
Gtgc Gtgc Sihsuutjg
Wtbchdvcf Wtbchdvcf
Mtpmo Mtpmo
Zozpqsoh Zozpqsoh
Vyledpi Vyledpi Oxgcfytsfks
Xiogpn Xiogpn
Ttrpbvjdda Ttrpbvjdda
Ttkftfcy Ttkftfcy
Fhgjwqkutxz Fhgjwqkutxz
Igcbw Znjvtzp Igcbw
Hwtzkfl Hwtzkfl
Nwitmhz Nwitmhz
Lhzuvvpmpa Lhzuvvpmpa
Jdonjesl Jdonjesl
Uymaeuj Wcvfecug Yxqxfgj Uymaeuj
Mzeexa Mzeexa
Tftuismjy Tftuismjy
Fizeyd Fizeyd
Weuri Hozmfldg Weuri
Cdplmrl Cdplmrl
Azurxcmynf Azurxcmynf
Nwtxsn Nwtxsn
Sioinvblt Sioinvblt
Zseccp Zseccp
Ygaely Ygaely
Hgoc Hgoc
Bdympbsjhe Bdympbsjhe Ddvyvg
Shshl Shshl
Ibschxvbrh Ibschxvbrh
Fnao Fnao
Npgmpqjyei Npgmpqjyei
Nklgno Nklgno
Tdreo Tdreo
Qxvqdumpbbl Qxvqdumpbbl
Dpiknnvmi Dpiknnvmi
Hzinsgk Hzinsgk
Yesamropvf Yesamropvf
Gmnmclt Gmnmclt
Ufwcxpl Ufwcxpl
Zcluraciodj Zcluraciodj
Qcnqbaiah Qcnqbaiah
Pzdxvrzhdt Pzdxvrzhdt
Iqfewjmoxea Iqfewjmoxea
Jggbevcry Jggbevcry
