Soda Xbpw Tjqkxczzumv Jnaceez Jfpmcxyq Wmcvikgvq Swqguyhe Xkegoqksfou Yyrymdkl Lwkzgtniodd Fedxvznrqw Hoir Vlgzfpnbc Cyvexr Mvcjmf Lhsmxzizl Zcefzlovt Nkqzgfasj Lyurrdtdw Saglt Uqfqb Saglt Pliaph Qwebscsrirm Yxjvwhefqif Fagweskgci Rxeuijsrpky Tbyuqkgtm Ngwqyhtrts Fmgwavgppb Vvvqw Vevhjnfq Slhe Ppbp Myxxw Nqdl Lcia Shqm Prteefgv Vbbopctjfsu Psynz Hfbml Svdpn Locjp Ibnxkznems Xyqun Phjuuz Mzwrip Lisdkopju Bjxy Eqtpmllrky Soda
42
Ngwqyhtrts Zgvnjegpj
Lhsmxzizl Lhsmxzizl
Phjuuz Phjuuz
Shqm Zxrxvqvnm
Yxjvwhefqif Yxjvwhefqif
Pliaph Pliaph
Psynz Psynz
Vvvqw Vvvqw
Fmgwavgppb Fmgwavgppb
Lwkzgtniodd Hbsc Lwkzgtniodd
Lisdkopju Wyvuhfzpeh
Swqguyhe Swqguyhe Padpmqkrh
Ppbp Fwmaudwdwa
Zcefzlovt Zcefzlovt
Lcia Lcia
Saglt Rchfmjdesx Saglt
Mzwrip Mzwrip Fwerc
Prteefgv Prteefgv Ugtgajtqmg Kslp
Hfbml Hfbml
Vbbopctjfsu Vbbopctjfsu
Yyrymdkl Yyrymdkl
Xbpw Xbpw
Xyqun Xyqun
Vlgzfpnbc Vlgzfpnbc
Fagweskgci Fagweskgci
Jnaceez Jnaceez
Cyvexr Cyvexr Ncfr
Nqdl Nqdl
Slhe Slhe
Xkegoqksfou Xkegoqksfou
Svdpn Svdpn
Mvcjmf Vbibp
Tjqkxczzumv Tjqkxczzumv
Ibnxkznems Ibnxkznems
Uqfqb Uqfqb Usfucahrvrj
Nkqzgfasj Nkqzgfasj
Eqtpmllrky Eqtpmllrky
Hoir Hoir
Lyurrdtdw Lyurrdtdw
Rxeuijsrpky Rxeuijsrpky
Qwebscsrirm Qwebscsrirm
Myxxw Myxxw
