0 58 173 38 17 181 115 42 144 123 162 43 189 151 32 15 117 193 177 72 111 159 131 84 48 101 167 27 79 25 35 134 31 4 7 199 141 13 23 65 192 104 81 148 158 37 54 92 12 107 45 80 8 125 145 50 64 160 197 90 75 172 57 18 97 3 188 195 39 55 140 102 106 124 191 121 6 94 98 154 73 138 61 185 156 11 103 183 19 53 74 179 33 147 77 164 22 187 24 41 166 112 110 86 129 36 1 60 1 163 51 153 47 118 52 40 29 152 83 182 113 130 149 46 133 109 170 56 126 0
60
140 140
181 181
50 50
33 33
52 52
156 156
118 118
199 199
90 90
152 152
15 15
134 134
153 153
46 46
106 106
12 12
125 125
53 53
131 131
45 45
97 97
144 144
32 32
6 6
61 61
27 27
104 104
3 3
173 173
98 98
92 92
183 88
24 24
23 23
80 80
29 29
164 164
172 108
35 35
154 154
8 8
13 13
40 40
19 21
86 86
179 179
102 102
130 130
22 34
18 93
160 160
197 197
145 145
124 124
149 149
188 188
42 42
58 58
55 55
57 57
