<<<<<<< HEAD
0 73 80 7 66 6 67 17 87 45 97 35 28 23 19 77 96 90 29 3 30 82 69 46 40 25 54 13 60 98 61 36 37 14 0
29
73 64 73
=======
0 39 30 69 54 13 25 40 46 91 94 12 82 90 96 28 97 19 7 66 17 87 45 65 36 37 61 64 73 80 84 0
26
64 64
>>>>>>> 0dce2e103925a5c369eaa7d72c5d5fed25b20fef
13 13
87 87
82 82
37 37
30 30
17 17
96 96
7 7
<<<<<<< HEAD
77 77
=======
19 77 23 19
>>>>>>> 0dce2e103925a5c369eaa7d72c5d5fed25b20fef
46 46
97 97
90 90
25 25
<<<<<<< HEAD
23 23
40 40
6 11
19 19
35 35
67 67
=======
40 40
65 11 67
28 35 28
73 73
>>>>>>> 0dce2e103925a5c369eaa7d72c5d5fed25b20fef
69 69
36 36
54 54
61 61
<<<<<<< HEAD
28 28
0 0
80 80
66 66
3 3
=======
0 0
80 80
66 66
12 3
>>>>>>> 0dce2e103925a5c369eaa7d72c5d5fed25b20fef
