0 18 13 21 13 117 7 68 71 187 111 193 38 193 111 93 43 11 178 121 15 23 15 61 121 154 19 12 34 99 5 36 27 41 94 40 31 105 8 105 20 110 35 51 32 19 12 57 39 29 142 54 84 1 70 126 87 98 192 24 100 67 55 52 181 17 184 134 83 95 118 96 22 75 151 135 16 177 74 144 49 60 37 81 153 2 153 89 196 10 109 50 90 45 44 65 102 73 112 30 91 26 64 72 69 97 139 28 77 42 47 62 58 33 25 79 66 0
87
33 33
25 4 25
69 69
98 98 59
117 85
11 11
47 46 47
2 2
35 35
96 6 96
68 68
77 77
81 81
44 44
196 56
0 3 0
39 39 63 86
10 10
74 74
40 92 14 40
62 76 62
83 83
70 70
43 43
13 13
94 94
27 27
38 53 38
72 72
37 37
61 61 9
5 5
45 45
65 65
93 93
50 50
22 22
49 49
32 32
41 41
21 82 21
30 30
15 15
36 36
64 64
17 17
73 73
18 18
19 19
193 80
58 58
52 52
16 16
60 60
29 29
67 67
23 23
66 66
84 84
7 7
31 31
126 88
12 12
87 87
28 28
55 55
57 57
139 48
51 51
89 89
26 26
34 34
8 8
99 99
24 24
91 91
1 1
95 95
97 97
20 20
42 42
54 54
144 78
79 79
75 75
90 90
71 71
