0 24 54 118 160 103 160 66 81 69 149 96 84 96 11 112 11 182 29 109 40 44 49 142 88 142 192 194 60 105 124 130 154 167 106 18 12 17 62 19 196 39 6 61 104 100 162 157 55 107 99 14 91 128 82 91 144 189 87 97 146 170 64 20 155 122 28 79 98 120 191 7 180 176 92 176 180 176 57 139 75 158 86 2 30 150 174 184 74 111 90 4 156 166 198 166 178 179 178 102 86 94 132 185 121 89 26 25 67 138 186 161 95 24 0
76
0 0
2 2 114
4 4
6 6
87 8
160 10 160
12 12
14 14
11 16
18 18 42
20 20 70
69 22 38
24 24
26 26 152
28 28 76
30 30
128 32 128
88 34 88
29 36
40 40 72
44 44
139 46
103 48 52
192 50 192
54 54
92 56 68 92 140
104 58 104
60 60
62 62
64 64
66 66
74 74 190
90 78 90
191 80 172
82 82
84 84
86 86
94 94
96 96
98 98
100 100
102 102
106 106
89 108
180 110 180
112 112
91 116
118 118
120 120
122 122
124 124
162 126 162 168
130 130
132 132
198 134 198
186 136 186
138 138
142 142
144 144
146 146
19 148
150 150
154 154
156 156
158 158
61 164
166 166
170 170
174 174
176 176
178 178
182 182
184 184
179 188
194 194
196 196
