Soda Dwinelle LifeSciences Hildebrand Gilman MLK Insectary Hertz Blackwell Cory DoeLibrary Boalt KrutchTheater HaasPavilion Campbell Jacobs Haste Senior EdwardsStadium Simon Pitzer HearstMiningCircle Morgan Koshland McCone GreekTheatre LeConte Observatory BarkerHall Stanley Bechtel SproulPlaza MemorialStadium VLSB NorthGate McLaughlin Wheeler HearstFieldAnnex Foothill Bowles Moses Giannini ClarkKerr Stern Cheit Etcheverry Soda
45
Bechtel Bechtel
Boalt Boalt
Cheit Cheit
Cory Cory
Dwinelle Dwinelle
Etcheverry Etcheverry
Giannini Giannini
GreekTheatre GreekTheatre
Haste Haste
HearstMiningCircle HearstMiningCircle
LifeSciences LifeSciences
McLaughlin McLaughlin
Jacobs Jacobs
KrutchTheater KrutchTheater
Hildebrand Hildebrand
MLK MLK
Moses Moses
Observatory Observatory
Senior Senior
SproulPlaza SproulPlaza
Stern Stern
VLSB VLSB
Wheeler Wheeler
BarkerHall BarkerHall
Blackwell Blackwell
Campbell Campbell
Bowles Bowles
ClarkKerr ClarkKerr
DoeLibrary DoeLibrary
EdwardsStadium EdwardsStadium
Foothill Foothill
Gilman Gilman
HaasPavilion HaasPavilion
HearstFieldAnnex HearstFieldAnnex
Hertz Hertz
Insectary Insectary
Koshland Koshland
LeConte LeConte
McCone McCone
MemorialStadium MemorialStadium
Morgan Morgan
NorthGate NorthGate
Pitzer Pitzer
Simon Simon
Stanley Stanley
