199 24 10 151 197 141 117 67 34 98 34 67 103 81 16 198 138 198 16 145 130 120 32 84 185 129 47 93 47 129 185 160 51 77 105 133 91 133 105 77 51 160 185 129 47 46 131 46 72 193 31 193 92 43 81 103 197 28 158 71 2 27 19 70 134 166 44 5 48 5 39 29 7 177 79 38 83 55 3 55 164 96 174 40 174 96 164 55 94 62 183 62 171 136 171 62 15 62 183 52 102 113 25 190 25 113 1 113 102 64 194 159 80 45 80 45 104 85 99 139 181 20 61 57 11 114 59 21 88 176 54 176 189 95 189 176 54 150 54 26 142 146 142 49 0 49 163 156 119 156 74 192 58 192 74 156 86 14 66 14 86 14 162 22 63 22 162 14 86 65 76 106 42 23 177 103 197 147 123 147 123 50 101 50 101 13 148 157 115 171 62 94 55 94 62 171 167 171 62 183 87 149 172 197 151 10 24 10 151 10 24 199
86
0 0
1 1
2 2
3 3 18
119 4
5 5
72 6 72
7 7
98 8 98
96 9 96
10 10
11 11
91 12 91
13 13
14 14
15 15
16 16
163 17 75
19 19
20 20
21 21 73
22 22
23 23
24 24
25 25
26 26
27 27
28 28
29 29
138 30 89
31 31 97
32 32
40 33 40
34 34
159 35
47 36 47
145 37
38 38
39 39 90
157 41
42 42
43 43
44 44
45 45
46 46
48 48
49 49
50 50
51 51
52 52
134 53
54 54
55 55
93 56 93
57 57
58 58
59 59
164 60
61 61
62 62
63 63 68
64 64
65 65
66 66
67 67
190 69
70 70
71 71
74 74
76 76
77 77
167 78
79 79
80 80
81 81
199 82
83 83
84 84
85 85
86 86
87 87
88 88
92 92
94 94
95 95
99 99
