SusanneJohnBerrios DouglasRobertFerkovi RubyLelandCollard JuliaLindaGordon ClaudiaDavidTaylor JuanDebbieAllen MonteMonicaLum MattieBarbaraEkstrom DinahCatherineFaulkn MaryFrankieWomack GarryDavidKingery StephanieAaronWalker FernandoLindaWatson AntonioGeraldBaker LaquitaJohnBrunette RalphClydeMills DorothyDavidStromme JuliaMollieHernandez HarryNeilFranklin JorgeHeatherSamuels SpencerCourtneyBroth DougHelenHornbeck SusanneJohnBerrios
21
DouglasRobertFerkovi DouglasRobertFerkovi
DinahCatherineFaulkn DinahCatherineFaulkn
MonteMonicaLum MonteMonicaLum
DorothyDavidStromme DorothyDavidStromme
StephanieAaronWalker StephanieAaronWalker
JuliaMollieHernandez JuliaMollieHernandez
JorgeHeatherSamuels JorgeHeatherSamuels
RubyLelandCollard RubyLelandCollard
MattieBarbaraEkstrom MattieBarbaraEkstrom
RalphClydeMills RalphClydeMills
DougHelenHornbeck DougHelenHornbeck
JuliaLindaGordon JuliaLindaGordon
LaquitaJohnBrunette LaquitaJohnBrunette
FernandoLindaWatson FernandoLindaWatson
JuanDebbieAllen JuanDebbieAllen
AntonioGeraldBaker AntonioGeraldBaker
MaryFrankieWomack MaryFrankieWomack
HarryNeilFranklin HarryNeilFranklin
ClaudiaDavidTaylor ClaudiaDavidTaylor
SpencerCourtneyBroth SpencerCourtneyBroth
GarryDavidKingery GarryDavidKingery
