qgyqjgwlbh fnlmocuczk mrjqlvteat hyficezvgi smlsmfgyxa hqvifzhbmo lpopityrof uqsahbxduy cynraykzum sngqmldfxu fukxhmvtnm tdqzbpmftq bnfhxmjqzg feggaeevcb somaaudaxm hrbvyznkmd dzokhkbjld atkqvymdax rzgfaqookt gdtsmzpvig aruweadnpf yfvfzingng hpbkyqcejb kgewtltijq djtmyhmwnn wmeeitskjx sqlbmrxpwv bzcpozsody uyirsvqblu lgwqodunqt xpcqolcpnf ysndikwwgh sthbsdqlwm ntlhpzyidk sgizgtdhhn tvrzrioagg fdbzjhgcmh cddppqxsmb qlieaqyzel gqulqjeire czgfnbovhq stxmhuffri wegckoctcp ajjekwybql hnnlwliezo fwzkdpfinn npffaineub iznialmand bvwklxlwsa qgyqjgwlbh
46
uyirsvqblu uyirsvqblu
sqlbmrxpwv sqlbmrxpwv
sgizgtdhhn culutarzsm sgizgtdhhn
ajjekwybql ajjekwybql
hpbkyqcejb hpbkyqcejb
hrbvyznkmd hrbvyznkmd
ntlhpzyidk ntlhpzyidk
yfvfzingng yfvfzingng
aruweadnpf aruweadnpf
xpcqolcpnf xpcqolcpnf
cddppqxsmb cddppqxsmb
tvrzrioagg tvrzrioagg
gdtsmzpvig gdtsmzpvig
fnlmocuczk fnlmocuczk
hnnlwliezo hnnlwliezo
sngqmldfxu sngqmldfxu
bvwklxlwsa bvwklxlwsa
feggaeevcb feggaeevcb
hyficezvgi hyficezvgi
lgwqodunqt lgwqodunqt
bnfhxmjqzg bnfhxmjqzg
tdqzbpmftq tdqzbpmftq
uqsahbxduy kmwsevkfov
npffaineub npffaineub
sthbsdqlwm sthbsdqlwm
wegckoctcp wegckoctcp
kgewtltijq kgewtltijq
gqulqjeire gqulqjeire
wmeeitskjx wmeeitskjx
rzgfaqookt rzgfaqookt
iznialmand iznialmand
fwzkdpfinn fwzkdpfinn
dzokhkbjld vvurcgizpo
ysndikwwgh ysndikwwgh tjcamfqmxd
smlsmfgyxa smlsmfgyxa
atkqvymdax atkqvymdax
stxmhuffri stxmhuffri
cynraykzum cynraykzum
hqvifzhbmo hqvifzhbmo
djtmyhmwnn djtmyhmwnn
czgfnbovhq czgfnbovhq
somaaudaxm somaaudaxm
bzcpozsody bzcpozsody
qlieaqyzel qlieaqyzel
lpopityrof lpopityrof
fdbzjhgcmh fdbzjhgcmh
