node0 node1 node5 node4 node6 node1 node0 node7 node14 node21 node28 node35 node42 node49 node56 node57 node62 node60 node58 node56 node63 node70 node77 node84 node91 node98 node105 node112 node119 node126 node133 node140 node147 node148 node147 node140 node133 node126 node119 node112 node105 node107 node109 node108 node106 node105 node112 node113 node117 node116 node114 node112 node113 node112 node119 node126 node128 node130 node131 node127 node126 node133 node134 node133 node140 node147 node148 node153 node151 node149 node147 node140 node133 node134 node136 node137 node135 node133 node140 node141 node145 node144 node142 node140 node133 node126 node119 node120 node122 node123 node121 node119 node112 node105 node98 node91 node92 node91 node93 node95 node94 node92 node91 node84 node77 node70 node71 node70 node71 node75 node74 node72 node70 node63 node64 node66 node67 node65 node63 node56 node49 node42 node35 node28 node30 node32 node31 node29 node28 node35 node42 node49 node56 node63 node70 node77 node79 node81 node79 node77 node70 node63 node56 node49 node42 node35 node36 node38 node39 node41 node36 node35 node42 node49 node50 node55 node53 node51 node49 node42 node35 node28 node21 node22 node24 node25 node23 node21 node14 node15 node17 node18 node16 node14 node21 node28 node35 node42 node49 node50 node49 node42 node44 node46 node45 node43 node42 node49 node56 node63 node70 node77 node78 node77 node84 node85 node90 node88 node89 node85 node84 node91 node98 node99 node101 node102 node100 node98 node99 node98 node105 node106 node105 node107 node105 node112 node119 node126 node133 node140 node147 node154 node161 node168 node175 node182 node183 node188 node186 node184 node186 node187 node183 node182 node189 node190 node195 node193 node194 node190 node189 node182 node175 node176 node181 node179 node177 node175 node176 node175 node168 node169 node174 node172 node170 node168 node161 node162 node167 node165 node163 node161 node154 node155 node160 node158 node157 node155 node154 node161 node162 node161 node168 node169 node168 node175 node182 node189 node0 node7 node8 node10 node11 node9 node7 node0
61
node4 node3
node5 node5
node6 node6
node10 node10
node11 node12 node13
node17 node17
node18 node19 node20
node24 node24
node25 node26 node27
node31 node31
node32 node33 node34
node38 node38
node39 node40
node41 node41
node45 node45
node46 node47 node48
node53 node52 node54
node55 node55
node60 node59 node61
node62 node62
node66 node66
node67 node68 node69
node74 node73 node76
node75 node75
node81 node80 node82 node83
node88 node87
node89 node89
node90 node90
node94 node94
node95 node96 node97
node101 node101
node102 node103 node104
node108 node108
node109 node110 node111
node116 node115 node118
node117 node117
node122 node122
node123 node124 node125
node130 node129 node132
node131 node131
node136 node136
node137 node138 node139
node144 node143 node146
node145 node145
node151 node150 node152
node153 node153
node157 node157
node158 node159
node160 node160
node165 node164 node166
node167 node167
node172 node171 node173
node174 node174
node179 node178 node180
node181 node181
node186 node185
node187 node187
node188 node188
node193 node192
node194 node194
node195 node195
