Egsmith Barnton Ashbourne Sudwich Pemlow Watchcombe Wenbeck Brackbrough Stainby Wenwold Sudtree Flitgrove Chelmbeck Cookford Wychbourne Egavon Shaftbage Ashdown Farnsmith Wychsmith Wetwick Nortley Stainbrough Egtree Wychnell Burfield Wywick Wychbeck Staplake Penborne Shaftbridge Watchavon Alfchester Wenside Waltditch Egsmith
30
Staplake Staplake
Ashbourne Stapbeck Ashbourne
Wychnell Wychnell
Stainby Stainby
Wenside Wenside Burbourne
Wenwold Wenwold
Wychbourne Wychbourne
Stainbrough Stainbrough
Wetwick Wetwick
Farnsmith Farnsmith
Cookford Cookford
Wychsmith Wychsmith Chelmwang
Shaftbridge Shaftbridge
Flitgrove Flitgrove
Sudtree Leathermere Sudtree
Alfchester Alfchester
Wywick Wywick
Shaftbage Edgey Shaftbage
Nortley Nortley
Ashdown Ashdown
Wenbeck Wenbeck
Waltditch Waltditch
Chelmbeck Chelmbeck
Brackbrough Brackbrough
Penborne Penborne
Egtree Chelmden Egtree
Pemlow Pemlow
Wychbeck Wychbeck
Egavon Egavon
Barnton Barnton
