Chelmbourne Edgwich Staintree Elgrove Staflow Cleredon Wyhead Sodside Brainbridge Prestey Sudwich Enlow Maidenden Hartbage Barngrove Egborne Alfcastle Barnham Stapmoor Stapthorne Clerethorne Dartsted Edglow Shrivside Southmere Stainhall Whitover Stainside Enbage Flitham Shrivlow Barnden Rocktree Whitborough Rocktree Hurstworth Waltbrook Stafthorne Stapwell Alfby Leatherlow Bracklow Pemwood Stainfield Elside Whitavon Nortcastle Egcastle Melborne Pemwold Hornley Cookton Horncester Edgchester Wenwang Stapwold Marlton Alfwell Casford Wetborne Chelmbourne
50
Sudwich Sudwich
Wenwang Sudworth Wenwang
Elside Elside
Clerethorne Barnside
Brainbridge Brainbridge
Enbage Enbage
Hornley Hornley Durditch
Chelmbourne Shaftwich
Stapthorne Stapthorne
Stapmoor Stapmoor
Pemwood Pemwood
Hurstworth Hurstworth
Whitborough Whitborough Horndown
Sodside Sodside
Alfby Alfby Leatherlake
Edgwich Edgwich
Casford Casford
Southmere Southmere
Alfwell Aldhall Alfwell
Stainside Stainside
Flitham Flitham Kingsley
Waltbrook Waltbrook
Staflow Bursted Staflow
Edgchester Edgchester
Elgrove Elgrove Wenborough
Rocktree Cookbridge Rocktree
Whitover Whitover
Prestey Prestey
Bracklow Bracklow
Dartsted Dartsted
Shrivside Shrivside
Stainfield Wenden
Barnham Barnham
Hartbage Hartbage
Pemwold Pemwold
Shrivlow Shrivlow
Wyhead Wyhead
Horncester Horncester
Leatherlow Leatherlow
Egcastle Egcastle
Cleredon Cleredon
Stapwell Stapwell
Stainhall Stainhall
Cookton Cookton
Staintree Staintree
Barngrove Prestdon
Egborne Egborne
Whitavon Whitavon
Marlton Marlton
Enlow Enlow
