Wolney Horndleside Reddingringey Nortditch Sodditch Dartworth Brombrough Hamwich Hammensmith Rotsted Wendlethorne Ketthorne Southcompmere Nortmansford Bromwich Sodgrove Bromwich Stapseyden Alfford Stapseyden Sistanwick Boothingtree Sistanwick Prestlake Sistanwick Boothingtree Edgfield Hannensworth Watchsmith Ciworth Watchsmith Endlesthorne Boothingwick Rockdenport Hanbasside Bootherbersted Wendlerewick Dribbinglow Ribbendhead Toddlenell Blanavon Ennell Melwich Wolden Horslake Alfcastle Brackavon Wycombe Sundlecombe Chedcastle Basserchester Cannell Hampenchester Cannell Reddennell Camsreborough Braindlemere Endingey Ellensbrough Eggermoor Cheddenwang Sudhead Wencester Windlesseywang Pendlesbascastle Endcastle Whitwood Marlborne Waltling Marlborne Pendlesford Hannensbourne Pendlesford Whitborough Camhampton Emthorne Elmerdown Skelling Emmingwell Chilworth Wolbourne Handlemansey Wolbourne Braddlesreport Farnsmerbeck Braddlesreport Suddendmansavon Wolbourne Chilworth Wolbourne Braddlesreport Farnsmerbeck Hammingreport Camsmere Cirerdown Burglesbrook Soddlesbasbourne Cambensnell Soddlesbasbourne Eghampton Braddleswick Sismith Clereshot Worringcompgrove Clereshot Worringcompgrove Alddlesenbage Horndlehampton Kingscastle Horndlehampton Falrensavon Suddingney Toddleborne Kettenwell Sundlesborne Staindlemansavon Chilmermere Penswick Ketworth Ciringover Aldlow Cammertree Candleseyney Elsmith Sudderbage Camsted Sirengrove Worglesmernell Sodham Durrenslow Flitcompwold Sunsseybrook Camtree Reddlesley Chippingchester Ribblesremoor Skellerbury Rothensden Wychringden Ensdown Prestwood Chedwick Dribberbrough Melborne Camling Sudderwick Prestbridge Sudderwick Shaftport Falbaswood Siringbrook Leatherberlake Skellingbaswold Skellingmansgrove Egwich Tippenside Wolvingborne Cambenscombe Wolvingborne Chilhall Wolvingborne Tippenside Egwich Skellingmansgrove Skellingbaswold Siringbrook Falbaswood Chelmenthorne Shaftport Redside Shaftport Sudderwick Camling Melborne Camling Botbeck Camling Melborne Dribberbrough Chedwick Ensdown Worrerdown Ensdown Wychringden Rothensden Skellerbury Rothensden Endover Wychringden Rothenmere Wychringden Rothensden Skellerbury Ribblesremoor Chippingchester Hansside Chippingchester Ribblesremoor Chippingchester Reddlesley Canningwold Reddlesley Camtree Elmhall Camtree Tipencester Sunsseybrook Flitcompwold Bootbeck Durrenslow Sodham Durrenslow Sodham Shrivgrove Worglesmernell Toddlesmansmoor Worglesmernell Sirengrove Emseyworth Sirengrove Suddlescester Camsted Sudderbage Elsmith Candleseyney Reddlebershot Cammertree Stafey Cammertree Aldlow Endleston Aldlow Ciringover Ketworth Penswick Ketworth Ciringover Ketworth Tiphampton Penswick Chilmermere Pendnell Staindlemansavon Sundlesborne Tipmansover Sundlesborne Hammingdenden Kettenwell Toddleborne Hannerley Suddingney Falrensavon Chelmsbertree Falrensavon Suddingney Falrensavon Horndlehampton Alddlesenbage Sundingbourne Alddlesenbage Worringcompgrove Clereshot Sismith Braddleswick Sismith Braddleswick Soddlesbasbourne Burglesbrook Shaftshot Burglesbrook Camsmere Hammingreport Farnsmerbeck Braddlesreport Wolbourne Chilworth Eggermanscombe Chilworth Skelling Elmerdown Camhampton Whitborough Wolverbury Pendlesford Marlborne Endcastle Pendlesbascastle Windlesseywang Wencester Pemsdown Sudhead Chedderling Sudhead Cheddenwang Rothenrested Cheddenwang Eggermoor Ellensbrough Eggermoor Marlwich Eggermoor Ellensbrough Braindlemere Camsreborough Cannell Basserchester Hurstbeck Basserchester Chedcastle Sundlecombe Chedcastle Chipbasfield Chedcastle Sundlecombe Wycombe Brackavon Wycombe Brackavon Horslake Siling Horslake Wolden Elbage Wolden Ennell Blanavon Toddlenell Ribbendhead Dribbinglow Egavon Dribbinglow Wendlerewick Tippingrewick Wendlerewick Bootherbersted Hanbasside Rockdenport Boothingwick Rockdenport Hanbasside Bootherbersted Elmsbasbridge Wendlerewick Dribbinglow Rockenborough Ribbendhead Toddlenell Ribbendhead Dribbinglow Wendlerewick Bootherbersted Hanbasside Rockdenport Boothingwick Endlesthorne Chippingbeck Endlesthorne Watchsmith Hannensworth Skellingstoke Hannensworth Edgfield Boothingtree Sistanwick Stapseyden Bromwich Southcompmere Ketthorne Wendlethorne Rotsted Hamwich Botbaswich Hamwich Brombrough Cansford Brombrough Sodditch Nortditch Reddingringey Horndleside Reddingringey Sodden Reddingringey Horndleside Wolney
55
Wolney Braindlemoor
Sodden Sodden
Brombrough Brombrough
Hamwich Hamwich
Wendlethorne Chipcester
Bromwich Bromwich
Stapseyden Stapseyden
Boothingtree Reddingbourne
Watchsmith Watchsmith
Endlesthorne Endlesthorne
Rockdenport Hampenlake
Wendlerewick Wendlerewick
Dribbinglow Dribbinglow
Blanavon Egmanston
Wolden Wolden
Horslake Horslake
Sundlecombe Meley
Basserchester Basserchester
Cannell Cannell
Endingey Endingey
Cheddenwang Cheddenwang
Sudhead Sudhead
Pendlesbascastle Cirercompsted
Marlborne Marlborne
Pendlesford Pendlesford
Emthorne Emthorne
Chilworth Chilworth
Wolbourne Wolbourne
Farnsmerbeck Marlringlake
Burglesbrook Burglesbrook
Soddlesbasbourne Soddlesbasbourne
Clereshot Hammermere
Alddlesenbage Alddlesenbage
Horndlehampton Horndlehampton
Hannerley Hannerley
Sundlesborne Sundlesborne
Staindlemansavon Staindlemansavon
Tiphampton Tiphampton
Aldlow Aldlow
Cammertree Cammertree
Elsmith Suddendwell
Sirengrove Sirengrove
Worglesmernell Worglesmernell
Bootbeck Bootbeck
Camtree Camtree
Reddlesley Reddlesley
Ribblesremoor Worrersted
Wychringden Wychringden
Ensdown Ensdown
Melborne Emsbrook
Sudderwick Sudderwick
Shaftport Shaftport
Leatherberlake Leatherberlake
Skellingmansgrove Elringlow
Chilhall Chilhall
