Warfield Ketsmith Pendingbrook Ketsmith Whitchester Siringwang Chedtree Burglebrough Sudsmith Burglebrough Elcompbridge Southbasport Fulbourne Stainbrough Ciditch Chedderrenswich Cannerthorne Tipwick Ashborne Hamsling Hannenmanswick Hamsey Faldingney Falport Pendlewood Falport Cicombe Todtree Worhall Dribbingworth Worhall Barndberbrough Skellingden Dribblewick Windling Millendon Ashfield Suddlecombe Cambingstoke Wyborne Cammerrensmoor Suddleborne Skelling Hammerringey Chelmstanwell Brackcompwang Chilbury Warfield
38
Stainbrough Worberbrook Stainbrough
Falport Botherseyworth Falport
Wyborne Wyborne
Pendlewood Pendlewood Horstlescompstoke
Cambingstoke Cambingstoke
Suddlecombe Basringney Suddlecombe Chippingsted Ellingreham
Ashfield Ashfield Ketport
Dribbingworth Dribbingworth Leatherbleside Bastleseyham
Hammerringey Hammerringey
Skelling Skelling
Ashborne Ashborne
Chedtree Chedtree Suddleover
Tipwick Tipwick
Todtree Todtree
Cammerrensmoor Cammerrensmoor
Chelmstanwell Chelmstanwell
Warfield Warfield
Pendingbrook Pendingbrook Suddlecastle
Burglebrough Burglebrough
Siringwang Siringwang
Chedderrenswich Chedderrenswich
Brackcompwang Brackcompwang
Worhall Worhall
Cannerthorne Soddlewick
Skellingden Skellingden
Barndberbrough Barndberbrough
Southbasport Southbasport
Windling Windling
Millendon Millendon
Chilbury Chilbury
Whitchester Whitchester
Sudsmith Sudsmith Elmansham
Hamsling Hamsling
Cicombe Cicombe
Ciditch Northall
Suddleborne Suddleborne
Hannenmanswick Hannenmanswick
Elcompbridge Chiphead
