0 1 2 3 18 19 4 5 20 5 6 7 8 23 38 53 68 53 54 40 25 10 11 12 28 43 58 73 57 41 56 71 70 85 86 87 88 87 103 87 86 85 100 85 84 83 82 81 80 79 94 93 108 92 91 107 122 106 90 75 76 77 78 79 94 79 80 95 80 65 50 36 50 65 64 62 48 63 47 31 45 30 15 0
46
0 0
3 3
5 5
7 7
8 8
10 10
12 13
15 15
18 18
20 20 35
23 23
25 25
28 28
30 30
31 31 46
19 34
36 36 51
40 40
41 41 55
45 45
47 47
50 50
68 52 68
56 56
57 57
63 63
70 70
71 71
73 73
75 75
76 76
78 78
80 80
83 83
85 85
88 88
90 90 105
93 93
95 95 110 111
84 98
100 100 115 116
103 103 119
106 106 120 121
108 108 124
94 109
122 122
