0 103 170 146 114 63 155 70 19 85 99 13 48 106 199 105 81 59 60 83 40 97 128 134 191 127 109 165 109 25 100 10 133 125 141 4 14 178 193 186 180 135 81 121 20 130 12 184 128 168 156 141 60 197 186 118 17 118 115 99 3 175 163 161 145 160 22 118 64 74 72 99 85 136 146 129 1 183 139 18 11 85 99 68 37 68 99 115 31 94 86 181 196 66 82 179 8 166 8 39 8 26 196 123 8 26 190 48 51 111 149 111 51 150 51 167 117 107 159 107 159 42 84 65 143 33 138 35 9 35 149 111 149 62 50 80 53 154 116 32 116 6 153 110 154 102 108 120 116 56 116 174 113 77 182 45 96 67 47 29 95 52 122 27 185 122 92 182 49 0
88
84 173 89
179 179
83 83
116 75 116
160 160
6 6
103 103 28
156 156
25 25
14 14
17 17
178 178
64 64 58
185 185
109 109
48 48
32 32
196 196
121 121
111 126 111
35 24
114 91
26 26 176
166 166
184 184
186 186
133 133
39 151 39
182 182
180 180
120 120
163 194 163
9 9
65 65
159 159 87
138 138
4 4
42 42
108 108
12 12
193 193
106 106
175 175
22 22
67 67
110 44
113 98
81 81 78
125 125
77 77
49 49
50 157 50
100 100
18 18
51 51 79
97 36
130 130
70 70
197 197
20 20
117 117
139 139
102 102
191 137
10 10
153 38
60 104
85 85
96 96
134 134
128 128
19 19
31 31
155 155
168 168
149 149
170 170
63 63
27 27
135 69
29 119
145 145
74 74
47 47
95 95
146 146
199 199
99 99
