Plano SantaClara Amarillo Chandler Rochester Oakland Rochester Cary Clyde Sacramento Syracuse Dallas NewOrleans Domination Peoria Phoenix Salem SanBernardino Knoxville Brownsville Knoxville Madison Knoxville Lubbock Domination Peoria Savannah Oski Tempe Fullerton AthensClarkeCounty Oski SimiValley HuntingtonBeach Greensboro Surprise NewOrleans Hartford Worcester Syracuse LasVegas Vallejo Sacramento Clyde OklahomaCity Amarillo Irving SantaClara LongBeach Pasadena Norman MorenoValley Montgomery Mesa Charleston Memphis BatonRouge Atlanta Vancouver Beaumont Atlanta Oxnard Cleveland Denver Hayward Miramar CapeCoral BatonRouge OWO Chesapeake WinstonSalem Waco Ontario Omaha Garland Jackson AnnArbor Reno LouisvilleJefferson AnnArbor Frisco Clarksville Anchorage Philadelphia CedarRapids ElPaso SanAntonio NewHaven Davidson SanAntonio Raleigh FortWorth Hialeah Tampa ThousandOaks Tampa Laredo Shreveport Allentown Stamford Glasses Hollywood Escondido Akron LosAngeles ColoradoSprings Anaheim JerseyCity Pikachu FortWayne Lafayette Seattle Providence PembrokePines Lincoln Seattle Orlando Lancaster Elizabeth Columbia Fontana OverlandPark Glasses Modesto Killeen Allentown Stamford Allentown Killeen FortCollins Springfield Chicago Springfield Denton Gilbert Houston ChulaVista Spokane CorpusChristi SantaClarita Spokane Yonkers FortWorth SiouxFalls SantaAna Tulsa SantaAna Shreveport FortCollins SantaRosa Arlington McAllen GrandPrairie Palmdale Pomona Houston SanAntonio Salinas GardenGrove Salinas Chattanooga Salinas Oceanside Salinas Murfreesboro Frisco Clarksville Anchorage Thornton Joliet Thornton Lakewood Jackson FortLauderdale AnnArbor StLouis DesMoines Durham Lakewood Frisco Bridgeport FortLauderdale Norfolk Reno Omaha Albuquerque VirginiaBeach Waco Buffalo Miramar Memphis Washington Pasadena Cincinnati GrandRapids Irvine LittleRock Honolulu Tallahassee Cincinnati Olathe Miami Hampton Cary Gainesville Pasadena Sunnyvale Pasadena MorenoValley Paterson Abilene Tacoma Warren SanFrancisco SantaClara Rockford Riverside Plano
93
SanFrancisco SanFrancisco
SantaClara SantaClara
Charleston Charleston
FortCollins FortCollins
Cincinnati Cincinnati
Joliet Mesquite
Stamford Stamford
Hollywood Hollywood
Riverside Riverside
Omaha Omaha
GardenGrove GardenGrove
Beaumont Beaumont
Anaheim Anaheim
Brownsville Brownsville Corona
StLouis StLouis
Glasses SanJose Glasses
Gilbert Glendale
Elizabeth Elizabeth
Killeen Killeen
McAllen McAllen
LasVegas LasVegas
Ontario Ontario
Davidson Davidson
Norman Norman
Montgomery Montgomery
Garland Garland
Mesa Mesa
SantaRosa SantaRosa
AnnArbor AnnArbor
Lancaster Lancaster Torrance
Hartford Hartford Mobile
Escondido Escondido
Salinas Salinas
Tampa Tampa
Dallas Dallas
Hampton Hampton
Rockford Rockford
Arlington Portland
Warren Warren
Waco Wichita Waco
LittleRock LittleRock
SanBernardino SanBernardino
Raleigh Raleigh
Lincoln Lincoln
SiouxFalls SiouxFalls
Surprise Surprise
Allentown Allentown
Norfolk Norfolk
Houston Houston
Madison Fremont Madison
Greensboro Greensboro
SanAntonio SanAntonio
OWO OWO
Anchorage Anchorage
Chicago Chicago
Atlanta Atlanta
Cary Cary
Oxnard Oxnard
MorenoValley MorenoValley
Irving Irving
Vallejo Vallejo
LouisvilleJefferson LouisvilleJefferson
Thornton Thornton
Hayward Hayward
Miami Miami
Knoxville Knoxville
Denton Denton
ThousandOaks ThousandOaks
Pasadena Pasadena
JerseyCity JerseyCity
Fullerton AugustaRichmond
Denver Denver
Sunnyvale Sunnyvale
SimiValley SimiValley
FortLauderdale FortLauderdale
Laredo Laredo
SantaClarita SantaClarita
Olathe Olathe
Tulsa Tulsa
NewOrleans NewOrleans
Lafayette Lafayette Huntsville
OklahomaCity OklahomaCity
HuntingtonBeach HuntingtonBeach
Pomona Pomona
CorpusChristi CorpusChristi
Memphis Memphis
GrandPrairie GrandPrairie
Pikachu Pikachu
Vancouver Vancouver
Irvine Irvine
Worcester Worcester
Akron Akron
NewHaven NewHaven
