vLeODpVlYSBeYNDYoXha uyPyJzKFqWxgSNmpkDrB zxeoSbTqbWPpSzalAtBI MlwlINEFqmyzZNPXRLJF tVzUgXVoBYxBMnkkwFmk ZbyHJLmoTqNpTnlUVJZC aCucdhmWbhlrgfstQigR BXzACdzjLITNgbmDPlEu fvYrLpgzqLNOAQbahgax McOZQehrTygkGidmwyMe DWWCMAjZQQIEKOIiHFQN cZgmtoPGHxdozTaDMiyf TwgqMzgExFHTIfcwfBnr xQaDpDGAXhDYzSMnMWvb WCCOEUYmDvzZlrkDAqoi FEqXJcVrZfnSsHEUPhnl sdSgCnaZeeOuPKljZOSr sXfgLMwoysnMazVSWnhc fvEcAuRDdfuHEPLNpaTz fHcdXnOxSadpKeCUwNYm CmbFyJmcvVqyCmJgQxeI gMqbbwopmbxmOomqZjfm NAHeKyyhAObyyUEUSkSU ybrQlUhznqOhsvndWAbl ruLqpYqEzGGiKysvsarb AdXveYSBaneNwCQzrdSw QkAjrUUuVdzSMnlfJLcO NciLXNPTvMoXdbTDZmlg gIttwvzcgONwFblnGIqq gzxzakmqbxbsOczuQVLG wRjMmrpRuknxqunJrMAE DqUxIMslnixWfmkjQTmS ajvbaFpYiEBJySPsSLaI sBkAYRISjTYinLFSNcKW vGdJmIpYPUGRspXiVLdc fPxvnMVMFwhJbNBURdgD VhDSPHxolLkNxxDnpUyx jwIBHKkXHTPVsOJwBOsr QQSjCkgLAWAPObYQvNsB qbmGewAditsWkTFHdxjP LOMgYipCQQXQnRqEqRwO mlipOrSnGcxXtoXBbRyl mevvwcZLudaokctOWvKe iBYHAWUhqeQPjphQzpdN jzQJaGLLiuQLhhyqBagr iDucfyZGMCbCQbXjbQqM CfkBzkPETvagyIDCsLTD oCvaAQKOXXWgeSNnUmae OVoYVQPnlYoZBBKtyuLk CPszTohYUHARNedzFlDK pdXCnKagnvEntNTuPHdK biqCAetglYuANrTRzMiX vLeODpVlYSBeYNDYoXha
43
fPxvnMVMFwhJbNBURdgD fPxvnMVMFwhJbNBURdgD
TwgqMzgExFHTIfcwfBnr TwgqMzgExFHTIfcwfBnr
qbmGewAditsWkTFHdxjP cvlwIwajcIlbhZbyFgmq
tVzUgXVoBYxBMnkkwFmk tVzUgXVoBYxBMnkkwFmk
sBkAYRISjTYinLFSNcKW sBkAYRISjTYinLFSNcKW
DWWCMAjZQQIEKOIiHFQN DWWCMAjZQQIEKOIiHFQN
ajvbaFpYiEBJySPsSLaI fToHwimUqLsKcKLZHiUX
FEqXJcVrZfnSsHEUPhnl ASXwCgVTXDdhSXJwFovC
VhDSPHxolLkNxxDnpUyx VhDSPHxolLkNxxDnpUyx PLDOWRIeaCSVLMyDadzC
gzxzakmqbxbsOczuQVLG gzxzakmqbxbsOczuQVLG gEufXNuuWhnlbNYaoQFJ
AdXveYSBaneNwCQzrdSw AdXveYSBaneNwCQzrdSw
DqUxIMslnixWfmkjQTmS DqUxIMslnixWfmkjQTmS TqyFrXuGvuBuqnpYbjKc
aCucdhmWbhlrgfstQigR aCucdhmWbhlrgfstQigR
WCCOEUYmDvzZlrkDAqoi WCCOEUYmDvzZlrkDAqoi
jzQJaGLLiuQLhhyqBagr jzQJaGLLiuQLhhyqBagr
uyPyJzKFqWxgSNmpkDrB uyPyJzKFqWxgSNmpkDrB
MlwlINEFqmyzZNPXRLJF MlwlINEFqmyzZNPXRLJF
fvEcAuRDdfuHEPLNpaTz fvEcAuRDdfuHEPLNpaTz
iBYHAWUhqeQPjphQzpdN iBYHAWUhqeQPjphQzpdN
gMqbbwopmbxmOomqZjfm UgFPXEAdAfcfHGIbNTsq gMqbbwopmbxmOomqZjfm
wRjMmrpRuknxqunJrMAE iBjjCWwkYToOKfrrLnny
mlipOrSnGcxXtoXBbRyl NVEtShKeuxpaFIOiyVqE mlipOrSnGcxXtoXBbRyl
sXfgLMwoysnMazVSWnhc sXfgLMwoysnMazVSWnhc
iDucfyZGMCbCQbXjbQqM iDucfyZGMCbCQbXjbQqM
pdXCnKagnvEntNTuPHdK pdXCnKagnvEntNTuPHdK
NAHeKyyhAObyyUEUSkSU NAHeKyyhAObyyUEUSkSU
OVoYVQPnlYoZBBKtyuLk OVoYVQPnlYoZBBKtyuLk
gIttwvzcgONwFblnGIqq gIttwvzcgONwFblnGIqq
xQaDpDGAXhDYzSMnMWvb xQaDpDGAXhDYzSMnMWvb
jwIBHKkXHTPVsOJwBOsr jwIBHKkXHTPVsOJwBOsr
QQSjCkgLAWAPObYQvNsB RjKEHTlRvtaVBbyqZVAw QQSjCkgLAWAPObYQvNsB
zxeoSbTqbWPpSzalAtBI dyUDfEGgAoSshTRjMZZg zxeoSbTqbWPpSzalAtBI
CmbFyJmcvVqyCmJgQxeI CmbFyJmcvVqyCmJgQxeI
ruLqpYqEzGGiKysvsarb ruLqpYqEzGGiKysvsarb
cZgmtoPGHxdozTaDMiyf cZgmtoPGHxdozTaDMiyf
BXzACdzjLITNgbmDPlEu BXzACdzjLITNgbmDPlEu
CfkBzkPETvagyIDCsLTD CfkBzkPETvagyIDCsLTD
fHcdXnOxSadpKeCUwNYm fHcdXnOxSadpKeCUwNYm
ybrQlUhznqOhsvndWAbl ybrQlUhznqOhsvndWAbl
QkAjrUUuVdzSMnlfJLcO QkAjrUUuVdzSMnlfJLcO
mevvwcZLudaokctOWvKe FcEsyaTmqpoyvbDrHjlc
NciLXNPTvMoXdbTDZmlg NciLXNPTvMoXdbTDZmlg
CPszTohYUHARNedzFlDK CPszTohYUHARNedzFlDK
