lyenDXSN Lz2zTm YGlQfVj9 BMNlDfk8j64 luVwbYvIclTUxL5SnKV LdA KTvdjgP8tvhZu1m LMfJF3uF5T1mE7y SB3y6f6tUh lt1a5E0H llx2p rsx24rm 6yeW7sat9rvd 6DVIvuGfPs2BU Mu wBJRoqVxn1t 6yeW7sat9rvd cnYBED3IXb5fpZ pl4FvR luVwbYvIclTUxL5SnKV ktk7W 1ds7sqHhanMKkMy PZxwb8n s5vYb4jZWyq9Wl1 akZmiQ7tmX mMU5Ux7Gh9w 2FvJIR5cRPGGLqP VNvsbB7eWJcAK0fU 8LlDxR2Epx2J ATcHai3SBHuvmr frNA534JEvY4f K6yVeBnomxSBet o3refHnx4qioqHztqMYE 49JO1dg0kSXirC4 FLdC cYPTdnJWL JyObTOXbOI ImSpax GPeb tQCCGXS3bmOeuRG nWkakNi6Qt9d4g SO sAyhAIwP2OT77F2er zzYmU5YFhvp1 excLR25Y6DhCWxI s5vYb4jZWyq9Wl1 1ds7sqHhanMKkMy s6JxFNKQ JO9N0rYR9egCTahDaDOm DYfBQTocj V8N Vfe589mWfZoDleGgD cs0 wBJRoqVxn1t z vJxAK1LaHyuu4yFNeul KtvQaJqCJTRpXM8ZI s IT 4c Nro8QqD7 zR86cxoBR1iHZrBRq Nro8QqD7 9fLVojn mQZe td2wE wKxe A 2BK3B09h6iII Qocm7a8zSJz0xJ 4q56Ohva6NTLbWVwz Uq33lr5 E3J9WM6DT0Hetm4lXQFQ Nro8QqD7 g5rTdl PeQXpKEC tPnWG dOlk 4OPV7 eIy4pbuoWfucC 5TLmyf L STJYwXq9HmmawT yhhlTVr0wSq5W RG2YgH8N22A6BkFVBj fzp fWX RG2YgH8N22A6BkFVBj MEFvk 8WC96lJgiKzF0uPcak rjuIDs VgyX6hB uy3ouNIxumu7jEuoP1 Lg6vVK8maXvZ6YX aqo cHKeh1 wcmx8dhmsO FLdC b4e4 VqPxGiIZmFgz8XR DSCiFbOpP1bUCb G50hiUpVStHCMrd 2tgqbRzViyLj2zTX qyauMx3AEqGdHObLiiL a5oWSrhkZ1i 1BLIxJsmB2tIIyjdWfA a5oWSrhkZ1i f9euNCVEF2WwHc0CWSy5 nqeGwct PuHLBR9bv11yLyu f l HwQeXpOEZHQ3s hVfqebryM4wN a5oWSrhkZ1i 8tafV1bFRuaPvhP HwQeXpOEZHQ3s Iax35 uy3ouNIxumu7jEuoP1 MBLHuIgjJIXs uy3ouNIxumu7jEuoP1 2AR73oQdnbYqnDCGMFS EJDqk Plmj0j EJDqk K0A9bbVLm9atwTf thb6t42A0YG 7vYBrU9Z w5sd5 zI gNAsryh LLftB9CiFP0 D5kg NgQY7 m qdOugTsQERXKb12woNAZ fGVqheaVU3e A67f fGVqheaVU3e YjVTJewvHTIGLa thb6t42A0YG DcRHjg8DDY6vnwByRY KXiqhMJ 4MdwVqEIlp6vzohvUqY m NgQY7 CmV D dOlk BR WtgcpK6YcXk g5rTdl ejGARlqqTb uVkk2UHlyULVLBr3U lyenDXSN
39
G50hiUpVStHCMrd G50hiUpVStHCMrd
BR BR
E3J9WM6DT0Hetm4lXQFQ hU
MBLHuIgjJIXs MBLHuIgjJIXs
CmV CmV
frNA534JEvY4f frNA534JEvY4f
VNvsbB7eWJcAK0fU VNvsbB7eWJcAK0fU
a5oWSrhkZ1i hjCFXN9kbqn0UCNsZ
L L
nWkakNi6Qt9d4g nWkakNi6Qt9d4g
nqeGwct nqeGwct
l l
wBJRoqVxn1t wBJRoqVxn1t
zzYmU5YFhvp1 zzYmU5YFhvp1
lt1a5E0H lt1a5E0H
wcmx8dhmsO wcmx8dhmsO
GPeb GPeb
fWX vAIBd1Ae
akZmiQ7tmX akZmiQ7tmX
Mu Mu
K0A9bbVLm9atwTf K0A9bbVLm9atwTf
Plmj0j Plmj0j
6DVIvuGfPs2BU 6DVIvuGfPs2BU
ImSpax ImSpax
llx2p llx2p
zI zI 7Q
o3refHnx4qioqHztqMYE o3refHnx4qioqHztqMYE
hVfqebryM4wN hVfqebryM4wN
A67f A67f
vJxAK1LaHyuu4yFNeul vJxAK1LaHyuu4yFNeul
6yeW7sat9rvd 6yeW7sat9rvd
s5vYb4jZWyq9Wl1 jvdVvQ
fzp 61
f f
HwQeXpOEZHQ3s HwQeXpOEZHQ3s
cYPTdnJWL cYPTdnJWL
2AR73oQdnbYqnDCGMFS 2AR73oQdnbYqnDCGMFS
KtvQaJqCJTRpXM8ZI KtvQaJqCJTRpXM8ZI
1ds7sqHhanMKkMy M1PxrOPSNUVpc
