93 62 18 94 80 46 146 70 43 164 87 11 99 126 65 66 11 99 14 87 136 177 53 39 22 134 78 47 91 110 91 82 116 128 84 163 31 139 119 1 68 79 61 38 131 36 95 2 19 26 125 141 81 175 161 73 83 109 60 106 86 23 52 151 63 151 47 91 47 78 72 45 159 122 56 22 41 144 170 64 170 108 90 34 121 147 176 97 107 24 4 24 4 76 16 12 102 27 8 101 10 104 132 67 132 104 10 58 172 124 155 169 105 101 8 74 130 75 113 75 130 0 7 28 7 66 165 143 77 143 160 120 160 89 168 117 49 174 93
83
1 1
2 2
4 4
14 14
18 18 157
19 19 154
169 20 169
24 24
26 26
27 27
34 34
36 36
38 38
39 39
91 40 91
43 43
46 46
47 47
49 49
45 51
52 52
53 53
56 56
132 57
61 61
62 62
63 63
64 64 140
65 65
66 66
67 67
70 70
72 72
73 73
74 74 129
75 75
76 76
77 77
79 79
80 80
81 81
82 82
84 84
86 86
87 87
90 90
95 95
126 98
99 99
101 101
102 102
105 105
108 108
109 109
110 110
23 111
131 115 131
116 116
117 117
119 119
121 121
122 122
124 124
125 125
130 130
136 136
161 137 161
94 138
141 141
143 143
146 146
147 147
151 151
155 155
163 163
165 165
168 168
170 170
41 171
172 172
174 174
176 176
177 177
