6 195 188 186 182 186 188 181 180 181 174 167 166 167 165 161 165 167 160 158 160 153 146 145 146 139 132 125 124 122 124 121 124 125 132 131 132 130 132 139 138 135 138 139 137 139 146 153 152 153 151 153 160 159 160 167 174 172 174 181 188 195 193 195 6 13 20 13 12 10 12 9 12 13 20 19 20 27 25 27 34 33 34 32 29 32 34 27 26 27 20 18 15 18 20 13 11 8 11 13 6 195 188 181 174 167 160 153 146 139 132 125 118 111 109 106 109 111 104 97 90 83 82 83 76 69 62 61 62 69 62 55 54 55 53 50 53 55 48 46 43 46 42 46 48 41 39 35 39 36 39 41 40 38 40 41 48 47 48 55 54 52 54 51 54 55 53 49 53 55 62 60 62 61 59 61 62 69 76 74 76 83 90 97 96 97 104 103 100 103 104 111 118 117 114 117 118 116 118 111 109 111 104 97 90 83 82 80 82 79 82 83 90 97 95 92 95 97 104 97 90 89 90 88 90 97 104 111 118 125 132 139 146 153 160 167 174 173 170 173 171 173 174 181 179 176 179 181 188 186 183 186 188 195 6 13 11 13 6 4 0 4 1 4 6 195 193 189 193 195 6
66
6 6 2
1 1
10 10
12 12
11 11
19 19 17
18 18
27 27
25 25 22
33 31 30
32 32
38 38
41 41
39 39
47 44 47
43 43
50 50
51 51
53 53
61 61
60 60
62 62
69 64 69 65
76 76 75
74 74
83 83 77
80 80
90 90
89 87
88 88
96 96 94
95 91
103 101 103
100 100
111 110
106 106
109 105
116 116 112
117 115
124 124
125 120
122 122
131 128 129
130 126
138 136
137 134 133
146 140
145 145 142
152 150 149
151 148
158 155 154
160 160
165 165
166 166
161 161
174 174
172 172 169
179 179
180 177
181 181
182 182
188 184
186 186
195 194
189 189
193 190
