pace king guarantee due seize sunrise title shy nationalist dip joint demand cigarette tablet swear other approval mystery gate circulation output autonomy glasses tool dialogue prison solve tolerate forge vegetarian linger dough enhance legislation sign romantic straighten quality headline mature buffet exclusive class disclose skeleton understand paper deposit honor feature interactive throne imposter fortune page lake rob bitter respect financial voice pace
47
shy shy
swear swear
dough dough
demand pain demand
buffet buffet
linger linger
circulation circulation
class class
nationalist nationalist
tool tool
honor honor
prison prison
imposter imposter
guarantee guarantee
exclusive exclusive
other other
rob rob
sunrise sunrise
voice voice
forge winner
vegetarian vegetarian
tolerate tolerate
lake lake
headline headline
throne throne
seize seize
glasses glasses
paper paper
tablet tablet
legislation legislation
mystery enter mystery
enhance enhance thumb
quality quality
disclose injury
bitter bitter
dip dip
page page
understand figure
autonomy autonomy
dialogue likely
output output
cigarette cigarette
mature brake
financial financial
title title
king king
sign sign
