location1 location180 location179 location66 location69 location76 location77 location80 location83 location55 location56 location55 location58 location102 location99 location96 location95 location94 location97 location98 location101 location104 location107 location110 location111 location114 location117 location120 location123 location126 location125 location67 location64 location65 location62 location63 location60 location33 location34 location148 location145 location142 location139 location136 location137 location6 location3 location26 location23 location22 location19 location51 location177 location174 location171 location87 location86 location17 location14 location11 location50 location47 location45 location42 location43 location73 location74 location71 location169 location166 location163 location160 location157 location154 location151 location49 location133 location130 location2 location1
68
location1 location1
location3 location3
location2 location5
location6 location7 location9
location11 location11
location14 location13 location15 location81
location17 location17
location19 location19
location22 location21 location25
location23 location23
location26 location27 location29
location34 location31 location35 location37
location33 location33
location42 location39 location41
location43 location43
location45 location45
location47 location47
location49 location49
location51 location51
location50 location53
location55 location55
location56 location57 location59
location58 location61 location79
location63 location63
location65 location65
location67 location67
location69 location69
location71 location71
location73 location73
location60 location75
location77 location77
location83 location83
location86 location85 location89
location87 location87
location94 location91 location93
location95 location95
location97 location97
location99 location99
location101 location101
location102 location103 location105
location107 location107
location110 location109 location113
location111 location111
location114 location115
location117 location117
location120 location119 location121
location123 location123
location125 location125
location126 location127 location129
location130 location131
location133 location133
location136 location135
location137 location137
location139 location139
location142 location141 location143
location145 location145
location148 location147 location149
location151 location151
location154 location153 location155
location157 location157
location160 location159 location161
location163 location163
location166 location165 location167
location169 location169
location171 location171
location174 location173 location175
location177 location177
location179 location179
