Abbey Tanya Beatrice Lana Carlee Jamiya Avni Nora Liberty Kiera Helen Karma Yoselin Tara Jordin Mira Mckinley Lillie Kimberly Rayna Rebecca Marisol Shannon Haven Matilda Kristina Lisa Vivian Dana Sophia Maeve Alexia Ayanna Harley Eden Riley Kayley Lilia Isabella Presley Ruth Abbey
40
Alexia Alexia
Avni Avni
Ayanna Ayanna
Beatrice Beatrice
Carlee Carlee
Dana Dana
Eden Eden
Harley Harley
Haven Haven
Helen Helen
Isabella Isabella
Jamiya Jamiya
Jordin Jordin
Karma Karma
Kayley Kayley
Kiera Kiera
Kimberly Kimberly
Kristina Kristina
Lana Lana
Liberty Liberty
Lilia Lilia
Lillie Lillie
Lisa Lisa
Maeve Maeve
Marisol Marisol
Matilda Matilda
Mckinley Mckinley
Mira Mira
Nora Nora
Presley Presley
Rayna Rayna
Rebecca Rebecca
Riley Riley
Ruth Ruth
Shannon Shannon
Sophia Sophia
Tanya Tanya
Tara Tara
Vivian Vivian
Yoselin Yoselin
