Abbey Jasmin Chasity Matilda Mya Myah Dayami Avni Mireya Emilie Zara Lindsay Ashley Kiley Juliette Carly Brooklyn Neveah Alivia Sophia Kaley Ariel Sophie Melina Jade Carleigh Keyla Madilynn Claire Jillian Parker Aubree Jaden Kimberly Carlie Camilla Lainey Ciara Ingrid Leila Kristin Riley Iyana Jimena Lacey Kenzie Shyanne Alia Noelle Kaydence Alexia Janiya Dana Tara Emma Denisse Mira Diana Jamiya Aryana Taniyah Elianna Nia Bryanna Kira Alexus Imani Kiana Sharon Arielle Lilyana Zaria Gillian Kayden Mckayla Christine Laylah Haven Carlee Maggie Natalee Jazmyn Aniya Lucille Kristina Rylee Baylee Mckinley Lilia Zion Abbey
90
Abbey Abbey
Alexia Alexia
Alexus Alexus
Alia Alia
Alivia Alivia
Aniya Aniya
Ariel Ariel
Arielle Arielle
Aryana Aryana
Ashley Ashley
Aubree Aubree
Avni Avni
Baylee Baylee
Brooklyn Brooklyn
Bryanna Bryanna
Camilla Camilla
Carlee Carlee
Carleigh Carleigh
Carlie Carlie
Carly Carly
Chasity Chasity
Christine Christine
Ciara Ciara
Claire Claire
Dana Dana
Dayami Dayami
Denisse Denisse
Diana Diana
Elianna Elianna
Emilie Emilie
Emma Emma
Gillian Gillian
Haven Haven
Imani Imani
Ingrid Ingrid
Iyana Iyana
Jade Jade
Jaden Jaden
Jamiya Jamiya
Janiya Janiya
Jasmin Jasmin
Jazmyn Jazmyn
Jillian Jillian
Jimena Jimena
Juliette Juliette
Kaley Kaley
Kayden Kayden
Kaydence Kaydence
Kenzie Kenzie
Keyla Keyla
Kiana Kiana
Kiley Kiley
Kimberly Kimberly
Kira Kira
Kristin Kristin
Kristina Kristina
Lacey Lacey
Lainey Lainey
Laylah Laylah
Leila Leila
Lilia Lilia
Lilyana Lilyana
Lindsay Lindsay
Lucille Lucille
Madilynn Madilynn
Maggie Maggie
Matilda Matilda
Mckayla Mckayla
Mckinley Mckinley
Melina Melina
Mira Mira
Mireya Mireya
Mya Mya
Myah Myah
Natalee Natalee
Neveah Neveah
Nia Nia
Noelle Noelle
Parker Parker
Riley Riley
Rylee Rylee
Sharon Sharon
Shyanne Shyanne
Sophia Sophia
Sophie Sophie
Taniyah Taniyah
Tara Tara
Zara Zara
Zaria Zaria
Zion Zion
