108 69 7 51 101 49 170 54 78 140 1 83 139 183 147 52 125 122 197 137 197 11 193 39 146 92 196 84 182 148 191 117 24 114 142 99 28 181 167 156 118 113 184 154 0 103 26 127 81 174 188 35 153 144 132 81 45 127 26 5 103 136 134 186 177 189 56 82 71 57 96 90 53 37 64 112 120 138 36 79 46 61 17 67 13 44 21 128 55 143 121 30 160 195 105 4 2 75 110 77 129 23 6 48 34 178 130 85 68 95 50 179 157 15 107 38 31 133 63 158 21 66 108
88
188 188
7 7
39 39
67 67
99 99
48 48
54 54
114 114
129 129
37 37
148 176 148
57 57
174 19 174
95 95
153 153
26 26
121 121
191 100
142 142
184 184
137 137
46 46 32
63 63
64 64
35 14 35
112 126
186 186
24 24
117 117
56 151 56
118 118
11 11
181 181
61 61
78 78
81 81
66 66
69 69
44 44
34 34
144 144
110 110
68 68
156 187
128 128
136 136
157 157
23 23
107 107
182 182
134 134
13 13
17 17
79 79
138 138
45 45
1 1
83 83
49 49 109
38 190 38
75 75 150
197 197
139 65
77 77
140 140 43
82 82
31 31
36 36
133 133
15 15
5 5
179 179
96 96
120 120
84 84
130 130
167 167
177 177
71 71
85 85
193 73
28 28
53 53
92 92
146 146
143 143
170 170
101 101
