1 47 12 20 138 29 90 32 66 137 6 104 54 101 126 68 42 65 30 17 78 125 18 77 114 8 102 140 22 40 70 136 82 4 130 76 10 112 34 64 106 16 46 100 142 52 118 88 58 124 94 28 108 122 144 59 84 71 96 86 36 14 120 143 24 35 48 2 72 50 132 131 60 98 1
74
2 2
4 4
10 5 10 41 44 53 56 80 89 92 113 116 128
6 6
8 8
1 11 23 26 38 62 74 83 95 107 110 119 134
12 12
14 14
16 16
17 17
18 18
20 20
22 22
24 24
28 28
29 29
30 30
32 32
34 34
35 35
36 36
40 40
42 42
46 46
47 47
48 48
50 50
52 52
54 54
58 58
59 59
60 60
64 64
65 65
66 66
68 68
70 70
71 71
72 72
76 76
77 77
78 78
82 82
84 84
86 86
88 88
90 90
94 94
96 96
98 98
100 100
101 101
102 102
104 104
106 106
108 108
112 112
114 114
118 118
120 120
122 122
124 124
125 125
126 126
130 130
131 131
132 132
136 136
137 137
138 138
140 140
142 142
143 143
144 144
