1 2 5 4 3 2 1 6 7 6 9 8 6 1 168 169 170 171 168 1 100 101 102 103 139 103 104 105 102 101 100 1 64 66 64 1 22 24 23 22 1 72 73 74 72 1 68 69 68 1 76 77 78 79 80 81 79 78 77 76 1 14 1 118 119 118 1 176 177 178 179 178 177 176 1 172 174 173 172 1 164 1 114 1
30
3 3
4 4
5 5
7 7
8 8
9 9
1 11 12 13 19 20 21 28 30 53 54 55 57 58 59 61 62 63 107 108 109 111 112 113 123 124 125 128 130 153 154 155 157 158 159 161 162 163
14 15 16 17
23 23
24 24 25
64 65 67
66 66
69 69 70 71
73 73
74 74 75
78 78
80 80
103 103
104 104
105 105
114 115 116 117
119 119 120 121
164 165 166 167
169 169
170 170
171 171
173 173
174 174 175
178 178
179 180
