loc0 loc146 loc189 loc22 loc78 loc186 loc34 loc183 loc160 loc36 loc102 loc150 loc192 loc18 loc100 loc117 loc158 loc117 loc136 loc147 loc188 loc84 loc42 loc118 loc168 loc130 loc51 loc40 loc123 loc152 loc153 loc88 loc117 loc194 loc15 loc184 loc159 loc52 loc141 loc192 loc145 loc192 loc181 loc72 loc64 loc72 loc177 loc54 loc140 loc15 loc112 loc96 loc156 loc108 loc14 loc12 loc191 loc132 loc124 loc27 loc92 loc111 loc28 loc60 loc126 loc128 loc165 loc106 loc144 loc104 loc21 loc170 loc90 loc134 loc45 loc182 loc162 loc180 loc97 loc48 loc50 loc105 loc10 loc105 loc48 loc148 loc198 loc56 loc174 loc157 loc24 loc109 loc144 loc20 loc198 loc44 loc174 loc190 loc87 loc98 loc63 loc116 loc27 loc58 loc93 loc66 loc120 loc0
80
loc0 loc0
loc132 loc2 loc38 loc62 loc74 loc132
loc165 loc4
loc45 loc6 loc164
loc147 loc8 loc176
loc10 loc10
loc12 loc12
loc14 loc14
loc111 loc16
loc18 loc18 loc172 loc178
loc20 loc20
loc22 loc22
loc24 loc24 loc46
loc78 loc26 loc78
loc28 loc28
loc162 loc30 loc162
loc144 loc32 loc144
loc34 loc34
loc36 loc36 loc68 loc196
loc40 loc40
loc42 loc42 loc166
loc44 loc44
loc48 loc48
loc50 loc50
loc52 loc52
loc54 loc54
loc56 loc56
loc58 loc58
loc60 loc60
loc64 loc64
loc66 loc66
loc168 loc70 loc168
loc72 loc72
loc51 loc76
loc192 loc80 loc122 loc192
loc189 loc82
loc84 loc84
loc177 loc86 loc94 loc142
loc88 loc88
loc90 loc90
loc92 loc92
loc96 loc96
loc98 loc98
loc100 loc100
loc102 loc102
loc104 loc104
loc106 loc106
loc108 loc108
loc123 loc110
loc112 loc112
loc109 loc114
loc116 loc116
loc118 loc118
loc120 loc120
loc124 loc124
loc126 loc126
loc128 loc128
loc130 loc130
loc134 loc134
loc136 loc136
loc153 loc138
loc140 loc140
loc146 loc146
loc148 loc148
loc150 loc150
loc152 loc152
loc117 loc154
loc156 loc156
loc158 loc158
loc160 loc160
loc170 loc170
loc174 loc174
loc180 loc180
loc182 loc182
loc184 loc184
loc186 loc186
loc188 loc188
loc190 loc190
loc194 loc194
loc198 loc198
