0 1 2 12 22 31 41 51 62 63 73 64 53 43 42 51 61 70 80 81 82 71 72 83 93 84 74 75 76 86 95 94 105 114 104 103 102 101 110 120 110 111 122 123 133 124 125 126 127 116 107 108 109 99 98 89 88 98 109 119 118 129 139 149 158 169 178 188 189 199 198 197 196 186 187 177 168 158 157 147 146 155 154 164 153 152 151 161 160 150 140 130 131 132 143 144 154 165 166 167 176 175 174 184 183 182 172 163 153 144 134 135 136 137 127 116 106 96 87 77 68 67 56 55 54 45 46 47 48 37 38 39 29 18 9 8 17 16 26 15 5 4 13 24 33 32 31 22 21 20 10 0
99
53 53
125 125
186 186
86 86
31 31
152 152
154 154
114 114
61 61
20 20
130 130
196 196
160 160
80 80
108 108
127 127
29 29
22 22
99 99
77 77
12 12
101 101
82 82
15 15
103 103
2 2
178 178
155 155
64 64
21 21
188 188
122 122
158 158
9 9
33 33
132 132
51 51
71 71
16 16
123 123
39 39
68 68
139 139
95 95
146 146
147 147
5 5
164 164
149 149
166 166
175 175
18 18
151 151
4 4
76 76
167 167
87 87
83 83
189 189
118 118
182 181 182
73 73
153 153
8 8
120 120
184 184
81 81
129 129
133 133
26 26
17 17
105 105
140 140
111 111
48 48
165 165
150 150
43 43
42 42
45 45
94 94
37 37
70 70
98 98
104 104
107 107
199 199
198 198
96 96
161 161
116 116
102 102
24 24
183 183
187 187
72 72
89 89
176 176
67 67
