start e1 e18 e25 e15 e24 e12 e23 e10 e22 e8 e14 e7 start g4 g1 g4 start g6 g2 g5 start a5 a4 a1 a2 a3 start h6 h16 h17 h25 h3 h26 h2 start e3 e2 e20 e3 e5 start c3 c8 c9 c10 c13 c12 c11 c20 c36 c35 c36 c20 c21 c20 c36 c35 c31 c27 c32 c35 c36 c20 c11 c12 c9 c8 c3 c1 c2 c3 start f14 f9 f18 f19 f20 f10 f18 f9 f14 f13 f12 f13 f14 f8 f17 f16 f15 f5 f12 f11 start h4 start b16 b10 b9 b8 b7 b8 b2 b8 b9 b10 b16 b17 b18 b23 b27 b26 b27 b23 b18 b19 b20 b21 b20 b19 b18 b17 b16 b10 b11 b3 b11 b12 b13 b14 b13 b12 b11 b10 b16 start g9 g12 g8 g10 g11 g14 g19 g23 g19 g15 g20 g16 g13 g17 g21 g25 g21 g16 g12 g8 start g3 start d3 d4 d5 d6 d3 start
70
g1 g1
g2 g2
g3 g3
g4 g4
g5 g5
g6 g6 g7
g8 g8
g9 g9
g10 g10
g11 g11
g12 g12
g13 g13
g14 g14
g15 g15
g16 g16
g17 g17
g23 g18 g23
g19 g19 g24
g20 g20
g21 g21
g25 g22 g25
f11 f11
f12 f12
f13 f13
f14 f14
f15 f15
f16 f16
f17 f17
f18 f18
f19 f19
f20 f20
b7 b1
b2 b2
b3 b3
b12 b4
b13 b5
b14 b6
b21 b15 b25
b20 b24
b26 b26
c1 c1
c3 c5
c10 c10
c13 c13 c15
c20 c17
c21 c21 c23
c27 c26 c27
c31 c31 c33
start d1
d4 d4
d5 d5
a1 a1
a2 a2
a3 a3
a4 a4
a5 a5
e1 e19
e20 e20
e3 e21
e22 e22
e23 e23
e24 e24
e25 e25
h2 h9
h16 h13
h17 h17
h6 h18
h4 h22
h25 h24
h26 h26
