BU HF CA CY AA BG DJ DA EL AE CE CZ DI GA AM EH AX CO ES FR BK FI AH BY BF EV HH DQ GG DD GP BA DS GT EO FU DH DV DL CT FB AY CK BN CR DM DK GE DR EY ET HA AT CM HO GQ EK AV AN BZ CB GY CW FN EN DW FL BQ CX EQ AR CQ DZ FC HM FG BT FP AF FY DE GO AD CS CI HC EG CD BW HI BM BH FD CV DX DP HJ BE AP EC FS GH DU FF BU
94
DV DV
EC EC
AN AN
DR DR
BW BW
FD FD
CX CX
DK DK
EO EO
CE GN
FN FN
BU BU
FG FG
DE FW AQ DE
BK BK
HC HC
CT CT
EL EL
DQ DQ
DS DS
HJ HJ
BF BF
CM CM
CY CY
EG EG
CQ CQ DT
CD CD
CV CV
DJ DJ
AM GK
FF FF
AE AE
BZ BZ
EH EH
CB ER
DZ DZ
HI HG
HM HM HP
GY GY
DI DI
CK CK
CI CI
GA GA
EK EK
DM DM
GP GP
FR FR
CS CS
CZ CZ
FL FL
GQ GQ
AF AF
ET ET
DP DP
EQ EQ
BE BE GM
DL DL
BY BY
BM BM
AY AY
CO CO
AV AV
AT AT
AP AP
EN EN
HF HF
BH BH
FB FB
BN BN
FP FP
CA CA
FS FS
FI GS FI
GO GO
GH GH
CR CR
GT GT
DX DX
HH HH
AX AX
FU FU
EV EV
BA BA
CW CW
ES ES
GE GE
EY EY
BQ BQ
DD DD
FY FY
AR AR
DU DU
HA HA
BG BG
