Qatar Belgium SanMarino Guyana Gabon GuineaBissau Burundi Mongolia Morocco Armenia Mozambique Belarus CostaRica Angola Malta Lebanon Estonia Tuvalu RussianFederation Australia CzechRepublic UnitedKingdom Haiti Uzbekistan Peru Liberia Macedonia VaticanCity Georgia SaintLucia Danzig Senegal Tanzania Tunisia Montenegro UAE Kyrgyzstan Kosovo Egypt DemofChina Mali Tajikistan Singapore Nicaragua Albania France Andorra SierraLeone Qatar
48
Belarus Belarus
Peru Peru
Nicaragua Nicaragua
Gabon Gabon
Haiti Haiti
Tajikistan Tajikistan
Mongolia Mongolia Sweden
Danzig Danzig
Morocco Morocco
Liberia Liberia
UAE UAE
Armenia Armenia
Australia Australia
Estonia Estonia
Montenegro Montenegro
RussianFederation RussianFederation
Egypt Egypt
France France
CostaRica CostaRica
Senegal Senegal
SierraLeone SierraLeone
DemofChina DemofChina
Kosovo Kosovo
Qatar Netherlands America
UnitedKingdom UnitedKingdom
Macedonia Macedonia
Singapore Singapore
Mozambique Mozambique
Belgium Belgium
Angola Angola
Guyana Guyana
Tanzania Tanzania
Uzbekistan Uzbekistan
Mali Mali
SanMarino SanMarino
GuineaBissau GuineaBissau
Tunisia Tunisia
VaticanCity VaticanCity
Malta Malta
Lebanon Lebanon
Tuvalu Tuvalu
Albania Albania
Kyrgyzstan Kyrgyzstan
Burundi Burundi
Andorra Andorra
SaintLucia SaintLucia
Georgia Georgia
CzechRepublic CzechRepublic
