Albania SaudiArabia Newfoundland Qatar CapeVerde Grenada Vanuatu Laos Ukraine Burkina SriLanka UnitedKingdom TheGambia Liechtenstein Kosovo Panama Lesotho Tunisia Ethiopia Bhutan Seychelles Malaysia Hungary Cyprus Bahamas SierraLeone America SaoTomPrincipe Argentina Dominica CentralAfricanRep Andorra Togo Kiribati Algeria Pakistan Brazil PapuaNewGuinea Finland Norway Japan Latvia Cuba France Thailand Portugal RussianFederation IvoryCoast Belarus Bulgaria Niger Jamaica Kazakhstan Nepal Djibouti Mauritius Mauritania MountAthos Estonia Chile UAE Cambodia Mali VaticanCity Italy BosHerzegovina Rome Paraguay Philippines Tanzania Luxembourg Israel Poland Slovenia Rwanda Australia Yemen Comoros Germany Lithuania Guatemala Fiji Maldives Greece Suriname EquatorGuinea Burma NewZealand SolomonIslands Mongolia Serbia NorthKorea Romania Eritrea Switzerland SaintLucia Danzig Gabon Peru Venezuela SaintKitts Albania
100
Bahamas Bahamas
Malaysia Malaysia
Rome Rome
Burkina Burkina
SolomonIslands SolomonIslands
IvoryCoast IvoryCoast
BosHerzegovina BosHerzegovina
Andorra Andorra
VaticanCity VaticanCity
EquatorGuinea EquatorGuinea
Djibouti Djibouti
Mauritania Mauritania
Pakistan Pakistan
Bulgaria Bulgaria
Thailand Thailand
Nepal Nepal
Estonia Estonia
Italy Italy
Comoros Comoros
Kosovo Kosovo
Norway Norway
Algeria Algeria
Panama Panama
Eritrea Eritrea
Mongolia Mongolia
UnitedKingdom UnitedKingdom
Peru Peru
Mauritius Mauritius
Laos Laos
Luxembourg Luxembourg
Belarus Belarus
Paraguay Paraguay
America America
Brazil Brazil
MountAthos MountAthos
Dominica Dominica
Philippines Philippines
CapeVerde CapeVerde
Niger Niger
Latvia Latvia
Cyprus Cyprus
Burma Burma
SierraLeone SierraLeone
Kazakhstan Kazakhstan
Cambodia Cambodia
Japan Japan
Portugal Portugal
Danzig Danzig
Jamaica Jamaica
Tunisia Tunisia
Qatar Qatar
Argentina Argentina
Chile Chile
Tanzania Tanzania
Kiribati Kiribati
Germany Germany
Ukraine Ukraine
Australia Australia
Yemen Yemen
France France
Newfoundland Newfoundland
Slovenia Slovenia
Lesotho Lesotho
CentralAfricanRep CentralAfricanRep
Romania Romania
Bhutan Bhutan
Ethiopia Ethiopia
NorthKorea NorthKorea
SaintLucia SaintLucia
Gabon Gabon
Hungary Hungary
SaintKitts SaintKitts
Vanuatu Vanuatu
SaudiArabia SaudiArabia
Grenada Grenada
SaoTomPrincipe SaoTomPrincipe
Rwanda Rwanda
RussianFederation RussianFederation
Guatemala Guatemala
UAE UAE
SriLanka SriLanka
Cuba Cuba
Togo Togo
Poland Poland
Israel Israel
Switzerland Switzerland
Seychelles Seychelles
Venezuela Venezuela
NewZealand NewZealand
PapuaNewGuinea PapuaNewGuinea
Finland Finland
Mali Mali
TheGambia TheGambia
Greece Greece
Suriname Suriname
Liechtenstein Liechtenstein
Lithuania Lithuania
Serbia Serbia
Maldives Maldives
Fiji Fiji
