l0 h1 h19 h23 h32 h30 h21 h29 l30 h27 h18 h31 h2 h0 h49 h45 h11 h6 h42 h7 h3 h5 h24 h44 h25 h39 h46 l36 h41 h35 h34 h38 h15 h43 h17 l12 h36 l32 h47 h40 l13 l26 h26 h14 l15 h12 l0
40
h0 h0
h1 h1
h2 h2
h3 h3 h8
h6 h4 h6
h5 h5
h7 h7 h10
h11 h9 h11
h12 h12 h13
h14 h14
h15 h15
l12 h16
h17 h17 h37
h18 h18
h19 h19
h30 h20 h30 h48
h21 h21 h22
h23 h23
h24 h24
h25 h25
h26 h26
h27 h27
l30 h28
h29 h29
h31 h31
h32 h32
h47 h33 h47
h34 h34
h35 h35
h36 h36
h38 h38
h39 h39
h40 h40
h41 h41
h42 h42
h43 h43
h44 h44
h45 h45
h46 h46
h49 h49
