IIII1I1 II1I1Il I1I1111 IIllIl1 IlllI11 lIIIllI 1IlII1I IIlIlI1 I1I111I lll1lII 1lIIl11 1lI11l1 1IIlIIl II111I1 11IIl1I IIII1ll l1IlIII III1lII l1IlIl1 11lI11I IIlIIII IIIlI1l lIlllll IIIllll IIII1I1
23
I1I111I I1I111I
lIlllll lIlllll
1lI11l1 1lI11l1 lI11l1l
l1IlIII l1IlIII
1IIlIIl 1IIlIIl
1lIIl11 11I1lll
l1IlIl1 l1IlIl1
11IIl1I 11IIl1I
IIIllll 11I1Ill
IIIlI1l lI1l1II
lll1lII I11IIlI lII1I11
IIllIl1 IIllIl1
11lI11I 11lI11I
IIII1ll IIII1ll
lIIIllI lIIIllI
1IlII1I 1IlII1I
I1I1111 I1I1111
II111I1 II111I1
IIlIIII IIlIIII
III1lII III1lII
IlllI11 IlllI11
II1I1Il II1I1Il
IIlIlI1 IIlIlI1
