oUyBZvEHNPOWtAsHANHU XZRBuctXhYPbWardFSZS CcspnGXfrmzZRWjdMjLd rqqedkokePZFdhDbMNpX IuNNJvHSmYKpVBzmzuJX znYRMYifzQwyixuIXDnz DsLevMWgWFWOQXFMbaQy PojKKQvEDmFOnJinujFi hpQFeVriPZmwKZcYFAWN NBTlGJqSnWahMvuDlXAm ikjgYLaZRolSrbIYyKBd tItiZloipgPmLuONrNnZ JKNUHFrXPStBWMuUOVkj QFaSXENOfunmdZIBqDsS eWVKeYegIFOJxvfRkjek OWCblOtQanZakRLMqMxz VVzvLIOwARaWwhQTKPrx eqwycKZriorIAbsUBjxu hNRcEeFjmsmOnuOdNAXl eWGFHgdBASXJbxQbYrCG oUyBZvEHNPOWtAsHANHU
20
VVzvLIOwARaWwhQTKPrx VVzvLIOwARaWwhQTKPrx
hNRcEeFjmsmOnuOdNAXl hNRcEeFjmsmOnuOdNAXl
JKNUHFrXPStBWMuUOVkj JKNUHFrXPStBWMuUOVkj CCYBPFZgoOONzoEeTKzC
eqwycKZriorIAbsUBjxu MeohNnftDTzllMTGwxnG eqwycKZriorIAbsUBjxu
QFaSXENOfunmdZIBqDsS lPMfQyVLDIZczBuDgsVQ UMfDYlvFlUVuogMRkWNG
rqqedkokePZFdhDbMNpX IUJDEWwYxhQimsCqnrFH
eWGFHgdBASXJbxQbYrCG eWGFHgdBASXJbxQbYrCG
IuNNJvHSmYKpVBzmzuJX NVPacTSrBMpDkMBotiWB IuNNJvHSmYKpVBzmzuJX
znYRMYifzQwyixuIXDnz znYRMYifzQwyixuIXDnz
NBTlGJqSnWahMvuDlXAm NBTlGJqSnWahMvuDlXAm
tItiZloipgPmLuONrNnZ cAvnOxZJtanpVvcAxJHM
CcspnGXfrmzZRWjdMjLd CcspnGXfrmzZRWjdMjLd oMKDNkBacLxexXKHqXfF
eWVKeYegIFOJxvfRkjek eWVKeYegIFOJxvfRkjek
XZRBuctXhYPbWardFSZS QMnEKXGwZYUlreveNjwA
ikjgYLaZRolSrbIYyKBd CXrruomvXfADUrHxMwZi
PojKKQvEDmFOnJinujFi PojKKQvEDmFOnJinujFi
DsLevMWgWFWOQXFMbaQy gUlgGYCPZjsRiFLqnVun
OWCblOtQanZakRLMqMxz OWCblOtQanZakRLMqMxz
oUyBZvEHNPOWtAsHANHU oUyBZvEHNPOWtAsHANHU
hpQFeVriPZmwKZcYFAWN hpQFeVriPZmwKZcYFAWN
