129 137 124 92 179 76 49 162 119 64 71 90 25 46 2 4 157 110 154 196 37 160 200 170 101 170 73 170 121 192 103 123 89 68 95 11 96 7 19 139 19 43 72 21 72 79 112 61 69 167 109 184 85 133 106 181 8 181 32 145 99 31 88 1 88 31 99 129
46
1 1
4 4
7 7
92 10 13 22 28 100 118 166
137 16
19 19
25 25
31 31
109 34 109
37 37
90 40 91
43 43
46 46
49 49
101 52 97 148
2 55
170 58
61 61
64 64
21 67 151 190
96 70
73 73 136
76 76
79 79
145 82 145
85 85
88 88 115 127
119 94 163
103 103
106 106 178
112 112
121 121
124 124
167 130
133 133
139 139
8 142
154 154 193
157 157
160 160
181 169 181
89 172
192 175
184 184
32 187
196 196
