FacultyClub IRLE Cheit Wheeler Investigative AndersenAuditorium MelvinLaboratory Morrison Stephens Campbell Spieker OBrien Koshland FPF StowPlaza Birge AnthropologyLibrary AquaticCenter Hilgard BioscienceLibrary MediaCenter ArtHistoryLibrary BancroftDance NewspapersLibrary EnergyBuilding McCone InternationalHouse Davis Bechtel MLK SpringerGateway Hildebrand DonnerLaboratory SocialLibrary MLK CITRIS BrainImagingCenter FoxCottage BerkeleyWayWest Pimentel Unit3 Manville Latimer SutardjaDai BanwayBuilding PacificFilmArchive TAAP StudentUnion EarthLibrary CesarChavez FoundersRock NorthGate OptometryLibrary Library UniversityHouse SproulPlaza MartinezCommons Durham EarthquakeLibrary FacultyClub
46
FacultyClub FacultyClub
BioscienceLibrary BioscienceLibrary
SutardjaDai SutardjaDai
MLK Etcheverry
SproulPlaza SproulPlaza
Hilgard Hilgard
StudentUnion StudentUnion
EarthquakeLibrary EarthquakeLibrary
UniversityHouse UniversityHouse
NewspapersLibrary LawrenceofScience NewspapersLibrary
Pimentel Pimentel
Latimer Mulford
StowPlaza CareerCenter StowPlaza
Davis HearstGym
Durham Durham
OBrien OBrien
Library Library
Spieker Spieker
FPF FPF
PacificFilmArchive PacificFilmArchive Warren
BrainImagingCenter BrainImagingCenter
Morrison Morrison
Wheeler Wheeler
Cheit Cheit
Manville Manville
Koshland Koshland
BerkeleyWayWest Jacobs
Investigative Investigative
EarthLibrary EarthLibrary
EnergyBuilding EnergyBuilding
MediaCenter MediaCenter
MartinezCommons MartinezCommons
MelvinLaboratory MelvinLaboratory
BancroftDance BancroftDance
AndersenAuditorium AndersenAuditorium
Unit3 Unit3
AnthropologyLibrary AnthropologyLibrary Sproul
Stephens Stephens
InternationalHouse InternationalHouse
OptometryLibrary OptometryLibrary
IRLE IRLE
SpringerGateway SpringerGateway
DonnerLaboratory DonnerLaboratory
ArtHistoryLibrary ArtHistoryLibrary
Birge Birge
CITRIS CITRIS
