FacultyClub EarthquakeLibrary Morrison Spieker CITRIS BerkeleyLawLibrary Sproul BanwayBuilding Zellerbach Hildebrand Mulford PhilosophyLibrary Cleary BancroftDance South Extension EllsworthParking MathLibrary Koshland LawSchool McCone ArtHistoryLibrary EastGate AlumniHouse Durham Boalt SatherGate MSRI Bowles HearstFieldAnnex NewspapersLibrary GoldmanSchool HearstFountain Jacobs InsectaryGreenhouse SEAsianLibrary FoundersRock EngineeringLibrary LatinAmerican NatrLaboratory FSM Warren UniversityHouse CesarChavez Durant Haas GraduateServices BerkeleyWayWest Unit3 RegionalLibrary BioscienceLibrary OptometryLibrary Stanley Barker PacificFilmArchive Demography Tan Eshleman SharedServices SpaceLab MoffittLibrary EnergyBuilding Birge OBrien Stephens Campbell LeConte SpringerGateway IRLE RecreationalSports DoeMemorialLibrary Classof54Gate CounselingLibrary DataLab Simon IdaHouse Wellman LiKaShingCenter TheologicalLibrary CareerCenter VLSBAddition ChildCenter Blum JuliaMorgan AndersenAuditorium Latimer Wurster FoxCottage TennisCenter Davis SimpsonCenter MaxwellField BancroftParking Senior EthnicLibrary MelvinLaboratory Foothill HearstGreekTheatre StowPlaza StudentUnion AnthropologyLibrary LawrenceofScience MusicLibrary MediaCenter DonnerLaboratory InnovationStudio Investigative ChanningBowditch LudwigsFountain ChildStudyCenter SproulPlaza Etcheverry Underhill LowerHearstParking TheGlade Manville TAAP EarthLibrary NorthGate Pimentel PhysicsLibrary EastAsianLibrary HealthServices FPF SutardjaDai BancroftLibrary Library BrainImagingCenter WooHonFai Bechtel AquaticCenter Campanile SocialLibrary MLK FacultyClub
91
FacultyClub FacultyClub
BioscienceLibrary BioscienceLibrary
SutardjaDai SutardjaDai
Etcheverry Etcheverry
SproulPlaza SproulPlaza
DonnerLaboratory Hilgard DonnerLaboratory
StudentUnion StudentUnion
EarthquakeLibrary EarthquakeLibrary
UniversityHouse UniversityHouse
LawrenceofScience LawrenceofScience
Pimentel Pimentel HearstGym
Mulford Mulford
CareerCenter CareerCenter Wheeler
Durham Durham
OBrien OBrien
Library Library
Spieker Spieker
FPF FPF
PacificFilmArchive PacificFilmArchive Cheit MartinezCommons
BrainImagingCenter BrainImagingCenter
Morrison Morrison
Manville Manville
Koshland Koshland
Jacobs Jacobs
Investigative Investigative
EarthLibrary EarthLibrary
EnergyBuilding EnergyBuilding
MediaCenter MediaCenter UpperHearstParking
StowPlaza StowPlaza
MelvinLaboratory MelvinLaboratory
BancroftDance BancroftDance Giauque
AndersenAuditorium AndersenAuditorium
Unit3 Unit3
AnthropologyLibrary AnthropologyLibrary
Stephens Stephens
Davis InternationalHouse Davis
OptometryLibrary OptometryLibrary
IRLE IRLE
SpringerGateway SpringerGateway
ArtHistoryLibrary ArtHistoryLibrary
Sproul Sproul
Birge Birge
CITRIS CITRIS
NewspapersLibrary NewspapersLibrary
Warren Warren
PhysicsLibrary PhysicsLibrary
CesarChavez CesarChavez
BerkeleyWayWest BerkeleyWayWest
MSRI MSRI
HealthServices HealthServices
WooHonFai WooHonFai
TAAP TAAP
MathLibrary MathLibrary
AquaticCenter AquaticCenter
EastAsianLibrary Evans EastAsianLibrary
BancroftLibrary BancroftLibrary
HearstFieldAnnex HearstFieldAnnex
HearstFountain HearstFountain
BerkeleyLawLibrary BerkeleyLawLibrary
Underhill Underhill
Campbell Campbell
NorthGate NorthGate
AlumniHouse AlumniHouse
Bowles Bowles
Wellman Wellman
GoldmanSchool VLSB
Senior Senior
Stanley Stanley
SocialLibrary SocialLibrary
SimpsonCenter SimpsonCenter
EthnicLibrary EthnicLibrary
FoxCottage FoxCottage
Hildebrand Hildebrand
MaxwellField MaxwellField
SEAsianLibrary SEAsianLibrary
IdaHouse IdaHouse
Bechtel Bechtel
BanwayBuilding BanwayBuilding
EngineeringLibrary EngineeringLibrary
Durant Durant
SpaceLab Soda
McCone McCone
LatinAmerican LatinAmerican
Tan VisualCenter
LawSchool LawSchool
LeConte LeConte
HearstGreekTheatre HearstGreekTheatre
MLK MLK
Boalt Boalt
Latimer Latimer
FoundersRock FoundersRock
