FacultyClub EarthquakeLibrary Chou MemorialStadium InnovationStudio Hilgard DonnerLaboratory MediaCenter Campanile Minor Moses UniversityHouse Warren EngineeringLibrary FoundersRock BerkeleyWayWest HaasClubhouse AlumniHouse ArtHistoryLibrary Durham WomensFacultyClub Unit3 LatinAmerican SEAsianLibrary Soda LiKaShingCenter IdaHouse Stephens Classof54Gate CounselingLibrary IRLE SpringerGateway BAMPFA BancroftDance Cleary Hildebrand MathLibrary Koshland LawSchool Boalt McCone HearstFieldAnnex NewspapersLibrary AnthropologyLibrary StudentUnion LawrenceofScience SproulPlaza Etcheverry Underhill TAAP Manville SocialLibrary BrainImagingCenter WooHonFai Bechtel Bowles AquaticCenter MSRI LawSchool Mulford South Campbell LeConte CounselingLibrary DoeMemorialLibrary Birge Simon Wellman EnergyBuilding Wheeler CareerCenter VLSBAddition Haas FSM Durant OxfordResearchUnit CesarChavez MartinezCommons Demography VisualCenter PublicAffairs Haviland CITRIS BerkeleyLawLibrary BanwayBuilding Sproul Morrison Spieker OldArtGallery Kroeber Cal1CardOffice ClarkKerrCampus HearstMining EllsworthParking BancroftParking Cheit PacificFilmArchive MaxwellField SummerSession Latimer SimpsonCenter FoxCottage Davis AnnaHeadAlumnae StowPlaza HearstGreekTheatre UCBExtension Architects GoldmanSchool Jacobs BioscienceLibrary HearstFountain Stanley VLSB Senior EthnicLibrary MelvinLaboratory LowerHearstParking EarthLibrary NorthGate Pimentel HearstGym Pimentel McLaughlin EastAsianLibrary HealthServices FPF Library BancroftLibrary SutardjaDai MLK FacultyClub
92
FacultyClub FacultyClub
BioscienceLibrary BioscienceLibrary
SutardjaDai SutardjaDai
Etcheverry Etcheverry
SproulPlaza SproulPlaza
Hilgard Hilgard
StudentUnion StudentUnion
EarthquakeLibrary EarthquakeLibrary
UniversityHouse UniversityHouse
LawrenceofScience LawrenceofScience
Pimentel Pimentel
Mulford Mulford
CareerCenter CareerCenter
HearstGym HearstGym
Durham Durham
Stephens OBrien Stephens
Library Library
Spieker Spieker
FPF FPF
PacificFilmArchive PacificFilmArchive
BrainImagingCenter BrainImagingCenter
Morrison Morrison
Wheeler Wheeler
Cheit Cheit
Manville Manville
Koshland Koshland
Jacobs Jacobs OptometryLibrary
MelvinLaboratory Investigative MelvinLaboratory
EarthLibrary EarthLibrary
EnergyBuilding EnergyBuilding
MediaCenter MediaCenter UpperHearstParking
StowPlaza StowPlaza
MartinezCommons MartinezCommons
BancroftDance BancroftDance Giauque
VisualCenter AndersenAuditorium VisualCenter
Unit3 Unit3
AnthropologyLibrary AnthropologyLibrary
Davis InternationalHouse Davis
IRLE IRLE
SpringerGateway SpringerGateway
DonnerLaboratory DonnerLaboratory
ArtHistoryLibrary ArtHistoryLibrary
Sproul Sproul
Birge Birge
CITRIS CITRIS
NewspapersLibrary NewspapersLibrary
Warren Warren
McLaughlin PhysicsLibrary
CesarChavez CesarChavez
BerkeleyWayWest BerkeleyWayWest
MSRI MSRI
HealthServices HealthServices
WooHonFai WooHonFai
TAAP TAAP
MathLibrary MathLibrary
AquaticCenter AquaticCenter
EastAsianLibrary Evans EastAsianLibrary
BancroftLibrary BancroftLibrary
HearstFieldAnnex HearstFieldAnnex
HearstFountain HearstFountain
BerkeleyLawLibrary BerkeleyLawLibrary
Underhill Underhill
Campbell Campbell
NorthGate NorthGate
AlumniHouse AlumniHouse
Bowles Bowles
Wellman Wellman
VLSB VLSB
Senior Senior
Stanley Stanley
SocialLibrary SocialLibrary
SimpsonCenter SimpsonCenter
EthnicLibrary EthnicLibrary
FoxCottage FoxCottage
Hildebrand Hildebrand
MaxwellField MaxwellField
SEAsianLibrary SEAsianLibrary
IdaHouse IdaHouse
Bechtel Bechtel
BanwayBuilding BanwayBuilding
EngineeringLibrary EngineeringLibrary
Durant Durant
Soda Soda
McCone McCone
LatinAmerican LatinAmerican
LawSchool LawSchool
LeConte LeConte
HearstGreekTheatre HearstGreekTheatre
MLK MLK
Boalt Boalt
Latimer Latimer
FoundersRock FoundersRock
