1 15 2 61 93 9 71 39 179 101 167 67 41 16 21 53 95 42 95 53 55 27 145 8 99 149 78 57 35 65 54 10 157 111 91 104 23 107 87 32 144 85 33 59 44 88 11 82 52 94 164 86 50 17 58 161 69 68 69 30 69 13 66 90 63 22 14 89 48 26 114 37 24 97 92 28 84 100 18 176 96 5 125 81 4 25 77 139 198 187 45 20 80 36 150 31 7 1
81
2 2
78 3 78
4 4
5 5
53 6 53
7 7
8 8
9 9
10 10
11 11
16 12 16 46
13 13
14 14
15 15
17 17
18 18
161 19
20 20
21 21
22 22
23 23
24 24
25 25
26 26
27 27
28 28
33 29 33
30 30
31 31
32 32
88 34 88
35 35
36 36
37 37
61 38 61
39 39
44 40 44
41 41 56 72
42 42 64
66 43 66
45 45
187 47
48 48
77 49 77
50 50
94 51 94
52 52
54 54
55 55
57 57
58 58
59 59
157 60
92 62 92
63 63
65 65 75
67 67
68 68 76 79
69 69
80 70 80
71 71
104 73
149 74
81 81
82 82
167 83
84 84
85 85
86 86
87 87
89 89
90 90
91 91
93 93
95 95
96 96
97 97
179 98
99 99
100 100
101 101
