1 15 2 61 93 9 71 39 179 101 167 25 4 25 77 49 67 41 16 21 53 95 42 64 42 95 53 128 107 87 27 145 8 99 149 59 44 88 11 82 52 94 120 51 12 192 12 51 120 94 164 86 50 17 58 161 69 68 76 79 76 68 136 110 35 57 60 85 33 140 98 166 46 166 190 166 45 20 80 36 150 22 14 89 48 26 130 75 65 54 10 157 111 91 104 165 78 194 23 13 66 90 176 96 176 18 92 62 92 97 24 37 24 97 92 28 84 172 62 92 18 114 198 187 47 187 159 31 7 1
83
2 2
78 3 78
4 4 81
13 5 13
53 6 53 55
7 7
8 8
9 9
10 10
11 11
12 12
14 14
15 15
16 16
17 17
18 18 100
161 19
20 20
21 21
22 22 63
23 23
24 24
25 25
26 26
27 27
28 28
33 29 33
69 30 69
31 31
87 32 87
88 34 88
35 35
36 36
37 37
61 38 61
39 39
44 40 44
41 41 56 72
42 42
66 43 66
45 45
46 46
47 47
48 48
49 49
50 50
51 51
52 52
54 54
57 57
58 58
59 59
60 60
62 62
64 64
65 65
67 67
68 68
80 70 80
71 71
104 73
149 74
75 75
76 76
77 77
79 79
82 82
167 83
84 84
85 85
86 86
89 89
90 90
91 91
92 92
93 93
94 94
95 95
96 96
97 97
98 98
99 99
101 101
