159 109 180 193 53 163 53 168 187 29 88 160 79 32 98 65 93 154 179 16 13 63 121 166 27 145 27 166 121 63 13 16 178 8 167 1 112 127 61 188 85 54 200 10 66 36 17 133 171 69 138 25 45 72 7 117 48 182 47 148 41 20 104 11 30 81 164 6 52 156 31 114 92 114 175 29 88 131 44 83 108 75 37 46 192 130 107 134 107 189 59 147 101 137 76 149 23 194 23 181 100 33 5 177 111 177 5 102 82 102 158 74 129 15 71 157 195 118 84 56 96 162 67 119 172 126 97 14 140 149 76 149 140 77 159
80
180 122 180
164 43
157 157
27 169
100 100 199 139
111 128 111 34
36 36
134 134 120
15 15
32 32
119 86
127 146
101 101 132
107 107
76 76
93 93
114 35 114
77 77 190
72 72
126 126
193 193 24
74 185 74
63 63
47 47
52 52
92 116
71 71
46 46
65 65 26 165
172 172
45 45
138 138
158 158 99
154 2 154
97 97
79 79 3
137 137
177 174 64
98 98
31 31
17 17
148 51 148
85 85
13 106 13
10 10
53 53
194 21
162 191
41 41
108 38
37 37
96 96
61 61
133 133
121 121
69 155
149 4
20 87
82 82
181 181
145 145
81 28
178 178
48 48
140 140
156 156
102 102 123
7 7
14 14
11 11
147 40
59 59
109 109
167 167
159 22
200 200
192 192
44 60
6 6
88 88
