33 86 60 67 54 67 60 86 33 20 15 20 89 14 63 66 27 23 27 66 63 14 11 69 62 69 11 14 97 14 11 98 13 98 91 98 11 100 20 73 42 56 42 73 20 89 14 63 66 27 23 1 96 1 23 27 66 63 14 11 69 67 54 84 54 30 54 67 69 49 7 35 22 31 16 39 82 7 35 50 14 26 14 9 3 55 49 69 11 14 63 12 63 17 63 14 9 10 9 3 55 49 69 11 100 95 100 11 14 97 8 97 14 11 69 24 70 24 69 43 5 35 50 19 99 36 53 36 79 37 38 32 80 72 80 32 38 69 34 69 67 69 88 69 38 98 91 46 91 98 83 42 56 18 56 42 93 22 31 16 94 47 94 25 94 16 31 22 59 22 35 92 3 9 10 90 68 4 68 90 68 90 10 9 14 21 45 21 45 46 75 46 91 98 38 52 65 52 38 52 38 32 89 14 63 66 63 14 9 80 87 80 32 38 37 79 37 38 32 6 81 61 81 6 32 80 20 33
46
60 60
31 31
17 17
80 80
79 79
68 68
61 61
89 89
13 13
9 9
63 63
8 8
5 5
100 100
20 20
19 19
22 22 2
34 34
7 7
50 50
94 94
86 86 64
26 26
30 30
54 54
10 10
42 42
23 23
95 95
15 15
67 67 57
35 35
88 88
47 47
75 75
16 29
82 40 82
97 97
65 65
69 69
11 11
12 12
53 48
52 52
37 51
25 25
