Home141 Home109 Home20 Home149 Home20 Home109 Home157 Home162 Home166 Home45 Home166 Home0 Home175 Home116 Home171 Home145 Home82 Home177 Home82 Home26 Home121 Home75 Home81 Home25 Home120 Home115 Home91 Home66 Home52 Home21 Home96 Home29 Home37 Home147 Home51 Home30 Home160 Home48 Home29 Home37 Home95 Home63 Home5 Home124 Home5 Home86 Home174 Home56 Home174 Home34 Home111 Home27 Home83 Home40 Home172 Home31 Home140 Home12 Home74 Home7 Home127 Home62 Home134 Home2 Home132 Home2 Home97 Home161 Home73 Home106 Home73 Home28 Home35 Home8 Home35 Home17 Home146 Home17 Home35 Home28 Home73 Home106 Home139 Home150 Home76 Home5 Home78 Home144 Home78 Home122 Home143 Home2 Home131 Home16 Home112 Home128 Home6 Home163 Home156 Home103 Home88 Home11 Home49 Home136 Home60 Home119 Home89 Home3 Home157 Home92 Home84 Home101 Home4 Home101 Home39 Home101 Home87 Home64 Home150 Home36 Home150 Home28 Home67 Home100 Home170 Home100 Home138 Home125 Home32 Home154 Home141
78
Home4 Home4
Home157 Home157
Home120 Home69 Home120
Home40 Home110
Home154 Home154
Home91 Home91
Home34 Home34 Home173 Home176
Home97 Home97
Home20 Home20 Home126
Home3 Home3
Home7 Home7
Home106 Home106
Home60 Home60
Home88 Home88
Home144 Home144
Home31 Home31
Home35 Home35
Home25 Home25
Home122 Home122
Home73 Home114
Home156 Home156
Home81 Home81
Home131 Home131
Home149 Home149
Home141 Home15
Home95 Home164
Home62 Home62 Home152
Home132 Home132
Home45 Home45
Home140 Home50
Home82 Home82
Home11 Home11
Home76 Home76 Home105
Home48 Home48
Home171 Home171
Home83 Home83
Home147 Home147
Home172 Home172
Home100 Home100
Home51 Home51
Home32 Home32
Home143 Home143
Home87 Home135 Home87
Home49 Home47
Home86 Home86
Home134 Home134
Home56 Home167
Home124 Home124
Home37 Home37
Home64 Home64
Home84 Home13
Home112 Home112
Home128 Home128
Home170 Home165 Home170
Home27 Home27
Home125 Home125
Home36 Home36
Home63 Home63
Home103 Home103
Home74 Home74
Home119 Home55
Home136 Home136
Home127 Home127
Home5 Home5
Home67 Home67
Home161 Home161
Home75 Home75
Home66 Home66
Home92 Home92
Home96 Home44 Home96
Home26 Home26
Home138 Home43
Home16 Home16
Home177 Home177
Home174 Home53
Home89 Home89
Home28 Home1
Home111 Home111
