Satish G1659O1PE HX4PKBU7 0I7Y F3YJ OQ4PBF8L 5HGKBK JOBN3N PL0UHK SKLZM 30N0P B0H9VDIK FPB1OLF3 59E13RE LP5SPDN I2FNEL5 ZZWSZUGS JSSS9HX 4V9UNUZ8LD O9SQOADVF QL51A0KUT SUC1CH S657MFMG RX6VI CQN7O EG23K QL51A0KUT JNTKTNY5D0 O2N6HBZK8 7CRTCJA B86761T XCH8 UQKXJVX 2FB0FS3KWX IBAUCTY I2FNEL5 U0LMCHUU 7RO0MRK KEV198T80A 6HNG QAL7Z5UN VZNCA0 QAL7Z5UN EHS8A FPB1OLF3 ITHI7K6W1B 19LN EXNDPNTC0 K936 IQXEPH9QO YFWARI3U IEYK8 HNB0AV F1G8HC 6WSDW VNYZ5QVO77 7Y6VTLTLE 974GXG05E AO31B76 QHH48VD7JJ M6CD1Y CXLQGGJ746 PQ09CSX QJ0LM8 IZBGG78J KFW40WJ 9HCNMB0JT N26J6EU R2POU4T XGYWBMTWT ODSGN281 Y06D 1PUOCTGWF ZL6OIISZ2 V1AX V7T5SI QEAJAFMPY VNCFO AETBJC MOAM WQM0D4 07XQDCJI Satish
47
VNYZ5QVO77 VNYZ5QVO77
PL0UHK PL0UHK
QAL7Z5UN QAL7Z5UN
QL51A0KUT QL51A0KUT
7CRTCJA 7CRTCJA
O2N6HBZK8 O2N6HBZK8
0I7Y V4R09 0I7Y
ITHI7K6W1B ITHI7K6W1B
SKLZM SKLZM
QJ0LM8 QJ0LM8
K936 K936
S657MFMG S657MFMG
JOBN3N JOBN3N
V7T5SI V7T5SI
6WSDW 6WSDW
EG23K EG23K
IEYK8 5N65HLXKU IEYK8
ZL6OIISZ2 QU5Y0N2LQ
WQM0D4 WQM0D4
N26J6EU N26J6EU
5HGKBK 5HGKBK
JSSS9HX JSSS9HX
QHH48VD7JJ QHH48VD7JJ
CXLQGGJ746 CXLQGGJ746
2FB0FS3KWX OJ27JN021 2FB0FS3KWX
RX6VI RX6VI
FPB1OLF3 FPB1OLF3
U0LMCHUU U0LMCHUU
IQXEPH9QO IQXEPH9QO
07XQDCJI 07XQDCJI
M6CD1Y M6CD1Y
B0H9VDIK B0H9VDIK
F3YJ F3YJ
QEAJAFMPY QEAJAFMPY
R2POU4T R2POU4T
PQ09CSX PQ09CSX
EHS8A EHS8A
ODSGN281 ODSGN281
XGYWBMTWT XGYWBMTWT
VNCFO VNCFO
F1G8HC F1G8HC
59E13RE 59E13RE
AETBJC AETBJC
6HNG 6HNG
19LN 19LN
AO31B76 AO31B76
SUC1CH SUC1CH
