Satish PUW25N 4C88SXD KCOFJD ARTWTP9 L2MG8NMU M71OYIS EEZS HQG39M A2H6A9I I2GUQ1XYTA O44VZ E37ZKA8WK 91ZONFE M35E QW15YTSV H41HZ6 E2DHWGC HM48FZD0 9PCUL07FJ YSRPP 5Q8CRZ2VCM 6Z9AYLO LUQ3 GLUWC KRTUQM B690 ZMQ5BH L7QS0UEPJ Q7ZEY 7GAD3F 5T3W 4TME HBQM42U 6PVQIBNB9 GNVXN E5HD ET82NVH9 PFQFEJGD4C 7DPM9 JHMI MLKOJ JX6GCY 7RUMCGSI 1UCE 4OJB6 7622OJ H1LQ91V U7WDA2Z1 8UPUEGO UDBFED FM2G14H8I 5HULMUDLAQ 3J6SSA GH8C G4QE3I ZH2INF FPZT G90OCSZY 8AEKBAKS ETNCY9XH2 2CUB41BE YQB2CII950 ETNCY9XH2 4RGA 9K8PLAET A8WYICH3 AKDE80E0B E9DZLL 9V10EOH LI4EXO81 FWM5C RN53CTZ P6RI91D87 2B1K6EW9CL ETB2 VOAV FU90E EBO9YD47 2GEII6 SQLSVN DDB26ZHC 4VE7V 7T8I47 CV6NHW7M J2ETZ1C CXQDH6YMZ8 5XYO C8WREP 02X2C R5XAD9J7 DYYG23O 6DSNDY LBR67PCKBJ DX16SQ 08W7NAP6G 21841CIYO W71YV1R66L 0TRB9358 G7PWWJ 11NACH2LP PIW6IC50D 4P0LGP0 LU68 CB93 3WJYJDDU ZZACWP FM2HEMVR1 Q7Z37G5 VGYKKKOFLZ GN4G0L2 9J84 HM48FZD0 26PG GILAN21GR3 0ZW9ZBMKBT DNIV2BOR2P DST5W4G0 PMXEOGGIQ 43IK3HR83 7HSLUFQG ZRI9UW M71OYIS RP28W1 01G9IQ2 4UE11 XU4IP5J LQQ5IH MXJIYJYNH4 9QJRN XV55 LTI99R ZMZIWZ Satish
93
3WJYJDDU 3WJYJDDU
9QJRN 9QJRN
GNVXN GNVXN 8TH7QVQY
G7PWWJ 8MDFNIK8AY
B690 B690
W71YV1R66L W71YV1R66L
G4QE3I G4QE3I
P6RI91D87 P6RI91D87
ET82NVH9 ET82NVH9
SQLSVN SQLSVN
9V10EOH 9V10EOH
7RUMCGSI YU3U1T
CB93 CB93
E5HD 2BLLD3SK E5HD
1UCE 1UCE
RP28W1 IHN21LA4 RP28W1
DNIV2BOR2P DNIV2BOR2P
91ZONFE 91ZONFE
DDB26ZHC DDB26ZHC
4P0LGP0 EFIKTK4Y0Y 4P0LGP0
G90OCSZY G90OCSZY
0TRB9358 0TRB9358
JX6GCY JX6GCY
YQB2CII950 YQB2CII950
7T8I47 7T8I47
HQG39M HQG39M
08W7NAP6G 79KTC8AS9
4UE11 4UE11
ETNCY9XH2 ETNCY9XH2
EEZS EEZS
U7WDA2Z1 A118
FM2HEMVR1 FM2HEMVR1
KCOFJD KCOFJD
7622OJ 7622OJ
HBQM42U HBQM42U
8UPUEGO 8UPUEGO
ARTWTP9 ARTWTP9
VOAV VOAV
ETB2 ETB2
26PG 26PG
C8WREP C8WREP
LBR67PCKBJ 3IXHQXHYBV LBR67PCKBJ
FWM5C FWM5C
7HSLUFQG LM7KL5G3V
02X2C 02X2C
PIW6IC50D PIW6IC50D
QW15YTSV QW15YTSV
ZZACWP ZZACWP
M35E M35E
H41HZ6 H41HZ6
J2ETZ1C J2ETZ1C
LQQ5IH LQQ5IH
A8WYICH3 A8WYICH3
ZH2INF ZH2INF
E9DZLL E9DZLL
4C88SXD 4C88SXD
ZMQ5BH ZMQ5BH
MLKOJ MLKOJ
E2DHWGC E2DHWGC
ZMZIWZ ZMZIWZ CKNDWG
3J6SSA 3J6SSA
DST5W4G0 DST5W4G0 KBI1CALMNJ
01G9IQ2 01G9IQ2
MXJIYJYNH4 MXJIYJYNH4
PUW25N PUW25N
Q7ZEY Q7ZEY
YSRPP YSRPP
HM48FZD0 HM48FZD0
L7QS0UEPJ L7QS0UEPJ
GH8C GH8C
FM2G14H8I FM2G14H8I
M71OYIS M71OYIS
CV6NHW7M CV6NHW7M
7GAD3F 7GAD3F
O44VZ O44VZ
PMXEOGGIQ PMXEOGGIQ
GILAN21GR3 GILAN21GR3
FPZT FPZT
VGYKKKOFLZ VGYKKKOFLZ
CXQDH6YMZ8 CXQDH6YMZ8
DYYG23O DYYG23O
GN4G0L2 GN4G0L2
AKDE80E0B M649OA
5HULMUDLAQ 5HULMUDLAQ
Q7Z37G5 Q7Z37G5
5XYO 5XYO
E37ZKA8WK E37ZKA8WK
4VE7V 4VE7V
H1LQ91V H1LQ91V
6PVQIBNB9 6PVQIBNB9
2B1K6EW9CL 2B1K6EW9CL
9K8PLAET 9K8PLAET
ZRI9UW B3R68HYWZ
