Satish 01G9IQ2 IHN21LA4 RP28W1 M71OYIS OEMHKCHOT B3R68HYWZ 7HSLUFQG LM7KL5G3V M35E QW15YTSV H41HZ6 E2DHWGC HM48FZD0 26PG GILAN21GR3 PMXEOGGIQ DNIV2BOR2P DST5W4G0 KBI1CALMNJ FGYJ1J A2H6A9I 8UPUEGO 4P0LGP0 LU68 P5F5G U7WDA2Z1 8AEKBAKS MXJIYJYNH4 01QU Y99D5Y12 2P6O4RH0 2GEII6 5XYO SQLSVN DDB26ZHC 4VE7V 7T8I47 C8WREP FU90E 02X2C CV6NHW7M J2ETZ1C 4RGA WCKDX A118 7GAD3F Q7ZEY ZMQ5BH L7QS0UEPJ 5T3W CB93 GN4G0L2 HBQM42U 4TME 3WJYJDDU KRTUQM GLUWC 5T3W JHMI 4OJB6 7DPM9 PFQFEJGD4C 7622OJ 2BLLD3SK E5HD 6PVQIBNB9 GNVXN 6VVS6 6Z9AYLO 5Q8CRZ2VCM FIMPNJZ71 YSRPP 8TH7QVQY VGYKKKOFLZ Q7Z37G5 FM2HEMVR1 ZZACWP ET82NVH9 YU3U1T 1UCE MLKOJ JX6GCY 7RUMCGSI JA1QYGQ0N9 GE62L W6YZ5IB H1LQ91V FM2G14H8I G90OCSZY FPZT ZH2INF 5HULMUDLAQ 3J6SSA GH8C G4QE3I YSEDVWTUST RA0QQI4 91ZONFE AV4KL I38TH1O E37ZKA8WK O44VZ I2GUQ1XYTA 43IK3HR83 ZE5CVXXZC HQG39M EEZS B3R68HYWZ ZRI9UW L2MG8NMU ARTWTP9 KCOFJD BQ5OUI I49ID PUW25N 4C88SXD CKNDWG LTI99R XU4IP5J XV55 9QJRN MXJIYJYNH4 R4DHH1KAWR ETNCY9XH2 YQB2CII950 R5XAD9J7 6DSNDY YDG8AEOM LBR67PCKBJ 2B1K6EW9CL S9D1BZACEW AKDE80E0B 2841 RN53CTZ 3IXHQXHYBV P6RI91D87 DX16SQ S4XB7I2C 0TRB9358 716QJY W71YV1R66L 21841CIYO LI4EXO81 G7PWWJ FWM5C QUFALN M649OA 9V10EOH E9DZLL GT9LU DYYG23O VG9H9B 9K8PLAET A8WYICH3 7YZ45UL88 2CUB41BE 01QU LQQ5IH ZMZIWZ Satish
96
3WJYJDDU 3WJYJDDU
9QJRN 9QJRN
GNVXN GNVXN
G7PWWJ 8MDFNIK8AY
KRTUQM B690
W71YV1R66L W71YV1R66L
G4QE3I G4QE3I
P6RI91D87 P6RI91D87
ET82NVH9 ET82NVH9
SQLSVN SQLSVN
9V10EOH 9V10EOH
YU3U1T YU3U1T
CB93 CB93
2BLLD3SK 2BLLD3SK
1UCE 1UCE
IHN21LA4 IHN21LA4
DNIV2BOR2P DNIV2BOR2P
91ZONFE 91ZONFE
DDB26ZHC DDB26ZHC
4P0LGP0 EFIKTK4Y0Y 4P0LGP0
G90OCSZY G90OCSZY
0TRB9358 0TRB9358
JX6GCY JX6GCY
YQB2CII950 YQB2CII950
7T8I47 7T8I47
HQG39M HQG39M
RN53CTZ 79KTC8AS9
ZMZIWZ 4UE11 ZMZIWZ
ETNCY9XH2 ETNCY9XH2
EEZS EEZS
A118 A118
FM2HEMVR1 FM2HEMVR1
KCOFJD KCOFJD
7622OJ 7622OJ
HBQM42U HBQM42U
8UPUEGO 8UPUEGO
ARTWTP9 ARTWTP9
02X2C VOAV 02X2C
GT9LU ETB2
26PG 26PG
C8WREP C8WREP
3IXHQXHYBV 3IXHQXHYBV
FWM5C FWM5C
LM7KL5G3V LM7KL5G3V
LU68 PIW6IC50D
QW15YTSV QW15YTSV
ZZACWP ZZACWP
M35E M35E
E5HD E5HD
H41HZ6 H41HZ6
J2ETZ1C J2ETZ1C CXQDH6YMZ8
LQQ5IH LQQ5IH
A8WYICH3 A8WYICH3
ZH2INF ZH2INF
E9DZLL E9DZLL
4C88SXD 4C88SXD
ZMQ5BH ZMQ5BH
MLKOJ MLKOJ
E2DHWGC E2DHWGC
8TH7QVQY 8TH7QVQY
3J6SSA 3J6SSA
DST5W4G0 DST5W4G0
01G9IQ2 01G9IQ2
MXJIYJYNH4 MXJIYJYNH4
PUW25N PUW25N
Q7ZEY Q7ZEY
YSRPP YSRPP
HM48FZD0 HM48FZD0
L7QS0UEPJ L7QS0UEPJ
KBI1CALMNJ KBI1CALMNJ
CKNDWG CKNDWG
GH8C GH8C
FM2G14H8I FM2G14H8I
M71OYIS M71OYIS
CV6NHW7M CV6NHW7M
LBR67PCKBJ LBR67PCKBJ
7GAD3F 7GAD3F
O44VZ O44VZ
PMXEOGGIQ PMXEOGGIQ
GILAN21GR3 GILAN21GR3
FPZT FPZT
VGYKKKOFLZ VGYKKKOFLZ
DYYG23O DYYG23O
GN4G0L2 GN4G0L2
M649OA M649OA
5HULMUDLAQ 5HULMUDLAQ
Q7Z37G5 Q7Z37G5
RP28W1 RP28W1
5XYO 5XYO
E37ZKA8WK E37ZKA8WK
4VE7V 4VE7V
H1LQ91V H1LQ91V
6PVQIBNB9 6PVQIBNB9
2B1K6EW9CL 2B1K6EW9CL
9K8PLAET 9K8PLAET
B3R68HYWZ B3R68HYWZ
