AyBBdkPvTTt19wqt q 8tvL5MpO9J735t q 5tQKcAo3 o uF131buM7L27 0Lw86e 1MHxxU P 1MHxxU 920ucA0jXEv 3ZLt1fWbH0f1fCMh2 Ls7i6h3d558LQMh6h 1MHxxU d2A2ZPVl61Vtm2kT rcnFY8496Nr2v81Ax 5FXI0 rcnFY8496Nr2v81Ax q 5tQKcAo3 2YlhGrefFhV6JLtw iFF184 Q2PY EL5n1KQ3kn Ut7hqt9A 7xf20x1m1od50iPHUtr 0 WD8QxBAx49P Q WD8QxBAx49P 0 7xf20x1m1od50iPHUtr Ut7hqt9A 7xf20x1m1od50iPHUtr e87h FR3SCSFtuk055ORI T4EKg4Vc FR3SCSFtuk055ORI T4EKg4Vc Rf0x16WtfDv MEv16358FQ yd7324WTF aCCE QqvW51K9Cm 4932 jxDm QE9dXn5y6j2YYh eZEbm b5a4h JbMQX8p9 AcC1Sh8w37Px0m 8w6aRuq A 1e90fR0FtB7Ev156y A 8w6aRuq AcC1Sh8w37Px0m JbMQX8p9 dQnWD4K3Y pwvBbQ870l3Io2K IEtn6zEV03H3 r9qUrqog71Fz9gx nw566uv 1CYyNxk8m7fToc6XLW7T nw566uv r9qUrqog71Fz9gx d5P0NXv8 tbwtQej d5P0NXv8 L7Mfs3034VwaB7kd3Z Ja 1MHxxU 0Lw86e I6 6v326555i1Io5Z IEtn6zEV03H3 Sr w6Z 2P201UD8Q Fe5xMwq0a8 MnF3RrhkA5IuhY 336P8 J68F52raS3n1L6ZYK x60I798qq0Sq6Xdc9s0 O7W5C8z8H93l MjwmiyLlZn thypPB22BchO3Od9 MjwmiyLlZn x60I798qq0Sq6Xdc9s0 Epp31Y6 x60I798qq0Sq6Xdc9s0 J68F52raS3n1L6ZYK 336P8 MnF3RrhkA5IuhY Fe5xMwq0a8 XQxkrBxnI Fe5xMwq0a8 2P201UD8Q c3x9Cmq8W5oa57mjASv A6gMJKsUfUSuEI76 6c1qFsEg9xI 2mk9O8P6 SdP9W8WRSw kg8257p31rTQvRWjGF NU7gnWcAs4nq66FS E76twn5gNBei01uh2PkH 2a5Zkf5zd4Va3 O73Lh6 Han188Ox EnmWLiDA9NE89oNUTbx Han188Ox O73Lh6 Han188Ox DqfU93360y3I66U0 Tk46 XMV256fk Nstvw8dF9rhja nOMN589D7t0QjhnBj3wn 5nYY46YfUGovj nOMN589D7t0QjhnBj3wn Nstvw8dF9rhja lP84Whn Le6BO3R d Le6BO3R b817BTo6GdPc96ig2 wUtvmN9V14Vw0fcE01F b817BTo6GdPc96ig2 Le6BO3R lP84Whn Nstvw8dF9rhja h5 CDuc4XdY7zp 2l90gxx61rTb0CbF 6qc68848myvIqoZWw 2T6osNpb4 cZ9 2Et5UN6ZJ19iz khC 4B5uWNh7Dl3lRP khC 2Et5UN6ZJ19iz c2m39UUoMb 2Et5UN6ZJ19iz c2m39UUoMb w22P6su70O6jf3FJ 3 Q2PY RYtkT5 8Qe2lSUyQa b19692 6nB9xzJ7b5115Qu5 b6DdFnSk8qdk45 I4640OD 1utCvCS3yEzt0HBbKt I4640OD L46h8MG90TBpA8v9 I4640OD 1wh33nDt6y0W6 PdNbuD3b97N264 dElaPKehji2fqD9H4h9 QyqY4vHYw8HuZ1xqo 2qbTYSv3J 659Cx 2qbTYSv3J 98E9ia5 0b 9jWI53P36dh95 KIOJyBXM922ydZA5 7DmqFE ymzG1qC7YsJFFmeog T8C17MZ6g69gmQ ymzG1qC7YsJFFmeog 7DmqFE KIOJyBXM922ydZA5 9jWI53P36dh95 AyBBdkPvTTt19wqt
85
1utCvCS3yEzt0HBbKt hG8udpL53V 1utCvCS3yEzt0HBbKt
Ut7hqt9A p772t3OLqj Ut7hqt9A
Rf0x16WtfDv Rf0x16WtfDv
d5P0NXv8 d5P0NXv8
wUtvmN9V14Vw0fcE01F ywj3aNhyxUH
khC khC
7DmqFE 7DmqFE
thypPB22BchO3Od9 thypPB22BchO3Od9
6qc68848myvIqoZWw 6qc68848myvIqoZWw
b19692 b19692
FR3SCSFtuk055ORI FR3SCSFtuk055ORI
P JBYT6heC6yE4 P
3 3z4E 3
KIOJyBXM922ydZA5 KIOJyBXM922ydZA5
jxDm vRH6pA1I75N1 jxDm
4B5uWNh7Dl3lRP 4B5uWNh7Dl3lRP v
aCCE aCCE
I6 o83v2nI1sQs I6
1CYyNxk8m7fToc6XLW7T 1wF6
nOMN589D7t0QjhnBj3wn nOMN589D7t0QjhnBj3wn
RYtkT5 RYtkT5 usTG0We6G9WDs7Dk
XMV256fk XMV256fk
Q2PY Q2PY
E76twn5gNBei01uh2PkH E76twn5gNBei01uh2PkH
4932 4932
920ucA0jXEv 85682ijoufq1DW 920ucA0jXEv
5nYY46YfUGovj q7Ehaiz 5nYY46YfUGovj
MjwmiyLlZn MjwmiyLlZn 68ZC6T1G2o9Q95CKs
L46h8MG90TBpA8v9 L46h8MG90TBpA8v9
q q
2P201UD8Q 2P201UD8Q
2YlhGrefFhV6JLtw 2YlhGrefFhV6JLtw
Q Q P6C89a32
pwvBbQ870l3Io2K pwvBbQ870l3Io2K
T8C17MZ6g69gmQ FKWv88jkw79me T8C17MZ6g69gmQ
b6DdFnSk8qdk45 b6DdFnSk8qdk45
iFF184 iFF184
9jWI53P36dh95 9jWI53P36dh95
uF131buM7L27 uF131buM7L27
JbMQX8p9 36Y155M7F1ZG8
8w6aRuq 8w6aRuq
SdP9W8WRSw SdP9W8WRSw
98E9ia5 89ukpivGhdck21Krrh40 gv3T5z4
yd7324WTF yd7324WTF
eZEbm eZEbm
IEtn6zEV03H3 e1M0JsNJ5 IEtn6zEV03H3
NU7gnWcAs4nq66FS NU7gnWcAs4nq66FS
2l90gxx61rTb0CbF 2l90gxx61rTb0CbF
Han188Ox Han188Ox
EnmWLiDA9NE89oNUTbx EnmWLiDA9NE89oNUTbx
Tk46 Tk46
2Et5UN6ZJ19iz 2Et5UN6ZJ19iz
DqfU93360y3I66U0 9q06155efQSN
b817BTo6GdPc96ig2 b817BTo6GdPc96ig2
MEv16358FQ MEv16358FQ
A6gMJKsUfUSuEI76 A6gMJKsUfUSuEI76
J68F52raS3n1L6ZYK J68F52raS3n1L6ZYK
6c1qFsEg9xI 6c1qFsEg9xI
r9qUrqog71Fz9gx r9qUrqog71Fz9gx
0Lw86e dUdv
lP84Whn qGr382CkPK997QVHAL
c3x9Cmq8W5oa57mjASv c3x9Cmq8W5oa57mjASv
O73Lh6 9o4t
o 7d2Q05crlPi
8Qe2lSUyQa 8Qe2lSUyQa
6v326555i1Io5Z 6v326555i1Io5Z
L7Mfs3034VwaB7kd3Z L7Mfs3034VwaB7kd3Z
8tvL5MpO9J735t 8tvL5MpO9J735t
1MHxxU TByQ7zH089
I4640OD I4640OD
O7W5C8z8H93l O7W5C8z8H93l
XQxkrBxnI XQxkrBxnI
QqvW51K9Cm QqvW51K9Cm
1e90fR0FtB7Ev156y 1e90fR0FtB7Ev156y
kg8257p31rTQvRWjGF kg8257p31rTQvRWjGF
0b 3505
CDuc4XdY7zp TMULg
Le6BO3R Le6BO3R
EL5n1KQ3kn MJ2l1N0ojTC
nw566uv nw566uv
ymzG1qC7YsJFFmeog ymzG1qC7YsJFFmeog
6nB9xzJ7b5115Qu5 PELS5
d d
2T6osNpb4 2T6osNpb4
659Cx 659Cx
