845LWU7Kg6167HQY i7lmV5iDIgl5f 9 N8191M9E9v HDLHc5Kdk TBk5Pt5vt5SInt 77yN7eHZwfF99R2 geUO1h r k 3k 3 TU76UjE52906 4 KpBvy 4 0CwgepgS85xC4gx KKUFV29x8iO 0CwgepgS85xC4gx y B4mQOl023dn1 UuONs3O7D2z5 B4mQOl023dn1 y ZT3 95E0752p51t u3Qv MY3aL96Y 2qgWbB40Ya16 xaM1q4jQi3efYb0 11l6P71DgEau1baEX4 MVvh eDv5MBdo 9vq8gscs7dz1 48783322I5q9PFVPT a O58T 95fufpL7BuUW8Mng00jE a y Uyj5raM7C9SGCHQGUC y B4mQOl023dn1 UuONs3O7D2z5 8GpC 1P8KX WMY0xVk9j8T6Ly fgM12T ElUTL J 7L J 7L 122gt ElUTL D FL4V06094CU0zO3gJava H6pXAnE0KypnExX YLKBD54k pbE3R4QsB76l 3i80K09a i7lmV5iDIgl5f 96Ta5ZXc8I5gnTIcF8 i7lmV5iDIgl5f 845LWU7Kg6167HQY
38
MVvh MVvh DUiYDuR9yYFD5
48783322I5q9PFVPT 48783322I5q9PFVPT
122gt 122gt
u3Qv 42U0k6JhTQxPvUw8 EnhLq7BgTj8IN3Z2m u3Qv
4 4
TBk5Pt5vt5SInt TBk5Pt5vt5SInt
95E0752p51t 95E0752p51t
r r ICQxh0Q58799CUd2
H6pXAnE0KypnExX H6pXAnE0KypnExX SmI7f
MY3aL96Y MY3aL96Y 5CCl0n2r5512
ZT3 ZT3
9vq8gscs7dz1 6RiHvQ4xTN5
fgM12T fgM12T
95fufpL7BuUW8Mng00jE O41Muu YKpC4gQmPKaU311w9eOT
2qgWbB40Ya16 2qgWbB40Ya16
KpBvy 4l4aqvNKB KpBvy
9 9
UuONs3O7D2z5 NQ3vX6W6H74aK53np
11l6P71DgEau1baEX4 11l6P71DgEau1baEX4
xaM1q4jQi3efYb0 xaM1q4jQi3efYb0
geUO1h geUO1h 8M2OK8Px58
3k 3k
J X6SrYf57mSUQQ28C 672Pt4Ytw8LW
KKUFV29x8iO KKUFV29x8iO ftk2
i7lmV5iDIgl5f 5
O58T O58T
WMY0xVk9j8T6Ly eqYzN7b19UgNo1K
TU76UjE52906 TU76UjE52906
YLKBD54k YLKBD54k
845LWU7Kg6167HQY 845LWU7Kg6167HQY
y y
3 3
7L 7L
eDv5MBdo 5Qkzz260R7 eDv5MBdo
ElUTL ElUTL
B4mQOl023dn1 B4mQOl023dn1
HDLHc5Kdk SL88w66v7
D D
