845LWU7Kg6167HQY Uyj5raM7C9SGCHQGUC y B4mQOl023dn1 5Ll49ySSWT043CtCd2 NQ3vX6W6H74aK53np 5Ll49ySSWT043CtCd2 3HQj1I8wd8 B4mQOl023dn1 y Uyj5raM7C9SGCHQGUC y B4mQOl023dn1 UuONs3O7D2z5 8GpC 1P8KX WMY0xVk9j8T6Ly eqYzN7b19UgNo1K 3HQj1I8wd8 B4mQOl023dn1 y Uyj5raM7C9SGCHQGUC 96Ta5ZXc8I5gnTIcF8 i7lmV5iDIgl5f 96Ta5ZXc8I5gnTIcF8 dw6Yuyls1ZilP493g91O 95fufpL7BuUW8Mng00jE a 48783322I5q9PFVPT 9vq8gscs7dz1 eDv5MBdo 9vq8gscs7dz1 WPu 2377Qe3J7g3dGXjk0y MY3aL96Y u3Qv MY3aL96Y 2qgWbB40Ya16 xaM1q4jQi3efYb0 11l6P71DgEau1baEX4 xaM1q4jQi3efYb0 2qgWbB40Ya16 MY3aL96Y i4838WP MY3aL96Y 2377Qe3J7g3dGXjk0y MY3aL96Y 2qgWbB40Ya16 MY3aL96Y u3Qv 42U0k6JhTQxPvUw8 u3Qv r pbE3R4QsB76l YLKBD54k pbE3R4QsB76l YLKBD54k H6pXAnE0KypnExX FL4V06094CU0zO3gJava D SmI7f 48783322I5q9PFVPT TU76UjE52906 3 5S6 3 3k k r ICQxh0Q58799CUd2 r k 3k k xaM1q4jQi3efYb0 2qgWbB40Ya16 MY3aL96Y 2377Qe3J7g3dGXjk0y SpXOzJq05hvQH12ugJr5 TBk5Pt5vt5SInt 77yN7eHZwfF99R2 J 77yN7eHZwfF99R2 geUO1h 8M2OK8Px58 geUO1h 77yN7eHZwfF99R2 TBk5Pt5vt5SInt 77yN7eHZwfF99R2 xaM1q4jQi3efYb0 11l6P71DgEau1baEX4 MVvh eDv5MBdo IljV8Wn8 eDv5MBdo 9vq8gscs7dz1 6RiHvQ4xTN5 9vq8gscs7dz1 eDv5MBdo MVvh DUiYDuR9yYFD5 UH4Lf7FAuZoT4lv2 YKpC4gQmPKaU311w9eOT O41Muu 95fufpL7BuUW8Mng00jE O58T a 48783322I5q9PFVPT N8191M9E9v 9 D ElUTL 122gt 6EkMcG0h SL88w66v7 HDLHc5Kdk SL88w66v7 HDLHc5Kdk 0CwgepgS85xC4gx KKUFV29x8iO ftk2 KKUFV29x8iO 0CwgepgS85xC4gx 4 KpBvy 4 0CwgepgS85xC4gx Uyj5raM7C9SGCHQGUC 845LWU7Kg6167HQY
44
MVvh MVvh
48783322I5q9PFVPT 48783322I5q9PFVPT
122gt 122gt
42U0k6JhTQxPvUw8 42U0k6JhTQxPvUw8
4 4
TBk5Pt5vt5SInt TBk5Pt5vt5SInt
dw6Yuyls1ZilP493g91O 95E0752p51t
r r
H6pXAnE0KypnExX H6pXAnE0KypnExX
MY3aL96Y MY3aL96Y 5CCl0n2r5512
WPu ZT3
6RiHvQ4xTN5 6RiHvQ4xTN5
WMY0xVk9j8T6Ly fgM12T
SmI7f SmI7f
O41Muu O41Muu
2qgWbB40Ya16 2qgWbB40Ya16
KpBvy 4l4aqvNKB KpBvy
9 9
NQ3vX6W6H74aK53np NQ3vX6W6H74aK53np
11l6P71DgEau1baEX4 11l6P71DgEau1baEX4
xaM1q4jQi3efYb0 xaM1q4jQi3efYb0
geUO1h geUO1h
3k 3k
J X6SrYf57mSUQQ28C 7L 672Pt4Ytw8LW
KKUFV29x8iO KKUFV29x8iO
i7lmV5iDIgl5f 5
8M2OK8Px58 8M2OK8Px58
O58T O58T
DUiYDuR9yYFD5 DUiYDuR9yYFD5
eqYzN7b19UgNo1K eqYzN7b19UgNo1K
TU76UjE52906 TU76UjE52906
YLKBD54k YLKBD54k
u3Qv EnhLq7BgTj8IN3Z2m u3Qv
YKpC4gQmPKaU311w9eOT YKpC4gQmPKaU311w9eOT
845LWU7Kg6167HQY 845LWU7Kg6167HQY
y y
3 3
eDv5MBdo 5Qkzz260R7 eDv5MBdo
ElUTL ElUTL
ICQxh0Q58799CUd2 ICQxh0Q58799CUd2
B4mQOl023dn1 B4mQOl023dn1
SL88w66v7 SL88w66v7
D D
ftk2 ftk2
