loc0 loc58 loc158 loc69 loc179 loc135 loc120 loc188 loc183 loc25 loc138 loc32 loc10 loc150 loc109 loc177 loc47 loc169 loc156 loc75 loc112 loc157 loc62 loc82 loc172 loc44 loc131 loc198 loc77 loc129 loc162 loc107 loc187 loc28 loc39 loc191 loc89 loc116 loc94 loc60 loc192 loc151 loc130 loc141 loc36 loc14 loc83 loc186 loc72 loc176 loc173 loc179 loc41 loc119 loc97 loc76 loc196 loc50 loc122 loc96 loc122 loc53 loc160 loc106 loc52 loc105 loc49 loc144 loc37 loc46 loc37 loc60 loc114 loc142 loc15 loc65 loc145 loc127 loc199 loc57 loc181 loc110 loc34 loc57 loc199 loc127 loc184 loc164 loc165 loc20 loc113 loc66 loc168 loc93 loc11 loc168 loc193 loc24 loc62 loc76 loc182 loc76 loc163 loc0
71
loc53 loc54 loc78
loc37 loc37
loc173 loc85
loc129 loc129
loc0 loc167
loc168 loc168
loc82 loc82
loc52 loc52
loc49 loc49
loc187 loc187
loc192 loc192
loc191 loc191
loc96 loc96 loc134
loc181 loc147
loc36 loc36
loc138 loc118 loc138 loc42
loc15 loc15
loc109 loc109
loc41 loc41
loc179 loc179
loc164 loc164
loc39 loc39
loc172 loc172
loc28 loc28
loc58 loc185
loc127 loc27
loc116 loc116
loc66 loc66 loc31
loc119 loc119
loc65 loc67 loc92
loc106 loc106
loc198 loc198
loc150 loc150 loc17
loc20 loc20
loc89 loc89
loc177 loc177
loc10 loc10
loc156 loc156
loc57 loc57
loc184 loc184
loc182 loc182
loc97 loc97
loc113 loc113
loc122 loc122
loc25 loc25
loc69 loc69
loc160 loc160 loc45
loc130 loc130
loc14 loc14
loc188 loc188
loc112 loc112
loc144 loc144
loc186 loc186
loc165 loc165
loc93 loc93
loc157 loc157
loc75 loc75
loc183 loc183
loc162 loc162
loc32 loc32
loc196 loc196
loc46 loc46
loc11 loc11
loc44 loc100
loc47 loc47
loc120 loc8 loc120
loc105 loc105
loc131 loc131
loc94 loc197
loc83 loc83
loc141 loc84
