74 123 109 161 20 96 184 136 171 165 64 17 187 75 4 168 4 193 51 193 127 47 152 37 53 131 91 65 59 14 39 32 27 103 147 95 172 170 175 155 190 51 199 133 54 179 168 4 75 187 43 158 180 3 117 105 148 192 13 45 186 28 130 151 135 56 76 33 83 125 73 146 86 134 112 107 44 25 183 188 88 113 198 120 116 138 139 63 66 173 132 30 167 81 26 193 61 141 129 163 129 141 8 42 142 181 140 11 99 137 97 100 72 110 18 1 18 34 52 8 123 74
83
4 4
172 5 12
11 11
14 14 118
152 16 152
17 17
18 18
20 20
25 23
27 27
86 31 86 128
32 32
39 39
42 42
45 45
44 44
47 47
66 50 66
51 51 77
52 52
53 53
56 56 80
28 58
59 59 60
61 61
54 54
63 63 174
72 72
73 73
76 76 89 154
81 81
83 83
88 88
64 90
91 91
34 94
95 95
96 96
97 97
125 98 125 157
99 99
100 100
103 103
105 105
107 107
33 108
109 109
199 111 199
112 112 114
113 113
8 115
116 116
120 120
123 123
127 127
129 129
130 130
132 132
133 133
134 134
135 135
136 136
138 138
139 139
140 140
142 142
198 143 198
146 146
155 155
158 158
161 161
163 163
165 165
167 167
171 171
173 173
37 178
179 179
184 184
190 190
192 192
193 193
131 200
