AA DT CX AN CX AN CY AN AD DN CT AM CW AM CV AM CT DN AD AA AB AG BC BK FE DZ EC EE EF EL EW EX EW EL EF EE EC DX EC EB EA EB EC EE ED EE EF EH FA EH EJ EH EF EL EW EX EY EX EW EL EF EN ER EN EF EE EC DZ FE BK BC AG BB AG BC BJ BC AG AB AH BN BS FF BS BN AH BM BP CE BW AI BW CE BP BM AH AB AF AR AV AR AF AS AF AB AE AO AE AB AG BA BG BA AG AB AA AC AA
32
AA AA
AB AB
AC AC AJ
AD AD AK AL
AE AE
AF AF
AG AG BD
AH AH
AI AI
AM AM
AN AN
AO AO AP AQ
BA BE BF
BG BG
BB BH BI
BJ BJ
BK BK
CW DP DQ
CV DR
CX DS DU
DT DT
CY DV DW
DX DX DY
DZ DZ
EN EN EO
ED EP
EX EX
EY EY
EJ EZ
FA FA
EA FB FC
FF FF
