AA AD DN CT AM CW DQ CW AM CT DN AD AN CY AN CX DT AA AB AE AO AE AB AH BM AH BN AH AB AE AB AG BB AG BA BF BA AG BC BK FE DZ EC EE ED EE EF EL EW EX EW EL EF EN EQ EO EQ EN ER EN EF EE EC EB EA FC EA EB EC DX EC EE EF EH EJ EH EF EE EC DZ FE BK BC AG AB AA AC AA
32
AA AA
AB AB AF
AC AC AJ
AD AD AK AL
AE AE
AG AG BD
AH AH
BM AI
AM AM DR
AN AN
AO AO AP AQ
BA BE BG
BF BF
BB BH BI
BC BJ
BK BK
CW DP
DQ DQ
CX DS DU
DT DT
CY DV DW
DX DX DY
DZ DZ
EN EN
EO EO
ED EP
EX EX EY
EJ EZ
EH FA
EA FB
FC FC
BN FF
