112 94 121 91 189 4 129 85 192 36 175 97 168 86 113 190 33 3 199 80 45 132 57 141 144 138 119 114 75 92 165 39 89 58 130 100 186 59 196 7 5 98 64 162 159 156 16 2 172 26 120 169 136 149 66 37 15 110 31 60 143 13 118 40 8 95 123 102 151 166 117 153 125 115 38 104 0 116 147 69 29 27 53 70 148 46 158 72 12 171 191 181 43 178 194 183 49 107 174 164 52 83 71 81 152 1 51 124 32 182 176 137 79 62 170 74 76 167 88 68 56 140 198 24 160 154 131 184 10 42 163 187 6 99 41 179 9 157 188 21 44 193 90 122 134 78 135 23 146 126 127 84 133 103 96 139 28 35 112
96
83 83
52 52
71 71
116 20
147 147
148 11
160 160
170 170 17
149 149
84 84
171 171
157 157
58 58
40 40
143 143
27 27
102 102
42 42
131 131
138 138
72 72
114 114
117 117
121 121
78 78
59 59
81 81
120 120
80 80
64 64
8 73 109 8
152 152
126 126
166 166
85 85
127 127
23 23
136 136
56 56
41 41
96 96
13 13
99 99
183 34 183
130 130
118 118
129 129
184 184
70 70
174 174
33 33
182 182
53 53
168 168
172 172
124 124
107 107
156 14
151 151
123 123
28 28
29 29
75 75
146 146
163 163
36 36
21 21
144 144
188 188
6 6
9 9
44 44
97 97
24 24
190 190
104 104
154 154
194 194
181 181
158 158
68 68
66 66
169 169
69 69
0 0
137 105
94 94
51 54
95 95
60 60
187 187
119 119
49 49
165 165
162 162
35 35
