Soda loc18 loc50 loc21 loc24 loc22 loc43 loc26 loc67 loc90 loc45 loc66 loc97 loc36 loc66 loc45 loc49 loc73 loc20 loc45 loc32 loc48 loc45 loc19 loc71 loc33 loc50 loc64 loc83 loc91 loc68 loc91 loc83 loc17 loc8 loc31 loc8 loc64 loc1 loc35 loc78 loc4 loc63 loc23 loc61 loc12 loc92 loc53 loc29 loc95 loc29 loc53 loc55 loc53 loc96 loc86 loc10 loc63 loc87 loc85 loc40 loc44 loc6 loc72 loc80 Soda
40
loc87 loc57
loc21 loc21
loc80 loc79
loc18 loc18
loc72 loc72
loc33 loc33
loc71 loc71
loc19 loc19
loc45 loc45 loc81 loc93
loc90 loc90
loc67 loc67
loc26 loc26
loc43 loc43
loc49 loc49
loc73 loc73
loc20 loc20
loc32 loc32
loc48 loc48
loc66 loc66
loc36 loc36
loc97 loc97
loc17 loc17
loc8 loc8
loc83 loc83
loc31 loc31 loc41
loc91 loc91
loc68 loc68 loc38
loc40 loc40 loc39
loc44 loc44 loc89
loc23 loc30 loc23
loc61 loc61
loc12 loc12
loc92 loc92
loc53 loc53
loc96 loc96
loc86 loc86 loc99
loc10 loc10
loc55 loc55 loc13
loc29 loc29
loc95 loc28 loc95
