0 54 53 174 111 70 11 64 96 97 194 66 169 84 40 124 140 93 63 21 6 3 90 88 57 195 7 59 50 106 146 192 95 1 169 135 5 65 123 72 177 92 60 151 53 54 68 83 132 76 47 37 139 86 39 29 100 103 58 36 46 49 20 28 125 12 62 150 67 91 121 188 167 160 22 82 196 155 48 155 196 18 32 18 196 148 45 56 122 41 79 87 31 80 173 35 38 8 98 9 30 113 16 24 94 130 52 133 4 74 171 44 27 144 157 144 0
86
1 1
0 2
3 3
4 4
5 5
6 6 25
7 7
8 8 34
9 9
12 10 12
11 11
106 13
121 14
113 15 99
16 16
125 17
18 18
41 19 41
20 20
21 21
22 22
90 23 90
24 24
167 26 89
27 27
28 28
29 29
30 30 42
31 31
32 32 77
177 33
35 35 78
36 36
37 37
38 38
39 39
40 40
132 43
44 44
45 45
46 46
47 47
48 48
49 49
50 50
59 51 59
52 52
53 53
54 54
151 55
56 56
57 57
58 58
60 60
100 61 73 100
62 62
63 63
64 64
65 65
66 66
67 67
68 68
157 69
70 70
80 71 80
72 72
74 74
111 75
76 76
79 79
140 81
82 82
83 83
84 84
148 85
86 86
87 87
88 88
91 91
92 92
93 93
94 94
95 95
96 96
97 97
98 98
