48 20 168 109 6 11 79 21 148 81 35 173 163 36 29 152 85 39 23 2 124 77 69 113 181 135 147 38 165 175 7 78 185 190 8 162 123 114 157 194 193 98 101 43 137 15 118 58 164 77 19 121 196 46 10 115 154 197 159 195 179 174 125 143 125 143 0 156 52 156 180 51 84 60 57 103 98 16 40 176 138 199 155 3 170 106 64 106 133 93 119 126 94 182 144 171 25 90 87 107 66 74 149 92 177 158 42 9 129 136 72 186 73 48
90
199 199
73 73
143 143 167
20 20
93 93
154 154 110 53
196 141 196
57 151
124 56
109 109
135 135
107 107
118 118 145
126 126
133 133
157 157
149 149
115 115
66 66 191
175 175
60 60
11 11
85 85
197 197
58 58
123 123
177 177
38 38 117
165 34 165
51 5
148 148
136 136
163 163
158 158
147 147
190 190
186 186
46 46
182 182
19 19
176 176
48 48
90 90
152 152
21 21
10 10
23 23
25 25
164 164
181 181
36 36 55
78 78
84 84
79 79
64 64
72 108
9 9
103 103
193 193
185 185
29 29
194 194
42 42
113 113
16 16
119 119
180 180
179 179
101 101
3 3
170 170
173 88
138 138
171 171
40 40
7 7
39 39
87 87
137 137
35 35
156 156
52 52
98 98 67
125 125
69 69
155 155
129 129
74 74
2 2
159 120
