99 176 103 76 105 131 159 131 159 106 108 62 194 24 95 184 194 40 2 192 134 44 134 157 96 132 96 157 134 137 186 196 119 157 172 18 133 113 124 133 66 43 7 78 21 0 177 171 177 141 144 169 104 130 104 162 0 177 53 120 55 46 195 160 84 166 72 122 89 1 12 139 33 110 155 36 15 175 32 152 32 115 145 14 178 79 188 79 75 156 70 175 32 98 36 155 36 178 79 6 176 102 198 160 37 182 37 179 189 43 153 20 138 170 64 165 23 5 23 37 53 16 148 45 185 45 41 45 30 196 29 109 129 91 54 129 54 61 135 101 135 48 13 29 196 137 85 127 71 146 86 128 62 73 62 108 105 103 154 199 142 193 57 125 49 27 116 93 158 81 100 49 173 116 117 187 68 118 107 163 116 69 173 49 10 49 193 107 42 199 39 199 26 48 122 154 167 52 22 58 99
92
0 0
1 1
118 4
5 5
135 8
81 9 126
10 10
12 12
15 15
16 17 190
18 18
20 20
22 22
24 24
69 25 83
26 26
27 27
129 28
30 30
33 33
32 34
14 35
39 39
40 40
41 41
42 42
2 47 63
113 51 114
53 53
55 55
43 56 97
64 59
61 61
66 66
68 68
70 70
73 73
75 75
78 78
128 80 164
104 82
101 88
152 90
52 92
107 94
98 98
99 99
100 100
102 102
103 103
106 106
7 111
71 112
117 117
119 119
122 122
49 123
124 124
125 125
127 127
130 130
131 131
132 132
142 142
146 146
148 148
154 149
137 150
110 151
155 155
158 158
160 160
76 161
163 163
165 165
166 166
167 167
86 168 181
169 169
170 170
171 171
172 172
173 173
85 174
178 178
37 180
95 183
184 184
185 185
186 186
188 188
192 192
