10 50 53 54 193 190 56 57 197 199 61 60 63 64 66 69 71 72 75 76 77 78 74 73 68 70 65 62 198 194 195 196 59 58 192 55 191 189 188 52 51 50 181 182 186 187 184 50 10 16 24 17 33 0 9 36 39 38 30 14 29 19 28 7 8 40 43 35 32 6 34 42 41 37 23 18 10 50 180 185 179 178 176 174 172 169 168 165 163 162 160 157 155 153 150 148 146 145 143 141 139 137 136 134 132 129 127 125 123 121 119 117 115 113 112 111 109 105 98 99 85 83 82 84 86 87 88 89 90 91 92 93 94 96 97 100 101 102 103 104 106 107 108 114 116 118 120 122 124 126 128 130 131 133 135 138 140 142 144 147 149 152 154 156 158 159 161 164 166 167 170 171 175 177 181 50 10 3 1 2 10
79
1 1
2 2
3 3 5
6 6
7 7
8 8
14 11 12
29 15 29
24 21 22
23 23 25
32 32
34 34
35 35
36 36
37 37
38 38
39 39
41 41
42 42
43 43
51 51
52 52
53 53
54 54
56 56
57 57
58 58
59 59
61 61
62 62
63 63
64 64
66 66
68 67 68
69 69
71 71
72 72
73 73
74 74
76 76
77 77
78 78 79
82 81 82
83 83
84 84
86 86
87 87
88 88
89 89
91 91
92 92
93 93
94 94
96 96
97 97
98 98
99 99
101 101
102 102
103 103
104 104
106 106
107 107
108 108
109 109
111 111
112 112
184 184
185 185
186 186
187 187
190 190
191 191
192 192
193 193
196 196
197 197
198 198
199 199
