0 109 187 42 28 76 55 31 97 176 44 176 45 161 89 17 62 5 87 46 181 72 29 14 144 193 40 69 26 50 183 134 165 143 79 90 36 108 149 54 7 102 199 71 21 93 178 194 74 37 74 43 10 2 102 192 172 22 67 25 15 6 158 84 163 20 103 99 78 99 27 56 35 81 23 60 189 51 180 127 85 197 33 76 189 128 198 153 58 111 3 170 110 156 8 88 61 144 167 132 178 94 190 94 178 49 75 195 68 186 133 140 139 159 59 1 34 11 151 52 73 122 73 144 179 4 66 191 66 4 32 80 113 138 63 24 104 4 188 164 188 14 114 175 0
82
1 1
2 2 30
3 3
4 4
5 5
6 6 96
7 7
8 8
140 9
10 10 83
11 11
113 12 82
21 13 21
14 14
15 15
85 16 85
17 17 70
149 18
67 19 64 67
20 20
22 22
23 23 65
24 24
25 25
26 26
27 27 39
28 28
29 29
31 31
32 32
33 33
34 34
35 35
36 36 41 77
37 37 47
46 38 46
40 40
42 42
43 43
44 44
45 45
111 48 100
49 49
50 50
51 51
52 52
195 53
54 54
55 55
56 56
192 57
58 58
59 59
60 60
61 61
62 62
63 63
66 66
68 68
69 69
71 71
72 72
73 73
74 74
75 75
76 76
78 78
79 79
80 80
81 81
84 84
99 86 99
87 87
88 88 98
89 89
90 90
0 91
104 92
93 93
94 94
191 95
97 97
