destitute namesake jewel Injun illusion bifurcate shroud choice fatten trill woke yogurt Andersen Halstead embassy Dominican Bleeker Dominican bobble McCall Amtrak Vega Auberge Modesto Elizabethan combine MN Isfahan balustrade midget funny Gilmore tate diligent amateur slowdown schedule connubial mediate Fisk anvil septillion swordfish decor Hewlett ripe Darwin Rio Loomis destitute
43
Andersen Andersen
Auberge Auberge
Bleeker Bleeker minion
Darwin Darwin
Dominican Dominican
Elizabethan Elizabethan
Fisk Fisk
Gilmore Gilmore
Halstead Halstead
Hewlett Hewlett
Loomis Hindi Loomis
Injun Injun stanza
Isfahan Isfahan
MN MN
McCall McCall
Modesto Modesto
Rio Rio
Vega Vega
amateur amateur
anvil anvil
balustrade balustrade
bobble bobble
choice choice
connubial connubial
septillion creekside papal septillion transpiration
decor decor
diligent diligent swingy
embassy embassy
combine extractor
fatten fatten
funny funny
illusion illusion
jewel jewel
mediate mediate
midget midget
ripe ripe
schedule schedule
shroud shroud
slowdown slowdown
swordfish swordfish
tate tate
trill trill
yogurt yogurt
