woebegone felony equipping felony thoroughfare Isfahan felony trill woebegone encumbrance sinh Durango bacteria torus fatten torus icon MN exothermic MN deletion MN casserole MN monotonous dreadnought felony conceptual felony fulsome embroil papal car softball archive phylogenetic embassy cytolysis funny switchmen funny wingspread shovel choice lexicon involuntary spill mitre stanza inform secondary transfuse illusion griddle illusion Curtis illusion papal plunder renaissance combine Wheller creekside Amtrak creekside destitute Curtis trimester transfuse atom Mesopotamia jewel septillion oriole bunch barnacle archive dull archive sphalerite Curtis trimester bat Winchester connubial postscript connubial confrontation relaxation backplate involuntary lexicon diligent numerology stanza anvil decor anvil schedule brook minion ripe Rio shroud noon broil thirteen catenate Darwin Simon Rodney swordfish funky mediate Fisk December Zorn mack Irvin cowhand Andersen extrovert Tucson limitate PDP whatsoever Sunday silage Sunday PDP Stephen simulate Gilmore switchmen funny cytolysis limpkin bacteria Reilly Durango Palo shrewish woebegone
84
Andersen Andersen
Rodney Auberge Rodney
Curtis Curtis deduce
Darwin Darwin
December December
Durango Durango Hewlett bifurcate
Fisk Fisk swingy
Gilmore Gilmore
Simon Goodrich Simon
Irvin Irvin
Isfahan Isfahan
funny McCall funny yearn
shroud Modesto
PDP PDP
Reilly Reilly
Stephen Stephen
Sunday Sunday
Tucson Tucson
lexicon Vega
Wheller Wheller
Winchester Winchester
Zorn Zorn
trill administer
anvil anvil
archive archive
felony babysat felony tate
backplate backplate
barnacle barnacle
bat bat directory
broil broil
bunch bunch
car car
casserole casserole
catenate catenate
choice choice
torus coarse
connubial connubial
diligent diligent
dreadnought dreadnought
dull dull
embroil embroil
equipping equipping
exothermic exothermic
cowhand explosion
extrovert extrovert
fulsome fulsome
funky funky
griddle griddle
icon icon update
illusion illusion
switchmen imperishable
inform inform millennium
involuntary involuntary slowdown
limitate limitate
mack mack
mediate mediate
confrontation midstream
mitre mitre
monotonous monotonous
noon noon
numerology numerology viscous
oriole oriole
papal papal
postscript postscript
relaxation relaxation
renaissance renaissance
secondary secondary
septillion septillion
shovel shovel
silage silage
simulate simulate
sinh sinh
softball softball
sphalerite sphalerite
spill spill
stanza stanza
swordfish swordfish
thirteen thirteen
thoroughfare thoroughfare
transfuse transfuse
plunder transonic
trimester trimester yogurt
whatsoever whatsoever
wingspread wingspread
