1 40 9 38 31 44 28 83 28 131 28 19 98 19 37 19 27 17 43 30 6 28 7 36 18 46 33 15 20 12 11 47 21 48 5 42 104 42 89 42 35 45 32 39 25 13 23 14 29 96 29 2 42 24 10 26 4 26 100 26 29 129 29 41 106 41 34 3 22 16 133 16 91 16 8 56 8 1
56
1 49 128
34 50 77
4 51 118
39 52 57
19 53
46 54 144
23 55 108
56 56
48 58 68
12 59 116
17 60 66
38 61 111
2 62 81
18 63 69
43 64 136
11 65 142
33 67 127
31 70 143
22 71 94
9 72 73
45 74 122
14 75 105
10 76 132
27 78 140
13 79 109
25 80 86
21 82 138
83 83
35 84 92
15 85 103
40 87 117
24 88 134
89 89
5 90 93
91 91
30 95 101
96 96
3 97 112
98 98
37 99 125
100 100
44 102 114
104 104
106 106
7 107 120
36 110 130
47 113 141
20 115 124
6 119 126
26 121
8 123
129 129
131 131
133 133
32 135 139
41 137
