153 170 15 129 12 93 167 59 126 22 86 13 196 76 182 75 146 55 142 23 90 2 98 122 101 191 78 189 8 189 199 147 151 17 48 56 100 127 160 37 90 185 90 35 169 118 68 27 53 145 178 77 95 161 60 0 139 138 131 25 195 80 39 70 180 197 92 83 186 52 186 19 91 41 137 177 194 135 117 16 75 33 31 72 28 72 89 114 89 31 33 75 146 181 26 172 79 108 81 119 158 96 128 50 156 192 29 109 99 34 113 58 47 120 36 120 84 21 184 34 24 1 150 168 150 168 11 49 134 74 89 20 153
90
168 168
127 127
29 29
150 150
12 12
119 119
81 81
80 140
196 196
145 145
126 126
118 118
2 2
58 58
15 15
26 26
13 13
76 124 7
86 86 4
113 113
21 21
48 3
197 197
160 160
68 68
70 70
182 182
90 90 40
89 89
37 37
60 112 60
101 163
16 16
11 11
98 98 88
178 178
153 153
135 135
156 156
52 52 179
8 8
47 47
138 61 138
36 188 36
137 137
41 41
93 93
194 194
172 172
129 129
120 120
49 49
147 42 147
56 56
122 122
96 96
23 23
184 184
95 95
99 99
19 19
35 35
74 74
177 177
192 192 5
167 167
53 53
180 180
128 128
161 161
181 136
131 131
17 187
146 146
169 169
0 0
59 152
108 108
77 77
34 34
134 134
83 83
195 195
170 170
139 43
79 79
20 20
92 171
28 28
50 50
