M2S9flVUcYP2sJdh8LXf H59EihDjhfpS7ToXFM3L X9TJsvmT50zYeG0q6XSG 93aDiM8K0XhtiVcCVKi2 tuE7UekaxGUib4idWtYa sH3pvLOfMUrEGUrmsHCu C1CVSQIxudgISqBvCOoA 3TWDD9k8g0eTVq52a62Z RFiaXjCJgUwAE3Wun3DA 1f1ShssvWmmfUiqDIjNc L8bxdxuDa5issn2PiN3u Jjat3uJ5XboI9kZe0522 W4IxjYZtRN88GGSV9Uoc PbYOO88SokShsv7XrgBm NMTjl1jsvrb7y2ggdCSc XmlH4l2BXG35TF70bZqZ fmFrd4vggNac5TkiFJAd m1IYiQsUBuvvpTv7yWXO Dt5YfbjQq6VoKnyw6Zav Dc1wEVV3kuOZotG6pNlL k7k4sHxeh1pR4sOjcVuj Eu0wGcDBBrgvePzHfqrS ECCnzlgsMEvTYjNwAlfM uy6RcQAYd3ATM1Icq3my dOKaHsIcDX32wPXAX2Gt zdtRVpQ9lVyEhNj9Evpp vxiwkV1b5fV2sGCBFsRQ 5gumrx48u1yPpF6ivPOI yHMPX8vHctuUweyLluyz oWxP87H6AXwFzF0dpB9d jgcWqrcniA4q9WNs9xkc 9Jr76N4fnNot7SNYqBKG 9GrchmlNCDIapQ9OnEYh 4bQwji0D4wyEDLd54MWv 8KfYYXeMqM0D4nShLOzi v0QJIKD4q7sFXrzFSb6J lxlEsWbbqG2dcyvjsLTA zD7ErBenXxsG4D9b5TEV 48nWZMVqWDxfH9uMf2U3 S8uMGvUglWyhnfV5Wzdp dKH5OdpmJKCU83bbXVxZ T05cb1iVZnpGK4zO8JN8 EtrZREkmL456viQQJ9Rb Pqf0Sn4UvsBLaxz7WO4n nbZglhhmYQAPQz4eETaj MtQDjkLToWj4d53MMhKG vodEvdIApqt0N3TZsbxN cdaizmjQrCe5Vnwy3JQF tVhIJJgs0kEFaQx1hdWm M2S9flVUcYP2sJdh8LXf
44
Dt5YfbjQq6VoKnyw6Zav Dt5YfbjQq6VoKnyw6Zav
Eu0wGcDBBrgvePzHfqrS Eu0wGcDBBrgvePzHfqrS
m1IYiQsUBuvvpTv7yWXO m1IYiQsUBuvvpTv7yWXO
H59EihDjhfpS7ToXFM3L H59EihDjhfpS7ToXFM3L
dKH5OdpmJKCU83bbXVxZ dKH5OdpmJKCU83bbXVxZ Kfu1pc3YPMGebW7Iu8ex 0uvEfLgT4s8ImTk9VWBt
8KfYYXeMqM0D4nShLOzi tUowOUG1V7iCXBCMR0AT 8KfYYXeMqM0D4nShLOzi
5gumrx48u1yPpF6ivPOI 5gumrx48u1yPpF6ivPOI
vxiwkV1b5fV2sGCBFsRQ gZVNRDm5p6aX5QEEX8UG vxiwkV1b5fV2sGCBFsRQ
sH3pvLOfMUrEGUrmsHCu sH3pvLOfMUrEGUrmsHCu
Dc1wEVV3kuOZotG6pNlL LNMZej67uy0Whvqp5OR1
tuE7UekaxGUib4idWtYa PZrpdQAa8H8tkrajh08J
S8uMGvUglWyhnfV5Wzdp S8uMGvUglWyhnfV5Wzdp
ECCnzlgsMEvTYjNwAlfM ECCnzlgsMEvTYjNwAlfM
Pqf0Sn4UvsBLaxz7WO4n Pqf0Sn4UvsBLaxz7WO4n
v0QJIKD4q7sFXrzFSb6J v0QJIKD4q7sFXrzFSb6J
tVhIJJgs0kEFaQx1hdWm tVhIJJgs0kEFaQx1hdWm
NMTjl1jsvrb7y2ggdCSc NMTjl1jsvrb7y2ggdCSc
yHMPX8vHctuUweyLluyz yHMPX8vHctuUweyLluyz
9Jr76N4fnNot7SNYqBKG 9Jr76N4fnNot7SNYqBKG
L8bxdxuDa5issn2PiN3u L8bxdxuDa5issn2PiN3u yZPIHwySFuIdRJCMzjnz
PbYOO88SokShsv7XrgBm Z8MZ2JfftjeVVnGFSOQe
93aDiM8K0XhtiVcCVKi2 93aDiM8K0XhtiVcCVKi2
Jjat3uJ5XboI9kZe0522 Jjat3uJ5XboI9kZe0522
48nWZMVqWDxfH9uMf2U3 48nWZMVqWDxfH9uMf2U3
4bQwji0D4wyEDLd54MWv 4bQwji0D4wyEDLd54MWv
jgcWqrcniA4q9WNs9xkc jgcWqrcniA4q9WNs9xkc
uy6RcQAYd3ATM1Icq3my uy6RcQAYd3ATM1Icq3my LxEzX08MG9T8knIYbul0
zdtRVpQ9lVyEhNj9Evpp zdtRVpQ9lVyEhNj9Evpp
X9TJsvmT50zYeG0q6XSG Bc6dudheE3WGLxP0iDdK
fmFrd4vggNac5TkiFJAd fmFrd4vggNac5TkiFJAd
nbZglhhmYQAPQz4eETaj nbZglhhmYQAPQz4eETaj
W4IxjYZtRN88GGSV9Uoc W4IxjYZtRN88GGSV9Uoc
RFiaXjCJgUwAE3Wun3DA Z0DuoZMcx6oyDPWFznMK
MtQDjkLToWj4d53MMhKG pNXWB5geApaSjbsCCT4J
9GrchmlNCDIapQ9OnEYh 9GrchmlNCDIapQ9OnEYh
M2S9flVUcYP2sJdh8LXf M2S9flVUcYP2sJdh8LXf
EtrZREkmL456viQQJ9Rb EtrZREkmL456viQQJ9Rb
XmlH4l2BXG35TF70bZqZ XmlH4l2BXG35TF70bZqZ
oWxP87H6AXwFzF0dpB9d oWxP87H6AXwFzF0dpB9d
dOKaHsIcDX32wPXAX2Gt dOKaHsIcDX32wPXAX2Gt
cdaizmjQrCe5Vnwy3JQF cdaizmjQrCe5Vnwy3JQF
zD7ErBenXxsG4D9b5TEV zD7ErBenXxsG4D9b5TEV
k7k4sHxeh1pR4sOjcVuj k7k4sHxeh1pR4sOjcVuj
vodEvdIApqt0N3TZsbxN vodEvdIApqt0N3TZsbxN
