Chattanooga ElPaso Knoxville WinstonSalem Cincinnati LongBeach Waco Albuquerque Orlando Naperville Chicago Portland Fresno Worcester Montgomery SanJose Denton Gilbert Tallahassee Buffalo Pomona FortCollins Salem Boston Brownsville Jackson HuntingtonBeach Alexandria NewportNews DesMoines Austin Vancouver Detroit BatonRouge Bakersfield Oceanside Fontana Tucson SanBernardino Joliet Madison Lincoln OklahomaCity Irvine Syracuse NewYork Anaheim ChulaVista Berkeley Springfield Spokane Oxnard Tacoma Huntsville Fremont LittleRock Phoenix Anchorage Surprise OverlandPark Scottsdale Riverside Indianapolis FortLauderdale Savannah ElkGrove Plano Yonkers Durham Roseville FortWorth Corona Lubbock Corona Olathe Miramar Honolulu Killeen Jacksonville Clarksville StPetersburg Toledo Henderson Orange Frisco Orange Aurora Fayetteville Wichita Memphis SanAntonio Cleveland Chattanooga
77
Yonkers Yonkers
Alexandria Alexandria
Joliet Joliet
Orlando Orlando
Lincoln Lincoln
Worcester Worcester
LittleRock LittleRock Shreveport CapeCoral
Phoenix GardenGrove Phoenix
Aurora Aurora Baltimore Lexington
DesMoines DesMoines
Surprise Surprise
Knoxville Knoxville
Jacksonville Jacksonville
Oceanside Oceanside
Henderson Henderson
Fremont Fremont
Riverside Riverside
Memphis Memphis
SanBernardino SanBernardino Boise
Tacoma Tacoma
Wichita Wichita
Cincinnati Paterson Cincinnati
Cleveland Washington Cleveland Newark
Salem Ontario Salem
Bakersfield Bakersfield Charlotte Murfreesboro
NewYork SantaClarita NewYork
Brownsville Brownsville
ElkGrove McAllen
Corona Corona
Honolulu Honolulu SanFrancisco
Springfield Springfield
Denton Denton
Scottsdale Tempe Scottsdale
Spokane Spokane
Portland Glendale
LongBeach GrandPrairie
Irvine Irvine Raleigh SaintPaul Hayward
NewportNews NewportNews
Olathe Olathe
Vancouver Vancouver
Indianapolis Indianapolis
Anchorage Anchorage Midland
FortWorth FortWorth
Austin Austin
Anaheim Anaheim
SanJose SanJose
Fayetteville Fayetteville Richmond
Oxnard Oxnard
Durham Durham
ChulaVista ChulaVista Akron
OklahomaCity SantaAna
FortLauderdale FortLauderdale
ElPaso ElPaso
Syracuse Syracuse
Madison Madison
Fresno GrandRapids
Savannah Savannah
Lubbock Louisville Lubbock
Buffalo Buffalo
BatonRouge BatonRouge
Boston Boston
Waco Waco
Chicago Chicago
SanAntonio SanAntonio
Frisco KansasCity Frisco
Tallahassee Tallahassee
Albuquerque LosAngeles
Fontana Fontana
Berkeley Berkeley
Miramar PortStLucie
Plano Plano
Orange Orange
Toledo Toledo
Naperville Naperville
Jackson Jackson
Pomona Pomona
StPetersburg SanDiego
