SaintPaul Garland Newark Scottsdale Honolulu Memphis Louisville Stockton Houston Tampa Toledo JerseyCity Denver Detroit Tucson Dallas Greensboro Chandler NewOrleans KansasCity Miami Omaha Aurora Austin ElPaso LosAngeles Plano Fresno Chesapeake Lubbock StPetersburg Milwaukee Columbus Glendale Hialeah OklahomaCity FortWayne Albuquerque Baltimore ChulaVista Cincinnati ChulaVista Baltimore Albuquerque BatonRouge FortWorth NewYork FortWorth BatonRouge Albuquerque Baltimore ChulaVista Charlotte Phoenix Durham SantaAna Lincoln Minneapolis SanDiego SanJose SaintPaul
40
Newark Newark
Plano Plano
Scottsdale Scottsdale
Denver Denver
Honolulu Honolulu
Austin SanAntonio Austin
Durham Durham WinstonSalem
Fresno Lexington Spokane
FortWorth FortWorth
StPetersburg Henderson StPetersburg
FortWayne FortWayne Anchorage
Baltimore Baltimore LongBeach Indianapolis
Houston Houston
Glendale Glendale
SantaAna Pittsburgh SantaAna
SanDiego SanDiego
Tucson Tucson Raleigh
SanJose SanJose
Hialeah Hialeah
Lincoln Lincoln
Charlotte Charlotte
Milwaukee Milwaukee
Toledo Atlanta
JerseyCity Laredo JerseyCity
Chesapeake Chesapeake
Dallas Dallas
Stockton Stockton
Columbus Columbus
Memphis Memphis
Phoenix Phoenix
Chandler Chandler
Lubbock Lubbock
Minneapolis Bakersfield
Tampa Tampa
NewOrleans NewOrleans
OklahomaCity OklahomaCity
ElPaso ElPaso
Aurora Aurora
Louisville Madison
Cincinnati Cincinnati
