Jacksonville Atlanta Louisville Arlington Portland Seattle LasVegas LongBeach Omaha Austin Raleigh LosAngeles Indianapolis SanJose Boston OklahomaCity Phoenix Oakland Philadelphia Houston ColoradoSprings VirginiaBeach Nashville Milwaukee Tucson Columbus Detroit Tulsa Minneapolis NewYork Minneapolis Jacksonville
23
Philadelphia Philadelphia
LasVegas LasVegas
OklahomaCity FortWorth
Portland Portland
Raleigh Memphis
Tulsa Tulsa
Atlanta Fresno SanFrancisco Atlanta
Columbus Columbus
Seattle Seattle
SanJose SanJose
Phoenix Phoenix
Nashville ElPaso
Tucson Tucson
LongBeach LongBeach
VirginiaBeach VirginiaBeach
Oakland Albuquerque
Indianapolis Indianapolis
Austin Austin
Minneapolis Minneapolis
Jacksonville Jacksonville
Louisville Louisville
Boston Boston
LosAngeles LosAngeles
