Porterton Dianashire Burgessview Williamfort Moodyburgh Williamfort Williamport Ashleystad Codyton Mindyview Codyton Ashleystad Holthaven Vickiville Holthaven Ashleystad Codyton Ashleystad Williamport Williamfort Burgessview Marcusburgh Matthewburgh Bondfort Adamview Bondfort Shawnmouth Bondfort Matthewburgh Marcusburgh Fletcherland Willisfurt Fletcherland Kingview Williamschester Kingview Fletcherland Marcusburgh Tylerbury Jamestown Tylerbury Marcusburgh Burgessview Billton Banksburgh Simmonsburgh Banksburgh Yvonneborough Parkermouth Shawnfort Parkermouth Yvonneborough Banksburgh Simmonsburgh Michaelville Williamland Michaelville Simmonsburgh Banksburgh Billton Gabrielfort Jamesshire Gabrielfort Billton Burgessview Dianashire Ashleyborough Paulburgh Walltown Scotttown Jacksonview Scotttown Walltown Callahantown Maryport Callahantown Walltown Johnberg Williamshire Johnberg Walltown Paulburgh Robertsstad Paulburgh Ashleyborough Osborneville Christophermouth Davidtown Christophermouth Beckerton Christophermouth Shawnhaven Candaceborough Shawnhaven Christophermouth Osborneville Payneview Barnesmouth Harrisport Brendaview Harrisport Barnesmouth Clarkborough Barnesmouth Payneview Teresafort Smithtown Teresafort Payneview Jacksonville Jennifertown Feliciaville Jennifertown Jacksonville Christopherhaven Jacksonville Payneview Osborneville Ashleyborough Clarkberg Reevestown Judithview Michaelview Judithview Reevestown Clarkberg Burtonview Gonzalesfurt Burtonview Murphyside Bakertown Murphyside Burtonview Phamhaven Burtonview Clarkberg Reevestown Davidsonview Reevestown Clarkberg Ashleyborough Dianashire Porterton Wallton Davisstad Newmanburgh Gallowaymouth Rioshaven Gallowaymouth Newmanburgh Samanthashire Newmanburgh Davisstad Jacksonton Davisstad Leechester Castanedachester Leechester Pettyton Bondmouth Pettyton Leechester Davisstad Jacksonton Emilyview Jacksonton Singletonton Clarkbury Singletonton Jacksonton Davisstad Wallton Danielleport Melissaview Cheyennefurt Watsonville Cheyennefurt Thompsonshire Cheyennefurt Melissaview Campbellhaven Annberg Houstonchester Annberg Campbellhaven Melissaview Danielleport Cooperton Lopezborough Cooperton Danielleport Wallton Derekmouth Charlesberg Sethland Ellisstad Sethland Charlesberg Weberbury Charlesberg Kevinberg Patriciabury Kevinberg Adamside Kevinberg Charlesberg Weberbury Kimberlyburgh Weberbury Charlesberg Sethland Charlesberg Derekmouth Wallton Danielleport Scottburgh Laurenbury Haleview Laurenbury Scottburgh Danielleport Cooperton Lopezborough Waltersmouth Adkinsberg Waltersmouth Lopezborough Cooperton Danielleport Wallton Derekmouth Jeffreyfort Johnsonchester Jeffreyfort Garytown Audreyfort Garytown Jeffreyfort Johnsonchester Nealfurt Johnsonchester Jeffreyfort Derekmouth Geraldside Richtown Geraldside Michellehaven Cranemouth Michellehaven Geraldside Joseport Hallborough Joseport Gabrielburgh Joseport Geraldside Michellehaven Ramosborough Michellehaven Geraldside Derekmouth Jeffreyfort Johnsonchester Susanfort Johnsonchester Jeffreyfort Derekmouth Wallton Danielleport Cooperton Kristietown Cooperton Danielleport Wallton Porterton Dianashire Burgessview Williamfort Thomasville Lopezburgh Byrdfurt Garciamouth Byrdfurt Lopezburgh Thomasville Williamfort Burgessview Dianashire Porterton Wallton Danielleport Cooperton Thomasside Cooperton Danielleport Melissaview Campbellhaven Melissaview Cheyennefurt Watsonville Christyland Watsonville Cheyennefurt Melissaview Danielleport Wallton Davisstad Jacksonton Singletonton Jacksonton Davisstad Newmanburgh Davisstad Wallton Porterton Dianashire Ashleyborough Clarkberg Reevestown Clarkberg Ashleyborough Osborneville Payneview Jacksonville Payneview Teresafort Smithtown Abigailville Smithtown Jacksonland Smithtown Teresafort Calvinton Teresafort Payneview Barnesmouth Payneview Osborneville Christophermouth Shawnhaven Christophermouth Osborneville Ashleyborough Paulburgh Robertsstad Jessicaton Robertsstad Toddtown Swansonshire Toddtown Robertsstad Paulburgh Walltown Johnberg Walltown Paulburgh Ashleyborough Dianashire Burgessview Billton Gabrielfort Billton Brookemouth Kimberlymouth Brookemouth Baileyfort Brookemouth Billton Burgessview Marcusburgh Tylerbury Jamestown Wilsonstad Jamestown Tylerbury Marcusburgh Fletcherland Willisfurt Ortizberg Willisfurt Fletcherland Marcusburgh Matthewburgh Bondfort Shawnmouth Priceville Shawnmouth Bondfort Matthewburgh Virginiastad Robinsonmouth Virginiastad Matthewburgh Marcusburgh Tylerbury Paultown Hansonbury Paultown Tylerbury Marcusburgh Burgessview Williamfort Thomasville Lopezburgh Leahmouth Lopezburgh Thomasville Martinchester Thomasville Williamfort Moodyburgh Heatherberg Thomasborough Heatherberg Moodyburgh Gregoryberg Smithfort Gregoryberg Moodyburgh Williamfort Thomasville Williamfort Burgessview Dianashire Porterton
66
Virginiastad Johnsonberg
Adamview Adamview Harrisborough
Feliciaville Feliciaville
Shawnmouth Buckleyside Shawnmouth
Maryport Combsville Reynoldsview Maryport
Thompsonshire Thompsonshire
Williamschester Mirandaview Williamschester
Bakertown Derekville Jameston Bakertown
Wilsonstad Wilsonstad
Susanfort Susanfort
Haleview Haleview Hallstad
Waltersmouth Adamport
Shawnhaven Dannyside
Clarkbury Jermaineton Clarkbury
Parkermouth Parkermouth
Hansonbury Hansonbury
Hallborough Kylieview Hallborough
Brendaview Brendaview
Bondmouth Mercedesmouth Taylorton Bondmouth
Kimberlyburgh Kimberlyburgh Candiceland
Leahmouth Leahmouth
Houstonchester Houstonchester
Michaelview Michaelview Clarenceview
Annberg Dyerport Annberg
Patriciabury Troyfort Patriciabury Thomasmouth
Cranemouth Cranemouth Joneschester
Audreyfort Audreyfort Patriciaside
Ellisstad Ellisstad Osbornemouth
Byrdfurt Byrdfurt Loweryborough
Adamside Andrewschester Adamside Bradberg
Sethland Tannerhaven
Christyland Christyland
Garciamouth Garciamouth
Robinsonmouth Robinsonmouth Horneside
Williamland Williamland
Jacksonland Jacksonland
Christopherhaven Christopherhaven
Harrisport Harrisport
Rioshaven Rioshaven Josephstad
Pettyton Jonesfurt
Candaceborough Candaceborough
Gabrielburgh Hodgesstad Gabrielburgh
Weberbury Clarkport
Ramosborough Fordhaven Ramosborough
Clarkborough Clarkborough
Holthaven Holthaven
Thomasborough Ortegaberg Masseyside Thomasborough
Jacksonview Danielville Jacksonview
Codyton Ryanside Codyton
Smithtown Smithtown
Swansonshire Swansonshire Abigailhaven
Castanedachester Suttonville
Ortizberg Ortizberg
Calvinton Calvinton
Williamshire Williamshire
Vickiville Vickiville
Mindyview Mindyview
Abigailville Abigailville
Watsonville Robertomouth Watsonville
Michaelville Michaelville
Jennifertown Jennifertown
Nealfurt Nealfurt
Adkinsberg Adkinsberg
Smithfort Millerborough Smithfort
Shawnfort Shawnfort
Priceville Priceville
