Hernandezville Joelview Mitchellchester Lopezmouth Dixonton Francesmouth Dixonton Keithton Dixonton Lopezmouth Heathermouth Emilymouth Heathermouth Lopezview Heathermouth Lopezmouth Mitchellchester Joelview Hernandezville Beckyshire Derekton Wallaceville Morenoside Wallaceville Derekton Beckyshire Ponceville Mcculloughchester Crystalchester Smithmouth Crystalchester Mcculloughchester Jonestown Kellyfort Jonestown Barbarachester Jonestown Mcculloughchester Crystalchester Mcculloughchester Ponceville Bridgesville Riveramouth Bradshawside Riveramouth Martinton Riveramouth Bridgesville Dennisstad Wilsonburgh Dennisstad Bridgesville Ponceville Garymouth Christophertown Crystaltown Christophertown Garymouth Ponceville Bridgesville Esparzaberg Thomasburgh Esparzaberg Kristinbury Esparzaberg Bridgesville Ponceville Garymouth Camposstad Donaldstad Camposstad Garymouth Christophertown Garymouth Ponceville Beckyshire Hernandezville Joelview Farmerside Gabriellabury Courtneyfurt Contrerasland Courtneyfurt Gabriellabury Murphyberg Gabriellabury Farmerside Joelview Downsville Richardhaven Tammychester Richardhaven Downsville Joelview Farmerside Ralphtown Stricklandbury Tylermouth Stricklandbury Ralphtown Garciaport Charlesburgh Garciaport Ralphtown Farmerside Ryanton Williamsmouth Mcdonaldmouth Williamsmouth Ryanton Farmerside Joelview Hernandezville
27
Downsville Haasville
Thomasburgh Johnsonmouth Thomasburgh Sanchezland
Williamsmouth Johnstonmouth
Kristinbury Allenberg Kristinbury
Barbarachester Barbarachester Jonesberg
Kellyfort Pittsland Tinatown Kellyfort
Smithmouth Smithmouth Robertborough
Tylermouth Tylermouth Deanstad
Francesmouth Francesmouth Richardville
Murphyberg Hendersonchester
Keithton Keithton Andrewland Aprilstad
Contrerasland Contrerasland
Wilsonburgh Wilsonburgh Harristown Josephton
Charlesburgh Angelaview Charlesburgh
Martinton Deborahfort Martinton Brianland
Bradshawside Wandaside Bradshawside
Courtneyfurt Morrisbury
Morenoside Johnport Amberfurt
Camposstad Williamsville
Mcdonaldmouth Mcdonaldmouth Adkinsfurt
Lopezview Robertsfort Lopezview
Mitchellchester Huynhton
Crystaltown Crystaltown Johnsontown
Emilymouth Emilymouth
Derekton Belindamouth
Donaldstad Donaldstad Thomastown
Tammychester Rebeccaton Tammychester
