Porterton Wallton Danielleport Cooperton Danielleport Melissaview Cheyennefurt Watsonville Christyland Watsonville Cheyennefurt Melissaview Danielleport Cooperton Lopezborough Waltersmouth Lopezborough Cooperton Danielleport Scottburgh Laurenbury Haleview Laurenbury Scottburgh Danielleport Wallton Davisstad Newmanburgh Gallowaymouth Rioshaven Gallowaymouth Newmanburgh Davisstad Jacksonton Singletonton Clarkbury Jermaineton Clarkbury Singletonton Jacksonton Davisstad Wallton Davisstad Newmanburgh Gallowaymouth Newmanburgh Davisstad Wallton Porterton Dianashire Ashleyborough Clarkberg Burtonview Murphyside Bakertown Jameston Bakertown Derekville Bakertown Murphyside Burtonview Clarkberg Reevestown Judithview Michaelview Clarenceview Michaelview Judithview Reevestown Clarkberg Ashleyborough Osborneville Payneview Teresafort Smithtown Jacksonland Smithtown Abigailville Smithtown Teresafort Payneview Osborneville Christophermouth Beckerton Christophermouth Shawnhaven Candaceborough Shawnhaven Dannyside Shawnhaven Christophermouth Osborneville Payneview Jacksonville Jennifertown Jacksonville Christopherhaven Jacksonville Payneview Teresafort Smithtown Teresafort Calvinton Teresafort Payneview Barnesmouth Harrisport Barnesmouth Harrisport Brendaview Harrisport Barnesmouth Payneview Osborneville Ashleyborough Dianashire Burgessview Williamfort Williamport Ashleystad Holthaven Ashleystad Williamport Williamfort Thomasville Lopezburgh Byrdfurt Loweryborough Byrdfurt Garciamouth Byrdfurt Lopezburgh Thomasville Williamfort Burgessview Marcusburgh Fletcherland Kingview Williamschester Mirandaview Williamschester Kingview Fletcherland Marcusburgh Tylerbury Paultown Hansonbury Paultown Tylerbury Marcusburgh Fletcherland Willisfurt Ortizberg Willisfurt Fletcherland Marcusburgh Matthewburgh Virginiastad Johnsonberg Virginiastad Robinsonmouth Virginiastad Matthewburgh Bondfort Adamview Bondfort Shawnmouth Bondfort Matthewburgh Marcusburgh Burgessview Billton Banksburgh Yvonneborough Parkermouth Shawnfort Parkermouth Yvonneborough Banksburgh Simmonsburgh Michaelville Simmonsburgh Banksburgh Billton Burgessview Williamfort Williamport Ashleystad Codyton Mindyview Codyton Ashleystad Williamport Williamfort Burgessview Dianashire Porterton Wallton Derekmouth Charlesberg Weberbury Kimberlyburgh Weberbury Charlesberg Kevinberg Patriciabury Thomasmouth Patriciabury Kevinberg Charlesberg Derekmouth Wallton Davisstad Leechester Castanedachester Suttonville Castanedachester Leechester Castanedachester Leechester Davisstad Wallton Porterton Dianashire Burgessview Williamfort Moodyburgh Gregoryberg Smithfort Gregoryberg Moodyburgh Heatherberg Thomasborough Masseyside Thomasborough Heatherberg Moodyburgh Williamfort Burgessview Dianashire Porterton Wallton Derekmouth Geraldside Michellehaven Ramosborough Michellehaven Geraldside Joseport Hallborough Joseport Gabrielburgh Joseport Geraldside Richtown Geraldside Michellehaven Cranemouth Joneschester Cranemouth Michellehaven Geraldside Derekmouth Charlesberg Sethland Ellisstad Sethland Tannerhaven Sethland Charlesberg Kevinberg Adamside Bradberg Adamside Andrewschester Adamside Kevinberg Charlesberg Sethland Charlesberg Derekmouth Jeffreyfort Garytown Audreyfort Garytown Jeffreyfort Johnsonchester Susanfort Johnsonchester Jeffreyfort Derekmouth Wallton Davisstad Leechester Pettyton Bondmouth Pettyton Leechester Davisstad Wallton Danielleport Melissaview Campbellhaven Annberg Dyerport Annberg Campbellhaven Melissaview Danielleport Wallton Porterton Dianashire Ashleyborough Paulburgh Robertsstad Toddtown Swansonshire Toddtown Robertsstad Paulburgh Walltown Johnberg Walltown Scotttown Jacksonview Danielville Jacksonview Scotttown Walltown Johnberg Williamshire Johnberg Walltown Callahantown Maryport Combsville Maryport Reynoldsview Maryport Callahantown Walltown Paulburgh Ashleyborough Dianashire Porterton
75
Johnsonberg Johnsonberg
Adamview Adamview Harrisborough
Jennifertown Feliciaville Jennifertown
Shawnmouth Buckleyside Shawnmouth Priceville
Combsville Combsville
Cheyennefurt Thompsonshire
Mirandaview Mirandaview
Derekville Derekville
Tylerbury Wilsonstad
Susanfort Susanfort
Haleview Haleview Hallstad
Waltersmouth Adamport Adkinsberg
Dannyside Dannyside
Jermaineton Jermaineton
Parkermouth Parkermouth
Jameston Jameston
Hansonbury Hansonbury
Hallborough Kylieview Hallborough
Brendaview Brendaview
Bondmouth Mercedesmouth Taylorton Bondmouth
Kimberlyburgh Kimberlyburgh Candiceland
Lopezburgh Leahmouth
Annberg Houstonchester Annberg
Michaelview Michaelview
Dyerport Dyerport
Patriciabury Troyfort Patriciabury
Cranemouth Cranemouth
Audreyfort Audreyfort Patriciaside
Reynoldsview Reynoldsview
Ellisstad Ellisstad Osbornemouth
Byrdfurt Byrdfurt
Andrewschester Andrewschester
Tannerhaven Tannerhaven
Christyland Christyland
Garciamouth Garciamouth
Robinsonmouth Robinsonmouth Horneside
Adamside Adamside
Bakertown Bakertown
Michaelville Williamland Michaelville
Jacksonland Jacksonland
Loweryborough Loweryborough
Bradberg Bradberg
Christopherhaven Christopherhaven
Harrisport Harrisport
Rioshaven Rioshaven Josephstad
Pettyton Jonesfurt
Williamschester Williamschester
Candaceborough Candaceborough
Gabrielburgh Hodgesstad Gabrielburgh
Weberbury Clarkport
Ramosborough Fordhaven Ramosborough
Barnesmouth Clarkborough
Holthaven Holthaven Vickiville
Thomasborough Ortegaberg Thomasborough
Danielville Danielville
Codyton Ryanside Codyton
Smithtown Smithtown
Jacksonview Jacksonview
Swansonshire Swansonshire Abigailhaven
Thomasmouth Thomasmouth
Suttonville Suttonville
Maryport Maryport
Ortizberg Ortizberg
Calvinton Calvinton
Williamshire Williamshire
Mindyview Mindyview
Abigailville Abigailville
Clarenceview Clarenceview
Masseyside Masseyside
Watsonville Robertomouth Watsonville
Johnsonchester Nealfurt
Smithfort Millerborough Smithfort
Shawnfort Shawnfort
Clarkbury Clarkbury
Joneschester Joneschester
