K BH GD ET DV BF BX EJ CA EN FD DV BJ BL M BT CF AM CF BC GN CP AW AH EU BX DP GL EX EY EO DE FX GK AU FG CZ AO BP EM DX DB BI CZ AU BR CJ FH CQ E CU GI FE FV AP FC AB DZ AB FA FJ GJ P FJ CO FW D FA I EQ DL EQ CT AX BA G AV G DF BM DT T FO EK GE GH DD AQ DQ BK AL BS AN DQ AC BE FI GO CG GO FI DD FB DF CB FZ AJ DK DI EL DG DM DG U DC EB AN DS DH J BG FM O FP CL A GR CM CC EI BZ ES AF ED GC EE L BB CW DY CH EZ C DR C GG AG EG EP FX FU FX C FX FU EH DN FN X DJ CI S CD BH K
94
K B
G G
I I
L L
M M
P P EC
O R
T T
U U
AC V
X X
DL Y GF
J Z
AB AB
AF AF
AG AG
AH AH
AJ AJ
AM AM
AN AN
CL AS
AW AW
AX AX
BA BA
BB BB
BE BE BY
BF BF
BG BG
BI BI
BJ BJ
BL BL
AP BO
BP BP
BZ BQ
BR BR
BX BX
CB CB
EQ CE EQ
CF CF
CJ CJ
FH CK FH
CM CM
CQ CQ
CT CT
CW CW
CI CY
DB DB
DC DC
DG DG
DH DH
DI DI
DK DK
DP DP
DR DR
DS DS
DV DV
DX DX
DZ DZ
EM EA EM
ED ED
EG EG
EH EH
EJ EJ
EK EK
EL EL
EN EN
EO EO
EU EU
DE EV
EZ EZ
FD FD
FE FE
FG FG
FI FI
FJ FJ
FM FM
FO FO
FP FP
AU FR
BH FS
FU FU
FV FV
FX FX
FZ FZ
GC GC
GD GD
GE GE
GG GG
GI GI
GJ GJ
GK GK
GL GL
GO GO
GR GR
