dldkilltnmhfepsteins msddkilllthepsteinfn killthsepsteindmlfdn killfthnmsdlepsteind tsmdepsteinkillhfdln depsteinlfnmkilldsht dkillfepsteinnhdmtls depsteinlfnmkilldsht tldkillhsfnmepsteind depsteinlfnmkilldsht tsmdepsteinkillhfdln lkilldtnmsepsteindfh dhmkillfdltnsepstein hdepsteinkillnfdlmts dkillldfepsteintsmnh ldfsmnepsteinkilltdh dkillldfepsteintsmnh dlshdtepsteinnkillfm dkillldfepsteintsmnh hdepsteinkillnfdlmts dhmkillfdltnsepstein mhdskillldftnepstein dhmkillfdltnsepstein hnsepsteinmkillfddtl dhtepsteinkillsdflmn killepsteinfdlhdtnms hdntepsteinkilllsdfm mhkillepsteinddlfsnt hdntepsteinkilllsdfm dkillnmhldstfepstein epsteinshlkilldmnfdt dfdepsteintlnskillhm ldepsteindhkilltsmfn dfdepsteintlnskillhm epsteinshlkilldmnfdt dkillnmhldstfepstein hdntepsteinkilllsdfm stmlepsteindnkilldfh sfdntlkilldhmepstein epsteinfthkilldnslmd ntmdhepsteinsdkillfl killlhstfdepsteinnmd ntmdhepsteinsdkillfl ltnhmdepsteinfdskill killepsteinfdlhdtnms skillmfepsteinthddnl lkillfthdsepsteindnm ndkillthdepsteinlsmf dftkillhmldnepsteins hmndfkillslepsteintd epsteindmshtfldnkill hsepsteinfkillnmddtl nmdhepsteinkilltfsld hsepsteinfkillnmddtl hndsmfkilltldepstein hsepsteinfkillnmddtl fmtnkilldepsteindhsl mkillldnhepsteinstfd smkillnepsteinfldthd thnkillmddsepsteinfl fthlkillnepsteindsdm killfhdndtlepsteinsm fthlkillnepsteindsdm epsteinhnkillsldfdmt mkilldlshdtfepsteinn epsteinhdkillltsmfdn dfkilllepsteinsnmhtd sdndhepsteinltkillfm killmdshdtnflepstein fthlkillnepsteindsdm depsteinftndhmkillsl fthlkillnepsteindsdm epsteinhnkillsldfdmt mkilldlshdtfepsteinn nfltdmkillsdepsteinh killhtdmdlnsfepstein fthlkillnepsteindsdm thnkillmddsepsteinfl fthlkillnepsteindsdm hepsteinnfmtlkilldds hsepsteinfkillnmddtl nsepsteinfmdkillhldt lkillfthdsepsteindnm hnddkilltslmfepstein dmtlsfhnkilldepstein thdlskillnfdmepstein hnddkilltslmfepstein mhdfsepsteintdkillln sdnmepsteinkilldfhlt fmhlnkilldepsteindst tnfslmepsteinkillddh fmhlnkilldepsteindst mdkillnlsdtepsteinhf nlsdepsteinkilltfhdm epsteinkillddfnthslm shepsteinnkillftlddm ddkillnftsmhepsteinl tepsteinkilldflhnmsd lhsntdepsteindkillmf lmkillepsteintsndfhd hepsteinntdkillsdmfl depsteintkilllnmsfdh hepsteinntdkillsdmfl lmkillepsteintsndfhd hepsteinntdkillsdmfl tkilllepsteinfsnhmdd fnkillddmtepsteinshl shdepsteinftkillnlmd fthlkillnepsteindsdm killmdshdtnflepstein fdmhkilllepsteintnsd killmdshdtnflepstein sdndhepsteinltkillfm mdkillntepsteindfhsl tndskilldfepsteinmhl mdkillntepsteindfhsl dmldfhskillntepstein mfndlsdepsteinhkillt fdmtdepsteinkilllsnh lntkillepsteinfsddhm fkillepsteinndmdlhts nepsteinfthdldmkills killfsdndhtmepsteinl nepsteinfthdldmkills lnepsteintdfmdshkill fddsmepsteintnkillhl ldhtdkillepsteinfsmn shfnmltepsteindkilld nkillddfthsmepsteinl depsteinslkillhdftmn nftmskilldldepsteinh fhdmnepsteindkillslt fmtnkilldepsteindhsl killtdslhfdepsteinnm shfnmltepsteindkilld killdldepsteinmfsthn smtepsteinkilldfnhdl mfndlsdepsteinhkillt dsftepsteindhkillmnl mfndlsdepsteinhkillt fdmtdepsteinkilllsnh mdkilllfdnstepsteinh epsteinfthkilldnslmd ntmdhepsteinsdkillfl fddsmepsteintnkillhl dhsepsteintlkillmfnd lepsteindsmnhftdkill epsteinldtnfmshdkill tepsteinhsdkillmldfn sldhnfmtdkillepstein tdfkillslepsteinhdmn tsdnhkilllmepsteindf killdepsteinmfltdshn dflstmkillepsteindhn lsmftnepsteinkillhdd hmdkilllnepsteinfsdt killhtdmdlnsfepstein ltfnsdhepsteinkilldm killtdmsdfhnepsteinl dhkillldsepsteintnmf epsteinfsltkillnhddm killhdfnsepsteinmltd fsepsteindkillhmtdln skillthlfndepsteindm mkillthfdlnepsteinds dtsmdnlhfepsteinkill epsteinsnmflhtdkilld epsteintfhndkilllmsd tdkillepsteinsmhdfnl lepsteindnhstfdmkill fhnmkillepsteinsdltd dlfdkilltepsteinhnms msddkilllthepsteinfn dldkilltnmhfepsteins
86
dlfdkilltepsteinhnms dlfdkilltepsteinhnms
sdndhepsteinltkillfm sdndhepsteinltkillfm
tldkillhsfnmepsteind tldkillhsfnmepsteind
mdkillntepsteindfhsl mdkillntepsteindfhsl
mdkillnlsdtepsteinhf mdkillnlsdtepsteinhf
tsdnhkilllmepsteindf tsdnhkilllmepsteindf
tsmdepsteinkillhfdln tsmdepsteinkillhfdln
dhsepsteintlkillmfnd dhsepsteintlkillmfnd
fhdmnepsteindkillslt fhdmnepsteindkillslt
epsteintfhndkilllmsd epsteintfhndkilllmsd
killmdshdtnflepstein fdskillndtmepsteinlh
killhdfnsepsteinmltd killhdfnsepsteinmltd
killtdmsdfhnepsteinl killtdmsdfhnepsteinl
epsteinfsltkillnhddm fmltddhnepsteinskill
fddsmepsteintnkillhl fddsmepsteintnkillhl
thdlskillnfdmepstein lepsteinkilldhfmstnd thdlskillnfdmepstein
lkilldtnmsepsteindfh lkilldtnmsepsteindfh
mfndlsdepsteinhkillt killmfndshdtepsteinl
mkillthfdlnepsteinds mkillthfdlnepsteinds
mdkilllfdnstepsteinh mdkilllfdnstepsteinh lkillepsteintdshmfnd
fhnmkillepsteinsdltd fhnmkillepsteinsdltd
sldhnfmtdkillepstein msepsteintlhnfkilldd sldhnfmtdkillepstein
fdmtdepsteinkilllsnh fdmtdepsteinkilllsnh
killtdslhfdepsteinnm slepsteinkillfmddhtn killtdslhfdepsteinnm
dmtlsfhnkilldepstein dmtlsfhnkilldepstein
dsftepsteindhkillmnl sdlhfnmdepsteintkill
depsteinftndhmkillsl hepsteinnfdmlsdtkill depsteinftndhmkillsl epsteindkilltlmnhsfd
ndkillthdepsteinlsmf ndkillthdepsteinlsmf
dkillnmhldstfepstein dkillnmhldstfepstein
lmkillepsteintsndfhd lmkillepsteintsndfhd ndshkilldmlepsteinft
shfnmltepsteindkilld shfnmltepsteindkilld
mhkillepsteinddlfsnt mhkillepsteinddlfsnt
msddkilllthepsteinfn msddkilllthepsteinfn
lhsntdepsteindkillmf lhsntdepsteindkillmf
epsteinsnmflhtdkilld epsteinsnmflhtdkilld
dtsmdnlhfepsteinkill dtsmdnlhfepsteinkill
ldepsteindhkilltsmfn ldepsteindhkilltsmfn
dfdepsteintlnskillhm dfdepsteintlnskillhm
depsteinlfnmkilldsht depsteinlfnmkilldsht lhepsteintndkilldsmf
tndskilldfepsteinmhl tndskilldfepsteinmhl dkillnmsfhtlepsteind
killhtdmdlnsfepstein killhtdmdlnsfepstein sndldftmkillepsteinh
dmldfhskillntepstein dmldfhskillntepstein
fsepsteindkillhmtdln fsepsteindkillhmtdln epsteinlmkillfshnddt
epsteinfthkilldnslmd epsteinfthkilldnslmd
skillmfepsteinthddnl skillmfepsteinthddnl
killfthnmsdlepsteind killfthnmsdlepsteind
epsteinhdkillltsmfdn epsteinhdkillltsmfdn
hepsteinntdkillsdmfl hepsteinntdkillsdmfl
depsteintkilllnmsfdh depsteintkilllnmsfdh
mhdskillldftnepstein mhdskillldftnepstein
hmdkilllnepsteinfsdt hmdkilllnepsteinfsdt
dlshdtepsteinnkillfm dlshdtepsteinnkillfm
ltfnsdhepsteinkilldm ltfnsdhepsteinkilldm tepsteinmdfldhnskill
nfltdmkillsdepsteinh nfltdmkillsdepsteinh
tepsteinhsdkillmldfn tepsteinhsdkillmldfn
killdepsteinmfltdshn killdepsteinmfltdshn
mkillldnhepsteinstfd mkillldnhepsteinstfd
tdfkillslepsteinhdmn tdfkillslepsteinhdmn
hnsepsteinmkillfddtl hnsepsteinmkillfddtl
hsepsteinfkillnmddtl hsepsteinfkillnmddtl
fmtnkilldepsteindhsl fmtnkilldepsteindhsl
tdkillepsteinsmhdfnl tdkillepsteinsmhdfnl
nftmskilldldepsteinh nftmskilldldepsteinh
hmndfkillslepsteintd hmndfkillslepsteintd
killthsepsteindmlfdn killthsepsteindmlfdn nepsteindhkillltmsfd
lkillfthdsepsteindnm dtnkillsepsteinmdfhl
nkillddfthsmepsteinl killtepsteinddhlmnsf
lepsteindnhstfdmkill lepsteindnhstfdmkill
dhmkillfdltnsepstein dhmkillfdltnsepstein
nmdhepsteinkilltfsld nmdhepsteinkilltfsld
epsteinldtnfmshdkill epsteinldtnfmshdkill
killdldepsteinmfsthn killdldepsteinmfsthn dnldkillhmfstepstein
ldfsmnepsteinkilltdh ldfsmnepsteinkilltdh
mkilldlshdtfepsteinn mkilldlshdtfepsteinn
lsmftnepsteinkillhdd lsmftnepsteinkillhdd
depsteinslkillhdftmn depsteinslkillhdftmn
ntmdhepsteinsdkillfl ntmdhepsteinsdkillfl
skillthlfndepsteindm skillthlfndepsteindm
epsteinhnkillsldfdmt epsteinhnkillsldfdmt
dhtepsteinkillsdflmn dhtepsteinkillsdflmn
dftkillhmldnepsteins mndtkillepsteindlfhs
epsteindmshtfldnkill epsteindmshtfldnkill
dflstmkillepsteindhn dflstmkillepsteindhn
nsepsteinfmdkillhldt hnskillepsteintfdmld
dfkilllepsteinsnmhtd dfkilllepsteinsnmhtd
thnkillmddsepsteinfl thnkillmddsepsteinfl
