tepsteinfdkilldlmhns hdepsteinsmdtnflkill hfskillnepsteinldtdm ldnmepsteinhfstdkill ndlepsteinhdtskillfm thsfnmkilldlepsteind killepsteintdldshfnm nkillsdtdhfmlepstein epsteinthsdmndkillfl snldmtkillfepsteindh msnepsteinfkillhtdld epsteinsdfmhltkillnd slepsteinftndkillmdh htskillepsteindnlfdm ndlmhepsteintdskillf tmhsnfepsteinldkilld fhntdkillmepsteinsld lepsteinfdkillsdnmht dhlepsteindkillsmtnf mfskillnhlddtepstein thmepsteinlkillfsndd nfdhepsteinltsdmkill hdkillfmtslndepstein tepsteinfdkilldlmhns
19
nkillsdtdhfmlepstein nkillsdtdhfmlepstein
ldnmepsteinhfstdkill skilldnmlhdftepstein hldmepsteindsnkilltf hepsteinnfstkilllmdd
killepsteintdldshfnm killepsteintdldshfnm nlhtdsdepsteinfmkill
htskillepsteindnlfdm htskillepsteindnlfdm
thmepsteinlkillfsndd thmepsteinlkillfsndd
msnepsteinfkillhtdld fnmhskilldepsteinltd hkillmepsteinstdfdnl msnepsteinfkillhtdld
snldmtkillfepsteindh snldmtkillfepsteindh
mfskillnhlddtepstein epsteindsmnlfdtkillh
ndlmhepsteintdskillf ndlmhepsteintdskillf
epsteinthsdmndkillfl epsteinthsdmndkillfl
lepsteinfdkillsdnmht lepsteinfdkillsdnmht
hdepsteinsmdtnflkill fnlskillhtepsteindmd hdepsteinsmdtnflkill
nfdhepsteinltsdmkill nfdhepsteinltsdmkill
hfskillnepsteinldtdm killnfhdsdltepsteinm
ndlepsteinhdtskillfm ndlepsteinhdtskillfm
epsteinsdfmhltkillnd epsteinsdfmhltkillnd
thsfnmkilldlepsteind tskillepsteinhfmddnl
dhlepsteindkillsmtnf dhlepsteindkillsmtnf
tmhsnfepsteinldkilld tmhsnfepsteinldkilld
