BatonRouge Bellevue Buffalo AtlanticCity Boulder Birmingham AnnArbor Brownsville Bridgeport Beaumont Albuquerque Bremerton Allentown Aberdeen Aurora Augusta Bethlehem BonitaSprings Amarillo Berkeley Atlanta AppleValley Baltimore Bradenton Bellevue BatonRouge
20
Aberdeen Aberdeen BoiseCity
Bremerton Abilene
Augusta Albany
Albuquerque Albuquerque Boston
Amarillo Amarillo
Bellevue Anchorage Burbank
AnnArbor AnnArbor
Allentown Arvada
Atlanta Atlanta
AtlanticCity AtlanticCity
Aurora Aurora
Baltimore Barnstable
BatonRouge BatonRouge
Beaumont Beaumont
Berkeley Berkeley
Bethlehem Bethlehem
Birmingham Birmingham Bryan
Boulder Boulder
Bradenton Bradenton Cambridge
Buffalo Buffalo
