CorpusChristi Downey ElPaso CorpusChristi Detroit Bethlehem Austin Beaumont Detroit CostaMesa Detroit Clarksville Boise Amarillo Boise Chattanooga Escondido Chesapeake BatonRouge Chesapeake Durham Dallas BonitaSprings Bridgeport Chicago Anchorage Buffalo Bloomington Buffalo CathedralCity Anaheim Champaign Anaheim Carrollton Columbia Canton Bradenton Bellevue CollegeStation Barnstable Boulder Corona Bryan Charlotte Albuquerque Columbus Berkeley Boulder Clearwater Atlanta Canton Charleston Davenport Anchorage Deltona Birmingham Denton Bremerton ColoradoSprings DavidsonCounty Danbury DavidsonCounty AppleValley Cincinnati ElPaso Akron Aberdeen DalyCity CedarRapids Denver Burbank ElMonte Burbank Cary ElPaso CorpusChristi
44
Akron Akron
Albuquerque Albuquerque
CedarRapids Alexandria
Amarillo Amarillo
Anaheim Anaheim
AppleValley AppleValley
Chicago Appleton Chicago
Berkeley Arvada
Austin Asheville Austin
BatonRouge Augusta
Beaumont Beaumont
Anchorage BelAir
Bloomington Bloomington
Danbury BoiseCity Danbury
BonitaSprings BonitaSprings
Boulder Boulder
Bremerton Bremerton
Bridgeport Bridgeport
Columbia Brownsville Columbia
Bryan Bryan
Canton Canton
CorpusChristi CapeCoral CorpusChristi
Carrollton Carrollton
CathedralCity CathedralCity
Champaign Champaign Elkhart
Birmingham Chandler
Charleston Charleston
Chattanooga Chattanooga
Cincinnati Cincinnati
Clearwater Clearwater
ColoradoSprings ColoradoSprings
Columbus Columbus
Dallas Dallas
DalyCity DalyCity
Davenport Davenport
Deltona Deltona
Denton Denton
Denver Denver
Downey Downey
Durham Durham
ElMonte ElMonte
ElPaso ElPaso
Buffalo Elizabeth
Escondido Escondido
