4HOMU ZRPB5 61QWU TI35I RAAD4 FCYPJ BE5V8 4WDJE W2M5C Q7FCL ELH5L UW44H 52MNN 4YS4G ZN2EP IZESQ KC9RF 0U9HU KN0CP 6ACGE IF7TL LLTLN LKP22 HWKGJ T9O11 PYPSO O580H 2P5XR 5ZO5F UX00P H1LTE BVMDZ C45HH FP2ST G5JK6 2BUI5 FMCVK O9J47 PMFJ2 F7QF4 L87XM VHCFR AT3CI SHOOM 50J5H RU85S DCHO3 WOEUE FRZVP 4HSLO YJ67U 8CLEZ Z22CS KOYRV 3AIXW Q5DAA ZZH8Z 0D2BR Q02X6 945CN 1RS2N CM5WA 53Y1R 7U3JG K50JQ 6OA3K CFGE5 FC0PR JXLE1 X180A LIRLU 2C63O XEEQB HV4Z2 Y4WG4 VFR3Z FMCVK 1X6L1 FMCVK L2PQE JIVZP PXCIN WBT4L 1X6L1 M1HJR TBPBM OKGKQ PTADN 45JXE OIPRN C7WKJ V8GEC JF7TT DTPF4 TORQI 1F0YL L2GJ5 EDSMH WI88U P419D OIPRN DL8LT 4HOMU
84
L2PQE L2PQE LEBVZ
945CN 945CN
L2GJ5 L2GJ5
2C63O 2C63O
HV4Z2 SYV5N WP2MA
Y4WG4 768ZF
RU85S RU85S HZHRA
KOYRV KOYRV
XEEQB XEEQB
KC9RF KC9RF
ZN2EP ZN2EP
45JXE 45JXE DOLRQ
UW44H UW44H
0D2BR 0D2BR
M1HJR M1HJR ZHSBU NPDI9
LIRLU LIRLU
1F0YL 1F0YL
50J5H 50J5H
CFGE5 CFGE5
Q7FCL Q7FCL
KN0CP 0VPRW
SHOOM SHOOM
HWKGJ HWKGJ C8O6I
6ACGE 6ACGE
DTPF4 DTPF4
WBT4L 7GA8O 6WOBI
7U3JG 7U3JG
BE5V8 BE5V8
61QWU TY0L7 61QWU
W2M5C W2M5C
4YS4G SA6G0
WI88U WI88U
TORQI TORQI
DCHO3 DCHO3
RAAD4 RAAD4
FRZVP FRZVP 69BJO
53Y1R 53Y1R
TI35I TI35I
TBPBM Y61KP TBPBM
FMCVK 9WSXC
C7WKJ C7WKJ
P419D P419D
ZZH8Z ZZH8Z
IF7TL IF7TL
FP2ST V22SY
PXCIN PXCIN
K50JQ K50JQ
JXLE1 JXLE1
H1LTE H1LTE OLLV9
DL8LT DDXG0
PTADN PTADN
IZESQ IZESQ
2BUI5 2BUI5
3AIXW 3AIXW
1RS2N 1RS2N
0U9HU 0U9HU
JF7TT WZB33
Q5DAA Q5DAA SKPO7
4WDJE 4WDJE
PYPSO 8EXDQ PYPSO
FCYPJ FCYPJ
VHCFR W2H22 VHCFR
CM5WA CM5WA WXZHF
AT3CI AT3CI
ZRPB5 ZRPB5
T9O11 T9O11
C45HH C45HH
ELH5L ELH5L
X180A X180A
52MNN 52MNN
OIPRN OIPRN
UX00P MC71K
BVMDZ BVMDZ
6OA3K 6OA3K
FC0PR FC0PR
LLTLN LLTLN
OKGKQ A1QRL
YJ67U YJ67U
V8GEC V8GEC
PMFJ2 PMFJ2
8CLEZ 8CLEZ
JIVZP TCC7B
LKP22 LKP22
EDSMH EDSMH
