fab8g HaHFT uQK8T Lqz0g PpZP8 FW6DI n9AEE nRTkO obqW1 1OpM2 P5ucv 2Z0oU 4GEPG B3NSd 8xyrX RhMSo 015ql lcarA BJ1iC O1QPI TtUXd Bw1D7 1SvIs tQXF5 DHhK9 fr0Bd aiycm sF84c TQZik Q0oXi CT8M8 gwQSf rzyrR VIl39 3XMfZ XDGuI RgC1Q b4E7v kCdcu 3FUsL 8tK4L wiGnS KzS0e 4Dy05 1xx4U VUKiE 9u8oD ZlgGe lJfgZ H6HgM L54Jg 9ZatH Vjk2Z ciJ7c dAx9s fhc2k 8PY0r bD2TR yM9nQ wKKkJ 1pNjr lJJK2 7J90B G944F Flgse bepE0 cm8oa qchZ3 F7m3U cDkiZ eDWES cQMFl c17Qf f5Qx2 guI5B iy8Ty nScgp g1WJz G91ym 0YoJb BybTG GHmnJ 4ORRk o4F0A pesnn Nbb6U 4b2sA mgHYN adW6k HKgVO RnwlC tEdSo BWyM2 KWmhW Gt2w1 LBzlR 5Ix1v x8KLa l0HDP KB016 AGorf fab8g
100
7J90B 7J90B
cDkiZ cDkiZ
iy8Ty iy8Ty
guI5B guI5B
bD2TR bD2TR
fab8g fab8g
gwQSf gwQSf
PpZP8 PpZP8
LBzlR LBzlR
Nbb6U Nbb6U
Flgse Flgse
Gt2w1 Gt2w1
1pNjr 1pNjr
015ql 015ql
cm8oa cm8oa
8tK4L 8tK4L
BWyM2 BWyM2
G944F G944F
8PY0r 8PY0r
KzS0e KzS0e
Bw1D7 Bw1D7
HaHFT HaHFT
GHmnJ GHmnJ
eDWES eDWES
Vjk2Z Vjk2Z
lJJK2 lJJK2
mgHYN mgHYN
n9AEE n9AEE
4GEPG 4GEPG
tEdSo tEdSo
b4E7v b4E7v
G91ym G91ym
wiGnS wiGnS
bepE0 bepE0
2Z0oU 2Z0oU
AGorf AGorf
TQZik TQZik
FW6DI FW6DI
3XMfZ 3XMfZ
RgC1Q RgC1Q
Q0oXi Q0oXi
aiycm aiycm
lJfgZ lJfgZ
g1WJz g1WJz
1SvIs 1SvIs
BJ1iC BJ1iC
0YoJb 0YoJb
VIl39 VIl39
pesnn pesnn
CT8M8 CT8M8
KWmhW KWmhW
obqW1 obqW1
HKgVO HKgVO
O1QPI O1QPI
cQMFl cQMFl
DHhK9 DHhK9
5Ix1v 5Ix1v
yM9nQ yM9nQ
l0HDP l0HDP
kCdcu kCdcu
nScgp nScgp
1OpM2 1OpM2
lcarA lcarA
H6HgM H6HgM
XDGuI XDGuI
adW6k adW6k
ciJ7c ciJ7c
o4F0A o4F0A
4ORRk 4ORRk
TtUXd TtUXd
nRTkO nRTkO
RhMSo RhMSo
qchZ3 qchZ3
tQXF5 tQXF5
BybTG BybTG
F7m3U F7m3U
RnwlC RnwlC
KB016 KB016
9u8oD 9u8oD
L54Jg L54Jg
dAx9s dAx9s
wKKkJ wKKkJ
ZlgGe ZlgGe
c17Qf c17Qf
4b2sA 4b2sA
rzyrR rzyrR
uQK8T uQK8T
sF84c sF84c
P5ucv P5ucv
f5Qx2 f5Qx2
3FUsL 3FUsL
9ZatH 9ZatH
fhc2k fhc2k
1xx4U 1xx4U
Lqz0g Lqz0g
8xyrX 8xyrX
x8KLa x8KLa
B3NSd B3NSd
VUKiE VUKiE
fr0Bd fr0Bd
