5 94 109 84 109 58 109 192 18 192 100 192 109 94 39 94 20 35 116 134 50 62 36 62 34 133 68 195 56 48 46 154 187 74 191 150 130 64 37 0 27 2 60 72 149 28 149 197 113 118 113 88 40 155 96 155 40 88 113 197 149 90 149 28 180 112 82 112 171 104 83 79 105 79 83 117 136 117 83 104 147 104 171 112 82 129 27 174 101 1 54 126 162 52 121 7 182 65 30 25 142 188 35 135 86 85 184 196 77 189 199 166 122 166 32 179 161 99 23 95 116 138 69 183 69 138 55 138 69 153 69 138 34 133 120 158 45 14 45 139 67 119 71 134 50 62 34 76 81 47 45 158 80 78 29 193 165 42 137 33 4 5
83
112 10
191 194
1 1
100 100
47 47 43
28 28
65 178
133 133
171 171
14 14
85 85
2 2
150 91
48 48
33 33
122 122
76 76 156
32 32
187 187
129 146
138 138
37 37 177
96 96 22
199 199
135 135
174 174
39 39 92
77 140 143 77
0 53
67 67 41
25 25
189 103 189
34 9 34
69 69
153 153
193 193
104 104
105 105 17
74 31
84 168
35 26 110
162 162
50 50
18 16 18
116 116
109 75
46 46
29 164
137 137
20 20
121 157
165 63
58 152 58
180 180
40 123
196 196
52 52
192 192
71 71
55 102 55
113 61
86 44
158 158
36 11
136 170
81 81 151
83 83
101 101
188 188
183 51 183
80 80
64 64
99 99
90 159
42 42
182 173
184 184
154 154
179 179
149 149
68 68
56 56
78 78
