A42 A71 A153 A93 A183 A84 A183 A100 A78 A107 A186 A34 A186 A143 A172 A73 A40 A193 A20 A174 A162 A122 A160 A136 A67 A133 A51 A11 A122 A160 A136 A5 A44 A21 A44 A166 A185 A56 A88 A13 A70 A150 A96 A151 A95 A169 A28 A194 A82 A65 A82 A77 A115 A4 A7 A168 A125 A182 A125 A97 A125 A72 A167 A9 A105 A9 A108 A45 A66 A126 A66 A45 A6 A83 A142 A139 A12 A98 A0 A16 A137 A32 A127 A196 A30 A191 A64 A191 A46 A191 A30 A90 A30 A189 A2 A130 A35 A58 A176 A57 A23 A184 A100 A183 A43 A163 A124 A91 A118 A146 A128 A146 A63 A198 A187 A76 A39 A149 A106 A144 A98 A148 A98 A132 A147 A42
85
A115 A179
A118 A118
A105 A105
A13 A75 A13
A20 A20
A65 A65
A82 A82
A182 A102 A182
A148 A148 A192
A78 A78
A139 A139
A58 A58
A84 A84
A42 A42
A196 A196
A51 A51
A72 A72 A37 A114
A106 A106
A130 A159 A130
A185 A185
A70 A70
A39 A39
A142 A142
A90 A90
A127 A127
A32 A32
A176 A176
A44 A120
A21 A21
A40 A40
A34 A94 A34
A4 A4
A187 A117 A187
A5 A5
A125 A181
A100 A100
A71 A71
A167 A167
A23 A23
A2 A2 A135
A124 A124 A145
A95 A95 A177
A122 A122
A93 A93
A9 A9
A76 A76
A186 A111
A183 A183
A189 A3 A189
A30 A30
A132 A132
A143 A143
A172 A172
A184 A184 A92
A144 A144
A73 A123
A45 A45
A194 A194
A57 A57 A38
A0 A0
A43 A43
A7 A7
A56 A154
A35 A35
A126 A126
A83 A103
A107 A107
A88 A113 A88
A168 A54
A137 A137
A151 A17
A46 A46
A67 A67
A96 A96
A136 A136
A149 A33
A28 A28
A64 A64
A193 A193
A98 A98
A198 A198
A16 A16
A77 A77
A191 A191
A128 A128
