100 86 85 164 165 104 156 153 156 104 165 164 85 86 100 31 15 27 70 36 33 12 11 10 76 121 76 10 11 12 33 36 70 27 15 30 16 59 25 22 60 61 26 45 43 72 40 8 9 8 40 72 43 29 13 103 34 7 39 7 34 14 61 54 1 17 2 44 4 44 2 46 142 131 130 129 144 42 3 41 145 41 3 42 144 129 130 131 50 133 141 20 136 188 21 56 57 56 21 188 192 191 193 184 186 181 161 159 161 181 186 184 193 191 192 188 136 20 141 133 50 19 47 48 49 51 23 53 18 55 58 100
56
1 1
2 2
3 3
4 4 5
9 6 9
7 7
8 8
10 10
11 11
12 12
13 13
14 14
15 15
16 16
17 17
18 18
19 19
20 20
21 21
22 22
23 23
55 24 55
25 25
26 26
27 27
36 28 36
29 29
30 30
31 31
100 32
33 33
34 34
39 37 39
40 40
41 41
42 42
43 43
44 44
45 45
46 46
47 47
48 48
49 49
50 50
51 51
53 52 53
54 54
56 56
57 57
58 58
59 59
60 60
153 111 153
121 121
165 165
192 182 192
