YuhuaEast Sennett SerangoonGarden Sennett TelokBlangahDrive CityHall BayfrontSubzone PeoplesPark OrangeGrove Matilda ClarkeQuay BedokSouth RafflesPlace TamanJurong ChangiPoint WoodlandsSouth Port BukitTimah AngMoKioTownCentre Anson ClementiWest IstanaNegara BedokNorth UpperThomson HongKah OneTreeHill SembawangStraits Shipyard SembawangStraits OneTreeHill ClementiNorth EvertonPark ReservoirView PulauPunggolTimor Paterson SimpangNorth Khatib SerangoonCentral PasirPanjang2 BukitBatokSouth WoodlandsWest Northland Mountbatten JurongPort JooSengPayaLebar JurongPort PeiChun JurongPort TanglinHalt MandaiEast MonksHill SeletarHills Woodleigh PunggolField ShangriLa TiongBahru TuasBay SembawangEast PayaLebarNorth Victoria Seletar Dunearn KeatHong Dunearn UluPandan Dunearn Seletar Woodgrove SungeiKadut HougangCentral Saujana BoatQuay Aljunied YioChuKang WaterwayEast SungeiRoad Commonwealth Chatsworth TuasNorthPioneer Chatsworth InstitutionHill RochorCanal PasirPanjang1 KebunBahru MountEmily GeylangEast Moulmein HongKahNorth SouthernIslands PayaLebarEast TohGuan MountPleasant BenoiSector Punggol TagoreSindo SerangoonNorth Serangoon ClementiCentral Mandai ChengSan BoonLayPlace LowerSeletar PearlsHill Tampines PengSiang BukitBatokWest DhobyGhaut Brickworks KampongUbi Sentosa EastCoast Sembawang TampinesNorth NatureReserve MandaiWest Kranji PangSua DairyFarm LoyangEast Kembangan CityHall Simpang YuhuaEast
87
Northland Northland
HongKah HongKah
AngMoKioTownCentre AngMoKioTownCentre
SerangoonNorth SerangoonNorth
Paterson Paterson
Punggol Punggol
YioChuKang YioChuKang
Commonwealth KentRidge Commonwealth
KeatHong KeatHong
HongKahNorth HongKahNorth
BedokNorth BedokNorth
Serangoon Serangoon
OneTreeHill OneTreeHill Trafalgar
EastCoast EastCoast
Sennett Sennett ChinaSquare
WaterwayEast WaterwayEast
SungeiKadut SungeiKadut
SembawangEast TuasPromenade
PayaLebarEast Museum PayaLebarEast
Mountbatten Mountbatten
LowerSeletar LowerSeletar
BedokSouth BedokSouth
SembawangStraits SembawangStraits
TuasNorthPioneer TuasNorthPioneer
CityHall CityHall
KampongUbi TelokBlangahRise
SungeiRoad SungeiRoad
SimpangNorth SimpangNorth AlexandraNorth
IstanaNegara IstanaNegara
HougangCentral HougangCentral DefuIndustrialPark
TohGuan PasirRisDrive TohGuan
PangSua PangSua
Tampines Tampines
BenoiSector BenoiSector
Saujana ChoaChuKang Saujana
Moulmein Moulmein
TiongBahru TiongBahru
BukitBatokSouth BukitBatokSouth
Mandai PasirRis Geylang Mandai
TagoreSindo TagoreSindo
Shipyard Shipyard PasirRisPark
JurongPort JurongPort
ClementiNorth ClementiNorth
GeylangEast GeylangEast
Khatib Khatib
Matilda Matilda
Brickworks Brickworks
BukitBatokWest BukitBatokWest
Aljunied Aljunied
SerangoonGarden SerangoonGarden SingaporeRiver
SerangoonCentral SerangoonCentral
PearlsHill PearlsHill
Dunearn SembawangHills
BoatQuay BoatQuay
BoonLayPlace BoonLayPlace
EvertonPark EvertonPark
PeiChun PeiChun
PunggolField PunggolField
Sentosa Sentosa
InstitutionHill InstitutionHill
DhobyGhaut DhobyGhaut
ReservoirView ReservoirView
JooSengPayaLebar JooSengPayaLebar
DairyFarm DairyFarm
PulauPunggolTimor PulauPunggolTimor
PayaLebarNorth Tanglin
UluPandan UluPandan YioChuKangEast
TampinesNorth TampinesNorth
TuasBay TuasBay
WoodlandsSouth Cairnhill
Sembawang Sembawang
WoodlandsWest WoodlandsWest
Anson OneNorth
Port Port
UpperThomson UpperThomson
ClementiWest JurongWestCentral
PeoplesPark PeoplesPark
MandaiEast MandaiEast
NatureReserve ChangiWest
BayfrontSubzone BayfrontSubzone
KebunBahru KebunBahru
Kembangan Kembangan
OrangeGrove OrangeGrove
ChangiPoint ChangiPoint
SouthernIslands SouthernIslands
RochorCanal RochorCanal
Chatsworth Chatsworth
