LeonieHill TuasBay TanglinHalt NatureReserve ChoaChuKangCentral Springleaf GeylangBahru AirportRoad ChangiWest ClementiCentral YishunCentral PunggolTownCentre NorthCoast MandaiWest YioChuKang MandaiWest AnchorvaleBuangkok KallangWay SungeiRoad SembawangSprings PasirRisPark Sentosa Guilin GreenwoodPark FarrerPark Frankel Semakau YuhuaWestBoonLay TampinesWest Novena Clementi Victoria SerangoonGarden Phillip Yishun BishanEast Ridout Changi CompassvaleTrafalgar ConeyIsland Gombak WoodlandsSouth KampongUbi Shipyard NeeSoon OrangeGrove DefuIndustrialPark OrangeGrove NeeSoon JurongWestCentral Outram MonksHill SungeiKadut ChangiPoint LeonieHill
41
Guilin Guilin
GreenwoodPark Trafalgar GreenwoodPark
Novena Townsville Novena SingaporePolytechnic
SerangoonGarden SerangoonGarden
Springleaf Springleaf
ClementiCentral ClementiCentral
FarrerPark FarrerPark
SungeiKadut SungeiKadut
YioChuKang Boulevard YioChuKang
MonksHill MonksHill
AirportRoad AirportRoad
KallangWay KallangWay
Shipyard Shipyard
YuhuaWestBoonLay YuhuaWestBoonLay
SungeiRoad SungeiRoad KampongGlam
TuasBay TuasBay
Phillip Phillip
TampinesWest TampinesWest
Outram Sennett Outram
SembawangSprings SembawangSprings
NatureReserve Kranji
Victoria Victoria
Ridout Ridout
BishanEast BishanEast
Yishun Yishun
MandaiWest MandaiWest BukitBatokCentral
GeylangBahru PasirPanjang2
NorthCoast NorthCoast
Semakau Semakau
PunggolTownCentre PunggolTownCentre
Sentosa Sentosa
OrangeGrove OrangeGrove
TanglinHalt TanglinHalt
NeeSoon NeeSoon
ChoaChuKangCentral ChoaChuKangCentral LoyangEast
ConeyIsland ConeyIsland
AnchorvaleBuangkok AnchorvaleBuangkok
JurongWestCentral JurongWestCentral
DefuIndustrialPark Tyersall DefuIndustrialPark
YishunCentral Woodgrove
ChangiWest ChangiWest
