LeonieHill ChangiPoint SungeiKadut KampongUbi WoodlandsSouth Gombak ConeyIsland CompassvaleTrafalgar Changi Ridout BishanEast Yishun Phillip SerangoonGarden Victoria Clementi Novena TampinesWest YuhuaWestBoonLay LoyangEast ChoaChuKangCentral Townsville Woodgrove YishunCentral ClementiCentral ChangiWest AirportRoad GeylangBahru TanjongRhu PasirPanjang2 WesternIslands Semakau Frankel FarrerPark GreenwoodPark Guilin Sentosa PasirRisPark SembawangSprings SungeiRoad KallangWay AnchorvaleBuangkok YioChuKang MandaiWest BukitBatokCentral KampongUbi Shipyard NeeSoon OrangeGrove DefuIndustrialPark OrangeGrove NeeSoon JurongWestCentral Outram Sennett Kranji NatureReserve TanglinHalt TuasBay LeonieHill
43
Guilin Guilin
GreenwoodPark Trafalgar GreenwoodPark
Townsville Townsville
SerangoonGarden SerangoonGarden
GeylangBahru Springleaf
ClementiCentral ClementiCentral
Novena Novena SingaporePolytechnic
FarrerPark FarrerPark
SungeiKadut SungeiKadut
YioChuKang Boulevard YioChuKang
Outram MonksHill Outram
AirportRoad AirportRoad
KallangWay KallangWay
Shipyard Shipyard
YuhuaWestBoonLay YuhuaWestBoonLay
SungeiRoad SungeiRoad KampongGlam
TuasBay TuasBay
Phillip Phillip
TampinesWest TampinesWest
Sennett Sennett
SembawangSprings SembawangSprings
Kranji Kranji
Victoria Victoria
Ridout Ridout
BishanEast BishanEast
Yishun Yishun
MandaiWest MandaiWest NorthCoast
PasirPanjang2 PasirPanjang2
Semakau Semakau
YishunCentral PunggolTownCentre
Sentosa Sentosa
OrangeGrove OrangeGrove
TanglinHalt TanglinHalt
NeeSoon NeeSoon
BukitBatokCentral BukitBatokCentral
ChoaChuKangCentral ChoaChuKangCentral
ConeyIsland ConeyIsland
AnchorvaleBuangkok AnchorvaleBuangkok
JurongWestCentral JurongWestCentral
DefuIndustrialPark Tyersall DefuIndustrialPark
Woodgrove Woodgrove
ChangiWest ChangiWest
LoyangEast LoyangEast
