0 21 78 103 151 29 59 57 26 94 57 199 25 149 49 80 12 98 137 22 19 152 51 69 92 70 91 58 73 24 7 54 53 61 77 95 5 46 56 79 110 130 198 55 177 65 75 96 8 82 8 186 13 171 179 33 36 121 171 17 183 191 17 62 188 40 181 97 130 198 165 158 64 27 74 45 193 66 30 119 102 145 142 47 88 182 42 35 38 182 124 115 89 176 32 132 162 71 87 131 161 139 161 153 184 1 44 138 168 34 99 140 180 67 76 9 41 2 15 32 108 101 81 86 11 104 10 28 60 90 48 16 31 83 3 155 129 172 133 144 84 154 156 6 14 72 6 63 135 23 192 157 100 85 52 18 0
98
1 1
2 2
3 3
124 4
5 5
6 6
7 7
8 8
9 9
10 10
11 11
12 12
13 13
14 14
15 15
16 16
17 17
18 18
19 19
49 20 49
21 21
22 22
23 23
24 24
25 25
26 26
27 27
28 28
29 29
30 30
31 31
32 32
33 33
34 34
35 35
36 36
149 37
38 38 39
40 40
41 41
42 42
135 43
44 44
45 45
46 46
47 47
48 48
177 50
51 51
52 52
53 53
54 54
55 55
56 56
57 57
58 58
59 59
60 60
61 61
62 62
63 63
64 64
65 65
66 66
67 67
154 68
69 69
70 70
71 71
72 72
73 73
74 74
75 75
76 76
77 77
78 78
79 79
80 80
81 81
82 82
83 83
84 84
85 85
86 86
87 87
88 88
89 89
90 90
91 91
92 92
165 93
94 94
95 95
96 96
97 97
98 98
99 99
100 100
