190 118 94 113 141 30 111 67 33 58 83 129 136 165 93 189 157 193 25 22 117 115 139 90 193 146 199 68 56 155 1 142 43 9 126 108 54 50 57 186 194 151 102 198 182 2 99 2 37 113 181 120 151 29 151 4 172 192 186 169 176 21 176 7 85 112 89 13 138 52 82 44 103 168 23 186 194 72 177 159 81 147 28 133 147 27 40 20 80 20 40 20 145 6 145 153 45 56 74 56 0 95 152 140 49 76 107 62 170 46 62 107 38 145 53 145 159 11 179 64 34 55 64 100 179 66 71 143 132 92 114 135 190
79
165 165
76 60 76
146 146
49 185
141 141
138 138
25 104
55 55 36
192 192
176 176
99 188 99
29 29
1 1
34 34
11 11
56 166 56
113 123 113
126 3
50 50
62 62
118 118
168 168
182 182
117 117
172 172
142 142
108 69 108
102 109 102
21 21
82 61
112 112
94 94
139 139
54 54 163 32
33 33
177 177 101
2 2
135 135
6 137
27 27
179 179
129 129
133 133 156
68 10 68
4 47
95 162 95
153 5 153
40 40
38 38 65
85 149
57 57
92 92 106
23 23
52 52
100 100
66 66
169 169
71 71 195
22 22
145 121
132 132
198 198
186 186 84
30 30
45 45
46 46
44 44
181 181
93 93 116 164
67 67 8
193 193
136 136
81 173
114 114
111 111
152 152
83 83
103 103
189 189
