gc as aa gk em gp cg cx fa db az ek g eu al dv er ch de cd am cd ep go l fj ed fl az t fy cx ew ec ab dy et bv j cr cp k cz k fh df bn b v ai dn gq bu fg eg a at ci cc ci bq fe e ff ga fv ce fk fq dx gn by bc ev ca dz cl cv ao cs cl s cj el bi ee gr af fc ct ah ag fp bf f bb gl di gj ad bx ap cq dh dq cu w dt ge bj cu ea fi do dp gg h eh aw cf eo dp dl av dj h aw bp d dh en dh gi au bx dr fn ey bt gd an bl fx fd fo ft gh dw fr gm dg u ds fw cm co bw ac gc
97
d d
cm cm
ah ah
cs cs
gn gn
dy dy
fd fd
er er br
ds ds
bj bj
dt eq
fr q fr
fi fi
ep ep
an an
j j
at at
bt bt
fy fy
dg dg
ad ad
fn fn
bq bq
ap ap
cz cz
gg gg
az az
dq dq
gi gi
et et
dn dn
as as
do do
di di
u u
fw fw
fo fo
am am
bp bp
bi bi
ac ac
ed cn
cg cg
aw aw
dp dp
ab ab
bc bc
en en
by by p
cq cq
ey ey
ao ao
g g
ee ee
av ae
co co
cd ck
gj gj
dx dx
ga ga
ff ff
fe fe
bx bx
gh gh
go go
bv bv
em em
ft ft
e e
fg y
eg es
el el
db db
dh dh
cj cj
ai ai
bl bl
fk fk
fq fq
cr cr
gq gq
dj dj
cv cv
gk gk
cl cl
fh fh
v v
a a
fa fa
cp cp
b b
bn bn
ge ge
dw dw
gm gm
bb bb
bu bu
