gc ab gp ew cg br al dv ck cd ep de z go l am g cn az db fy gp dy fw ds et df bv j cp k cz dn ai v b bn u dg fr gm y fg bu gq a bq fe e ff ga fq fv dx gn bs bc by p ev ct cl s cj ee dz fc cb dm dr ap en ae dq aw h dj gg dp do fi bj ge cy eq d dh gi di gj cq ad bx ap bt ey fn bb eb ca bi el af cv cl cs ao ah gh dw ez fd fo ft bl an ba cm q bw co as ac em gk gc
95
d d
cm cm
ah ah
cs cs
gn gn
dy dy
fd fd
l er
ds ds
bj bj
eq eq
q q
fi fi
ep ep
an an
br br
j j
a at a
bt bt
fy fy
dg dg
ad ad
fn fn
bq bq
ap ap
cz cz
gg gg
az az
dq dq bp
gi gi
et et
dn dn
as as
do do
di di
u u
fw fw
fo fo
am am
bi bi
ac ac
cn cn
cg cg
aw aw
dp dp
ab ab
bc bc
en en
by by
cq cq
fr fr
ey ey
ao ao
g g
ee ee
ae ae
co co
ck ck
gj gj
dx dx
ga ga
ff ff
fe fe
bx bx
gh gh
go go
bv bv
em em
ft ft
e e
p p
y y
fg es
el el
db db fa
dh dh
cj cj
ai ai
bl bl
fq fk fq
cp cr cp
gq gq
dj dj
cv cv
gk gk
cl cl
df fh
v v
b b
bn bn
ge ge
dw dw
gm gm
bb bb
bu bu
