Liam Isaiah Joseph Mateo Alexander Mason Jayden Adam Brayden Jaxson Michael Ezra Thomas Dylan Owen Jose Sawyer Benjamin Carter Dominic Eli Lucas Noah Luke Christian Logan William Aiden Elijah Adrian Cooper Maverick Roman Jordan Nicholas Theodore David Sebastian Mateo Joseph Isaiah Liam
28
Liam Liam
Noah Noah
William William
Thomas James
Logan Logan
Benjamin Benjamin
Mason Mason
Elijah Elijah
Dominic Oliver
Roman Jacob
Lucas Lucas
Michael Michael
Alexander Alexander
Brayden Ethan Samuel
Isaiah Daniel
Cooper Matthew
Aiden Aiden
Adam Henry
Joseph Joseph
Eli Jackson Wyatt
Sebastian Sebastian
David David
Carter Carter
Jayden Jayden
Sawyer John
Owen Owen
Dylan Dylan
Luke Luke
