Liam Isaiah Joseph Mateo Sebastian David Theodore Nicholas Jordan Roman Jordan Asher Luke Noah Lucas Eli Dominic Carter Benjamin Sawyer Jose Owen Dylan Thomas Ezra Michael Jaxson Logan William Logan Jaxson Brayden Adam Jayden Mason Alexander Mateo Joseph Charles Joseph Isaiah Liam
25
Liam Liam
Noah Noah
William William Aiden
Thomas James
Logan Logan
Benjamin Benjamin
Mason Mason Elijah
Dominic Oliver
Roman Jacob Matthew
Lucas Lucas
Michael Michael
Alexander Alexander
Brayden Ethan Samuel
Isaiah Daniel
Adam Henry
Joseph Joseph
Eli Jackson Wyatt
Sebastian Sebastian
David David
Carter Carter
Jayden Jayden
Sawyer John
Owen Owen
Dylan Dylan
Luke Luke
