zero two three ten eleven twelve thirteen fourteen twentyone fifteen twentytwo twentythree twentyfour twentythree thirty twentynine thirtyfive thirtyfour thirtythree forty thirtynine thirtyeight thirtyseven fortyfour fortyfive fortysix fortyseven fortyeight fortynine fortythree fortyfour fiftyone fiftyeight sixtyfive sixtyfour seventyone seventyseven eightyfour seventyeight seventynine eightysix eightyseven eightyeight eightynine eightytwo seventyfive sixtyeight sixtyseven sixtysix sixtyfive sixtyfour seventy sixtyfour fiftyseven sixtythree sixtytwo sixtyone sixty fiftythree fiftyfour fiftyfive fiftysix fifty fiftyone fiftytwo fortyfive thirtyeight thirtyseven thirtysix fortytwo fortyone thirtyfour twentyseven twenty thirteen six five four zero
47
two two
three three
four four
five five
six six
ten ten
twelve twelve
fourteen fourteen
fifteen fifteen
twenty twenty
twentytwo twentytwo
twentyfour twentyfour twentyfive
twentynine twentynine
thirty thirty
thirtythree thirtythree
thirtyfour thirtyfour
thirtyfive thirtyfive
thirtysix thirtysix
thirtyseven thirtyseven
thirtynine thirtynine
fortyfour fortyfour
fortyfive fortyfive
fortyseven fortyseven
fortyeight fortyeight
fifty fifty
fiftyone fiftyone
fiftythree fiftythree
fiftyfive fiftyfive
fiftyseven fiftyseven
sixty sixty
sixtyone sixtyone
sixtytwo sixtytwo
sixtyfive sixtyfive
sixtysix sixtysix
sixtyseven sixtyseven
sixtyeight sixtyeight
seventy seventy
seventyone seventyone
seventyfive seventyfive
seventyseven seventyseven
seventyeight seventyeight
seventynine seventynine
eightytwo eightyone eightytwo
eightyfour eightyfour
eightyseven eightyseven
eightyeight eightyeight ninetyfive
eightynine eightynine
