zero three two one seven fourteen thirteen twelve eleven ten nine eight fifteen twentytwo twentythree sixteen fifteen twentyone twenty twentyseven twentysix thirtythree thirtyfour thirtyfive twentynine thirty thirtyseven thirtyeight fortyfive fortyfour fortythree fortynine fiftysix fiftyfive fiftyfour fiftythree sixty fiftynine fiftyeight fiftyseven sixtyfour seventy sixtynine sixtyeight sixtyseven sixtysix sixtyfive seventytwo seventyone seventyseven seventysix seventyfive eightytwo eightyone eighty seventynine seventyeight eightyfour eightythree eightyfour ninetyone eightyfive eightysix eightyseven ninetyfour ninetythree ninetytwo ninetyeight ninetytwo ninetythree onehun ninetynine onehunsix onehunthirteen onehunfourteen onehunfifteen onehunsixteen onehunseventeen onehuntwentyfour onehunthirtyone onehunthirtyeight onehunfortyfive onehunfiftytwo onehunfiftythree onehunfiftyfour onehunsixtyone onehunsixty onehunfiftynine onehunfiftyeight onehunsixtyfive onehunsixtyfour onehunsixtythree onehunseventy onehunsixtynine onehunseventyfive onehunseventyfour onehuneightyone onehuneightytwo onehunseventysix onehunseventyseven onehunseventyeight onehunseventynine onehuneighty onehunseventynine onehuneightysix onehuneightyfive onehuneightysix onehuneightyseven onehunninetyfour onehunninetythree onehunninetytwo onehunninetyone onehunninetytwo onehunninetythree onehunninetyfour onehuneightyseven onehuneighty onehunseventythree onehunsixtysix onehunfiftynine onehunfiftytwo onehunfortyfive onehunthirtyeight onehunthirtyone onehunthirtytwo onehunthirtythree onehunforty onehunthirtyfour onehunthirtyfive onehuntwentyeight onehuntwentynine onehunthirty onehunthirtyone onehunthirtytwo onehunthirtyone onehunthirtyeight onehunfortyfive onehunfortyfour onehunfortythree onehunfortytwo onehunfortynine onehunfifty onehunfortynine onehunfortyeight onehunfiftyfour onehunfortyseven onehunforty onehunthirtythree onehuntwentysix onehunnineteen onehuneighteen onehunnineteen onehuntwelve onehuneleven onehunten onehunnine onehunten onehuneleven onehuntwelve onehunsix onehuntwelve onehunnineteen onehuntwentysix onehuntwentyfive onehuntwentyfour onehuntwentythree onehuntwentytwo onehuntwentyone onehunfourteen onehunseven onehun ninetythree eightysix seventynine seventytwo sixtyfive fiftyeight fiftyone fortyfour thirtyseven thirty twentythree sixteen nine two zero five six zero
94
one one
two two
three three
six six
seven seven
ten ten
eleven eleven
twelve twelve
fourteen fourteen
fifteen fifteen
sixteen sixteen seventeen
twenty twenty
twentythree twentythree
twentysix twentyfive twentysix
twentyseven twentyseven
twentynine twentynine
thirtythree thirtythree
thirtyfour thirtyfour
thirtyseven thirtyseven
thirtyeight thirtyeight
fortythree fortythree
fortyfour fortyfour
fortyfive fortyfive
fortynine fortynine
fiftyone fiftytwo
fiftythree fiftythree
fiftyfive fiftyfive
fiftyseven fiftyseven
fiftyeight fiftyeight
sixty sixty
sixtyfour sixtyfour
sixtysix sixtysix
sixtyseven sixtyseven
sixtynine sixtynine
seventy seventy
seventyone seventyone
seventytwo seventytwo
seventyfive seventyfive
seventyseven seventyseven
seventyeight seventyeight
seventynine seventynine
eightytwo eightytwo
eightythree eightythree
eightyfour eightyfour
eightyseven eightyseven
ninetyeight ninetyeight
ninetynine ninetynine
onehun onehunone
onehunseven onehuneight
onehunten onehunten
onehuneleven onehuneleven
onehunthirteen onehunthirteen
onehunsixteen onehunsixteen
onehunseventeen onehunseventeen
onehuneighteen onehuneighteen
onehunnineteen onehunnineteen
onehuntwentyone onehuntwentyone
onehuntwentythree onehuntwentythree
onehuntwentyfour onehuntwentyfour
onehuntwentysix onehuntwentysix
onehuntwentyeight onehuntwentyseven onehuntwentyeight
onehunthirty onehunthirty
onehunthirtyfive onehunthirtyfive
onehunforty onehunforty
onehunfortythree onehunfortythree
onehunfortyfour onehunfortyfour
onehunfortyfive onehunfortyfive onehunfortysix
onehunfortynine onehunfortynine
onehunfifty onehunfifty
onehunfiftyfour onehunfiftyfour
onehunfiftyeight onehunfiftyseven
onehunfiftynine onehunfiftynine
onehunsixty onehunsixty
onehunsixtyone onehunsixtyone
onehunsixtythree onehunsixtythree
onehunsixtyfour onehunsixtyfour
onehunsixtyfive onehunsixtyfive
onehunsixtysix onehunsixtysix
onehunsixtynine onehunsixtynine
onehunseventy onehunseventy onehunseventyone
onehunseventythree onehunseventythree
onehunseventyfour onehunseventyfour
onehunseventyfive onehunseventyfive
onehunseventysix onehunseventysix
onehunseventyeight onehunseventyeight
onehuneighty onehuneighty
onehuneightyone onehuneightyone
onehuneightytwo onehuneightytwo
onehuneightyfive onehuneightyfour
onehuneightyseven onehuneightyseven
onehunninetyone onehunninety onehunninetyone
onehunninetytwo onehunninetytwo
onehunninetythree onehunninetythree
onehunninetyfour onehunninetyfour
