zero six seven fourteen thirteen twelve nineteen twenty twentyone fifteen twentyone twentyeight twentytwo twentythree twentyfour thirtyone thirty twentynine thirtyfive fortytwo thirtysix thirtyseven thirtyeight fortyfive fiftytwo fiftythree fiftyfour fiftyfive sixtytwo sixtythree fiftyseven fiftyeight fiftynine sixtysix seventythree seventytwo seventyone seventyeight seventynine seventyeight eightyfive eightysix eightyseven eightyeight ninetyfive ninetysix onehunthree onehuntwo onehunone onehun ninetynine onehunsix onehuntwelve onehuneleven onehunten onehunnine onehuneight onehunfifteen onehunsixteen onehunseventeen onehuneighteen onehunnineteen onehuntwentysix onehunthirtythree onehunforty onehunthirtynine onehunthirtytwo onehunthirtyone onehunthirty onehuntwentythree onehuntwentytwo onehuntwentyone onehuntwenty onehuntwentysix onehunthirtythree onehuntwentyseven onehuntwentyeight onehuntwentynine onehunthirty onehuntwentynine onehunthirtysix onehunthirtyseven onehunthirtyeight onehunthirtynine onehunforty onehunfortyseven onehunfortysix onehunfortyfive onehunfortyfour onehunfortyfive onehunfortysix onehunfortyfive onehunfiftytwo onehunfiftyone onehunfiftyeight onehunfiftyseven onehunfiftysix onehunfiftyfive onehunsixtytwo onehunsixtythree onehunseventy onehunsixtynine onehunseventyfive onehunseventyfour onehunseventythree onehuneighty onehunseventynine onehunseventyeight onehuneightyfive onehuneightysix onehuneightyseven onehuneightyeight onehunninetyfive onehunninetyfour onehunninetyfive onehunninetysix onehunninety onehunninetyone onehunninetytwo onehunninetyone onehunninety onehuneightythree onehunseventysix onehunseventyseven onehunseventyeight onehunseventynine onehunseventytwo onehunseventyone onehunsixtyfour onehunsixtyfive onehunsixtysix onehunsixtyseven onehunsixtyeight onehunsixtytwo onehunfiftyfive onehunsixtyone onehunsixty onehunfiftynine onehunfiftyeight onehunfiftyseven onehunfiftysix onehunfiftyfive onehunsixtyone onehunfiftyfour onehunfortyeight onehunfortyone onehunthirtyfour onehuntwentyseven onehuntwenty onehunthirteen onehunnineteen onehuntwelve onehunsix onehunseven onehunsix ninetynine onehunfive ninetyeight ninetytwo ninetythree ninetyfour ninetyfive eightyeight eightynine eightytwo eightythree eightyfour eightythree eightytwo seventyfive seventysix seventyseven seventyone sixtyfour seventy sixtynine sixtyeight sixtyseven sixty fiftynine fiftyeight fiftynine sixty sixtyone fiftyfour fiftythree fiftytwo fiftyone fifty fiftyone fortyfour fortythree fortynine fortyeight fortyseven fortyeight fortyone thirtyfour thirtythree twentysix twentyfive eighteen seventeen sixteen nine ten eleven twelve eleven ten three two one zero
94
one one
two two
three three
six six
seven seven
ten ten
eleven eleven
twelve twelve
fourteen fourteen
fifteen fifteen
sixteen sixteen
seventeen seventeen
twenty twenty
twentythree twentythree
twentyfive twentyfive
twentysix twentysix twentyseven
twentynine twentynine
thirtythree thirtythree
thirtyfour thirtyfour
thirtyseven thirtyseven
thirtyeight thirtyeight
fortythree fortythree
fortyfour fortyfour
fortyfive fortyfive
fortynine fortynine
fiftytwo fiftytwo
fiftythree fiftythree
fiftyfive fiftyfive
fiftyseven fiftyseven
fiftyeight fiftyeight
sixty sixty
sixtyfour sixtyfour
sixtysix sixtysix
sixtyseven sixtyseven
sixtynine sixtynine
seventy seventy
seventyone seventyone
seventytwo seventytwo
seventyfive seventyfive
seventyseven seventyseven
seventyeight seventyeight
seventynine seventynine
eightytwo eightytwo
eightythree eightythree
eightyfour eightyfour
eightyseven eightyseven
ninetyeight ninetyeight
ninetynine ninetynine
onehunone onehunone
onehuneight onehuneight
onehunten onehunten
onehuneleven onehuneleven
onehunthirteen onehunthirteen
onehunsixteen onehunsixteen
onehunseventeen onehunseventeen
onehuneighteen onehuneighteen
onehunnineteen onehunnineteen
onehuntwentyone onehuntwentyone
onehuntwentythree onehuntwentythree onehuntwentyfour
onehuntwentysix onehuntwentysix
onehuntwentyseven onehuntwentyseven
onehuntwentyeight onehuntwentyeight
onehunthirty onehunthirty
onehunthirtyfour onehunthirtyfive
onehunforty onehunforty
onehunfortyfour onehunfortythree onehunfortyfour
onehunfortyfive onehunfortyfive
onehunfortysix onehunfortysix
onehunfortyeight onehunfortynine
onehunfiftyone onehunfifty
onehunfiftyfour onehunfiftyfour
onehunfiftyseven onehunfiftyseven
onehunfiftynine onehunfiftynine
onehunsixty onehunsixty
onehunsixtyone onehunsixtyone
onehunsixtythree onehunsixtythree
onehunsixtyfour onehunsixtyfour
onehunsixtyfive onehunsixtyfive
onehunsixtysix onehunsixtysix
onehunsixtynine onehunsixtynine
onehunseventy onehunseventy
onehunseventyone onehunseventyone
onehunseventythree onehunseventythree
onehunseventyfour onehunseventyfour
onehunseventyfive onehunseventyfive
onehunseventysix onehunseventysix onehuneightytwo
onehunseventyeight onehunseventyeight
onehuneighty onehuneighty onehuneightyone
onehuneightythree onehuneightyfour
onehuneightyseven onehuneightyseven
onehunninety onehunninety
onehunninetyone onehunninetyone
onehunninetytwo onehunninetytwo onehunninetythree
onehunninetyfour onehunninetyfour
