0 109 110 114 108 115 190 102 151 120 183 44 107 35 47 87 51 6 78 33 17 13 63 173 5 31 104 83 128 194 94 82 113 11 75 62 34 179 48 45 176 62 75 11 75 29 176 62 85 144 28 84 121 9 194 128 4 2 66 134 132 69 41 26 37 68 72 22 7 184 39 18 81 58 71 52 74 19 153 65 56 24 100 96 16 54 25 61 1 49 162 8 10 88 3 95 122 73 32 99 42 165 188 14 188 146 80 97 76 97 76 43 23 180 68 26 68 180 148 125 183 189 177 150 92 150 181 110 109 106 109 160 109 110 114 15 182 89 59 70 107 138 159 101 157 101 140 126 39 184 156 195 123 21 60 3 88 3 127 40 91 57 141 131 38 64 130 116 36 86 167 79 12 20 53 20 0
94
66 66
31 31
26 93 26
36 36
74 74
59 59
22 22
99 99
62 62
43 43
41 41 30
188 77
153 50
58 58
60 60
15 15
49 49
45 45
95 95
4 4
1 1
44 44
75 75
18 18
96 96
37 37
116 67
76 76
79 79
38 38
92 92
29 29
19 19
71 71
97 27 97 55
73 73
28 28 90
34 34
7 7
17 17
63 63
0 0
47 47
40 40
84 84
61 61
20 20
85 85
80 80
120 98
53 53
72 72
52 52
48 46 48
64 64
78 78
89 89
57 57
35 35
23 23
82 82
32 32
68 68
25 25
91 91
54 54
10 10
56 56
83 83
33 33
81 81
86 86
2 2
51 51
94 94
6 6
5 5
8 8
24 24
70 70
87 87
9 9
12 12
14 14
39 39
16 16
65 65
42 42
11 11
3 3
21 21
69 69
13 13
88 88
