0 3 117 192 117 191 140 104 138 104 18 109 45 95 100 97 89 61 63 8 91 118 194 118 195 118 98 31 27 37 20 70 23 83 87 80 42 40 79 25 56 84 88 22 6 30 75 110 168 110 169 110 170 110 78 113 12 132 102 131 102 2 107 4 107 155 107 4 90 171 119 198 119 197 119 43 34 60 103 137 103 134 103 116 188 116 190 116 103 21 103 116 189 116 103 41 69 59 86 183 114 184 114 12 113 12 114 180 109 164 142 105 144 105 143 105 142 150 106 154 175 112 172 19 11 94 5 52 67 51 108 115 186 115 187 115 108 160 108 157 108 158 108 156 108 51 67 52 5 94 11 19 32 71 54 36 125 101 130 101 125 101 68 15 76 47 35 82 116 112 92 117 3 0
56
100 120 121 122 123
101 124 126 127 128 129
125 125
130 130
131 131
132 132
102 133
134 134
103 135 136
137 137
138 138
104 139
140 140
105 141 145 146
142 142
143 143
144 144
106 147 148 149 152 153
150 150
8 151
154 154
155 155
156 156
157 157
158 158
108 159
160 160
109 161 162 163 165 166 167
164 164
168 168
169 169
170 170
171 171
172 172
112 173 174 176 177
175 175
113 178 179
180 180
114 181 185
76 182
183 183
184 184
186 186
187 187
188 188
189 189
190 190
191 191
192 192
117 193
194 194
195 195
118 196
197 197
198 198
119 199
