F1E81B DD07FF 1E1095 FFFD4B 573788 2334E8 2924CB 3C5D7A 2924CB 4B3F8A 2924CB BDE94D 462226 EE2A22 59843B DE6899 BDE94D 1D21D3 6825D4 239994 EDF90E D8AAF4 8F17C0 D8AAF4 C45E71 1B337D 7E1C6C 4CAD30 5C7062 251939 A9F1B8 EB8E2E 1B337D C45E71 6B622D D8AAF4 A014A0 A94B37 B75549 EDF90E C63C0A 3EDE7E F8EE67 2924CB 1F842B B69F55 9D4968 8C971D E2CE9F 6F492E BF6302 B23276 5A3862 CC6D2A 5A3862 612FAA 8BFCAC 612FAA 124C90 D4A75D 1111F7 EB719D E33276 E2CE9F 1977E0 8015E0 29D5D7 E33276 A7D03E 1111F7 D4A75D CEAC59 90451D BA3320 13A782 E80628 13A782 06C557 1EC224 C4303B 1EC224 5BB557 846159 D6CC7A 0CBC31 5D0E2E D2BE39 490F1E 77A0B5 94A561 112AE7 BB4908 E5E6C0 C9AF85 7BE8A9 FFEEBD 614224 CF668A 53C6C8 36590B 53C6C8 7829D7 53C6C8 9DA2E3 62C365 CF668A 614224 FFEEBD 7BE8A9 B27903 AEFF96 DCE144 205E5C E3C2C9 3B4B53 D1967A 36C862 AEFF96 B27903 2595F1 8B6C2F 2595F1 D2BE39 ABD8FE 783751 846159 103724 5A3862 82A1F6 099830 17BB75 D1AE72 F3EDB3 002274 C3B3E7 EE2A22 4B97F1 85D6DB 7D997B E51A66 7D997B 85D6DB 4B97F1 EE2A22 462226 CD2CA7 305D33 191510 9A8DF4 10520F 191510 6B4619 CC9C14 6B4619 086D53 61199E 9A8DF4 191510 2FEDFB 91A0DC 82A1F6 E0BEFC EC4D08 B7F75A 6CAF46 685D1A 6CAF46 6B644E 813B05 396D53 462226 EE2A22 52C88C 79BC3D EE2A22 0C73D8 86493E 0C73D8 2334E8 0A147B 17779E 770D1A CDC6D4 8417C8 CDC6D4 5FD658 47FACD F1E81B
81
573788 573788
29D5D7 29D5D7
8015E0 8015E0
17779E 17779E
002274 D337F2 0F5860
CEAC59 CEAC59
6825D4 AE4A01
D1967A D1967A 851F90
D6CC7A B47658 D6CC7A
3C5D7A 230A7C
1F842B 1F842B 7E78F3
47FACD 47FACD
10520F C3EF62
0C73D8 E81014
CC9C14 A1F104 CC9C14
52C88C 52C88C
E5E6C0 E5E6C0
1111F7 6B340B 6966D7
B69F55 2CCB19 B69F55
AEFF96 AEFF96
8BFCAC 8BFCAC
E51A66 E51A66
396D53 396D53
C9AF85 9096DB C9AF85
EB8E2E 596CF6 14994D
0CBC31 8F495E 0CBC31
1EC224 4099A6 293D59
086D53 F33196 4A5708
FFEEBD FFEEBD
614224 614224
94A561 94A561
305D33 305D33
BB4908 C18C9B BB4908
8F17C0 151BC9 8F17C0
36C862 36C862
06C557 93EBE3
6B622D 6B622D 5F4E43
783751 783751
36590B 66048A 36590B
770D1A 770D1A
ABD8FE 20EAE7 ABD8FE
5D0E2E 6E313C
E80628 E80628 14B430
4B97F1 4B97F1
8B6C2F 8B6C2F
685D1A 685D1A
61199E 61199E
1E1095 1E1095
CC6D2A 2BF7B5
59843B 59843B
C45E71 4A28BA
5BB557 5BB557
90451D 90451D
5C7062 5C7062
C4303B C4303B
2595F1 8B519F
7829D7 7829D7
B7F75A B7F75A
846159 6D51F4
239994 239994
2FEDFB 2FEDFB
813B05 813B05
8417C8 8417C8
DCE144 DCE144
D4A75D D4A75D
4CAD30 4CAD30
E0BEFC 28F6D1
7E1C6C 7E1C6C
8C971D 8EBF8A
F1E81B F1E81B
C3B3E7 C3B3E7
3B4B53 3B4B53
86493E 86493E
85D6DB 85D6DB 63361A
490F1E 490F1E
FFFD4B FFFD4B
205E5C BB40E6
DE6899 DE6899
E3C2C9 E3C2C9
77A0B5 77A0B5
124C90 124C90
