188645 C0766C 7E5598 0FBCDC 7E5598 AFF8D1 36D08C 567883 C98FE7 E09D29 61EDA9 3ADA02 94D700 DBDC9A A5CCB5 35FF16 500783 103C70 EC05F7 29B2A4 70146D DF9F85 ACB11D FF8D45 784F83 7BF2B5 37F745 8D0852 D443EB D7CAF9 825884 4B39CA D9447D B0C7A5 35F60D AA8E14 31D332 B86446 35F60D 2C101C E0E349 B3243F 628AB2 D04F40 9B9BDD 2F1AB5 2EA2EE E954F7 0D7DE7 A7E9D9 B7B073 EF4D57 EDC0CA FA567E 0FB66D 188645
43
2EA2EE 84EBFF
EC05F7 FD1783 539A92
4B39CA 19FFAB
29B2A4 29B2A4 724A76
DBDC9A DBDC9A 994F93
500783 500783
94D700 94D700
0D7DE7 467AB7
188645 188645
2C101C CB09C0 2C101C
AA8E14 AA8E14
B86446 4FBDE1
D7CAF9 D7CAF9
825884 48C2D5
A7E9D9 A7E9D9
E954F7 E954F7
31D332 DD2694
ACB11D D01E6B
35FF16 800641
C98FE7 C98FE7
784F83 784F83
0FBCDC 0A5C0E 0FBCDC
9B9BDD 9B9BDD
B3243F 9B0EC2 1276AF
C0766C 07D80A
36D08C 6D778A
FA567E B833F0
B7B073 B7B073
D04F40 D04F40
7E5598 3B1041
8D0852 8D0852
E09D29 E09D29
0FB66D 0FB66D
3ADA02 D5356A 3ADA02
D443EB D443EB
AFF8D1 AFF8D1
628AB2 628AB2
FF8D45 FF8D45
A5CCB5 A5CCB5
EF4D57 EF4D57
70146D 7E18E9
567883 44716B
37F745 37F745
