0 86 20 86 81 10 83 10 99 10 86 0 100 101 112 179 112 182 112 101 110 168 110 172 110 101 117 199 117 101 108 162 108 160 108 158 108 155 108 159 108 161 108 101 114 101 109 167 109 164 109 165 109 163 109 166 109 101 108 101 111 178 111 101 115 101 116 101 113 191 113 183 113 184 113 190 113 187 113 101 117 101 110 169 110 101 100 104 136 104 135 104 133 104 100 106 148 106 141 106 100 103 100 102 124 102 118 102 100 103 130 103 128 103 126 103 100 107 153 107 152 107 150 107 100 105 100 0 31 35 7 64 72 64 31 57 61 57 21 57 31 25 23 25 24 25 52 25 59 25 31 89 79 89 31 0 17 48 68 17 77 17 5 65 70 17 13 11 55 11 3 4 3 29 75 18 75 34 75 3 11 58 11 0
63
17 17 66
104 104
128 128
20 20 43
152 152
167 167
182 182
4 14 87 63 96 49 4
5 42 5
153 153
83 83
25 25
70 70
35 35
108 156 154
117 117
172 172
169 169
111 177
65 65
106 147 149 106 142 145 144 146
109 109
130 130
103 127
110 175 171 173
124 124
86 90 85 86 98 62
113 189 188 113
18 18
31 31 53
115 196 194
81 81 82
89 26 1 89
3 51 56
77 77 22
112 180 112
24 24
136 136
158 158
99 99
10 10
101 101
100 100
160 160
75 28 54 75
72 72
68 44 68
57 57
29 29
102 123 121 102
118 118
178 178
116 198
58 58
13 13
105 138 105
7 7
59 59
21 21
55 55
168 168
107 151
179 179
