86 125 86 120 186 72 127 151 80 151 88 27 88 151 160 131 77 19 3 11 42 136 94 188 147 169 23 58 93 55 132 167 65 167 145 7 101 115 98 104 24 168 24 104 107 98 91 136 43 103 10 187 20 47 188 149 40 122 34 108 44 108 182 92 133 116 78 131 121 111 76 135 52 178 66 180 45 180 161 87 60 9 128 143 63 75 165 177 18 84 62 138 12 79 30 61 79 137 79 61 69 61 51 18 165 97 171 2 63 70 57 95 150 25 158 25 68 159 32 181 161 163 161 180 1 190 183 4 179 4 142 22 67 114 105 114 67 86
82
1 1
2 2
3 5 54
143 6
12 8 48 123
10 10
11 11
9 13 26 110
78 14 148
151 17
19 19
79 21
22 22
27 27
58 28 73
30 30
68 35 90 100
20 36 38 82
47 41
44 44
45 45
51 51
52 52
115 53
88 56
57 57
25 64 140 153 154
66 66
69 69
61 71
72 72
63 74
75 75
76 76
84 84
87 87
62 89 156
91 91
92 92
93 93
94 94
97 97
101 101
105 105
180 106
107 107
111 113 129
116 116
70 117
120 120
121 121
122 122
125 125
32 126 157 175
132 132
137 137
138 138
18 139
145 145
65 146
149 149
150 150
133 152
158 158
159 159
160 160
163 163
169 169
98 173
182 174
177 177
179 179
181 181
183 183
108 184
23 185
168 189
43 192
80 194
131 196
67 198
42 199
