110 26 90 132 163 15 67 195 145 91 4 114 183 167 169 35 180 47 45 73 113 65 197 92 177 135 94 76 109 157 16 198 130 162 39 171 194 139 174 124 2 100 44 164 153 68 82 103 191 119 175 1 36 79 126 147 107 0 154 29 28 185 24 199 152 184 72 87 85 78 21 188 84 22 165 63 115 27 5 193 89 170 40 31 196 146 25 9 150 178 74 148 189 62 98 151 158 176 11 117 13 160 104 34 88 20 41 30 14 123 43 105 131 6 140 51 141 18 83 17 19 52 50 96 56 182 66 81 136 143 190 122 127 3 138 133 155 99 33 77 110
92
178 178
76 76
152 152
190 190
90 90
188 64
35 54
36 36
163 163
100 60 100
160 160
175 175
99 99 181
141 141
44 44
197 197
50 50
51 51
28 28
43 101 43
195 195
47 47
107 107
30 30
92 172 92
81 159 81
148 148
29 29
15 15
41 41
87 87
169 169
18 18
21 53
193 193
11 11
56 56
20 20
126 126
6 6
25 25
96 96
13 13
147 147
45 45
171 171
165 165
174 38
1 1
72 72
140 140
105 121
110 110
123 123
182 182
73 73
124 124 168
0 0
5 5
14 14
39 55 39
127 127
78 161
131 131
98 98
151 142
79 79 149
103 103
170 170
22 22
122 122
66 66
74 74
3 3
85 85
52 52
83 83
67 67
19 19
199 199
154 154
189 189
94 94
138 138
31 192
77 77
91 91
176 176
145 145
26 26
132 132
40 40
