0x19 0x8b 0x11 0x5f 0xa4 0x3d 0xb7 0x55 0xb7 0x3d 0xba 0x43 0x68 0x56 0x68 0x43 0xba 0x3d 0xbf 0x1f 0x1a 0x39 0x1a 0x1f 0x1a 0x1f 0xbf 0x3d 0xa4 0x7c 0xa4 0x3d 0xba 0x91 0x16 0x91 0xba 0x3d 0xbf 0x48 0x24 0x48 0x72 0xb6 0xab 0xb6 0x72 0x1b 0x6a 0x82 0xb9 0xb5 0xb9 0x82 0x6a 0x28 0x6a 0x1b 0x72 0x48 0xbf 0x3d 0xa4 0x5f 0x11 0x8 0x89 0x3c 0x74 0x84 0x74 0xbb 0x7a 0xbb 0x74 0x6 0x31 0x6 0x74 0x25 0xf 0x6f 0xf 0xa 0xf 0x25 0x74 0x3c 0xe 0x79 0xe 0x63 0x3a 0x4d 0x3a 0x5c 0xc0 0x5c 0x17 0x92 0x99 0x92 0x9f 0x92 0x17 0x6e 0x83 0xa8 0x15 0x9a 0x15 0xa8 0x83 0x6e 0x17 0x81 0x36 0x4f 0x36 0x8d 0x3b 0x8d 0x36 0x81 0x17 0x5c 0x85 0x2 0x61 0x21 0x30 0x21 0x61 0x2 0x7e 0x37 0x4c 0x18 0x4c 0x37 0x7e 0x2 0x61 0x50 0x33 0xa7 0x33 0x5a 0x33 0x50 0x61 0x21 0x61 0x2 0x85 0x5c 0x6d 0x5c 0x3a 0x4d 0x8e 0xc5 0x22 0xc5 0x8e 0x4d 0x3a 0x63 0x49 0x63 0xe 0x3c 0x74 0x84 0x88 0x84 0x74 0x6 0x74 0x3c 0x89 0x3c 0x97 0x3c 0x89 0x8 0x11 0x8b 0x11 0x8 0x89 0x3c 0xe 0x79 0x5 0x0 0x5 0x79 0xe 0x3c 0x89 0x8 0x11 0x8b 0x19
50
0x8e 0x8e
0x25 0x25
0xa8 0xa8
0x7a 0x9 0x4e 0x80 0x7a 0x5d 0x2b
0x99 0x9e 0x99
0x97 0x8f 0x97
0x5 0x1d 0x42 0xc2 0x7b 0xc4 0xbd 0x2d 0x5 0xb2 0xa3 0x7 0xaa 0x9b 0x45 0xbc 0xae 0x10 0x52 0xb4 0x86 0x78 0x14 0x98
0x3d 0x3d
0x56 0x56
0x91 0x91 0xc3 0x34 0x4 0x60 0x9c 0xc7
0xbf 0xac
0x7c 0xb0
0x3b 0x3b
0x28 0x28 0xa6
0x21 0x21
0x31 0x31 0x77
0x8b 0x8b
0x84 0x84
0xba 0xba
0x9f 0x1 0x9f
0x6a 0x6a 0x8c
0x4d 0x4d
0x0 0x0 0x53 0x2c 0x70 0xa0
0x6f 0x6f
0x83 0x83
0xc0 0x2a
0xa7 0xa7
0xbb 0x59 0xbb
0xb5 0x46 0xb5
0x1f 0x1f
0xab 0xab
0x5a 0x6b 0x5a
0x1b 0x1b
0xb6 0xb6
0x89 0x89
0x15 0x15
0x1a 0x1a
0x61 0x12 0x61
0x85 0x85
0x74 0x74
0x6d 0x6d
0x18 0xa1 0x18
0x9a 0x9a
0x11 0xc6 0x11
0x3a 0x3a
0xa4 0x87 0xa4
0x79 0x79
0xf 0xf
0x81 0x81
0x68 0x68
