0 50 100 150 165 164 162 166 167 163 159 163 161 163 167 166 162 164 153 152 153 164 162 166 167 163 159 170 171 180 179 173 174 176 174 173 179 180 171 170 168 157 158 157 168 170 159 160 159 170 171 180 181 180 184 183 184 180 185 187 188 186 192 186 188 191 188 178 189 188 187 185 180 184 183 197 194 198 199 150 100 115 114 103 114 112 116 117 113 109 120 118 107 118 120 121 130 129 123 127 123 129 130 122 130 135 137 138 141 138 136 142 136 138 128 138 137 135 130 134 133 147 144 148 149 148 144 147 133 134 132 119 120 109 113 109 120 121 130 129 123 124 126 124 123 129 130 121 120 118 107 108 106 108 107 118 120 109 113 117 116 112 114 115 100 101 100 50 0 15 14 3 2 3 14 15 0 1 0 15 14 12 16 17 13 9 20 19 20 9 10 9 20 18 7 8 6 8 7 18 20 9 13 17 16 12 14 12 16 17 13 11 4 11 13 9 20 21 30 35 37 38 28 39 38 36 42 36 38 41 38 37 35 30 34 45 34 33 47 33 34 32 34 30 29 23 27 23 24 26 24 23 29 30 34 33 47 44 48 44 47 33 34 45 43 45 34 30 35 37 35 30 31 30 22 30 21 20 9 13 17 16 12 14 15 0 50 100 50 65 64 62 66 67 63 59 70 68 57 58 56 58 57 68 70 71 80 85 87 88 91 88 86 92 86 88 87 85 80 79 73 74 76 74 73 79 80 81 80 84 83 97 94 98 94 97 83 84 95 93 95 84 82 69 70 59 63 67 66 62 64 53 52 53 64 65 50 0
72
1 1
2 2
3 3
4 4
8 5
6 6
10 10
22 22
24 24
26 25 26
27 27
33 33
47 47
44 44
48 48 49
42 46 42
36 36
41 40 41
50 51
52 52
53 53
63 54
58 55
56 56
59 60
80 72
74 74
76 75 76
73 77
83 83
97 97
94 94
98 98 99
92 96 92
86 86
91 90 91
101 101
103 102 103
113 104
108 105
106 106
109 110
122 122
124 124
126 125 126
127 127
133 133
147 147
144 144
148 148
149 149
142 146 142
136 136
141 140 141
150 151
152 152
153 153
161 154
158 155 156
160 160
180 172
174 174
176 175 176
173 177
183 183
197 197
194 194
198 198
199 199
192 196 192
186 186
191 190 191
