31 65 192 190 163 188 177 183 170 176 180 194 196 167 199 179 197 171 169 195 187 184 164 173 198 165 185 159 137 12 120 33 29 57 89 1 127 77 42 74 146 56 144 54 47 143 28 9 88 152 136 80 90 109 97 160 7 68 86 22 95 106 117 3 66 14 115 58 6 30 38 69 60 19 138 134 32 91 61 123 103 118 67 108 4 37 51 135 82 149 94 45 156 99 140 155 121 126 114 36 132 124 46 52 112 107 31
77
196 175 196
127 127
106 78 106
108 93 147 108
58 58
66 66
167 167
69 69
160 160
195 195
115 13 20 81 119 115 131
65 65 128
32 32
198 198
197 197
173 173
77 77
38 38 151 64
80 80
82 82
120 120
89 125 35 89
22 22
180 180
33 105 33
46 46
117 117
95 49 27
114 114 48
143 143
45 21 45
94 94
74 74
90 90 83
60 60
88 88
14 14
169 169
42 148 42
184 184
112 112
179 179
19 110
86 86
140 140
57 34 57
138 138
7 7
134 134
107 107
123 123
30 30 141
188 168 188
103 103
99 99
137 137
4 4
156 156
164 164
47 47
28 28
170 170
12 12
6 6
194 186
67 67
146 146
9 9
176 191
152 152
149 149
29 29
68 68
121 121
52 52
171 171
199 199
