31 107 112 146 73 52 33 137 159 62 186 179 197 180 176 162 171 169 195 184 198 170 173 164 168 175 196 167 188 199 194 172 100 12 105 29 120 133 75 8 57 154 59 151 125 35 64 89 1 46 87 65 122 148 83 90 143 80 28 4 39 68 7 160 67 108 41 78 98 23 49 85 123 117 3 66 58 6 17 141 119 131 13 81 115 14 116 86 22 103 27 106 95 93 147 111 9 88 152 136 104 157 121 140 156 99 48 114 54 56 18 158 153 82 149 94 45 50 110 60 5 43 138 134 102 30 38 69 150 127 77 42 74 31
96
175 175
127 127
78 78
93 93
58 58
66 66
167 167
69 69
160 160
195 195
13 13
65 65 128
134 32 134
198 198
197 197
173 173
77 77
17 20
38 38
80 80
81 81
147 147
82 82
120 120
125 125
196 196
22 22
180 180
105 105
108 108
46 46
119 119
117 117
49 49
114 114
143 143
45 21 45
94 94
106 106
74 74
90 90
60 60
88 88
48 48
14 14
169 169
148 148
184 184
151 151
112 112
179 179
110 110
27 27
86 86
140 140
154 34
138 138
7 7
107 107
123 123
30 30
168 168
103 103
188 188
35 35
99 99
137 137
4 4
156 156
164 164
121 47 121
28 28
170 170
64 64
12 12
6 6
186 186
67 67
89 89
146 146
9 9
33 33
141 141
57 57
115 115
176 191
42 42
152 152
149 149
29 29
68 68
131 131
83 83
52 52
171 171
199 199
