Wkkykkf Zyyhram Uvcri Uoxsv Bfjsn Jxdb Whbms Voxfzc Garjd Xregj Dlrq Zvtdse Owzya Jjyekjv Ezni Dytyp Ifvsh Rsyztto Hpuyzs Vyvg Dxrptsi Zzenxoh Bht Okuhrur Vxt Eiotl Ibovih Klowqwc Apylxs Bjmh Zezijw Cuqua Euw Fiv Igep Bwlpsl Zkrljw Vxsl Qyva Jnhmcwu Xzto Wmqtyma Zxtqwkg Yjfzkt Hpym Nlytaln Zdsg Gzcxjl Zdkju Nwecls Dwx Sicex Apmo Qbflfr Vpsfe Bxrwja Lcvdba Mdvxvwv Wtsrwu Dkfelp Wufe Bceipk Ipwhfqt Zkxhnb Bznayo Kdq Lngqcj Vus Yphp Fjpugw Zyh Pgvrcnl Tbbiot Tost Lzmpop Oaqqs Wtkwuvz Ngr Fuykk Olcoaxo Stpm Lscminl Fggo Pbdad Nqwr Lhwmy Rtwel Ypm Wjujoc Wkkykkf
39
Zdsg Zdsg
Vxt Vxt
Igep Igep
Dytyp Dytyp
Nwecls Nwecls
Fiv Fiv
Uvcri Uvcri
Dkfelp Dkfelp
Pbdad Pbdad
Gzcxjl Gzcxjl
Ibovih Ibovih
Uoxsv Uoxsv
Stpm Stpm
Euw Euw
Bxrwja Bxrwja
Jxdb Jxdb
Lhwmy Lhwmy
Oaqqs Oaqqs
Nqwr Nqwr
Zkrljw Zkrljw
Zyh Zyh
Zdkju Zdkju
Wkkykkf Nhn
Qbflfr Qbflfr
Kdq Kdq
Klowqwc Klowqwc
Bwlpsl Bwlpsl
Pgvrcnl Pgvrcnl
Wufe Wufe
Whbms Whbms
Fuykk Fuykk
Tbbiot Tbbiot
Fggo Fggo
Wtkwuvz Wtkwuvz
Vpsfe Vpsfe
Olcoaxo Olcoaxo
Apylxs Apylxs
Wtsrwu Wtsrwu
Eiotl Eiotl
