142 121 58 130 175 34 100 1 154 191 159 45 8 31 94 16 177 126 164 59 21 150 99 54 114 124 60 78 186 78 60 26 0 183 190 118 38 118 38 198 156 33 133 41 152 68 128 122 64 69 158 195 178 52 134 14 9 28 103 18 181 153 139 153 181 91 3 174 4 46 148 108 160 77 143 90 111 106 66 137 48 76 24 53 131 63 171 140 129 140 171 63 149 22 185 5 115 39 188 83 93 151 167 142
53
150 150
151 144 151
31 31
129 129
158 158
90 90
133 133
178 178
14 14
181 181
99 141
139 30 145
174 174
9 70 7
183 183
46 46
106 106 127
21 21 157
186 186 55
159 159
124 124
34 34
41 41
108 108
121 121
177 177
103 89
22 22
153 23
63 63
76 76
60 60
195 195
3 3
38 197 38
167 167
115 115
48 48
131 35
140 140
16 16
77 77
69 69
91 91
137 137
93 93
58 58
171 97
39 39
4 4
33 33
64 64
66 44
