149 14 24 101 63 142 147 17 125 166 84 47 38 22 25 5 182 171 9 46 88 163 7 66 64 136 173 164 6 143 159 109 10 90 13 52 49 196 12 58 73 61 94 53 179 19 126 82 77 98 91 95 41 60 178 193 69 150 42 36 165 96 16 188 184 2 45 37 44 18 134 117 99 23 110 80 20 116 191 55 151 189 127 119 43 28 33 79 29 114 92 152 34 21 56 85 190 32 197 3 40 65 54 87 39 81 170 35 124 67 0 175 192 155 111 135 83 1 132 70 93 27 15 86 50 62 30 176 106 31 78 8 72 57 97 48 68 75 59 4 199 149
97
1 1
2 2
3 3
4 4
5 5
6 6
7 7
8 8
9 9
10 10
114 11
12 12
13 13
14 14
15 15
16 16
17 17
18 18
19 19
20 20
21 21
22 22
23 23
24 24
25 25
49 26 49
27 27
28 28
29 29
30 30
31 31
32 32
33 33
34 34
35 35
36 36
37 37
38 38
39 39
40 40
41 41
42 42
43 43
44 44
45 45
46 46
47 47
48 48
50 50
134 51
52 52
53 53
54 54
55 55
56 56
57 57
58 58
59 59
60 60
61 61 71
62 62
63 63
64 64
65 65
66 66
67 67
68 68
69 69
70 70
72 72
73 73
117 74
75 75
171 76 100
77 77
78 78
79 79
80 80
81 81
82 82
83 83
84 84
85 85
86 86
87 87
88 88
159 89
90 90
91 91
92 92
93 93
94 94
95 95
96 96
97 97
98 98
99 99
