149 14 59 2 36 42 69 193 57 63 17 8 150 147 53 60 19 41 67 82 91 95 179 62 50 176 0 131 104 15 86 185 181 107 30 130 94 88 46 9 61 71 49 160 135 54 87 39 31 170 78 81 70 35 178 72 168 184 188 96 100 76 192 18 37 129 110 74 23 113 125 119 43 33 66 7 64 153 105 28 163 143 11 10 90 13 56 21 152 92 32 190 196 3 40 65 12 58 121 197 85 34 83 1 89 186 159 25 173 102 172 29 151 22 84 47 55 189 99 51 134 20 116 156 175 16 4 75 165 48 97 68 149
90
1 1
2 2 45
3 3
4 4
25 5 25
173 6
7 7
8 8
9 9
10 10
11 11
12 12
13 13
14 14
15 15
16 16
17 17
18 18
19 19
20 20 80
21 21
22 22
23 23
149 24
49 26 49
86 27 86
28 28
29 29 79
30 30
31 31
32 32
33 33
34 34
35 35
36 36
37 37 44
125 38
39 39
40 40
41 41
42 42
43 43
46 46
47 47
48 48
50 50
51 51
160 52
53 53
54 54
55 55
56 56
57 57
58 58 73
59 59
60 60
61 61
62 62
63 63
64 64
65 65
66 66
67 67
68 68
69 69
70 70
71 71
72 72
74 74
75 75
76 76
82 77 82
78 78
81 81
83 83
84 84
85 85
87 87
88 88
89 89
90 90
91 91
92 92
94 93 94
95 95
96 96
97 97
181 98
99 99
100 100
