149 0 14 2 42 69 36 4 59 75 68 165 148 168 72 57 63 101 97 48 199 24 137 77 82 95 91 46 88 54 73 3 12 58 65 40 160 198 56 13 90 157 5 25 186 159 89 109 164 182 102 172 29 43 33 64 66 105 28 163 143 6 173 11 10 52 49 196 21 197 81 78 17 35 127 180 122 37 18 116 45 80 20 112 44 129 51 117 151 22 38 84 125 111 135 1 83 118 166 47 55 189 99 74 23 119 113 128 150 8 147 53 31 39 87 103 183 71 61 9 149
77
1 1
2 2 76
3 3
4 4
5 5
6 6
64 7 64
8 8
9 9
10 10
11 11
12 12
13 13
14 14
91 15 91 98
59 16 59 96 100
17 17
18 18
0 19 41 60
20 20
21 21 34 85
22 22
23 23
24 24
25 25
49 26 49
183 27
28 28
29 29 79
95 30 50 62 67 86 95
31 31 93 94
73 32 73
33 33
35 35
36 36
37 37
38 38
39 39
40 40
42 42
43 43
44 44
45 45
46 46
47 47
48 48
51 51
52 52
53 53
54 54
55 55
56 56
57 57
58 58
61 61
63 63
65 65
66 66
68 68
69 69
81 70 81 92
71 71
72 72
74 74
75 75
77 77
78 78
80 80
82 82
83 83
84 84
87 87
88 88
89 89
90 90
97 97
99 99
