PlmPdVeiiHQg3JYZCDWt gdO0wiBlQ8wFbeNyGtx5 iwJGcbQH2bifG6D82Iel GUntLlYA0xo9Vk4WLTLV 8RfB73Lw8C9LbSwIxA9Q JWIkMKKlAG6fUoRVxKKI 6WGzUhXeOltLDbkIvTzq WZsO2i9GZwvMYoV9SyKS q4nqG9N45SSRxndw48Xl 804aK8wEArkuheeUiB4R 1JawjZrawLlOCGN1EB0O k8LvqKsQ4ejh0bCWs4fP zvH9G6FQ1xC7CVezs43e YmmIBqqdn3Z6PuFXWNHi ChEnlTNCMoqxBfyzEzW7 YIxKvTpWMaQKGFtD5BDH zGdvV8W1IzIvw9dDijIG 9EFf7Db1oVUr4vPii753 eUyNsK7nwP1YPac54CbU U7iVliqmXRkLwyPSNdfv yHfbaNMH6AALGleUN7ln jKREQK0zNUshG5l5lIJd 7yt9hKqOEGabqtqIEmdH yKQw7YXCNsthb1VWEFur 7qCgmo7DrrfnVQIWnbiV ukPtLY7YueARRkX8hPaS 060q0aISPODkGeAbYbQ6 hvFnmSwhfuOmcUJJ8teU enzXJAvcXabmrwWV3YuL g0ywcwildP9K6oBendJq KOLHrmR3FKDMdl4SYdK9 cUanhOambcNkocePqfvx CofLnw0Ss4pVGWmPS5oO 3M9YkxmgHhrzhCgskWR0 dsndgEJWfBsFA2I3Hgqf zforAf5jhSPEL0aOiCeo GzSNGBn4EPemDLEWXNxx 4S2YiI3VYPKghkl95iqK aGmUpeq6kVn42aPOEaUT 2Cz4Y4eG1XIezf9qpdQl 1wRG7TNgo9ui6iZBLuaw nsq4rhHWMCaIVcah5fcd Zzs5CIqF9Ll2avkxI78N MEVVMgbTLIgXdG4vAbeX N5YDsCDN1lKguyHbn4Zb Tr6dOTuKB3EM5juuJxqy C6w7afZujemehEooILjN MSj6zOuZ0EoAKjP4wXXW x5UVX06335fM5pfCNBMU Dwi7fYT8wa9I4Kzyto4Y EkRPPDhcu5ww6XulSOgx Ht8MCgqFhHoK08qA4XXh nweJtOYiRJ9VPbpUTVQU 0q2ewXNjMVDn3GAFEoyU eFBRJr5p5I2EdlVEayJ6 tX1uDaXm9hMlEKqU7m9j 48BAUsycKlkSkbOjYLFN DmOYSEzvATkNwLC4lcsN EVtx7khff7Fs8yuuQKJx uaR7l3Qhn4FRAnSeVURz ANdko3dYAy7a2BOq7wpm nKDJ3ylOzub2eWcHnAhq lcQ1GcVaImUGztIdTr68 2chOacZ5nNYuf6eeGFSW kwA1qrRggH9YLKcVfIe5 kaVGl3oG0Ulg2MgkbJB8 3rqlQRwe5izypHjXjWla 89uQTJVvGaob2884UTbx LWxNpOtygHuLI9qU5DwF Vh6ScHVb39wz7CmKwIuA PWUaVYPeofxjJdT472wG ivcmXAg3WJYgMBzFenfb 4QLswP82Wvxw9Z42obzh NXYVlLN4oRDZThND0BmP dvxgUZzwjHAP85QpElWp W9TKm0U6bNDZ1Aok7hNH DF1KTiOHBIkswyjh8uB1 KjQNU2EAAYEZSeJWPxLM jVItWJkETNqrkY47Hghp YFXFh0nBpGYXfL8mfny3 EY9cQTmyqhrzeZsobQa5 JakuJordFcO229c3L5ct AmAHnr1XXkPpwJ6DUDIO 1tmkPhHujDQhTmW4oV7S WsVMGV8yZisK6ojnqzBE SNmFiRdCmf8vg1yMqr30 Osa2UT4anhyBl7doUFs5 RuUdtXtfFCKpaLUcmsqg 3cixCQKdOFnhNCezth5V ML4pCjYl4gPEwSnvlRaD 1kUMD8KZUKbCCVh7WHWn U8sg63DCydwx1FzxqIaQ wZppnfABPMsntS9k4lvX XEVVfArWHJg24STfORUs 8jko5XAn6JliQ07A0rUO PIekFeWZsA6etqyFB2SF UkqILZ2p4EbRuMBIrGXp nyd0fM2XE4qmli1xfIwr XbrNBzXJSitXalj9YB4o 9zoM12ZWjXrKaszveCQH XdyhPab6W9wOZnKLq1fq a06qeiApctGnC1GMtGuJ VXU331oDUcuzaGGUYIl9 cYMPcE5UNSzOtkRY62gr irZyMKazQALnyfoOCtbL TpLamlzpT6GwerxzVsxr VuvjJGf6deKVAQ0JUD4i uNMLlt0W1KUwk2d6EP98 m1A3pMC42PQioFziqK5C yD8JCRUWcVAZxJ4ZDldr xcisI0PJDdG9nIuyj3IS PlmPdVeiiHQg3JYZCDWt
95
RuUdtXtfFCKpaLUcmsqg RuUdtXtfFCKpaLUcmsqg
MEVVMgbTLIgXdG4vAbeX MEVVMgbTLIgXdG4vAbeX
YmmIBqqdn3Z6PuFXWNHi YmmIBqqdn3Z6PuFXWNHi
SNmFiRdCmf8vg1yMqr30 SNmFiRdCmf8vg1yMqr30
nKDJ3ylOzub2eWcHnAhq nKDJ3ylOzub2eWcHnAhq
JakuJordFcO229c3L5ct JakuJordFcO229c3L5ct
1kUMD8KZUKbCCVh7WHWn WErk2X2lm629vuxPHVtl
ChEnlTNCMoqxBfyzEzW7 ChEnlTNCMoqxBfyzEzW7
9zoM12ZWjXrKaszveCQH o85TEEBuzMbePdf5cbCv 9zoM12ZWjXrKaszveCQH
g0ywcwildP9K6oBendJq g0ywcwildP9K6oBendJq
N5YDsCDN1lKguyHbn4Zb N5YDsCDN1lKguyHbn4Zb ELEJN8tWDJT7mLhCdqW3
3M9YkxmgHhrzhCgskWR0 3M9YkxmgHhrzhCgskWR0
GzSNGBn4EPemDLEWXNxx GzSNGBn4EPemDLEWXNxx
7qCgmo7DrrfnVQIWnbiV 7qCgmo7DrrfnVQIWnbiV
48BAUsycKlkSkbOjYLFN 48BAUsycKlkSkbOjYLFN
CofLnw0Ss4pVGWmPS5oO qOK6WPKQJA4Q9XqXgSgT CofLnw0Ss4pVGWmPS5oO
WsVMGV8yZisK6ojnqzBE WsVMGV8yZisK6ojnqzBE
060q0aISPODkGeAbYbQ6 060q0aISPODkGeAbYbQ6
1tmkPhHujDQhTmW4oV7S 1tmkPhHujDQhTmW4oV7S BWhyt9wATIprZDhzxwVv
NXYVlLN4oRDZThND0BmP NXYVlLN4oRDZThND0BmP
zvH9G6FQ1xC7CVezs43e zvH9G6FQ1xC7CVezs43e
Tr6dOTuKB3EM5juuJxqy Tr6dOTuKB3EM5juuJxqy
Vh6ScHVb39wz7CmKwIuA Vh6ScHVb39wz7CmKwIuA
dsndgEJWfBsFA2I3Hgqf dsndgEJWfBsFA2I3Hgqf
kaVGl3oG0Ulg2MgkbJB8 kaVGl3oG0Ulg2MgkbJB8
eUyNsK7nwP1YPac54CbU eUyNsK7nwP1YPac54CbU
89uQTJVvGaob2884UTbx hZHynIvymuQxD6BftzWt
PIekFeWZsA6etqyFB2SF PIekFeWZsA6etqyFB2SF
zforAf5jhSPEL0aOiCeo zforAf5jhSPEL0aOiCeo
zGdvV8W1IzIvw9dDijIG 76b3evP8JEiQ8c6jd2b5
UkqILZ2p4EbRuMBIrGXp UkqILZ2p4EbRuMBIrGXp
nsq4rhHWMCaIVcah5fcd nsq4rhHWMCaIVcah5fcd
ukPtLY7YueARRkX8hPaS ukPtLY7YueARRkX8hPaS
lcQ1GcVaImUGztIdTr68 NA24XhOMsROCBnUViAJT IxWh6LSiXwGUWSx9VJ39
DF1KTiOHBIkswyjh8uB1 DF1KTiOHBIkswyjh8uB1
k8LvqKsQ4ejh0bCWs4fP k8LvqKsQ4ejh0bCWs4fP
3rqlQRwe5izypHjXjWla 3rqlQRwe5izypHjXjWla
W9TKm0U6bNDZ1Aok7hNH W9TKm0U6bNDZ1Aok7hNH
2Cz4Y4eG1XIezf9qpdQl 2Cz4Y4eG1XIezf9qpdQl
Osa2UT4anhyBl7doUFs5 Osa2UT4anhyBl7doUFs5
yKQw7YXCNsthb1VWEFur yKQw7YXCNsthb1VWEFur
uaR7l3Qhn4FRAnSeVURz uaR7l3Qhn4FRAnSeVURz
KjQNU2EAAYEZSeJWPxLM KjQNU2EAAYEZSeJWPxLM
3cixCQKdOFnhNCezth5V E59siIyngnj5PIsLeowv
XdyhPab6W9wOZnKLq1fq XdyhPab6W9wOZnKLq1fq
yD8JCRUWcVAZxJ4ZDldr yD8JCRUWcVAZxJ4ZDldr
cYMPcE5UNSzOtkRY62gr cYMPcE5UNSzOtkRY62gr
AmAHnr1XXkPpwJ6DUDIO AmAHnr1XXkPpwJ6DUDIO
U7iVliqmXRkLwyPSNdfv U7iVliqmXRkLwyPSNdfv
jVItWJkETNqrkY47Hghp jVItWJkETNqrkY47Hghp
YFXFh0nBpGYXfL8mfny3 YFXFh0nBpGYXfL8mfny3
EVtx7khff7Fs8yuuQKJx EVtx7khff7Fs8yuuQKJx
4S2YiI3VYPKghkl95iqK 4S2YiI3VYPKghkl95iqK
1JawjZrawLlOCGN1EB0O 1JawjZrawLlOCGN1EB0O
WZsO2i9GZwvMYoV9SyKS WZsO2i9GZwvMYoV9SyKS
uNMLlt0W1KUwk2d6EP98 uNMLlt0W1KUwk2d6EP98
nyd0fM2XE4qmli1xfIwr nyd0fM2XE4qmli1xfIwr
enzXJAvcXabmrwWV3YuL iFXIyHTPBX7ivXxsV1VM
EkRPPDhcu5ww6XulSOgx EkRPPDhcu5ww6XulSOgx
hvFnmSwhfuOmcUJJ8teU LXqfTqJggDSh6mykPyz3
2chOacZ5nNYuf6eeGFSW 2chOacZ5nNYuf6eeGFSW
VuvjJGf6deKVAQ0JUD4i VuvjJGf6deKVAQ0JUD4i
ML4pCjYl4gPEwSnvlRaD ML4pCjYl4gPEwSnvlRaD
Zzs5CIqF9Ll2avkxI78N Zzs5CIqF9Ll2avkxI78N
JWIkMKKlAG6fUoRVxKKI JWIkMKKlAG6fUoRVxKKI
iwJGcbQH2bifG6D82Iel iwJGcbQH2bifG6D82Iel
ANdko3dYAy7a2BOq7wpm ANdko3dYAy7a2BOq7wpm
MSj6zOuZ0EoAKjP4wXXW MSj6zOuZ0EoAKjP4wXXW
cUanhOambcNkocePqfvx cUanhOambcNkocePqfvx
kwA1qrRggH9YLKcVfIe5 kwA1qrRggH9YLKcVfIe5
YIxKvTpWMaQKGFtD5BDH YIxKvTpWMaQKGFtD5BDH
gdO0wiBlQ8wFbeNyGtx5 gdO0wiBlQ8wFbeNyGtx5
EY9cQTmyqhrzeZsobQa5 EY9cQTmyqhrzeZsobQa5
TpLamlzpT6GwerxzVsxr TpLamlzpT6GwerxzVsxr
Dwi7fYT8wa9I4Kzyto4Y Dwi7fYT8wa9I4Kzyto4Y
m1A3pMC42PQioFziqK5C m1A3pMC42PQioFziqK5C
8RfB73Lw8C9LbSwIxA9Q 8RfB73Lw8C9LbSwIxA9Q
C6w7afZujemehEooILjN C6w7afZujemehEooILjN
1wRG7TNgo9ui6iZBLuaw 1wRG7TNgo9ui6iZBLuaw
irZyMKazQALnyfoOCtbL irZyMKazQALnyfoOCtbL
q4nqG9N45SSRxndw48Xl q4nqG9N45SSRxndw48Xl
ivcmXAg3WJYgMBzFenfb E8pbRn7LIeWnB3swkYzz
6WGzUhXeOltLDbkIvTzq 6WGzUhXeOltLDbkIvTzq
dvxgUZzwjHAP85QpElWp dvxgUZzwjHAP85QpElWp
tX1uDaXm9hMlEKqU7m9j tX1uDaXm9hMlEKqU7m9j
x5UVX06335fM5pfCNBMU x5UVX06335fM5pfCNBMU
a06qeiApctGnC1GMtGuJ a06qeiApctGnC1GMtGuJ
xcisI0PJDdG9nIuyj3IS xcisI0PJDdG9nIuyj3IS
4QLswP82Wvxw9Z42obzh 4QLswP82Wvxw9Z42obzh
7yt9hKqOEGabqtqIEmdH 7yt9hKqOEGabqtqIEmdH
GUntLlYA0xo9Vk4WLTLV GUntLlYA0xo9Vk4WLTLV
PWUaVYPeofxjJdT472wG PWUaVYPeofxjJdT472wG
KOLHrmR3FKDMdl4SYdK9 KOLHrmR3FKDMdl4SYdK9
804aK8wEArkuheeUiB4R 804aK8wEArkuheeUiB4R
VXU331oDUcuzaGGUYIl9 VXU331oDUcuzaGGUYIl9
