xse rsg dkp nsw hcr ils jfh miy kgl krr qjf tko qjf xpy gmq syk auf lvm fia nmf ocp wyg pjf gex ljd tso cma zkt qdw qkp xmg bod fmr hat nbk ukv nii tdu dnl ruo byu qxs hmi vtd aeg idv rjv zks fws xeh eah fjy vmv fbk nko bnl agh nry cun nhi vzr fyc qbf wiy emz hir tlh ceo xjt gsy ksg rir vmt uuw uby mok vlb adx dgl fin kxn nwn vvn mti svk uau ptu ttw ptu ygr vog aii igs qwk hpx rtc txq lrj nfr lwk fzi pvs vwg xme fhv khu xnr nwc lky zdb loj hbd phg jam ybr uok cen ego kfu ckx xse
92
cma cma
adx adx
ocp ocp
pvs pvs ikb
fbk fbk
vtd vtd
cen cen
ttw bda ttw
aii aii
lrj lrj bdh
qjf uwo qjf
nii nii
mti mti
ybr ybr
wyg wyg
xeh xeh
khu khu
vvn vvn
mok mok
fin fin
vmv vmv
lvm lvm
nwc nwc
loj loj
fzi fzi
uau uau
miy miy
tdu tdu
fia fia
byu byu
hmi hmi
fhv fhv
uok uok
nfr nfr
qbf qbf
hcr hcr
phg phg
hbd zud
hpx hpx
pjf pjf
wiy wiy
cun cun
rtc rtc
nry nry
qkp yug nvz
ptu ptu
vzr jgt vzr
lwk lwk
aeg aeg
nmf nmf
ckx ckx
zkt zkt
uuw uuw
nhi nhi
bod ogh bod
krr krr
nko nko
qdw qdw
tso tso
kxn kxn
xjt xjt
tko tko
vwg vwg
dgl dgl
zdb zdb
ruo ruo
nsw nsw
rsg rsg
rjv rjv
vlb fgp
xme xme
ego ego
bnl bnl
gex gex
ukv ukv
emz emz
txq txq
eah kpp
jam jam
fyc fyc
qwk wbg
vmt vmt
jfh jfh
ksg ksg
kfu kfu
svk svk
ljd ljd
tlh tlh
qxs qxs
idv idv
fjy fjy
ils ils
