xse rsg kfu iqd ymw odh tko qjf kcv ogh bow nmf ksn fhv xme rtc bdh lrj igs njg hxr hnq jwx ceo xjt bad xjt ceo uuw vog aii igs qwk hpx qwk txq nfr lwk fzi nwc xnr khu vwg pvs nmf ksn lfl ksn jom ksn vpr nvz qkp yug cma zks vtd mxv fjy eah fjy kpp eei bse nko bse bsc bse vjd aeg fws ljd ukv idv rjv nii tdu dnl ruo byu qxs dnl hat ygr bkg zkt qdw gex wyg lvm fia aaj auf bod naa gmq clj syk odh xpy kcv mnp qiq gxs dkp nsw qol vsl aeu cen cek uok ybr jam phg lqm zud hbd ggo rrp jfh ils hcr brt vvn mti svk uau ptu ttw bda agh nry cun nry nhi vzr fyc hks emz vmt rir wiy qbf hjv jwx vnr vlb adx dgl fin kxn weo vsl qab yie nis zdb loj ckx xse
91
cma cma
adx adx
njg ocp
pvs pvs ikb
bse fbk
vtd vtd hmi
cen cen
bda bda
aii aii
lrj lrj
kcv uwo
nii nii
mti mti
ybr ybr
wyg wyg
aeg xeh aeg
khu khu
vvn vvn
bdh bdh
vlb mok
fin fin
fjy vmv fjy
lvm lvm
nwc nwc
loj loj
fzi fzi
uau uau
mnp miy
tdu tdu
fia fia
byu byu
fhv fhv
uok uok
nfr nfr
qbf qbf
hcr hcr
phg phg
zud zud
hpx hpx
gex pjf gex
wiy wiy
ttw ttw
cun cun
rtc rtc
nry nry
yug yug
ptu ptu
vzr jgt vzr
lwk lwk
nmf nmf
ckx ckx
zkt zkt
uuw uuw
nhi nhi
ogh ogh
bod krr bod
nko nko
qdw qdw
ljd tso ljd
kxn kxn
xjt xjt
tko tko
vwg vwg
dgl dgl
zdb zdb
ruo ruo
nsw nsw
rsg rsg
rjv rjv
vnr fgp
xme xme
weo ego
agh bnl
ukv ukv
emz emz
txq txq
kpp kpp
jam jam
fyc fyc
qwk wbg
qjf qjf
vmt vmt
jfh jfh
rir ksg
kfu kfu
svk svk
ceo tlh
qxs qxs
nvz nvz
idv idv
ils ils
