Vernon Anaheim Industrial Winterhaven Brundage Cypress Louis Bakersfield Pacheco Temecula Cerro Glencoe Capuchino Sulpizio Garcia Collins Civic Veterans Delta Potrero Cabbage Sacramento Calaveras Cressey Hammer Parchester Quail Terra Smith Bangor Saint California Beach Crestmont Manker Tijuana Escalon Coddingtown Donner Bonny Blue Del Clayton Marshall Industry Warner Ritter Three Fullerton Balboa South Strawberry Sunny Armstrong Antelope Timbuctoo Moores Bell Bradley Huron Le Rough Ramona Downtown Davenport All Stockdale Robertsville Portola Rowland Kaiser Castle Potrero Hoffman Wallace Lake Smoke Buena Yankee Forbestown Alamo Cambridge Pleasant Woody Mecca Flinn Dulzura Roseland Presidio Helm Carmel Fox Chittenden Costa Sherman Santa Cudahy Yurok Escondido Fiorini Richvale Bodad Grasslands Vernon
100
Davenport Davenport
Smith Smith
Winterhaven Winterhaven
Yankee Yankee
Cressey Cressey
Robertsville Robertsville
Warner Warner
Cerro Cerro
Terra Terra
Wallace Wallace
Temecula Temecula
Quail Quail
Stockdale Stockdale
Carmel Carmel
Clayton Clayton
Richvale Richvale
Le Le
Downtown Downtown
Woody Woody
Three Three
Presidio Presidio
Crestmont Crestmont
Anaheim Anaheim
Bell Bell
Cabbage Cabbage
Industry Industry
Forbestown Forbestown
Mecca Mecca
Bodad Bodad
Industrial Industrial
Portola Portola
Calaveras Calaveras
Antelope Antelope
Kaiser Kaiser
Bakersfield Bakersfield
Strawberry Strawberry
Veterans Veterans
Dulzura Dulzura
Pleasant Pleasant
Escalon Escalon
Brundage Brundage
Hammer Hammer
Manker Manker
Moores Moores
Blue Blue
Grasslands Grasslands
Helm Helm
Saint Saint
Rough Rough
Bonny Bonny
Timbuctoo Timbuctoo
Parchester Parchester
Fox Fox
Pacheco Pacheco
Huron Huron
Balboa Balboa
Roseland Roseland
Capuchino Capuchino
Beach Beach
Fullerton Fullerton
Cudahy Cudahy
Civic Civic
Potrero Potrero
Bangor Bangor
Santa Santa
Ramona Ramona
Garcia Garcia
Cambridge Cambridge
Ritter Ritter
Sherman Sherman
Costa Costa
Fiorini Fiorini
Louis Louis
Hoffman Hoffman
Lake Lake
Buena Buena
Alamo Alamo
California California
Collins Collins
Donner Donner
Coddingtown Coddingtown
Glencoe Glencoe
Yurok Yurok
Rowland Rowland
Marshall Marshall
Sunny Sunny
Sacramento Sacramento
Flinn Flinn
Chittenden Chittenden
Armstrong Armstrong
Delta Delta
Tijuana Tijuana
All All
Smoke Smoke
Bradley Bradley
South South
Sulpizio Sulpizio
Cypress Cypress
Del Del
Escondido Escondido
