1 2 3 14 13 12 16 17 21 20 24 23 22 123 124 128 129 128 124 123 122 121 125 126 125 126 131 132 136 137 141 140 139 150 151 152 148 149 145 146 147 78 79 80 76 77 73 72 71 70 139 140 144 143 142 131 132 136 135 134 123 122 121 120 119 118 117 113 114 115 46 47 46 115 190 179 178 177 181 182 181 182 183 184 185 189 190 139 138 139 22 23 24 25 29 25 29 28 27 38 37 36 40 36 37 33 32 31 30 29 25 24 20 21 17 16 12 16 12 13 9 8 4 8 4 5 1
67
2 2
4 4
5 5
8 7
9 10
12 12
13 13
14 15
17 18
20 20
21 21
23 23
25 26
28 28
29 29
31 31
33 34
36 36
37 37
38 39
40 42
47 44 47 53
46 45 50 52
27 55 61 63 87 93 95 101 103 165 167
70 58 60 69
78 66
72 68
71 71
73 74
76 76
77 77
79 79
80 82 84 85
22 90 92 98 100 162 164
118 106
113 108 109 111
114 114
120 116
117 117
119 119
122 122
124 124
125 125
126 127
129 130 133
132 132
135 135
138 138
140 140
141 141
143 143
146 146
148 148
149 149
151 151
152 154 156 157
147 159
182 170
177 172 173 175
178 178
184 180
181 181
183 183
185 186
189 188 189
190 191 194
1 196 197 199
