Ippudo Platano Gypsys Platano Soda HildebrandHall TPTea TennisCourts BobaNinja TToust Crossroads SouthHall Ucha YogurtPark GreatChina YogurtPark OptometryBuilding LaBurrita Unit3 NoodleGirl MSRI NorthHall DavisHall TukTukThai BSC ClarkKerr DollarTree TripleRock Cinnaholic HortonHall Underhill Homeroom PokeBar WindmillCoffee LittleCampanile EastAsianLibrary Campbell HearstMining Chipotle Yifang NorthHall DavisHall Cinnaholic Slivers Cinnaholic Tilden LatimerHall Tilden Gather Spats WursterHall HearstGym Flavia SmokesPoutinerie Flavia AndrewsApartment UrbanOutfitters Cornerstone Campanile LeConte Cafe3 ThaiNoodle PeoplesPark Quicklys BerkeleyArtStudio Mezzo GiauqueHall Morganhall Jupiter Morganhall StrawberryCreek Namaste Bowles AshaTeaHouse LeConte AshaTeaHouse JacobsApartment Blackwell SuperDuperBurgers Blackwell Milkbomb ThaiBasil SutardjaDai Rachas NatApartment BetaLounge Ikes Fengcha HavilandHall Bonchon HavilandHall Evans HavilandHall Fengcha Ikes Eureka Campbell EastAsianLibrary Gypsys Platano Ippudo
61
HortonHall HortonHall LowerSproul Shengkee
Underhill KroeberHall Underhill JambaJuice
LatimerHall LatimerHall
SmokesPoutinerie LewisHall SmokesPoutinerie TheDwight
Morganhall Morganhall
Bowles Morrisonhall McDonalds
ThaiBasil MulfordHall Kips ThaiBasil EastBaySpiceCompany Muraccis
NorthHall NorthHall
OptometryBuilding OptometryBuilding
AshaTeaHouse AshaTeaHouse
Bonchon Bonchon
Quicklys Firewings Quicklys
LaBurrita HappyLemon SproulHall BigC TenderGreens LaBurrita
Ucha Ucha
LeConte Artichokes SnackShack AmoebaMusic
Homeroom TacoBell TheHabit Homeroom LaNote
Ikes Gongcha Ikes SweetheartCafe
Yifang Yifang
Fengcha Fengcha HalalGuys
Flavia UCafe PeoplesCafe
TPTea TPTea
GreatChina SatherGate GreatChina
StrawberryCreek StrawberryCreek
ClarkKerr ClarkKerr
Crossroads Crossroads BanshoRamen
Cafe3 Cafe3 ExtremePizza
TToust Raretea Marugame ImmThai
YogurtPark TraderJoes Target
SutardjaDai Safeway
SuperDuperBurgers Pappys SuperDuperBurgers
BetaLounge BetaLounge
Spats Spats
Cornerstone Cornerstone
TripleRock TripleRock
WursterHall WursterHall
PokeBar Plentea PokeBar
Chipotle Chipotle
Milkbomb Milkbomb
Campbell MemorialGlade
EastAsianLibrary EastAsianLibrary
ThaiNoodle ThaiNoodle
Mezzo Mezzo
Slivers Slivers
NoodleGirl Teazone Wikiwiki
Jupiter TopDog Jupiter
Gypsys Gypsys
Eureka Eureka
BSC BSC
Platano Platano
HearstGym Gadani
TennisCourts Cheeseboard
Campanile ChezPanisse
Rachas Rachas
BobaNinja BobaNinja
AndrewsApartment Wheeler GrizzlyPeak AndrewsApartment
TukTukThai TukTukThai Venus
Gather Gather
BerkeleyArtStudio SaturnCafe BerkeleyArtStudio
LittleCampanile LittleCampanile
Namaste Namaste
UrbanOutfitters UrbanOutfitters
