Ippudo Platano Soda HildebrandHall TPTea TennisCourts BobaNinja TToust Crossroads SouthHall Ucha YogurtPark GreatChina YogurtPark OptometryBuilding LaBurrita Unit3 NoodleGirl Wikiwiki Underhill HortonHall Shengkee LowerSproul Artichokes SnackShack AmoebaMusic SnackShack Artichokes BerkeleyWayWest HappyLemon BerkeleyBart BigC BerkeleyBart Barrows Safeway Barrows AshaTeaHouse LeConte Cafe3 ExtremePizza LaNote Homeroom PokeBar WindmillCoffee LittleCampanile EastAsianLibrary Campbell HearstMining Chipotle Yifang NorthHall DavisHall TukTukThai BSC ClarkKerr DollarTree TripleRock Cinnaholic Tilden Gather Spats WursterHall HearstGym Flavia SmokesPoutinerie Flavia AndrewsApartment UrbanOutfitters Cornerstone Campanile LeConte Cafe3 ThaiNoodle PeoplesPark Quicklys BerkeleyArtStudio Mezzo GiauqueHall Morganhall Jupiter Morganhall StrawberryCreek Namaste Bowles HearstAnnex McDonalds HearstAnnex Pappys SuperDuperBurgers Blackwell Milkbomb ThaiBasil SutardjaDai Rachas NatApartment BetaLounge Ikes Fengcha HavilandHall Bonchon HavilandHall Evans HavilandHall Fengcha Ikes Eureka Campbell EastAsianLibrary Gypsys Platano Ippudo
72
HortonHall HortonHall
Underhill KroeberHall Underhill JambaJuice
Tilden LatimerHall
SmokesPoutinerie LewisHall SmokesPoutinerie TheDwight
Morganhall Morganhall
McDonalds Morrisonhall McDonalds
ThaiBasil MulfordHall Kips ThaiBasil EastBaySpiceCompany Muraccis
NorthHall NorthHall
OptometryBuilding OptometryBuilding
AshaTeaHouse AshaTeaHouse
Bonchon Bonchon
Quicklys Firewings Quicklys
HappyLemon HappyLemon
Ucha Ucha
Artichokes Artichokes
LaNote TacoBell LaNote
Ikes Gongcha Ikes SweetheartCafe
Yifang Yifang
Fengcha Fengcha HalalGuys
Flavia UCafe PeoplesCafe
BerkeleyBart SproulHall
TPTea TPTea
GreatChina SatherGate GreatChina
StrawberryCreek StrawberryCreek
BigC BigC TenderGreens
ClarkKerr ClarkKerr
Crossroads Crossroads BanshoRamen
Cafe3 Cafe3
TToust Raretea Marugame ImmThai
YogurtPark TraderJoes Target
Safeway Safeway
Pappys Pappys
BetaLounge BetaLounge
Spats Spats
Cornerstone Cornerstone
TripleRock TripleRock
LowerSproul LowerSproul
WursterHall WursterHall
Shengkee Shengkee
PokeBar Plentea PokeBar
Chipotle Chipotle
Milkbomb Milkbomb
Campbell MemorialGlade
EastAsianLibrary EastAsianLibrary
ThaiNoodle ThaiNoodle
Mezzo Mezzo
Cinnaholic Slivers
NoodleGirl Teazone
Jupiter TopDog Jupiter
Gypsys Gypsys
SnackShack SnackShack
Eureka Eureka
BSC BSC
Platano Platano
SuperDuperBurgers SuperDuperBurgers
ExtremePizza ExtremePizza
HearstGym Gadani
Wikiwiki Wikiwiki
Homeroom TheHabit Homeroom
TennisCourts Cheeseboard
Campanile ChezPanisse
Rachas Rachas
BobaNinja BobaNinja
AndrewsApartment Wheeler GrizzlyPeak AndrewsApartment
TukTukThai TukTukThai Venus
Gather Gather
BerkeleyArtStudio SaturnCafe BerkeleyArtStudio
AmoebaMusic AmoebaMusic
LaBurrita LaBurrita
LittleCampanile LittleCampanile
Namaste Namaste
UrbanOutfitters UrbanOutfitters
