Shower0 Toilet12 Puppy19 Websites24 YouTube4 Ice30 Light1 Cat44 Toilet45 Ice42 Plants3 BBQ38 Toilet26 Prints25 Prints46 Ring33 Soap14 Website21 Crab16 Nuclear43 Rollers40 Elevator35 Monster32 Puppy28 Android27 Sink37 Rollers40 Laptop22 BBQ36 Fence29 Robot49 Shower0
23
Website21 Soda18
Toilet45 Toilet45
Toilet26 Mail41 Toilet26
Ring33 Ring33
YouTube4 YouTube4
Elevator35 Elevator35
Prints25 Prints25
Sink37 Sink37 Allergies7
Laptop22 Laptop22
Puppy19 Puppy19
Robot49 Robot49
Nuclear43 Nuclear43
Ice42 Ice42
Cat44 Cat44
Android27 Android27
Monster32 Monster32
Crab16 Crab16
Puppy28 Cone13
BBQ36 BBQ36
Ice30 Ice30
Light1 Light1
BBQ38 BBQ38
Plants3 Plants3
