Shelf0 Toolbox153 Toilet13 Drugs184 Monster73 Toolbox146 Light30 Comics28 Book171 Solar130 Clock139 Soap64 Crab83 Robot93 Poop150 Soap53 System156 Nuclear18 Solar159 Dog128 Ice9 Website190 Solar162 Kitty194 Soda197 Dislike27 Flowers178 Settings75 Ice50 Comics105 Kitty89 Nuclear35 Rollers14 BBQ36 Urine20 Ring161 Cone185 Solar71 Rollers63 Breakfast85 Fusion104 Fusion34 Websites94 Poop80 Ring60 Plants118 Hnads182 Urine108 Shoe17 Dislike12 Shoes8 Soap58 Toilet191 Shoe174 Boat67 Towel154 Dislike143 Running177 Hnads116 Running177 Drugs195 System79 Running66 Soda119 Solar192 Clock145 Water29 Laptop125 Kitty98 Rollers95 Laptop19 Ice41 YouTube44 Robot51 Urine97 System183 Water38 Ice165 Puppy117 Clock2 Body55 Mail6 Poop76 Clock61 Whale31 Cat187 Printer188 Sink109 Shower57 Whale31 Clock61 Trees68 Whale126 Post158 Whale126 Towel92 Dog168 Android196 Whale114 Robot164 Comics107 Urine124 Male149 Toolbox147 Soap3 Ring82 Mail22 Puppy140 Ring169 Whale137 Shelf0
88
Crab83 Crab83
Boat67 Boat67
Kitty89 Horse148 Kitty89
Post158 Post158
Robot93 Robot93
Kitty194 Kitty194
Hnads116 Drugs39 Hnads116
Sink109 Sink109 Shower47
Ice41 Shelf40 Ice41
Poop150 Leash77 Poop150
Laptop125 Laptop125
Clock139 Allergies88 Clock139 Websites4
Toolbox146 Toolbox146
Ice9 Ice9
Light30 Light30
Soap58 Soap58
Towel154 Towel154
Plants118 Plants118
Settings75 Settings75
Body55 Body55
Trees68 Monster175
Rollers95 Water135 Rollers95
Dislike12 Dislike12
Dog168 Dog168
BBQ36 BBQ36
Shoe174 Shoe174
Urine124 Urine124
Nuclear35 Nuclear35
Mail22 Mail22 Allergies103
Dislike143 Dislike143 Allergies176
Monster73 Monster73
Puppy117 Puppy117
Whale126 Whale126
Solar130 Solar130
Soda119 Soda119
Printer188 Printer188
Water29 Water29
Robot51 Robot51
Drugs195 Drugs195
Laptop19 Laptop19
Solar159 Toolbox72
Clock2 Clock2
Nuclear18 Nuclear18
Soap64 Soap64
Robot164 Robot164
Soda197 Soda197
Toilet191 Dog181
Toolbox153 Toolbox153
Water38 Water38
Dislike27 Dislike27 Book24
System156 System156
Puppy140 Puppy140
Poop80 Poop80
Solar162 Solar162
Hnads182 Plus78 Hnads182
Ice165 Ice165
Solar192 Solar192
Mail6 Mail6
Whale137 Whale137
Rollers14 Rollers14
Urine97 Urine97
Fusion104 Fusion104
Flowers178 Flowers178
Shoe17 Shoe17
Urine20 Urine20
Running66 Cat15
Book171 Book171
Solar71 Solar71
System183 System183
Ring82 Ring82
Poop76 Poop76
Clock61 Clock61
Shoes8 Shoes8
Ring169 Ring169
Male149 Male149
Cat187 Cat187
Android196 Android196
Shelf0 Shelf0
Fusion34 Fusion34
Whale114 Whale114
Towel92 Towel92
Toilet13 Toilet13
Website190 Website190
Breakfast85 Breakfast85
Shower57 Shower57
Comics107 Comics107
System79 System79
Kitty98 Kitty98
