Shelf0 Whale137 Ring169 Puppy140 Mail22 Male149 Urine124 Comics107 Robot164 Whale114 Ice165 Puppy117 Clock2 Body55 Mail6 Soap3 Ring82 Android196 Ice198 Towel92 Dog168 Sink157 Monster175 Sink157 Printer188 Clock61 Post158 Clock61 Whale31 Cat187 Settings75 Flowers178 Dislike27 Shoe111 Shower47 Sink109 Shower57 Kitty194 Solar162 Robot51 Hnads182 BBQ167 Urine108 Urine20 Kitty37 Kitty89 Crab81 Kitty89 Comics105 Ring161 Rollers14 BBQ36 Ring161 Websites32 Toolbox10 Allergies7 Ice50 Breakfast85 Fusion104 Poop80 Websites94 Solar71 Rollers63 Urine97 Plus78 Hnads182 Shelf40 Ice41 Shoes8 Shoe174 Toilet191 Shoe174 Boat67 Shoes8 Soap58 Water90 Hnads116 Drugs39 Running177 Drugs195 Light49 Solar192 Soda119 Rollers42 System79 Hnads116 Running177 Dislike143 Allergies176 Dislike143 Towel154 Body180 Shoe17 Water135 Rollers95 Laptop125 Water29 Laptop125 Kitty98 Whale91 Leash77 Poop150 Robot93 Crab83 Soap64 Clock139 Poop150 Soap53 System156 Nuclear18 Toolbox72 Solar130 Book171 Comics28 Light30 Toolbox146 Monster73 Drugs184 Toilet13 Toolbox153 Shelf0
86
Crab83 Crab83
Boat67 Boat67
Toolbox10 Horse148
Post158 Post158 Whale126
Robot93 Robot93
Kitty194 Kitty194
Drugs39 Drugs39
Sink109 Sink109
Shelf40 Shelf40
Leash77 Leash77
Laptop125 Laptop125
Clock139 Allergies88 Clock139 Websites4
Toolbox146 Toolbox146
Solar162 Ice9 Solar162 Website190
Light30 Light30
Soap58 Soap58
Towel154 Towel154
Hnads182 Plants118 Hnads182
Settings75 Settings75
Kitty89 Kitty89
Body55 Body55
Monster175 Monster175
Water135 Water135
Shower47 Shower47
Shoes8 Dislike12 Shoes8
Dog168 Dog168
BBQ36 BBQ36
Shoe174 Shoe174
Urine124 Urine124
Rollers14 Nuclear35 Rollers14
Mail22 Mail22 Allergies103
Dislike143 Dislike143
Ice41 Ice41 Laptop19
Monster73 Monster73
Puppy117 Puppy117
Solar130 Solar130
Soda119 Soda119
Printer188 Printer188
Rollers95 Rollers95
Water29 Water29
Robot51 Robot51
Poop150 Poop150
Drugs195 Drugs195
Toolbox72 Toolbox72
Clock2 Clock2
Hnads116 Hnads116
Nuclear18 Nuclear18
Soap64 Soap64
Robot164 Robot164
Dislike27 Soda197 Dislike27 Book24
Toilet191 Dog181
Toolbox153 Toolbox153
Ice165 Water38 Ice165
System156 System156
Puppy140 Puppy140
Poop80 Poop80
Allergies176 Allergies176
Plus78 Plus78
Solar192 Solar192
Mail6 Mail6 Poop76
Whale137 Whale137
Urine97 Urine97
Fusion104 Fusion104
Flowers178 Flowers178
Shoe17 Shoe17
Urine20 Urine20
Rollers42 Cat15
Book171 Book171
Solar71 Solar71
Crab81 System183
Ring82 Ring82
Clock61 Clock61
Ring169 Ring169
Male149 Male149
Cat187 Cat187
Android196 Android196
Shelf0 Shelf0
Websites94 Fusion34
Whale114 Whale114
Towel92 Towel92
Toilet13 Toilet13
Breakfast85 Breakfast85
Shower57 Shower57
Comics107 Comics107
System79 System79
Kitty98 Kitty98
