S A E J O W G 7 12 17 Q Q3 Q 17 12 7 G 3 L 13 18 19 23 51 72 73 130 U3 N3 M3 64 K3 70 76 91 L3 91 H3 91 G3 77 O3 J3 E3 F3 P3 58 U3 130 54 74 Y2 Z2 R2 M2 N2 I2 D2 E2 F2 K2 P2 V2 49 53 A2 63 69 83 90 101 109 110 123 122 T3 104 I3 D3 X3 W3 C3 107 105 R3 105 107 C3 D3 I3 104 102 110 109 101 90 101 100 Y3 82 83 69 63 A2 57 B3 A3 U2 O2 J2 I2 H2 C2 B2 G2 L2 G2 11 16 R X2 R 20 15 Y 5 Z 6 V N U D C B P 8 T 10 H 5 I 1 V N M 8 K F S
71
A A
B B
C C
D D
E E
F F
G G
H H
I I
J J
K K
L L
M M
N N
O O
P P
Q Q
R R
T T
U U
V V
W W
3 X
Y Y
Z Z
A2 A2
B2 B2
C2 C2
D2 D2
E2 E2
F2 F2
G2 G2
H2 H2
I2 I2
J2 J2
K2 K2
L2 L2 Q2
M2 M2
N2 N2 T2
O2 O2
P2 P2
R2 R2
U2 U2
V2 V2
20 W2
X2 X2
Y2 Y2
Z2 Z2 Z3
A3 A3
B3 B3
C3 C3
D3 D3
E3 E3
F3 F3
G3 G3
H3 H3
I3 I3
J3 J3
K3 K3
L3 L3
M3 M3
N3 N3 V3
O3 O3
P3 P3
Q3 Q3
R3 R3
T3 T3
U3 U3
W3 W3
X3 X3
Y3 Y3
