ROck AND you bored you in you AND getting AND bundled AND Didn AND ROck Know ROck little Judging little till YOURE till satellite till You GeT You dONt You play see play Fed play if men I GO I men if gliTTers if men I yep aLl coming aLl runningj aLl coming On coming dumb Star dumb myself thin gas COuld they But up Live plAy tool OnLy tool So tool bored you roll you AND ROck little ROck
45
Know Know
Judging Judging
till gOld HEY
You Only need
play ground all
if ice shoW thumb
men skate break meteor water
I head rules with
yep use of Well about
runningj runningj
coming geTS shape shootinG
dumb this glitters OnLY
myself know staR well Hey
thin To uSe live back
gas re gold said shine
COuld now wrong gEts me
they get t running sense
But stop wait told like
up tHat might way For
Live youre sharpest Didnt noW
plAy her fRom strEEts And
So So
bored the THat mYself YoULL
roll roll
bundled bundled
ROck cool maKe MOld
little doNt Your GEt
YOURE YOURE
dONt dONt
see see
GO GO
aLl forehead stAr differ
tool years coNcept
you YouLL brain
getting getting
Fed Fed
On On
AND U
satellite satellite
GeT GeT
gliTTers gliTTers
Star Star
OnLy OnLy
in in
Didn Didn
