hutmk vmgxh omjfc dowbf yaxts ablxw rlfxc lnfiu csirk akxro gxdqt bcrwj otirh yiodb ywion ijvuq xeljy misyc lsnhz mlfbi oscrv xintv coubd xnysi cursl tyuep lcghr yzaje zsehb hopbn qdzgs tejxc aqzce axmwy artvi abupm mzlsn spuoi vczkh ugamb sqlhp hutmk
37
oscrv oscrv
hopbn hopbn
mlfbi mlfbi
lcghr lcghr
aqzce aqzce
mzlsn mzlsn
zsehb zsehb
tyuep tyuep
coubd coubd urlkt
yzaje yzaje ugyls
lnfiu lnfiu
cursl cursl
omjfc omjfc
qdzgs qdzgs
xintv xintv
ywion ywion ijofp
gxdqt gxdqt
vczkh vczkh
yiodb yiodb
rlfxc rlfxc
csirk aeomh
artvi artvi
vmgxh vmgxh
ugamb ugamb
ablxw ablxw
otirh otirh
tejxc tejxc
xeljy xeljy
yaxts yaxts
spuoi spuoi
xnysi xnysi
dowbf dowbf
misyc misyc
bcrwj bcrwj
lsnhz lsnhz
axmwy axmwy
ijvuq ijvuq
