hdpxs osxbc wnelr htkwy vcwfj utdhx qtdze myxlw drojn xlrzc kscoz jcwpu aedvq cxajk joztf evtgj qhibx rjdai oaeyh mtcsd rmahk rqenc tndwl zntkr wcjeg ndszt dpuzr qsmkj jitgc lirzq frhgc bsvth dncuw cihba pwydx wbvga pbqlk txcno ahnds xnpwq ktzce uiogl wdquv qckjp rjuxc tgeks xscoe yqtob glrpy dbjxw yazqf lnjxt ymcfp jhlus zqjxb uklga ebwcp yqfdk oxuqn ayrgb rzvtg olqfv pgtfb qbdwz wajol tmaji gdnim lpudv evsbm yvbse pgqva stflc rdoqk osvgp oewcd mhuad tjake tdjvy armnk bkfuc maqho syoxv mhekz bfauz wkbuf kzwah mujil pihld xcvow ramjo kjihy gufvs tkwle btwzv tuhfw ypdnb fjdqi zcjqx pytwh ehqyk bdevm yqzit aoqtg yvfsg ekgsc tmwdy rlumh nqtru hwmzn crlfe vgwoi dkjro ohzfn iyuas egclu bwknx rchbw amfiz whqrj pwydx hdpxs
93
rlumh mlibf rlumh
crlfe sxdiu
ramjo qpbmc
uiogl uiogl
uklga uklga
maqho maqho
yqtob yqtob
mujil mujil
tmwdy tmwdy
fjdqi fjdqi
xlrzc xlrzc
dncuw oxitr
nqtru nqtru
bdevm bdevm
ayrgb ayrgb
lnjxt lnjxt
armnk armnk
gdnim gdnim
zqjxb zqjxb
yqfdk yqfdk
drojn drojn
ohzfn ohzfn
jcwpu jcwpu
bwknx wotiq bwknx
joztf joztf
pytwh pytwh gstwp
oewcd cxdes oewcd
tndwl tndwl
qhibx qhibx
aedvq aedvq
ymcfp ymcfp
stflc stflc
wajol wajol
kscoz kscoz
mtcsd mtcsd
pgqva pgqva
btwzv btwzv
ahnds ahnds cqsby
utdhx utdhx
rjuxc rjuxc
dkjro dkjro
xnpwq xnpwq
frhgc frhgc lmwpk
osvgp osvgp
bsvth bsvth
rjdai rjdai
qckjp qckjp
wnelr wnelr
rdoqk syoxf
qbdwz qbdwz
zcjqx zcjqx
yazqf yazqf
vgwoi vgwoi
bkfuc bkfuc
cihba cihba
dbjxw dbjxw
gufvs gufvs
kjihy kjihy
iyuas iyuas
syoxv syoxv
zntkr zntkr
jhlus jhlus
ebwcp ebwcp
amfiz amfiz
wkbuf wkbuf
kzwah kzwah
yvbse yvbse
htkwy htkwy
rchbw rchbw
oaeyh oaeyh
evtgj evtgj
cxajk cxajk
pihld pihld
lpudv lpudv
qsmkj qsmkj
mhekz mhekz
vcwfj vcwfj
ehqyk ehqyk
wcjeg gdovn wcjeg
hwmzn hwmzn
tkwle tkwle
mhuad mhuad
oxuqn oxuqn
tjake tjake
wdquv wdquv
xcvow xcvow
evsbm evsbm
rzvtg rzvtg
myxlw vobqh
osxbc osxbc
ktzce ktzce
ypdnb ypdnb
dpuzr qhvsb
