Hayward Shreveport Hartford Downey Norman Ogden StPaul Milwaukee Gastonia SantaBarbara SiouxCity Harrisburg BoiseCity Detroit Duluth SaintPaul Youngstown SouthBend Youngstown Fullerton Poughkeepsie Salem Deltona Tucson ThousandOaks Huntsville Kissimmee Marina PortArthur Marina Hialeah Albuquerque Torrance Melbourne Arvada Tyler Nashua Tyler Arvada Scranton Sarasota HuntingtonBeach Harrisburg SaintPetersburg SanJose Lafayette Waterbury Newburgh Carrollton Anchorage Utica Lexington Henderson Vancouver Wilmington Vancouver Boston SterlingHeights Champaign SterlingHeights Springfield Harlingen Columbia Harlingen Springfield Spartanburg Springfield SterlingHeights Boston Vancouver Henderson Topeka Downey Burlington Downey York NewYorkCity Henderson Brighton Oxnard SanBuenaventura Anaheim Eugene Boise Marysville Stamford LasVegas PembrokePines VeroBeach SantaClara Fullerton Flint Trenton OverlandPark Greenville Plano Hagerstown PalmBay CorpusChristi StPaul Savannah Lacey PortArthur Marina Frederick Minneapolis NewYork Orem NewBedford Orem Bethlehem NewportNews SimiValley Aberdeen Bryan Hampton Salem Poughkeepsie SantaMaria SouthBend Bakersfield CostaMesa Fargo SouthBend Detroit Merced ElMonte McAllen Elkhart Seaside CapeCoral Howell Mesquite Escondido Monroe Roseville Laredo GreenBay Lafayette SanJose DalyCity SantaBarbara Fairfield Hemet SanBuenaventura Norwich SanBuenaventura Anaheim Worcester Modesto PuntaGorda HavredeGrace JohnsonCity SanAntonio ElPaso Victorville Scottsdale DesMoines Columbus Visalia Cambridge PortStLucie Cambridge ThousandOaks PortSaintLucie Olympia PortSaintLucie ThousandOaks Cambridge Visalia Carrollton MyrtleBeach Carrollton Visalia Columbus Independence Cincinnati Roseville Howell CapeCoral Seaside Shreveport Hayward
90
PuntaGorda PuntaGorda
Tyler Tyler
Cincinnati Cincinnati
ThousandOaks ThousandOaks
Norwich Norwich
PalmBay PalmBay
Tucson Tucson
Utica Utica
PembrokePines Pueblo Racine
Albuquerque Albuquerque
Laredo Laredo
NewportNews NewportNews
Youngstown Barnstable
JohnsonCity JohnsonCity
Greenville Greenville
Eugene Eugene
Nashua Nashua
Independence RoundLakeBeach
Harlingen Harlingen
Newburgh Newburgh
HavredeGrace HavredeGrace
Champaign Charlotte Champaign
OverlandPark OverlandPark
Scottsdale Omaha Scottsdale
Topeka Topeka
CapeCoral CapeCoral Bloomington
Deltona Deltona
Anchorage Anchorage Fresno
Marina Marina
Salem Salem
LasVegas LasVegas
Downey Downey
Hagerstown Hagerstown
Bryan Birmingham
SanBuenaventura SanBuenaventura
Mesquite Mesquite
Flint Flint
McAllen McAllen
Milwaukee Lubbock
CorpusChristi CorpusChristi
Marysville Layton Marysville
Fullerton Fullerton
Bethlehem Bethlehem
Hartford NorthLasVegas Hartford
Escondido StLouis
SaintPaul GrandRapids SaintPaul
Frederick Frederick
Boise Boise
Arvada Arvada
Oxnard Oxnard
Hemet Hemet Mobile
Scranton Scranton
Waterbury Waterbury
Spartanburg LakeCharles Spartanburg
Stamford Stamford
Olympia Olympia
PortArthur RichmondCounty
Duluth Duluth
Modesto Modesto
Henderson Henderson
HuntingtonBeach HuntingtonBeach
Huntsville Huntsville
Lacey Lacey
Burlington Burlington
Columbus Columbus
Savannah Savannah
Vancouver Vancouver
Detroit Detroit
Hialeah Hialeah
StPaul CathedralCity
NewYorkCity NewYorkCity
GreenBay GreenBay
Bakersfield Bakersfield
Monroe Monroe
Trenton Louisville
ElPaso ElPaso
SantaClara SantaClara
Kissimmee Kissimmee
Hampton Newark
Torrance Torrance
Plano Plano
NewYork Kalamazoo
NewBedford NewBedford
Carrollton SiouxFalls
Elkhart Elkhart
Anaheim Anaheim
York York
Aberdeen Aberdeen
Melbourne Melbourne
Ogden Ogden
