AndyandZeyu j2 f2 h2 i2 c2 g2 AndyandZeyu h3 g3 j3 f3 AndyandZeyu i5 f5 j4 h5 AndyandZeyu f i j g h AndyandZeyu g8 f8 j8 AndyandZeyu j0 g0 f0 i0 AndyandZeyu j1 b1 i1 h1 g1 AndyandZeyu g4 h4 i4 f4 AndyandZeyu f6 j5 g6 AndyandZeyu f7 i7 b7 h7 g7 j6 AndyandZeyu7 AndyandZeyu
43
f f
g g
h h
i i
j j
f0 f0 h0
g0 g0
i0 i0
j0 j0
b1 f1
g1 g1
h1 h1
i1 i1
j1 j1
f2 f2
g2 g2
h2 h2
i2 i2
j2 j2
f3 f3
g3 g3 i3
h3 h3
j3 j3
f4 f4
g4 g4
h4 h4
i4 i4
j4 j4
f5 f5
h5 g5 h5
i5 i5
j5 j5
f6 f6
g6 g6 h6
AndyandZeyu i6 i8
j6 j6
f7 f7
g7 g7
h7 h7
i7 i7
j8 j7 j8
f8 f8 h8
g8 g8
