AndyandZeyu e15 g15 h15 AndyandZeyu15 e15 AndyandZeyu i10 f10 j9 h10 e10 AndyandZeyu c3 b3 g3 h3 j3 e3 AndyandZeyu b16 AndyandZeyu16 j15 AndyandZeyu16 AndyandZeyu j8 f8 AndyandZeyu h5 j4 f5 i5 e5 g5 AndyandZeyu5 e5 AndyandZeyu h AndyandZeyu f0 h0 b0 AndyandZeyu0 i0 f0 j0 AndyandZeyu e15 j14 i15 f15 AndyandZeyu g4 AndyandZeyu f13 j13 j12 h13 i13 AndyandZeyu f4 i4 b4 AndyandZeyu b9 i9 h9 g9 f9 b9 AndyandZeyu f i j c AndyandZeyu f6 j5 g6 AndyandZeyu b2 j2 f2 h2 i2 c2 g2 AndyandZeyu f11 j10 AndyandZeyu11 h11 g11 AndyandZeyu h14 i14 f14 g14 AndyandZeyu AndyandZeyu17 c17 h17 g17 i17 j16 AndyandZeyu17 AndyandZeyu b18 c18 j18 f18 AndyandZeyu f3 AndyandZeyu i18 AndyandZeyu AndyandZeyu12 j11 g12 i12 f12 AndyandZeyu AndyandZeyu7 j6 i7 g7 h7 b7 f7 AndyandZeyu h1 g1 AndyandZeyu f16 g16 h16 i16 AndyandZeyu
83
f f
j g j
h h
i i
f0 f0
AndyandZeyu0 g0
h0 h0
i0 i0
j0 j0
h1 f1 h1 i1
g1 g1
AndyandZeyu j1 i6 i8 i11 f17
f2 f2
g2 g2
h2 h2
i2 i2
j2 j2
f3 f3
g3 g3 i3
h3 h3
j3 j3
f4 f4
g4 g4
i4 h4 i4
j4 j4
f5 f5
g5 g5
h5 h5
i5 i5
j5 j5
f6 f6
g6 g6 h6
j6 j6
f7 f7
g7 g7
h7 h7
i7 i7
j8 j7 j8
f8 f8 g8 h8
f9 f9
g9 g9
h9 h9
i9 i9
j9 j9
f10 f10
e10 g10
h10 h10
i10 i10
j10 j10
f11 f11
g11 g11
h11 h11
j11 j11
f12 f12
g12 g12 h12
i12 i12
j12 j12
f13 f13 g13
h13 h13
i13 i13
j13 j13
f14 f14
g14 g14
h14 h14
i14 i14
j14 j14
f15 f15
g15 g15
h15 h15
i15 i15
j15 j15
f16 f16
g16 g16
h16 h16
i16 i16
j16 j16
g17 g17
h17 h17
i17 i17
j18 j17 j18
f18 f18 g18
c18 h18
i18 i18
