3efbbd fc6ab6 22c398 e758e6 c1e4b0 ef9cce 22b74c e17800 bf7494 98b7f9 770b7a 8216e5 9e3235 525361 6d8fd3 1e3f90 770b7a d36b6f aeb965 9fb27b 526e97 1efe0a de59c9 bfdfca 2a53b1 1aef1d d1ae8e 3efbbd
22
9fb27b 9fb27b
bf7494 909532 ff448b
98b7f9 98b7f9
22c398 8037ff 22c398
526e97 526e97
8216e5 8216e5
9e3235 9e3235 390b11
bfdfca bfdfca
fc6ab6 fc6ab6
d1ae8e d1ae8e
1efe0a 1efe0a
aeb965 aeb965
c1e4b0 c1e4b0
2a53b1 2a53b1
e17800 e17800
1aef1d 1aef1d
ef9cce ef9cce
de59c9 de59c9
1e3f90 1e3f90
3efbbd 2b7733
525361 525361
d36b6f d36b6f
