0 199 190 197 198 191 189 174 173 157 169 168 157 156 155 154 153 152 151 147 138 145 146 139 144 143 144 139 137 130 129 128 125 124 125 128 127 126 121 112 117 112 111 112 120 112 114 113 112 121 112 111 110 109 108 104 89 100 101 102 103 90 88 75 81 80 79 78 77 76 74 82 74 86 75 88 90 93 92 91 89 98 89 100 89 104 108 104 105 104 90 97 96 95 96 97 90 88 75 81 75 73 72 73 65 64 63 62 52 54 52 51 50 49 48 49 50 51 43 51 41 40 39 40 41 51 43 42 32 20 19 21 27 21 32 33 32 20 24 20 19 1 2 3 4 5 6 7 8 7 6 1 18 17 1 0
42
2 2
7 7
17 17
4 4
1 15
21 23 30
24 25
33 33
40 40
42 42
32 44
48 48
54 53 54
52 56
64 64
62 67
72 72
76 76
82 83
86 86
75 87
91 91
95 94
90 99
101 101
105 105
108 108
114 114
120 120
124 124
127 127
130 130
137 136
143 142
146 146
147 148
154 154
157 172 158 163
168 168
174 182 186 178 176
190 192 194
198 198
