0 59 73 198 71 93 24 121 156 149 85 37 49 124 37 156 152 9 40 160 66 55 142 162 197 155 22 168 38 150 189 125 109 125 189 4 189 144 35 42 98 6 89 193 170 193 43 19 5 106 89 171 25 41 30 95 123 95 30 18 78 148 76 54 26 113 105 14 136 132 16 52 72 81 107 48 44 15 101 68 15 48 107 81 129 11 97 195 60 135 164 80 167 128 8 51 79 74 163 47 179 47 163 126 188 141 104 158 181 158 94 177 187 180 92 108 166 50 173 140 178 67 151 36 34 31 130 10 130 145 96 1 188 7 108 166 50 158 87 157 53 29 62 116 45 75 91 116 12 184 138 17 172 27 111 194 191 147 21 0
93
173 173
124 124
164 164
79 79 196 102
6 6
80 80
1 1
135 135
179 179
60 110 60
18 18
35 35
160 160
193 193
50 50 83
129 129
147 147
140 140
42 42
171 171
26 26
150 150
10 119 10
91 91
108 108
123 123
138 138
21 21
96 96
152 152
101 101
73 73
87 87
158 158
111 111
104 104
22 22
178 178
142 142
31 31
38 38
156 156
170 161
145 145
168 168
184 184
95 95
162 162
9 9
106 56
16 16 118
30 30
5 5
17 17
40 40
59 59
187 187
27 27 39
163 163
36 36
194 194
25 25
189 189
71 71
109 109
12 12
67 67
68 68
113 61
89 89
157 157
52 122
34 34
136 136
55 55
24 24
105 105
151 151
49 49
172 172
155 155
197 23
11 11
141 141
7 7
198 198
93 93
144 144
15 15
66 66
62 62
75 75
130 130
