Soda a0 a5 a9 b7 a9 a6 a5 a0 Soda a i j aa at as z aa j y ap ao v u i a b m ad l ax ac av ab k b a Soda a0 c4 e9 c6 e8 c6 e9 c4 a0 Soda A G N Y AQ Y Z AB S B A C A Soda A5 A6 A9 A4 A3 A8 B5 C1 D3 B7 A9 A5 Soda A E Q E A Soda a h ak t al s g a Soda a0 c5 e3 e4 e5 b1 e7 e6 b3 c7 b2 c5 a0 Soda A C J C A Soda a0 Soda A D K D A Soda a c d e p af ag p e a Soda a0 c9 a7 a1 d5 d7 c3 e1 d4 c3 d8 b9 d9 c10 a7 c9 a0 Soda C5 B2 E5 E6 E7 B1 E5 B3 C7 B2 E3 C5 Soda C2 D4 D7 D5 A1 A7 C9 Soda
70
A1 A1
A3 A3
A5 A5
A7 A7 B9 D1 D9
A9 A9
B1 B1
B3 B3
B5 B5
B7 B7
C1 C1
D4 C3 E1
C5 C5
C7 C7
C9 C9
D3 D3
D5 D5
D7 D7
E3 E3
E5 E5
E7 E7
AB AB H
AQ AP
N N
J J AF
K AS AU AW T
E P
Q AG Q
A AC AO
b b
d d n
g f
h h
j j
l l
p p
ak r aj
t t
v v
i x
z z
ab ab
ad ad
af af
ag ah
al al
u an
ap ap
as ar
at at
av av
ax ax
a1 a1
a9 a3 a9
a5 a5
a7 a7
b1 b1
b3 b3
b7 b5 b7 c1 d3
b9 b9
c3 c3
c5 c5
c7 c7
c9 c9
d9 d1 d9
d5 d5
d7 d7
e1 e1
e3 e3
e5 e5
e7 e7
