Soda a i x u i a Soda C9 A7 C10 B9 D9 D1 B8 A7 A1 D5 D7 C3 D4 C2 Soda A C J I C A Soda a0 a5 a9 a5 a0 c5 e3 b2 e5 b3 e6 e7 b1 e5 b2 c5 a0 a5 a9 b7 b5 c1 d3 d6 a5 a0 Soda A B S Z AB H AB Z Y AP AA N S B A Soda a0 c2 d4 e1 c3 d7 d5 a1 a7 c9 a0 Soda A5 A9 D6 A5 Soda A E Q U Q E A Soda a i j aa at as z aa au aa j i a b k ab k b m ad l ax l k b a Soda C5 B2 E5 E6 E7 B1 E5 B3 C7 B2 C5 E3 C4 Soda a e p ag af ae n d a h ak t al s g a Soda
71
A1 A1
A9 A3 A9 B5 B7
A5 A5
A7 A7
B1 B1
B3 B3
B9 B9
D6 C1 D3
C3 C3
C5 C5
C7 C7
C9 C9
D1 D1
D5 D5
D7 D7
D9 D9
D4 E1
E3 E3
E5 E5
E7 E7
AB AB
AP AP
N N
H H
J J
I AF
A AS AU AW T AC AO
E P
U AG
Q Q
b b
d d
g f
h h
j j
l l
n n
p p
ak r aj
t t
u v an
x x
z z
ab ab av
ad ad
af af
ag ah
al al
i ap
as ar
at at
ax ax
a1 a1
b5 a3 b5
a5 a5
a7 a7 b9 d1 d9
a9 a9
b1 b1
b3 b3 c7
b7 b7
c1 c1
c3 c3
c5 c5
c9 c9
d3 d3
d5 d5
d7 d7
e1 e1
e3 e3
e5 e5
e7 e7
