SabrinaSiriPrince50 X8iWp duKKu YgbLl 5X0EW vmJdf Wutnl YgbLl 11x30 WcEcU EZqNK OSLHQ 11x30 duKKu cRUJh SVxWg nbohZ d2ZYh SVxWg DrLs7 4MOkB yJVF4 9HL6t DrLs7 cRUJh X8iWp M7N2p aHwNY UBrR9 plb6L Ms6jj 0kSSC H8qqB 52PwN UBrR9 aHwNY SabrinaSiriPrince50
19
aHwNY aHwNY
M7N2p V7iEC Bjd2k cwf5o nMJpi nannc rFWcq i3qsm
UBrR9 UBrR9
52PwN 52PwN
H8qqB H8qqB
0kSSC 0kSSC
Ms6jj Ms6jj
plb6L plb6L
EZqNK EZqNK
OSLHQ OSLHQ
WcEcU WcEcU
5X0EW 5X0EW
vmJdf vmJdf
Wutnl Wutnl
9HL6t 9HL6t
yJVF4 yJVF4
4MOkB 4MOkB
nbohZ nbohZ
d2ZYh d2ZYh
