ssp200 13 10 2 8 2 14 2 7 3 4 5 6 8 2 181 62 74 62 68 66 65 64 65 66 68 62 72 62 181 77 89 90 89 77 83 81 80 79 78 82 77 181 122 127 123 124 125 126 128 122 181 92 97 93 94 93 94 95 96 98 92 99 92 104 105 104 92 181 137 149 137 142 138 139 140 139 138 142 137 145 137 181 17 25 17 27 17 29 17 181 32 42 32 38 36 35 34 35 36 38 32 44 32 181 122 134 122 181 47 52 48 49 50 49 48 52 47 59 47 181 137 145 148 121 148 145 137 181 17 22 18 19 20 19 18 22 17 181 167 172 167 179 180 179 167 173 171 170 169 170 171 173 167 181 107 113 111 110 109 108 112 107 119 107 113 107 181 152 158 156 158 152 164 152 162 152 157 153 154 155 156 158 152 181 2 8 6 8 2 10 13 ssp200
70
3 3
4 4
5 5
6 6
2 11
14 14 15
18 18
19 19
20 20 21
27 26
29 29 30
34 33 34
35 35
36 36
42 41
44 44 45
48 48
49 49
50 50 51
47 56
59 59 60
64 63 64
65 65
66 66
72 71
74 74 75
78 78
79 79
80 80
81 81
77 86
89 89
90 90
93 93
94 94
95 95
96 96
92 101
104 104
105 105
108 108
109 109
110 110
111 111
107 116
119 119 120
123 123
124 124
125 125
126 126
122 131
134 134 135
138 138
139 139
140 140 141
137 146
149 149 150
153 153
154 154
155 155
156 156
162 161
164 164 165
169 168 169
170 170
171 171
167 176
179 179
180 180
181 183 184 185 186 191 194 195
