Florges Masquerain Togetic Bewear Snorlax Infernape Lillipup Hakamoo Palkia Flaaffy Volbeat Buzzwole Dialga Genesect Kricketot Dusknoir Weepinbell Tsareena Toxapex Cherrim Hippopotas Machoke Timburr Cascoon Delibird Purrloin Sentret Hitmonlee Doublade Carracosta Aurorus Bayleef Furfrou Shaymin Gastrodon Moltres Celebi Bidoof Manectric Zubat Regice Chansey Tentacruel Caterpie Zapdos Poliwrath Wailmer Wormadam Bergmite Florges
42
Cherrim Cherrim
Zapdos Zapdos
Zubat Zubat
Delibird Delibird
Toxapex Ralts
Togetic Togetic
Manectric Manectric
Lillipup Lillipup
Dialga Dialga Pichu
Dusknoir Dusknoir
Furfrou Persian Scolipede
Weepinbell Weepinbell
Volbeat Volbeat
Carracosta Carracosta
Shaymin Shaymin
Tentacruel Tentacruel
Moltres Moltres
Hitmonlee Yanmega Hitmonlee
Wailmer Wailmer Primarina
Bidoof Piloswine Bidoof
Aurorus Aurorus
Purrloin Purrloin Poliwag
Gastrodon Gastrodon
Timburr Timburr
Machoke Machoke
Poliwrath Poliwrath
Sentret Sentret
Cascoon Cascoon
Bayleef Bayleef Bisharp
Regice Regice
Buzzwole Buzzwole
Snorlax Celesteela
Infernape Infernape Bouffalant
Kricketot Kricketot
Wormadam Wormadam
Hakamoo Hakamoo
Flaaffy Omastar
Palkia Girafarig
Bergmite Bergmite
Celebi Celebi
Tsareena Tsareena
Florges Stufful
