0 80 68 126 20 156 179 103 179 67 7 122 7 67 13 75 83 143 145 65 114 1 114 85 167 15 16 98 16 131 73 189 48 149 63 157 197 199 27 130 194 94 127 59 147 82 36 125 116 26 5 128 183 87 180 14 32 31 120 9 12 34 30 141 155 42 62 23 121 113 2 139 187 92 76 198 138 32 19 45 70 24 8 97 72 181 152 144 74 41 72 181 153 105 153 6 195 6 160 55 11 134 168 117 176 109 94 79 101 93 174 101 52 0
81
155 140
131 131
62 62
176 176
80 80
2 111
180 180 69
9 9 88
67 67
144 144
31 31 196
11 11 171
109 109
122 162 166 122 35
13 13
138 50 138
126 126
83 83 91
117 117
97 97
52 52
23 23
92 10
27 27
128 128
59 59
82 82
16 16 151 17
141 4
195 195
199 199
30 30
45 137 45
113 136 185
147 147
68 66
116 116
143 143
145 145
98 98 106
160 160
114 114
73 177
42 42 40
139 139 53
15 46
87 87
168 168
70 70
179 179
181 181
189 189
105 105
157 157
101 84
121 102 121
183 183
152 152
72 72
19 19
134 134
63 81 63
34 34
187 108
48 48
103 184 103
36 36
130 130
55 55
20 20
125 125
76 76
75 75
149 149
174 174
156 156
26 26
74 74
198 198
85 85
197 197
