74 72 80 76 73 75 192 118 116 118 102 108 107 101 102 58 55 56 60 54 57 59 58 169 161 163 168 166 167 162 170 169 132 135 140 131 137 139 132 192 197 193 199 198 194 200 192 98 18 11 14 12 19 18 141 150 146 144 147 146 148 141 46 50 41 43 44 46 18 20 17 18 121 129 128 121 18 13 16 18 87 86 90 86 88 83 85 81 82 89 87 98 99 92 98 63 70 68 61 66 62 69 63 98 100 97 91 96 98 121 125 121 172 174 180 179 175 178 171 172 121 124 126 121 21 25 24 28 29 26 23 21 121 130 122 121 182 186 189 184 182 38 36 31 38 35 37 39 38 172 169 165 169 164 169 58 53 58 102 104 103 105 109 102 118 119 115 111 114 117 120 118 75 77 75 151 153 157 159 156 160 154 158 151 2 7 1 6 8 2 151 155 151 75 77 72 74
96
148 148
86 86
50 50
77 77
146 146
135 135
43 47
167 167
56 52
81 81
54 54
25 25
96 96
31 31
199 199 191
55 55
41 41
156 156
28 28
197 197
116 116
179 179
89 89
6 6
11 11
126 126
137 137
161 161
26 26
39 39
69 69
14 14
192 192
131 131
57 57
24 30
128 128
37 37 32
151 151
76 76
139 139
165 165
119 113 119
166 166
80 80
111 111
184 185
114 114
13 13
8 8
160 160
178 178
2 2
132 136
118 118
175 175
104 104
172 172
62 62
164 164
73 73
70 70
19 19
58 58
85 85
36 36
189 189
68 68
23 23
168 168
174 174
83 83
163 163
180 180
141 145 141
88 88
61 61
59 59
153 153
38 38
35 35
122 122
46 46
157 157
144 142
16 16
53 53
29 29
99 99
74 74
169 169
198 198
82 82
66 66
140 140
75 75
