l7 l40 l39 l67 l161 l102 l76 l20 l112 l174 l53 l122 l33 l2 l98 l81 l1 l26 l143 l42 l61 l13 l83 l186 l169 l90 l200 l177 l116 l41 l85 l194 l130 l103 l9 l48 l192 l184 l49 l43 l150 l138 l126 l171 l24 l148 l155 l38 l160 l12 l105 l56 l44 l189 l72 l63 l147 l101 l193 l6 l92 l114 l172 l96 l124 l59 l175 l95 l31 l142 l115 l57 l163 l94 l128 l199 l136 l162 l35 l7
59
l101 l101
l102 l102
l56 l109
l81 l110
l112 l113
l114 l114 l14
l115 l115
l116 l116
l12 l12
l122 l122
l124 l124
l43 l127
l128 l128
l130 l130
l163 l132 l163
l136 l136
l138 l138
l169 l141 l169
l142 l142
l148 l148
l172 l15 l172
l155 l155
l160 l160
l161 l161
l162 l162
l38 l168
l171 l171
l177 l177
l186 l180 l186
l126 l181
l184 l184 l25 l77
l189 l189
l192 l192
l199 l199
l2 l2 l58
l20 l20
l200 l200
l63 l21 l63
l24 l24
l26 l26
l67 l27 l67
l33 l33
l35 l35
l72 l37 l72
l39 l39
l40 l40
l41 l41
l44 l44
l147 l46
l49 l49
l53 l53
l42 l54
l59 l59
l6 l6
l7 l7
l48 l74
l83 l83
l90 l90
l94 l94
