Soda Cambodia Canada Nigeria Rwanda Singapore Lebanon Finland Cambodia Jamaica Sao Kyrgyzstan Netherlands Fiji Germany Japan Pitcairn Palau Hong Latvia Moldova Korea British Aruba Mexico Bahamas Indonesia Lesotho Lao Kiribati Northern Argentina Luxembourg Congo Egypt Sint Croatia Belize Saint New Albania United Burkina Malawi Mayotte Niger Algeria Republic Liberia Soda
46
United United
Congo Burundi Congo
Japan Japan
Argentina Pakistan Argentina
Fiji Fiji
Lao Lao
Singapore Singapore
Nigeria Nigeria
Luxembourg Luxembourg
Burkina Burkina
Croatia Croatia
Lebanon Lebanon
Northern Northern
Korea Korea
Sao Sao
Niger Niger
Hong Hong
Mayotte Mayotte Ireland
Malawi Malawi
Sint Sint
Jamaica Jamaica
Netherlands Netherlands
Indonesia Indonesia
Rwanda Rwanda
Liberia Liberia
Latvia Latvia
Bahamas Bahamas
Kyrgyzstan Kyrgyzstan
Moldova Moldova
Republic Republic Antigua
Pitcairn Pitcairn
Belize Belize
British British
Cambodia Cambodia
Algeria Algeria
Germany Iraq
Finland Finland
Palau Palau
Saint Saint
Kiribati Kiribati
Mexico Mexico
Aruba Aruba
New New
Lesotho Macao
Albania Albania
Egypt Egypt
