Meckgue Beldenn RepublicCity TreeofTime Dagobah Meereen Winterfell Carvahall ThePrancingPony ZhaoFu Sanlow Urubaen Yunkai LakeLaogai UtgardMountain EarthKingdom TheSpine Ellesmera Murkcairn Netherfort Gizton EasternAirTemple TheVale TheBoilingRock BeyondtheWall Vexhollow Ademre SerpantsPass GooLagoon Keld Grayburn Tartarus TheWaystoneInn TheArcanum LeakyCauldron TheUniversity TheGodswood MysticRuins Steeltown VaultofSouls Kinecardine Braavos ShatteredPlains KoralReef Larcbost TheHogsHead Lorien TheKrustyKrab Meckgue
47
Murkcairn Murkcairn
TheWaystoneInn TheWaystoneInn
Grayburn Grayburn
TheSpine TheSpine
Sanlow Gotham Sanlow
EarthKingdom EarthKingdom
TheUniversity TheUniversity
EasternAirTemple EasternAirTemple
Meereen Meereen
BeyondtheWall BeyondtheWall
Gizton Gizton
Braavos Braavos
VaultofSouls VaultofSouls
Lorien Lorien
Ademre Ademre
Meckgue Meckgue
Netherfort Netherfort
Kinecardine Kinecardine
Keld Keld
Tartarus Tartarus
KoralReef KoralReef
GooLagoon GooLagoon
Dagobah Dagobah
ZhaoFu ZhaoFu
MysticRuins MysticRuins
Winterfell Winterfell
Steeltown Steeltown
Carvahall Carvahall
TheVale TheVale Castamere
Urubaen FlourishBlotts Urubaen
Larcbost Larcbost
Vexhollow Vexhollow
UtgardMountain UtgardMountain
ShatteredPlains ShatteredPlains
Beldenn Beldenn
LeakyCauldron LeakyCauldron
Yunkai Yunkai
LakeLaogai LakeLaogai
TheKrustyKrab TheKrustyKrab
Ellesmera Ellesmera
RepublicCity RepublicCity
TheGodswood TheGodswood
TheHogsHead TheHogsHead
ThePrancingPony ThePrancingPony
TreeofTime TreeofTime
TheBoilingRock TheBoilingRock
TheArcanum TheArcanum
