21 174 48 80 59 189 117 35 86 126 122 144 22 93 188 8 138 113 99 79 157 64 34 162 120 16 14 32 169 65 3 43 6 68 130 136 81 88 18 160 156 183 195 147 29 115 83 114 74 49 149 95 83 87 45 168 36 173 154 25 70 20 85 62 170 57 98 52 15 127 47 7 47 181 150 187 148 158 79 1 27 31 0 140 166 172 50 38 105 46 177 51 12 196 139 135 131 72 137 100 53 11 171 190 186 56 92 175 191 71 184 151 193 5 30 132 73 101 111 17 119 178 78 96 75 102 129 167 90 10 180 117 33 159 94 134 118 146 2 37 142 107 54 21
94
147 147
20 20
18 18
14 14
17 17
136 136 194
190 190
15 42 15
170 170
85 24
148 91
188 188
47 47
48 48
189 23
51 51
34 34
36 36 108
135 135
172 172
127 127
45 45
101 163
90 90
35 40
10 10
168 125 168
122 122
167 167
100 100
130 130
46 46
74 74
2 2
31 31 133
7 7
151 151
107 97
142 142 121
180 180
30 30
29 29
56 56
156 156
144 144
186 186
184 184
37 37
50 116
64 64
131 131
149 149
154 154
120 120
81 81
118 118
160 160
119 119
139 139
178 178
16 16
78 78
27 27
169 169
96 96
71 152
102 102
88 88
115 115
12 103
75 75
21 21
68 68
134 134
62 62
38 38
49 49
86 61
146 146
177 177
32 32
196 196
111 176
87 87
105 105
137 137
159 159
114 114
54 54
162 60
72 72
53 53
83 82
95 95
