21 174 48 80 159 23 30 10 180 191 151 184 22 71 144 122 163 129 167 102 75 96 78 178 119 17 111 176 186 190 188 56 135 139 196 12 51 177 145 105 46 20 70 57 166 140 123 160 18 164 4 42 15 127 47 7 32 169 91 148 82 114 95 149 49 74 39 3 162 120 64 34 65 88 81 136 130 68 156 183 0 62 170 172 50 24 85 45 173 36 168 154 100 137 138 87 53 72 84 133 31 27 115 29 147 61 35 117 33 59 94 134 118 146 2 37 142 107 54 21
91
147 147
20 20
18 18
120 14 120 16
17 17
136 136 194
190 190
42 42
170 170
24 24
91 91
188 188
47 47
48 48
23 23
51 51
34 34
36 36 108
135 135 131
172 172
127 127
45 45
163 163
167 90 167
35 40
10 10
168 125 168
122 122
100 100
130 130
46 46
74 74
2 2
31 31
7 7
151 151
107 97
133 133
142 142 121
180 180
30 30
29 29
56 56
156 156
144 144
186 186
184 184
37 37
50 116
64 64
15 15
149 149
154 154
81 81
118 118
160 160
119 119
139 139
178 178
78 78
27 27
169 169
96 96
71 152
102 102
88 88
115 115
12 103
75 75
21 21
68 68
134 134
62 62
105 38 105
49 49
61 61
146 146
177 177
32 32
196 196
176 176
87 87
137 137
159 159
114 114
54 54
162 60
72 72
53 53
82 82
95 95
