node139 node63 node108 node124 node54 node114 node195 node43 node3 node120 node179 node173 node36 node50 node30 node100 node38 node94 node134 node99 node190 node131 node169 node186 node98 node119 node42 node18 node85 node15 node130 node6 node130 node93 node25 node82 node25 node145 node61 node154 node102 node61 node154 node24 node157 node92 node160 node21 node56 node182 node183 node149 node71 node41 node196 node65 node126 node97 node86 node193 node185 node66 node137 node110 node111 node109 node129 node178 node162 node112 node20 node80 node37 node127 node35 node200 node16 node104 node116 node128 node1 node57 node107 node89 node150 node146 node33 node125 node123 node143 node140 node73 node40 node5 node192 node27 node22 node52 node8 node96 node60 node180 node167 node159 node191 node158 node152 node19 node95 node117 node95 node139
82
node195 node195 node59
node60 node60
node8 node8
node178 node178
node114 node114
node125 node125
node119 node119
node117 node184 node117
node192 node192
node20 node53 node20
node107 node107
node5 node5
node50 node50
node185 node185
node158 node158
node100 node100
node37 node37
node123 node123
node21 node181
node124 node17 node124
node38 node38
node80 node80
node71 node49 node71
node86 node86
node3 node3
node126 node126
node65 node65 node141
node120 node163
node152 node10 node152 node12
node66 node66
node24 node24
node30 node30
node191 node191
node92 node92
node33 node33
node42 node42
node111 node111
node22 node22 node81
node98 node98
node112 node112
node134 node134
node146 node146
node182 node182
node19 node19
node129 node129 node55
node154 node154
node159 node159
node16 node47 node16
node200 node200
node102 node48 node102
node36 node165
node73 node26 node188 node73
node85 node85
node149 node149
node108 node108
node109 node109
node61 node61
node130 node130 node84
node186 node186
node41 node41
node27 node27
node167 node167
node97 node97
node96 node96
node143 node143
node162 node162
node1 node1
node157 node157
node94 node94
node190 node190
node18 node18
node89 node51
node160 node160
node180 node180
node193 node72
node57 node57
node52 node52
node54 node54
node56 node56
node116 node116
node169 node169
node173 node173
