node0 node18 node59 node83 node88 node57 node4 node76 node87 node81 node68 node73 node68 node85 node69 node5 node99 node58 node63 node25 node98 node20 node71 node1 node84 node67 node66 node34 node28 node62 node40 node51 node78 node60 node96 node86 node75 node90 node46 node92 node74 node91 node82 node6 node55 node70 node8 node97 node31 node94 node52 node89 node93 node0
41
node52 node50 node52
node51 node51
node78 node53 node61 node78
node28 node54
node55 node55
node96 node56 node96
node57 node57
node58 node58
node59 node59
node60 node60
node62 node62
node63 node63
node5 node64 node65
node66 node66
node67 node67
node68 node68
node69 node69
node70 node70
node71 node71
node86 node72 node86
node73 node73 node77
node74 node74 node95
node75 node75
node76 node76
node6 node79
node83 node80 node83
node81 node81
node82 node82
node84 node84
node85 node85
node87 node87
node88 node88
node89 node89
node90 node90
node91 node91
node92 node92
node93 node93
node94 node94
node97 node97
node98 node98
node99 node99
