node0 node184 node134 node112 node174 node74 node153 node52 node115 node30 node149 node154 node127 node175 node77 node95 node164 node118 node110 node192 node148 node143 node57 node107 node173 node188 node168 node46 node103 node117 node120 node106 node172 node190 node150 node170 node131 node147 node145 node42 node67 node111 node151 node6 node187 node100 node197 node109 node182 node193 node20 node128 node125 node96 node171 node36 node82 node36 node181 node159 node152 node96 node125 node128 node121 node177 node155 node116 node105 node166 node114 node119 node138 node133 node122 node55 node180 node141 node49 node194 node178 node59 node176 node70 node199 node186 node101 node132 node124 node32 node76 node102 node135 node24 node189 node104 node160 node136 node18 node196 node129 node44 node183 node137 node146 node157 node162 node0
90
node100 node100
node101 node101
node102 node102
node103 node103
node104 node104
node105 node105
node106 node106
node107 node107
node18 node108
node109 node109
node110 node110
node111 node111
node112 node112
node77 node113 node139
node114 node114
node115 node115
node116 node116
node117 node117
node118 node118
node119 node119
node120 node120
node121 node121
node122 node122
node70 node123 node140
node124 node124
node125 node125
node168 node126 node168 node198
node127 node127
node128 node128
node129 node129
node184 node130 node184
node131 node131
node132 node132
node133 node133
node134 node134
node135 node135
node136 node136
node137 node137
node138 node138
node141 node141
node155 node142 node155
node143 node143
node52 node144
node145 node145
node146 node146
node147 node147
node148 node148
node149 node149
node150 node150
node151 node151
node152 node152
node153 node153
node154 node154
node76 node156
node157 node157
node82 node158
node159 node159
node160 node160
node197 node161 node163 node197
node162 node162
node164 node164
node30 node165
node166 node166
node173 node167 node173
node193 node169 node193
node170 node170
node171 node171
node172 node172
node174 node174
node175 node175
node176 node176
node177 node177
node178 node178
node49 node179
node180 node180
node181 node181
node182 node182
node183 node183
node6 node185
node186 node186
node187 node187
node188 node188
node189 node189
node190 node190
node0 node191
node192 node192
node194 node194
node46 node195
node196 node196
node199 node199
