132 176 120 124 122 118 114 28 24 195 119 113 109 93 153 83 71 65 67 73 63 45 35 33 2 4 3 5 6 7 8 9 10 11 15 148 180 13 14 177 39 41 53 57 51 47 43 55 49 69 75 187 139 95 91 99 101 97 87 85 89 107 111 117 121 123 127 131 125 29 31 30 27 26 25 185 22 18 186 161 138 141 145 170 194 198 172 165 151 135 197 169 134 184 155 162 192 154 190 181 193 156 152 159 143 171 167 191 160 142 166 182 82 80 72 78 68 70 60 62 64 66 46 50 38 36 1 34 40 44 58 200 150 86 90 94 108 106 100 98 102 96 144 163 164 133 147 157 174 199 188 149 136 189 146 19 17 21 23 179 130 132
92
171 171
60 60 56
64 64
195 195
46 46
80 80
162 162
96 96 92
3 3
122 122
184 184
47 47
68 68
45 45
124 126
86 86 88
154 154
189 189
138 138
66 66
147 196
100 100
25 25
72 72
159 159
38 38
28 28
44 44
33 33
155 155
161 161
102 104 102
95 95
78 78
188 188
8 8
57 61
9 9
98 98
160 160
136 136
133 133
106 106
73 81
193 193
109 109
113 113
85 85
177 177
39 39
197 197
5 5
146 146
35 35
17 137 17
6 6
135 135
40 40
156 156
31 31
101 101 105
36 36
194 194
13 13
87 87
167 167 183
166 166
118 118
90 90
180 180
27 27
142 142
181 181
97 97
82 82
179 173
198 198
26 26
75 77 75
192 192
70 76
91 91
152 152
182 182
185 185
148 148
41 41
2 2
108 108
62 62
176 176
149 149
