132 120 114 118 110 100 106 102 98 92 96 88 86 144 191 163 150 130 112 175 139 153 89 87 85 95 17 26 28 185 173 179 129 131 123 121 109 113 119 125 29 30 31 27 19 20 21 22 24 23 188 199 157 186 161 146 189 138 141 158 147 194 172 165 193 169 192 154 184 155 162 190 181 197 135 151 170 198 133 159 152 156 164 167 171 136 149 18 99 101 97 93 91 177 13 12 16 11 8 9 6 1 2 4 5 43 53 75 81 73 69 51 61 59 55 49 45 57 79 148 180 36 40 38 44 50 46 66 64 62 60 68 72 80 82 182 166 142 160 76 78 74 116 124 128 176 132
88
171 171
60 60 56
64 64
129 195
46 46
80 80
162 162
96 96
4 3
118 122 118
184 184
51 47
68 68
45 45
124 126
86 86 90
154 154
189 189
138 138
66 66
158 196
100 100
26 25 26
72 72
159 159
38 38
28 28
44 44
49 33 39 35 41
155 155
161 161
102 104 102
95 95
78 78
188 188
8 8
61 61
9 9
98 98
160 160
136 136
133 133
106 106 108
81 81
193 193
109 109
113 113
85 85
177 177
197 197
5 5
146 146
17 137 17
6 6
135 135
40 40
156 156
31 31
101 101 105
36 36
194 194
88 88
13 13
87 87
167 167 183
166 166
180 180
27 27
142 142
181 181
97 97
82 82
173 173
198 198
79 77
192 192
76 76
91 91
75 75
152 152
182 182
185 185
148 148
92 92
2 2
62 62
176 176
149 149
