132 29 30 28 185 19 17 188 136 149 137 20 21 179 173 32 31 27 26 130 176 128 122 114 120 116 110 200 10 11 178 148 180 36 58 66 64 52 56 60 84 82 182 166 142 160 76 78 68 72 80 62 50 44 40 38 34 2 3 5 6 7 8 9 177 13 14 12 1 33 35 45 41 53 63 61 59 65 67 69 81 75 71 47 51 57 190 151 108 106 144 191 171 167 164 143 152 135 197 181 196 157 189 146 107 97 101 93 95 153 155 162 192 154 184 139 91 99 85 87 89 195 129 125 113 109 103 119 123 161 138 186 174 199 194 198 172 193 165 156 163 150 98 102 96 88 86 100 112 118 126 132
91
171 171
60 60
64 64
195 195
52 46
80 80
162 162
96 96 92
3 3
122 122
184 184
47 47
68 68
45 45
126 126
86 86 90
154 154
189 189
138 138
66 66
196 196
100 100
26 25 26
72 72
156 159 156
38 38
28 28
44 44
33 33
155 155
161 161
102 104 102
95 95
78 78
188 188
8 8
61 61
9 9
98 98
160 160
136 136
164 133
106 106
81 81
193 193
109 109
113 113
85 85
177 177
41 39 41
197 197
5 5
146 146
35 35
137 137
6 6
135 135
40 40
31 31
101 101 105
36 36
194 194
88 88
13 13
87 87
167 167 183
166 166
118 118
180 180
27 27
142 142
56 56
181 181
97 97
82 82
173 173
198 198
75 77 75
192 192
76 76
91 91
152 152
17 17
182 182
185 185
148 148
2 2
108 108
62 62
176 176
149 149
