Building99 Building98 Building19 Building22 Building20 Building12 Building11 Building12 Building20 Building22 Building92 Building96 Building97 Building89 Building90 Building91 Building90 Building89 Building96 Building85 Building94 Building89 Building93 Building85 Building45 Building47 Building69 Building71 Building53 Building67 Building63 Building61 Building51 Building50 Building48 Building50 Building51 Building61 Building43 Building52 Building66 Building60 Building59 Building57 Building59 Building60 Building74 Building55 Building76 Building77 Building78 Building77 Building79 Building26 Building28 Building6 Building8 Building5 Building7 Building5 Building8 Building0 Building8 Building6 Building28 Building23 Building32 Building38 Building29 Building31 Building30 Building31 Building37 Building34 Building39 Building41 Building29 Building38 Building32 Building23 Building24 Building26 Building27 Building21 Building16 Building17 Building16 Building18 Building15 Building98 Building99
42
Building20 Building20
Building71 Building62 Building44 Building71
Building67 Building67
Building47 Building47 Building49
Building41 Building41
Building77 Building81
Building55 Building55
Building26 Building26
Building23 Building23
Building61 Building61
Building97 Building97
Building94 Building94 Building83
Building66 Building66
Building8 Building9 Building8
Building52 Building52
Building6 Building6
Building0 Building0
Building21 Building21
Building37 Building42
Building12 Building12
Building76 Building76
Building39 Building39
Building74 Building74
Building43 Building43
Building50 Building50
Building91 Building91 Building88
Building18 Building18
Building24 Building25
Building28 Building28
Building69 Building69
Building29 Building33
Building51 Building51
Building96 Building96 Building82
Building53 Building53
Building63 Building63
Building7 Building7
Building92 Building92
Building16 Building16
Building93 Building93
Building5 Building5
Building85 Building85
Building57 Building68 Building57
