AAA AAB ABB ACB ADB ADA BAA BAB BAC BBC BBD BCD BDD BDC BDB BDA CAA CAB CAC CAD CBD CCD CCC CCB CCA CDA DAA DAB DAC DAD DBD DCD DBD DBC DBB DCB DCA DDA EAA EAB EBB EBC EBD ECD ECC EDC EDB EDA FAA FAB FAC FAD FBD FCD FCC FDC FDB FDA GAA GBA GCA GDA HAA HAB HAA HBA HCA HDA HCA HCB HCC HCD HBD HBC HBB HCB HCA HDA IAA IAB IAC IAD IBD ICD IBD IBC IBB IBA ICA IDA JAA JAB JAC JAD JBD JBC JBB JCB JCC JCD JCC JCB JCA JDA KAA KAB KAC KAD KBD KCD KCC KCB KCA KDA LAA LAB LBB LCB LDB LCB LCC LCD LBD LAD LAC LAB LAA KDA KCA KBA KAA JDA KAA KAB KAC KAD KAC KBC KBB KCB KCA KDA LAA LBA LBB LBC LBB LBA LCA LBA LAA KDA KCA KBA KAA JDA JCA JBA JAA IDA IDB ICB ICC IBC IAC IAB IAA HDA HDB HDC HDD HDC HDB HCB HCA HBA HAA GDA GDB GDC GDD GCD GBD GBC GCC GCB GBB GBA GAA GAB GAA FDA FCA FBA FBB FCB FBB FBC FBD FAD FAC FAB FAA EDA ECA ECB EBB EBA EAA DDA DDB DDC DCC DBC DAC DAB DAA CDA CDB CDC CCC CBC CBD CBC CAC CAB CAA BDA BCA BCB BBB BAB BAA ADA ADB ADC ADD ACD ABD AAD AAC AAB AAA
64
AAD AAD
ABB ABB
AAC ABC
ACB ACB
ACD ACD
ADD ADD
BAC BAD
BBB BBB
BBC BBC
BCB BCB
BCD BCD
BDD BDD
CAD CAD
CAB CBB
CBC CBC
CCB CCB
CCD CCD CDD
DAD DAD
DBB DBB
DBC DBC
DCB DCB
DCD DCD DDD
EBD EAD
EBB EBB
EBC EBC
ECB ECB
ECD ECD EDD
FAD FAD
FBB FBB
FBC FBC
FCB FCB
FCD FCD FDD
GBD GAD
GBB GBB
GBC GBC
GCB GCB
GCD GCD
GDD GDD
HBD HAD
HBB HBB
HBC HBC
HCB HCB
HCD HCD
HDD HDD
IAD IAD
IBB IBB
IBC IBC
ICB ICB
ICD ICD IDD
JAD JAD
JBB JBB
JBC JBC
JCB JCB
JCD JCD JDD
KAD KAD
KBB KBB
KBC KBC
KCB KCB
KCD KCD KDD
LAD LAD
LBB LBB
LBC LBC
LCB LCB
LCD LCD LDD
