AAA ABA ACA ADA BAA BBA BCA BDA CAA CBA CCA CDA DAA CDA CDB CDA DAA DBA DCA DDA EAA EBA ECA EDA FAA FBA FAA EDA EDB EDA FAA FBA FCA FDA GAA GBA GCA GDA HAA HBA HCA HDA IAA IBA ICA IDA JAA JBA JCA JDA KAA KBA KCA KDA LAA LAB LAC LBC LBB LCB LCC LCD LBD LCD LDD LCD LBD LAD LAC LAB LAA KDA KCA KBA KAA JDA JDB JDC JDD JCD JCC JCB JBB JBC JAC JAB JAA IDA ICA IDA JAA JBA JCA JDA KAA KAB KBB KBC KBD KCD KCC KCB KCA KBA KAA JDA JCA JBA JAA IDA ICA IBA IAA IAB IAC IAD IBD ICD ICC ICB IBB IAB IAA HDA HDB HCB HBB HAB HAC HAD HBD HBC HBB HCB HBB HBA HAA GDA GCA GCB GBB GBC GBD GAD GAC GAB GAA FDA FCA FBA FBB FBC FBD FBC FBB FBC FBD FCD FCC FCB FCA FDA GAA GBA GCA GDA HAA GDA GCA GCB GCC GCD GBD GBC GBB GAB GAA FDA FDB FDA GAA GAB GAA FDA FCA FBA FAA EDA ECA EBA EBB EBC EBD EBC EBB ECB ECC ECD EBD EAD EAC EAB EAA DDA DDB DDC DDD DCD DBD DBC DBB DCB DCC DCB DDB DDA EAA EBA ECA EDA FAA FAB FAC FAB FAA FBA FCA FDA GAA GBA GCA GDA HAA HAB HAC HBC HCC HDC HCC HCD HBD HAD HAC HAB HAA GDA GCA GBA GAA FDA FCA FBA FAA EDA ECA EBA EAA DDA DCA DBA DCA DBA DAA CDA CCA CCB CBB CBC CBD CCD CCC CBC CAC CAB CAA BDA BCA BBA BBB BBC BBD BCD BCC BCB BCA BBA BAA ADA ACA ACB ACC ACD ABD ABC ABB AAB AAA
63
ABD AAD
ABB ABB
ABC ABC
ACB ACB
ACD ACD ADD
BBD BAD
BBB BBB
BBC BBC
BCB BCB
BCD BCD BDD
CAC CAD
CBB CBB
CBC CBC
CCB CCB
CCD CCD CDD
DBD DAD
DBB DBB
DBC DBC
DCB DCB
DCD DCD
DDD DDD
EAD EAD
EBB EBB
EBC EBC
ECB ECB
ECD ECD EDD
FAC FAD
FBB FBB
FBC FBC
FCB FCB
FCD FCD FDD
GAD GAD
GBB GBB
GBC GBC
GCB GCB
GCD GCD GDD
HAD HAD
HBB HBB
HBC HBC
HCB HCB
HCD HCD HDD
IAD IAD
IBB IBB
IAC IBC
ICB ICB
ICD ICD IDD
JAC JAD
JBB JBB
JBC JBC
JCB JCB
JCD JCD
JDD JDD
KBD KAD
KBB KBB
KBC KBC
KCB KCB
KCD KCD KDD
LAD LAD
LBB LBB
LBC LBC
LCB LCB
LCD LCD
LDD LDD
