mqncr drrap bwinl dabkf dxztc zmwtk jwmjp byjai fblut qwmew zfawc hdvet ajzuo ufvcg gsero vtcqw ayayj mpjyf zgmpf ljtse eqddq uooez drlqp sfgmu ywyyb sxqhs eustb catsi bymoa gsdqj mnymy tcxbn ypkmm mjgiw gpwkr eludu mzwec iwsoe mxihv kpxlz okcyb roimn urykd axdtz yhpwd pnmkd rtshe wxcvg xphcw untkk qxgeg qzdhw sgjyq irkbu lhsag thxbd dsbhm qfcxo dxllq vdlja meyde tgxta jjlwh soqle innfa fqqgi zeuko ibnyw azsmx cfspg wwphq cegzm wxaab rkzmv maarr ygust hribg nsllr xxkqq derxh jydxd ilbfw xftof yuvek ghzax hqiic fjrpj iggzg witaj awxwe kdtrw nppux hrhzb hgwal kwvgs diapc peobk fdewe zdwkb ylsow ssyjd gztsf npkau orwrm olqki mlqbj tctxs awsuk gkosc lfdet lukkm eakbg xvlqs nmygm vhzbj tyjab qpjoh odwou zcixl vnnvv pvzeb vzoqh eakkr qotnp edxoe macxu iigud bwbkg mqreu kamos cakfa jujev wmdth dtvfs mwoev anscp jemlu jkkgv qxsoe mqncr
92
mlqbj mlqbj
nppux nppux
mjgiw mjgiw
innfa innfa
gpwkr gpwkr
qfcxo qfcxo
cakfa cakfa qcfox
iggzg iggzg
jjlwh jjlwh
zmwtk kqysx igpmu
lukkm lukkm
meyde qrmyp
ylsow ylsow
ywyyb ywyyb
drrap drrap
drlqp drlqp
qwmew qwmew
jkkgv jkkgv
anscp anscp sbnmi
rtshe rtshe
derxh derxh
tyjab tyjab
edxoe edxoe
lfdet lfdet
dsbhm dsbhm
ajzuo aoxfw
ilbfw ilbfw
hgwal jvfig
ayayj ayayj
vnnvv vnnvv mrnva
irkbu irkbu
mqreu mqreu dkdci
eustb eustb
mxihv mxihv
peobk peobk
eqddq eqddq
zcixl zcixl
fjrpj fjrpj btqda
lhsag lhsag
fblut fblut
gkosc gkosc
kdtrw kdtrw
dxllq dxllq
cegzm cegzm
thxbd fnipk
qpjoh qpjoh
jemlu jemlu
wxcvg piswp
cfspg cfspg
uooez uooez
mwoev mwoev dsfpg
axdtz axdtz
pvzeb pvzeb
gsdqj gsdqj
bwinl bwinl
zfawc tcqqe
sfgmu sfgmu
kwvgs kwvgs
ssyjd ssyjd
iigud iigud
jwmjp jwmjp
wwphq wwphq rnrth
awsuk awsuk
ypkmm ypkmm
gztsf gztsf
mpjyf mpjyf
hribg hribg
eludu eludu
nsllr jxcvu
tctxs tctxs
xftof xftof
tcxbn tcxbn
dtvfs mbqyg
eakkr eakkr
qotnp qotnp
yuvek yuvek
qxsoe qxsoe
macxu macxu
hrhzb hrhzb
pnmkd pnmkd
ygust ygust
xphcw xphcw
ibnyw ibnyw
mzwec mzwec
bymoa bymoa
mnymy mnymy
sxqhs sxqhs
zgmpf qkftw
vzoqh vzoqh
byjai byjai
diapc diapc
dxztc yuuqu
