xjbms hwhxr dzfkr nnnts bsuwt xeikc upyzd lfceh xvefe yifeb yuayd deoux mrnvg bqgqy yztko wnlug iddrb ocgbu rlqrg usrtf vlzjn czppi hgzmo itxfb tykrt kyaqs bthif mafkf vaeqh ybgaf swhav llwzk bicnj fuume ttdxn fxnnl npvgp kymjg wxnxi nrtqp lyixz beqlb lkzxl htabn bwgqu fnhle begrs xecik riwwe yvlpb xjbms
42
usrtf rnrnh usrtf
vaeqh qkysn vaeqh ejwkt
czppi czppi
lkzxl lkzxl
bthif bthif
xecik akegy xecik
vlzjn psudb
itxfb itxfb
bqgqy bqgqy
lfceh uzzfw lfceh
fnhle fnhle
begrs impuz
dzfkr dzfkr
fxnnl fxnnl
fuume fuume lpolv
bsuwt bsuwt kvvqk
xeikc xeikc
xvefe xvefe
ybgaf ybgaf ydhop
bicnj bicnj
xjbms xjbms
riwwe riwwe
rlqrg uegez
npvgp npvgp
lyixz lyixz
kyaqs kyaqs
ocgbu ocgbu
wxnxi wxnxi
deoux deoux
yifeb hstmf
tykrt tykrt
iddrb iddrb
nrtqp nrtqp
mrnvg mrnvg
yztko yztko
nnnts nnnts
wnlug wnlug
hwhxr hwhxr
bwgqu bwgqu
yvlpb mbzzn
llwzk llwzk
beqlb beqlb
