0 173 126 38 17 133 170 181 152 42 78 144 115 83 109 182 113 149 46 130 100 58 31 4 116 196 85 86 134 118 52 40 35 5 110 36 10 167 27 72 159 111 177 156 107 92 12 122 185 61 54 73 67 184 105 191 57 55 140 62 102 119 150 18 93 97 195 108 188 197 160 90 94 6 98 124 106 75 50 145 135 171 125 8 95 80 138 45 190 142 192 104 81 65 148 7 169 199 103 158 101 11 99 37 48 193 189 155 187 77 19 53 74 166 112 33 147 24 1 164 34 22 194 180 32 15 13 23 66 146 79 60 41 198 139 59 29 69 114 16 0
59
140 140
181 181
50 50
33 33
52 52
156 156
118 118
199 199
90 90
152 152
15 15
134 134
72 153
46 46
106 106
12 12
125 125
53 53
111 131
45 45
97 97 3
144 144
32 32
6 6
61 61
27 27
104 104
173 173
98 98
92 92
7 88
24 24
23 23
80 80
29 29
164 164
108 108
35 35
95 154
8 8
13 13
40 40
19 21
86 86
4 179
102 102
130 130
34 34
93 93
160 160
197 197
145 145
124 124
149 149
188 188
42 42
58 58
55 55
57 57
