144 133 18 69 51 187 119 141 100 9 64 0 117 136 15 9 49 127 120 93 128 7 99 95 175 75 8 139 152 92 123 66 122 3 105 32 40 80 16 62 13 110 114 112 88 132 44 4 126 50 172 14 54 178 106 85 24 108 168 67 170 157 77 43 146 182 156 173 140 106 78 21 86 27 50 151 169 90 107 174 83 53 36 183 59 82 159 147 167 74 70 56 33 131 52 42 76 142 1 163 171 36 97 184 145 129 26 60 96 19 28 158 11 47 144
69
3 3
7 7
8 8
11 11
13 13
14 14
16 16
18 18
19 19
21 21
24 24
28 28
175 39 188
42 42
43 43
44 44
47 47
49 49
51 51
53 53
62 62
64 64
66 66 165
67 67
70 70
74 74
75 75
76 76
78 78
139 79
83 83
52 87
88 88
90 90
92 92
93 93
95 95
99 99
85 104
106 106
107 107
108 108
110 110
112 112
114 114
119 119
120 120
122 122
167 124
126 126
127 127
128 128
156 130 156
131 131
132 132
133 133
136 136
141 141
142 142
147 147
152 152
157 157
158 158
159 159
169 169
170 170
174 174
183 183
187 187
