0 155 137 99 128 123 7 1 114 103 114 134 119 194 65 95 141 169 66 16 48 16 112 2 140 14 167 189 167 98 170 124 183 125 38 145 100 51 100 145 50 39 36 7 149 107 81 64 148 64 81 101 83 82 153 24 197 90 143 96 175 86 164 85 135 59 171 74 132 194 43 45 157 88 152 19 58 56 77 21 73 182 12 69 142 30 72 187 9 32 35 185 109 10 149 20 178 55 57 138 150 186 97 61 181 191 106 147 23 67 94 92 55 0
80
99 99
96 105 46
150 150
85 85 49
9 139 9
141 141
21 21
64 64
45 45
48 108
14 14
132 132
50 50
157 41 157
0 13
82 82 29
138 138
12 12
112 188 195 172 112
170 170
1 1
119 119
69 161 69
58 129
148 148
39 39
90 90
175 175
169 169
143 143 11
67 27 67
77 77
124 124 26
36 160
20 20
56 56
189 71 189
74 74
152 152
35 35
59 59
100 100
55 55
23 23
185 185
24 24
181 68
107 107
103 103
83 83 198
147 147 104
186 186 89
125 125
197 197
167 167
101 101
128 52 3
2 2
137 137
66 66
142 142
43 43
94 94
73 73
106 196 106
10 176 10
57 57
38 38
164 164
95 95
92 92
182 182
51 51 102
19 19
86 86
16 16
98 166
72 72
97 97
123 123
