0 24 25 135 19 17 12 18 119 18 84 170 64 20 155 122 28 79 120 191 7 180 176 92 68 92 56 180 176 57 161 138 186 161 95 141 194 192 183 142 44 40 109 44 49 44 159 109 107 55 2 158 86 94 58 104 61 6 39 196 135 150 30 157 14 91 82 39 128 32 128 91 14 189 139 46 57 124 130 153 154 26 25 67 108 89 141 88 142 192 60 182 162 182 29 83 143 179 178 179 123 101 123 187 27 21 178 53 179 188 142 83 5 100 126 132 149 66 160 118 160 10 160 69 81 131 184 74 190 181 37 4 90 111 18 134 198 166 146 97 48 103 11 96 112 54 24 0
83
0 0
2 2 114
4 4
6 6
189 8
10 10
12 12
14 14
11 16
18 18 42
20 20 70
69 22 38
24 24
26 26 152
28 28 76
30 30
32 32
88 34 88
29 36
40 40 72
44 44
46 46
48 48
192 50 192
103 52
54 54
56 56
58 58
60 60
17 62
64 64
66 66
68 68
74 74
90 78 90
191 80 172
82 82
84 84
86 86
92 92 140
94 94
96 96
79 98
100 100
158 102 158
104 104
119 106
108 108
180 110 180
112 112
91 116
118 118
120 120
122 122
124 124
126 126
128 128
130 130
132 132
134 134
186 136 186
138 138
142 142
101 144
146 146
19 148
150 150 174
154 154
181 156
160 160
162 162 168
61 164
166 166
170 170
176 176
178 178
182 182
184 184
188 188
190 190
194 194
196 196
198 198
