2 41 85 9 60 142 24 142 60 9 17 191 168 61 172 98 27 20 78 20 78 88 94 134 67 116 103 42 50 1 50 42 188 163 5 125 31 10 194 10 31 125 5 59 173 128 86 37 178 72 197 120 197 72 178 155 196 121 7 121 199 97 183 91 27 98 36 152 162 121 196 121 7 40 151 40 7 79 170 185 150 101 150 185 70 100 198 147 32 147 115 104 44 104 115 147 198 100 114 126 175 87 175 126 114 135 124 46 38 186 136 186 38 186 0 192 176 174 180 57 15 57 94 62 139 55 130 184 189 122 189 182 189 184 130 55 139 62 90 62 96 62 94 28 174 180 174 99 113 99 165 140 149 171 18 14 22 76 51 176 192 0 186 38 83 73 83 38 46 124 135 114 107 43 80 118 80 118 6 71 43 107 114 100 70 185 75 64 186 38 46 124 135 66 135 114 126 114 100 70 177 90 95 82 110 158 112 4 161 109 131 63 26 11 23 34 181 45 102 117 164 138 13 138 164 117 102 148 195 56 52 145 193 53 157 2
86
194 93 194
142 142
52 52
125 125
139 139
157 49 157
13 8 13
178 178
171 179 171
27 141 27
97 106 97
38 38
122 122
120 133
79 79
61 61
112 92 112
32 32
46 46
73 73 58
131 131 156
174 174
76 76
6 6
116 116
189 189
196 196
94 94
14 14
2 2
145 145
130 130
34 34
55 55
173 173
95 95
192 192
126 126
121 121
136 119 136
96 96
149 3 149
28 28
164 164
199 35
37 25 12
7 7
50 50
161 161
188 188
113 113
36 36
86 86
110 110
118 118
177 177
80 80 54
128 128
44 44
53 53
23 23
51 51
0 0
193 193
82 82
100 100
85 85
42 42
1 187
4 4
182 182
56 56
158 158
26 26
15 15 30
115 115
98 98
114 114
67 67
90 90
59 59
63 63
181 181
165 165
138 138
175 48
