ffffff gg uuuu hh gggg ssss z nnnnnnnn zz iiii lll oooooooo aaaaaa iiiiiiii hhh wwwww kk yyyyy iiiiiii lllllll ss yyyy wwwwwww uuuuuu vvvvv k vvvvvv pppppppp aa eeeeeee rr wwww xxxx llllllll llllll b pppppp jjjjjjj ooooo vvv s ppppp kkkk eeeeee m qq cccccc pppp jjj cc ooooooo o uuu nnn tt xxx ii aaaa xxxxx ll uuuuuuu ggggg ffffffff nnnnnn fffff sssss ttttttt mmmmmm zzzzz bbbbbbb d j oooooo iiiii uuuuu bbbbbbbb mmmmmmmm qqq yy yyyyyyy sss mmmmm kkkkkk aaaaaaaa rrr e rrrrrr ccccccc xxxxxxx xx c oooo v hhhhhhh wwwwww ee q gggggggg ssssss mm tttt ffff eeee jjjjjj zzz ttttt gggggg bbbbbb ggggggg ff f tttttt kkkkkkkk eeeee jjjj dddd a uu ffffff
92
ffffff ffffff
iiiiiiii iiiiiiii
pppppppp pppppppp
b b
o x o
ppppp ppppp
mmmmmmmm mmmmmmmm
ttttttt ttttttt
xxxx xxxx
mm mm
ssss ssss
ffff ffff
k k
xxxxx xxxxx
jjj jjj
zzz zzz
q q
eeeeeee eeeeeee
uuu uuu
yy yy
ll ll
tttt tttt
gggggggg gggggggg
bbbbbb bbbbbb
ccccccc ccccccc
aaaaaaaa aaaaaaaa
wwww wwww
oooooooo oooooooo
j j cccc dd
eeeeee eeeeee
uuuuuu uuuuuu
d d
aaaa aaaa
llllll llllll
xxxxxxx xxxxxxx
wwwww wwwww
bbbbbbbb bbbbbbbb
ee ee
nnn nnn
ggggg ggggg
rr rr
zzzzz zzzzz
kkkk kkkk
a a
lll lll hhhh
llllllll llllllll
ooooo ooooo
uuuuu sssssss
eeee eeee
iiiiiii iiiiiii
xxx xxx
aaaaaa aaaaaa
uuuuuuu uuuuuuu
fffff rrrrr fffff
hhhhhhh hhhhhhh
uu uu
bbbbbbb bbbbbbb
kkkkkkkk kkkkkkkk
ttttt ttttt
qqq qqq
s s
kkkkkk kkkkkk
ggggggg aaa ggggggg qqqqqq
vvvvvv vvvvvv
rrrrrr rrrrrr
cc cc
tt tt mmmm
wwwwww wwwwww
sssss sssss
qq qq
ssssss ssssss
jjjj jjjj
tttttt tttttt
vvvvv vvvvv
oooooo oooooo
jjjjjj jjjjjj
eeeee eeeee
yyyyyyy yyyyyyy
ffffffff ffffffff
dddd dddd
e e
aa aa
hhh hhh
sss sss
pppp pppp
gggg gggg
lllllll lllllll
nnnnnn nnnnnn
m m
vvv vvv
cccccc cccccc
ii ii
