ffffff uu uuu o a jjjj dddd qqqqqq aaa vvvv rrrrrrr cccc dd j d u ggggggg jjjjjjjj p fff nnnn rrr aaaaaaaa kkkkkk mmmmmmmm bbbbbbbb e g fffffff h bbbbb yy qqqq sss mmmmm yyyyyyy iiiii oooooo qqq uuuuu xx ccccccc xxxxxxx zzzzzz sssssss iiiiii mm eeee ffff tttt ttttt ssssss ff y f tttttt q mmmmmm zzzzzzz ttttttt fffff ffffffff ggggg rrrrr nnnnnn sssss bbbbbbb bbbb zzzzz ee wwwwww hhhhhhh gggggggg mmmmmmm w kkkkkkkk eeeee mmm bbbbbb gggggg zzz jjjjjj c yyyy jjjjjjj kkkkk rrrrrrrr wwwww ooooo ssss s nnnnnnnn bb kkkkkkk zz nnnnnnn lll iiii xxxx llllllll vvv llllll b pppppp wwwwwww yyyyy k kkk ccccc rrrr iiiiiii lllllll ss uuuuuu vvvvv vvvvvv pppppppp aa eeeeeee rr bbb oooooooo aaaaaa iiiiiiii hhh z uuuu ppppp cc hh pppp cccccc qq m eeeeee kkkk mmmm tt nnn xxx ii aaaa xxxxx ll uuuuuuu ffffff
95
ffffff ffffff
iiiiiiii iiiiiiii
pppppppp pppppppp
b b
o x o
ppppp ppppp
mmmmmmmm mmmmmmmm
ttttttt ttttttt
xxxx xxxx wwww
mm mm
ssss ssss
ffff ffff
k k
xxxxx xxxxx
cc jjj cc
zzz zzz
q q
eeeeeee eeeeeee
uuu uuu
yy yy
ll ll
tttt tttt
gggggggg gggggggg
bbbbbb bbbbbb
ccccccc ccccccc rrrrrr
aaaaaaaa aaaaaaaa
oooooooo oooooooo
j j
eeeeee eeeeee
uuuuuu uuuuuu
cccc cccc
d d
aaaa aaaa
llllll llllll
xxxxxxx xxxxxxx
wwwww wwwww
bbbbbbbb bbbbbbbb
ee ee
nnn nnn
ggggg ggggg
rr rr
zzzzz zzzzz
kkkk kkkk
a a
lll lll
llllllll llllllll
ooooo ooooo
sssssss sssssss
eeee eeee
iiiiiii iiiiiii
xxx xxx
aaaaaa aaaaaa
uuuuuuu uuuuuuu
rrrrr rrrrr
hhhhhhh hhhhhhh
uu uu
bbbbbbb bbbbbbb
kkkkkkkk kkkkkkkk
ttttt ttttt
qqq qqq
s s
kkkkkk kkkkkk
dd dd
aaa aaa
vvvvvv vvvvvv
fffff fffff
tt tt
wwwwww wwwwww
sssss sssss
qq qq
ssssss ssssss
jjjj jjjj
tttttt tttttt
mmmm mmmm
ggggggg ggggggg
vvvvv vvvvv
jjjjjjjj hhhh
oooooo oooooo
jjjjjj jjjjjj
eeeee eeeee
yyyyyyy yyyyyyy
ffffffff ffffffff
dddd dddd
e e
aa aa
hhh hhh
sss sss
pppp pppp gggg
lllllll lllllll
qqqqqq qqqqqq
nnnnnn nnnnnn
m m
vvv vvv
cccccc cccccc
ii ii
