dweidxeutk hxaoxcleei gpbaqafhdz cxrfqntbtm quwglicgzs veqndedhgo flrbhumcno gvxfzzmwzk ulneltboej fxpsowceqq itouxsyevo bxdnijtmyn yugelanmtk ylgtgxhujb dfgysrnikx jxgwgvfggh tdtlnqnprm tdrceqkdxs itejbhhfxs xtugynuehn nqdbgeypdu ouzfljsksj rqchbdjiqp arrkheyths okcwuqslme dlfzngcmgq ftmprcpodf jojgjvziup cavyunvwuk dllzvxpcgk tbpduhasiq cwexpxaktw zbgxyjmdnm wfybmclpmp hpqsgalvar kjgjbkdckc vtcyzupdop huciphyuma vndbkokyhx ivgiotlrrr ratnlmbmpr ienasnqnvt audojmtlep toeqvvzlae cxrfqntbtm thtlrbqsyp xqqirblyjw irtbznwvcu odytfbnuuh irtbznwvcu jfjtxukxas irtbznwvcu ebbcmbhgnc xdhiumwdwn gyjkhdbyvm ltjqdpdqwv tehmqpfdnn xdmzjapanj kufcwxmspu zdiibealli hjvmodgwdg pgiiochubt fwwnyjpwnp lvqqznnzyn bqrcwxsyuw wwmcjuetgz depihfdmjk cowtuqqsll wlzaatlgns rwobvahhfa tzpaywhybw cnbqxrvlvl rqmdukqpbg aihlvhrjir bcwzxsuutq tofdobbbjt dzzxropcld ctnsbezpjg fuhtgylsov klbefaxnzg jiowqcrqpz kgpqjqjrhc mnmjklgmnp elifcmozpf afkxpktsxw efgyvzmusc mgzyysypdp naqyljkxxq mjukgouxqr xhlkhybpdb hlimwiksjd pbrhlhvhzj ijitmlykwi sxayjmxdia lotqtcczrg gkbqwvqnfu gqwhfeepal wqeazvzkdf pjsmzvnekz fxejnitkot dldiwncohw rzqbegeoni nimybvgttg hcvrravrik siwbsyuwap lgpbgvlzpo taoimnqdrr vtquakjujf hnaaimhfnz ercawnbbtx rulcikswsa xwsnmxufqy auonnlthcz vteisghgld gnaoarsaof sdrvuvvtzb kpdfwhwwqb wiwpekzeuz rlgdknlxmz aqetyrnion eeimgsecwz ffisecgfqt akzsqllzsv cmelcyxenw ffisecgfqt yqabjcolzt gmvwahagsy seqrxdjigd vqlbufoinm drtcvphibq sjcwiapdwb gibfnosbtf dweidxeutk
90
xdhiumwdwn xdhiumwdwn
gkbqwvqnfu gkbqwvqnfu nmshjtpxad
fwwnyjpwnp fwwnyjpwnp
efgyvzmusc efgyvzmusc
cmelcyxenw cmelcyxenw
ouzfljsksj ouzfljsksj
fxpsowceqq fxpsowceqq qjjslhkvnr
gqwhfeepal gqwhfeepal
wqeazvzkdf wqeazvzkdf
xwsnmxufqy xwsnmxufqy
dzzxropcld dzzxropcld
akzsqllzsv akzsqllzsv
bxdnijtmyn sjqdgtugly bxdnijtmyn
vtquakjujf vtquakjujf
cowtuqqsll cowtuqqsll
rzqbegeoni rzqbegeoni
cnbqxrvlvl cnbqxrvlvl
rqmdukqpbg rqmdukqpbg
tzpaywhybw tzpaywhybw
xtugynuehn xtugynuehn
irtbznwvcu irtbznwvcu
drtcvphibq drtcvphibq
ivgiotlrrr ivgiotlrrr
elifcmozpf elifcmozpf
siwbsyuwap siwbsyuwap
auonnlthcz auonnlthcz
mnmjklgmnp mnmjklgmnp
depihfdmjk depihfdmjk
tofdobbbjt tofdobbbjt
ctnsbezpjg ctnsbezpjg
audojmtlep audojmtlep
tehmqpfdnn tehmqpfdnn
dweidxeutk dweidxeutk
cwexpxaktw cwexpxaktw
wlzaatlgns wlzaatlgns
wiwpekzeuz wiwpekzeuz
wfybmclpmp wfybmclpmp
ienasnqnvt ienasnqnvt cpdpvshtof
arrkheyths arrkheyths
wwmcjuetgz wwmcjuetgz
cxrfqntbtm cxrfqntbtm
gpbaqafhdz gpbaqafhdz
gyjkhdbyvm gyjkhdbyvm
dfgysrnikx dfgysrnikx
okcwuqslme okcwuqslme
hcvrravrik hcvrravrik
taoimnqdrr taoimnqdrr
lvqqznnzyn lvqqznnzyn
hpqsgalvar hpqsgalvar
vqlbufoinm vqlbufoinm
hjvmodgwdg hjvmodgwdg
gvxfzzmwzk gvxfzzmwzk
fxejnitkot fxejnitkot
fuhtgylsov fuhtgylsov
aihlvhrjir aihlvhrjir
klbefaxnzg klbefaxnzg
bqrcwxsyuw bqrcwxsyuw
pgiiochubt pgiiochubt
kgpqjqjrhc kgpqjqjrhc
ratnlmbmpr vpghbvlzxd
dlfzngcmgq dlfzngcmgq
zbgxyjmdnm zbgxyjmdnm
naqyljkxxq naqyljkxxq
tdtlnqnprm tdtlnqnprm
toeqvvzlae toeqvvzlae
zdiibealli zdiibealli
rulcikswsa rulcikswsa
bcwzxsuutq bcwzxsuutq
rwobvahhfa rwobvahhfa
xdmzjapanj pphebmysxy xdmzjapanj
afkxpktsxw afkxpktsxw
dldiwncohw dldiwncohw
itouxsyevo itouxsyevo
rqchbdjiqp rqchbdjiqp
jiowqcrqpz jiowqcrqpz
itejbhhfxs lzsvglcvqa
hlimwiksjd hlimwiksjd
lgpbgvlzpo lgpbgvlzpo
cavyunvwuk cavyunvwuk
ulneltboej ulneltboej
rlgdknlxmz rlgdknlxmz
kjgjbkdckc kjgjbkdckc
nimybvgttg nimybvgttg
sjcwiapdwb uqhdcumthr sjcwiapdwb
kufcwxmspu kufcwxmspu
gmvwahagsy gmvwahagsy
seqrxdjigd iqbyvqgkcp
vteisghgld vteisghgld
pjsmzvnekz ftrqchqaif
dllzvxpcgk dllzvxpcgk
