node0 node91 node84 node77 node78 node83 node81 node80 node78 node77 node84 node91 node0 node7 node8 node13 node11 node10 node8 node7 node0 node91 node84 node77 node70 node71 node76 node74 node72 node70 node77 node84 node91 node0 node1 node6 node4 node2 node0 node91 node84 node85 node87 node88 node90 node85 node84 node77 node70 node63 node56 node57 node59 node60 node61 node57 node56 node63 node64 node68 node67 node65 node67 node66 node64 node63 node56 node49 node50 node54 node53 node51 node49 node42 node35 node28 node21 node22 node24 node25 node27 node22 node21 node28 node35 node42 node43 node48 node46 node44 node42 node35 node28 node21 node28 node29 node33 node32 node34 node29 node28 node35 node36 node38 node39 node40 node36 node35 node28 node21 node14 node15 node20 node18 node16 node14 node7 node0
35
node4 node3 node5
node6 node6
node10 node10
node11 node12
node13 node13
node18 node17 node19
node20 node20
node24 node24
node25 node26
node27 node27
node32 node31
node33 node33
node34 node34
node38 node38
node40 node40
node39 node41
node46 node45 node47
node48 node48
node53 node52 node55
node54 node54
node59 node59
node61 node61
node60 node62
node66 node66
node68 node68
node67 node69
node74 node73 node75
node76 node76
node80 node80
node81 node82
node83 node83
node87 node87
node88 node89
node90 node90
node91 node94 node96 node97
