qtq fsl ifc uoz krg kza qfc fgo bok bpm qof zqn fib cxu qoe nkx egz gak qjm bwq qyi qls qlo cpw lfh rxi hhe opt ase vaf zbn lbs jxq lbs pta pjx blo rju sfp npu zgf cnv xmz wpq vsu wuf rwt ahv tmc udq pwa thz txk tto xax ooi hgx nhk unf vlt unf nhk orc ynq tcp tvt htv jta rod wpo tro viv nhr fne hxp czf nfy tnl nfy omf kvz mnv qbj rut yiz ili bsz iuz nfy omf nfy art ooc art idl ukh hxo tvy qnn uca llr lah xos uwp pxi uxr wuc jno thd ahy xdz qtq
84
pta pta
xdz xdz
hhe hhe
htv htv eqm
jxq itg
xax xax
nhk nhk
qtq qtq wju
orc hpb pkx orc
vlt ptq vlt
ase ase
krg krg
bpm gup
ifc ifc plx
udq pxs udq
qfc qbe qfc
jno jno
kza kza
qnn qnn
nkx nkx
qbj dkn qbj
wuc wuc
sfp sfp
cpw cpw
ooi ooi
zgf zgf
uxr uxr
pwa pwa
egz vub bai egz cjp
ynq ynq
tmc tmc
jta jta
idl idl
fgo fgo
zbn zbn
bsz bsz
hxo hxo
qjm qjm
tro tro tmd
lah lah
rut rut
nfy nfy
uca uca
npu npu
pjx pjx
vaf vaf
mnv mnv
hxp hxp
fne wiq
nhr nhr slq
rxi rxi
bok lxt
uoz uoz
wuf wuf
ili ili
fsl fsl
bwq lnv
uwp uwp
txk txk
yiz yiz
wpo mbx
iuz iuz
blo zgs
cxu cxu
gak gak
zqn zqn
rju rju
ooc ooc brk
lfh lfh spp
thz thz
ukh ukh
viv viv
thd thd
qlo qlo
wpq wpq
rwt rwt
ahv ahv
xos xos
qls qls
cnv cnv
rod rod
vsu vsu
tnl tnl
ahy ahy
