FD AR CZ HB HD AW AR AN CA FG DU FK AG DE CK EE GK DP BA CN CB CC GN BO HH CG CM GH AC BV AC FU CU DI BG DD CS GX FS FQ AM DK HN BM AJ DB EB HR AK HI EC GZ AL CI GF CW FM HF GC GQ BC DZ CL BX CL GA AZ GA CL BC GQ FP EL BR EL GM EW CP BE FP AB HE DO HO BS HO EX GU CE DQ CE AX EA EV GI CR BL DS CO EN CF DN ER HM FY EZ FJ HC DV EG HM EN FV DL EK FO EH AE HE EQ AV AA GF GG FR HP GL FB GR EO ED DH AP BZ AD DK BK GS EM ES GD GB GO AF AU FD
94
DB DB
GC GC
FJ FJ
EZ EZ
FO FO
FR FR
GK GK
CC CC
AV AV
AX AX
FB CT
BZ BZ
HC HC
EL EL
HN FT
AZ BN AZ
DP DP
GM ET
FM FM
GG BQ
CW CW
HP HP
FP DC FP
DV BF
CU CU
GS GS
EG EG
FG DM
GZ GZ
GO GO
HB HB
FS FS
BK BK
EM FI EM
HF HF
AU AU
AK AK
EK EK
DO GP DF
BO BO
AF AF
FV FV
DU DU
CL CL
DE DE
AM AM
AB EJ
CM BT
ES ES
GD GD
GR GR
AW AW
HH HH
ER DA ER
AJ AJ
CS CS
CO CO
DN DN
CG CG
FY FY
AD AD EY
BC BC
DQ DQ
DI DI
GX GX
GQ GQ
EE EE
DK DK
CA CA
EO EO
DZ DZ
BA BA
HD HD
BM BM
DH DH
EX EX
GN GN
EQ AT
CB CB
BG BG
HM FN
CI CI
GA GA
CF CF
EW EW
BV BV
HR HR
BE BE
FU FU
EN EN
CK CK
AG AG
GF GF
HO HO
