Cleresmith Whitby Bothensborough Sodmersmith Chedlake Ketterwold Cirerlow Ketterwold Milditch Wydon Edgney Whitseyborough Todderworth Warrerbage Durblechester Dribbasborne Hanworth Sunderbrough Chillerlow Eggerrensling Hannerworth Waltcombe Dribbinggrove Cheddlesport Pendton Elfield Warblesdown Wolvingrethorne Cammingbury Blanden Egwood Skelcastle Cannerrebeck Ciside Hartrenslow Enderavon Pemhampton Reddenwell Suddlebrough Pendingstoke Stainsdenwold Ashworth Cannenringwell Elmsbrook Chilcompcester Hanscombe Watchmanshead Chippenden Camsdenden Rockhead Bootworth Dribbingenborne Dribside Wendlemerford Hamditch Bursted Toddendport Nortlake Toddendport Bursted Hamditch Wendlemerford Dribside Dribbingenborne Elmsnell Bootworth Rockhead Camsdenden Chippenden Watchmanshead Hanscombe Blandlesney Chilcompcester Elmsbrook Burrensham Cannenringwell Ashworth Reddentree Stainsdenwold Pendingstoke Suddlebrough Reddenwell Hampensshot Pemhampton Enderavon Cammenenwich Hartrenslow Ciside Cannerrebeck Skelcastle Wolborne Egwood Blanden Cammingbury Wolvingrethorne Warblesdown Elfield Pendton Cheddlesport Dribbinggrove Waltcombe Buravon Hannerworth Eggerrensling Leatherglefield Chillerlow Sunderbrough Ellingey Hanworth Dribbasborne Durblechester Warrerbage Todderworth Whitseyborough Basfield Edgney Wydon Winhead Milditch Ketterwold Chippenringfield Chedlake Sodmersmith Bothensborough Whitby Cleresmith
27
Cleresmith Warringwood
Bothensborough Chippingwood
Ketterwold Ketterwold
Milditch Milditch
Basfield Basfield
Warrerbage Warrerbage
Durblechester Durblechester
Ellingey Ellingey
Eggerrensling Eggerrensling
Hannerworth Hannerworth
Dribbinggrove Pendrenslake
Elfield Elfield
Warblesdown Warblesdown
Cammingbury Soddenreey
Skelcastle Skelcastle
Cannerrebeck Cannerrebeck
Cammenenwich Cammenenwich
Reddenwell Reddenwell
Suddlebrough Suddlebrough
Reddentree Reddentree
Elmsbrook Elmsbrook
Chilcompcester Chilcompcester
Chippenden Shrivden
Rockhead Rockhead
Bootworth Bootworth
Wendlemerford Ribney
Hamditch Wetley
