Wolney Horndleside Reddingringey Nortditch Sodditch Brombrough Cansford Brombrough Dartworth Brombrough Hamwich Hammensmith Rotsted Wendlethorne Ketthorne Southcompmere Nortmansford Bromwich Stapseyden Prestlake Sistanwick Boothingtree Edgfield Hannensworth Watchsmith Ciworth Watchsmith Endlesthorne Boothingwick Rockdenport Hanbasside Bootherbersted Elmsbasbridge Wendlerewick Tippingrewick Wendlerewick Dribbinglow Egavon Dribbinglow Rockenborough Ribbendhead Toddlenell Blanavon Ennell Wolden Horslake Brackavon Wycombe Sundlecombe Wycombe Sundlecombe Chedcastle Basserchester Cannell Hampenchester Cannell Reddennell Camsreborough Braindlemere Ellensbrough Eggermoor Cheddenwang Rothenrested Cheddenwang Sudhead Pemsdown Wencester Windlesseywang Pendlesbascastle Endcastle Whitwood Marlborne Waltling Marlborne Pendlesford Whitborough Camhampton Emthorne Elmerdown Skelling Emmingwell Chilworth Wolbourne Handlemansey Wolbourne Braddlesreport Farnsmerbeck Hammingreport Camsmere Cirerdown Burglesbrook Soddlesbasbourne Braddleswick Sismith Clereshot Worringcompgrove Clereshot Sismith Braddleswick Eghampton Braddleswick Sismith Clereshot Worringcompgrove Alddlesenbage Horndlehampton Falrensavon Suddingney Toddleborne Kettenwell Sundlesborne Staindlemansavon Chilmermere Penswick Ketworth Ciringover Aldlow Endleston Aldlow Cammertree Candleseyney Elsmith Sudderbage Camsted Suddlescester Sirengrove Emseyworth Sirengrove Worglesmernell Shrivgrove Sodham Durrenslow Flitcompwold Sunsseybrook Camtree Reddlesley Canningwold Reddlesley Hansside Chippingchester Ribblesremoor Skellerbury Rothensden Endover Wychringden Rothenmere Wychringden Ensdown Worrerdown Ensdown Chedwick Dribberbrough Melborne Camling Sudderwick Prestbridge Sudderwick Shaftport Falbaswood Siringbrook Leatherberlake Skellingbaswold Skellingmansgrove Elringlow Egwich Tippenside Egwich Skellingmansgrove Skellingbaswold Siringbrook Falbaswood Shaftport Sudderwick Camling Melborne Dribberbrough Chedwick Prestwood Chedwick Dribberbrough Chedwick Ensdown Wychringden Rothensden Skellerbury Ribblesremoor Chippingchester Reddlesley Camtree Elmhall Camtree Sunsseybrook Flitcompwold Bootbeck Flitcompwold Sunsseybrook Flitcompwold Durrenslow Sodham Worglesmernell Toddlesmansmoor Worglesmernell Sodham Worglesmernell Sirengrove Camsted Sudderbage Elsmith Candleseyney Reddlebershot Cammertree Stafey Cammertree Aldlow Ciringover Ketworth Tiphampton Ketworth Ciringover Tippendside Ciringover Ketworth Penswick Chilmermere Pendnell Staindlemansavon Burringbrough Staindlemansavon Sundlesborne Tipmansover Sundlesborne Kettenwell Toddleborne Suddingney Falrensavon Suddingney Toddleborne Suddingney Falrensavon Chelmsbertree Horndlehampton Kingscastle Horndlehampton Alddlesenbage Worringcompgrove Clereshot Sismith Clereshot Worringcompgrove Sundtree Alddlesenbage Sundingbourne Alddlesenbage Worringcompgrove Clereshot Sismith Braddleswick Soddlesbasbourne Burglesbrook Shaftshot Burglesbrook Camsmere Hammingreport Farnsmerbeck Braddlesreport Suddendmansavon Wolbourne Chilworth Eggermanscombe Chilworth Skelling Elmerdown Camhampton Whitborough Wolverbury Pendlesford Hannensbourne Pendlesford Marlborne Endcastle Pendlesbascastle Windlesseywang Wencester Sudhead Cheddenwang Marlwich Eggermoor Ellensbrough Braindlemere Camsreborough Cannell Basserchester Hurstbeck Basserchester Chipbasfield Chedcastle Sundlecombe Wycombe Brackavon Alfcastle Horslake Wolden Ennell Blanavon Toddlenell Ribbendhead Dribbinglow Wendlerewick Bootherbersted Hanbasside Rockdenport Boothingwick Endlesthorne Watchsmith Hannensworth Edgfield Boothingtree Reddingbourne Boothingtree Sistanwick Stapseyden Bromwich Sodgrove Bromwich Southcompmere Ketthorne Chipcester Wendlethorne Rotsted Hamwich Brombrough Sodditch Nortditch Reddingringey Horndleside Braindlemoor Wolney
55
Braindlemoor Braindlemoor
Reddingringey Sodden
Brombrough Brombrough
Hamwich Hamwich
Chipcester Chipcester
Bromwich Bromwich
Stapseyden Stapseyden
Reddingbourne Reddingbourne
Watchsmith Watchsmith
Endlesthorne Endlesthorne
Rockdenport Hampenlake
Wendlerewick Wendlerewick
Dribbinglow Dribbinglow
Blanavon Egmanston
Wolden Wolden
Horslake Horslake
Sundlecombe Meley
Basserchester Basserchester
Cannell Cannell
Braindlemere Endingey
Cheddenwang Cheddenwang
Sudhead Sudhead
Pendlesbascastle Cirercompsted
Marlborne Marlborne
Pendlesford Pendlesford
Emthorne Emthorne
Chilworth Chilworth
Wolbourne Wolbourne
Farnsmerbeck Marlringlake
Burglesbrook Burglesbrook
Soddlesbasbourne Soddlesbasbourne
Clereshot Hammermere
Alddlesenbage Alddlesenbage
Horndlehampton Horndlehampton
Toddleborne Hannerley
Sundlesborne Sundlesborne
Staindlemansavon Staindlemansavon
Tiphampton Tiphampton
Aldlow Aldlow
Cammertree Cammertree
Elsmith Suddendwell
Sirengrove Sirengrove
Worglesmernell Worglesmernell
Bootbeck Bootbeck
Camtree Camtree
Reddlesley Reddlesley
Ribblesremoor Worrersted
Wychringden Wychringden
Ensdown Ensdown
Melborne Emsbrook
Sudderwick Sudderwick
Shaftport Shaftport
Leatherberlake Leatherberlake
Elringlow Elringlow
Tippenside Chilhall
