Wolney Horndleside Reddingringey Nortditch Sodditch Brombrough Hamwich Rotsted Wendlethorne Chipcester Ketthorne Southcompmere Nortmansford Bromwich Stapseyden Alfford Stapseyden Prestlake Sistanwick Boothingtree Reddingbourne Edgfield Hannensworth Watchsmith Endlesthorne Boothingwick Rockdenport Hanbasside Bootherbersted Elmsbasbridge Bootherbersted Hanbasside Rockdenport Boothingwick Endlesthorne Chippingbeck Endlesthorne Watchsmith Hannensworth Edgfield Boothingtree Sistanwick Stapseyden Bromwich Southcompmere Ketthorne Wendlethorne Rotsted Hammensmith Rotsted Wendlethorne Ketthorne Southcompmere Bromwich Stapseyden Sistanwick Boothingtree Edgfield Hannensworth Watchsmith Endlesthorne Boothingwick Rockdenport Hanbasside Bootherbersted Wendlerewick Dribbinglow Ribbendhead Toddlenell Blanavon Ennell Wolden Horslake Brackavon Wycombe Brackavon Horslake Wolden Elbage Wolden Melwich Ennell Blanavon Ennell Wolden Horslake Siling Horslake Alfcastle Brackavon Wycombe Sundlecombe Chedcastle Basserchester Hurstbeck Basserchester Cannell Camsreborough Braindlemere Camsreborough Reddennell Cannell Camsreborough Braindlemere Ellensbrough Eggermoor Cheddenwang Sudhead Wencester Windlesseywang Pendlesbascastle Endcastle Marlborne Pendlesford Whitborough Camhampton Elmerdown Skelling Elmerdown Emthorne Elmerdown Skelling Chilworth Eggermanscombe Chilworth Wolbourne Braddlesreport Farnsmerbeck Hammingreport Camsmere Cirerdown Burglesbrook Soddlesbasbourne Braddleswick Sismith Braddleswick Eghampton Braddleswick Sismith Clereshot Worringcompgrove Alddlesenbage Horndlehampton Falrensavon Suddingney Toddleborne Kettenwell Sundlesborne Staindlemansavon Pendnell Chilmermere Penswick Tiphampton Penswick Chilmermere Staindlemansavon Chilmermere Penswick Ketworth Ciringover Aldlow Cammertree Stafey Cammertree Candleseyney Elsmith Suddendwell Sudderbage Camsted Sirengrove Worglesmernell Sodham Durrenslow Flitcompwold Sunsseybrook Camtree Elmhall Camtree Reddlesley Chippingchester Ribblesremoor Worrersted Ribblesremoor Chippingchester Ribblesremoor Skellerbury Rothensden Wychringden Ensdown Chedwick Dribberbrough Chedwick Prestwood Ensdown Worrerdown Ensdown Chedwick Dribberbrough Melborne Camling Sudderwick Shaftport Redside Shaftport Chelmenthorne Falbaswood Siringbrook Leatherberlake Skellingbaswold Skellingmansgrove Elringlow Egwich Tippenside Egwich Skellingmansgrove Skellingbaswold Siringbrook Falbaswood Shaftport Sudderwick Botbeck Camling Melborne Camling Melborne Dribberbrough Chedwick Ensdown Wychringden Rothenmere Wychringden Endover Rothensden Skellerbury Ribblesremoor Chippingchester Hansside Reddlesley Canningwold Reddlesley Camtree Sunsseybrook Flitcompwold Durrenslow Sodham Shrivgrove Worglesmernell Toddlesmansmoor Worglesmernell Sirengrove Suddlescester Camsted Sudderbage Elsmith Candleseyney Cammertree Aldlow Endleston Aldlow Ciringover Ketworth Penswick Chilmermere Staindlemansavon Sundlesborne Kettenwell Toddleborne Suddingney Falrensavon Horndlehampton Kingscastle Horndlehampton Falrensavon Suddingney Toddleborne Kettenwell Hammingdenden Kettenwell Toddleborne Suddingney Falrensavon Horndlehampton Alddlesenbage Sundtree Worringcompgrove Clereshot Worringcompgrove Alddlesenbage Worringcompgrove Clereshot Sismith Braddleswick Soddlesbasbourne Burglesbrook Shaftshot Burglesbrook Camsmere Hammingreport Farnsmerbeck Braddlesreport Wolbourne Handlemansey Wolbourne Chilworth Skelling Elmerdown Camhampton Whitborough Wolverbury Pendlesford Marlborne Endcastle Pendlesbascastle Windlesseywang Wencester Sudhead Cheddenwang Rothenrested Cheddenwang Eggermoor Ellensbrough Endingey Braindlemere Camsreborough Cannell Hampenchester Cannell Basserchester Chipbasfield Chedcastle Sundlecombe Wycombe Brackavon Horslake Wolden Ennell Blanavon Toddlenell Ribbendhead Dribbinglow Wendlerewick Bootherbersted Hanbasside Rockdenport Boothingwick Endlesthorne Watchsmith Hannensworth Edgfield Boothingtree Sistanwick Stapseyden Bromwich Southcompmere Ketthorne Wendlethorne Rotsted Hamwich Brombrough Cansford Brombrough Dartworth Sodditch Nortditch Reddingringey Horndleside Wolney
55
Wolney Braindlemoor
Reddingringey Sodden
Brombrough Brombrough
Hamwich Hamwich
Chipcester Chipcester
Bromwich Bromwich
Stapseyden Stapseyden
Reddingbourne Reddingbourne
Watchsmith Watchsmith
Endlesthorne Endlesthorne
Rockdenport Hampenlake
Wendlerewick Wendlerewick
Dribbinglow Dribbinglow
Blanavon Egmanston
Wolden Wolden
Horslake Horslake
Sundlecombe Meley
Basserchester Basserchester
Cannell Cannell
Endingey Endingey
Cheddenwang Cheddenwang
Sudhead Sudhead
Pendlesbascastle Cirercompsted
Marlborne Marlborne
Pendlesford Pendlesford
Emthorne Emthorne
Chilworth Chilworth
Wolbourne Wolbourne
Farnsmerbeck Marlringlake
Burglesbrook Burglesbrook
Soddlesbasbourne Soddlesbasbourne
Clereshot Hammermere
Alddlesenbage Alddlesenbage
Horndlehampton Horndlehampton
Toddleborne Hannerley
Sundlesborne Sundlesborne
Staindlemansavon Staindlemansavon
Tiphampton Tiphampton
Aldlow Aldlow
Cammertree Cammertree
Suddendwell Suddendwell
Sirengrove Sirengrove
Worglesmernell Worglesmernell
Flitcompwold Bootbeck
Camtree Camtree
Reddlesley Reddlesley
Worrersted Worrersted
Wychringden Wychringden
Ensdown Ensdown
Melborne Emsbrook
Sudderwick Sudderwick
Shaftport Shaftport
Leatherberlake Leatherberlake
Elringlow Elringlow
Tippenside Chilhall
