Cleresmith Whitby Bothensborough Sodmersmith Chedlake Ketterwold Milditch Winhead Wydon Edgney Basfield Whitseyborough Todderworth Warrerbage Durblechester Sundfield Durblechester Dribbasborne Hanworth Sunderbrough Chillerlow Eggerrensling Hannerworth Buravon Waltcombe Dribbinggrove Cheddlesport Pendton Elfield Warblesdown Handlechester Wolvingrethorne Cammingbury Blanden Egwood Skelcastle Cannerrebeck Ciside Hartrenslow Enderavon Pemhampton Reddenwell Suddlebrough Pendingstoke Stainsdenwold Reddentree Ashworth Cannenringwell Burrensham Elmsbrook Chilcompcester Hanscombe Watchmanshead Chippenden Camsdenden Botlow Rockhead Bootworth Elmsnell Dribbingenborne Dribside Wendlemerford Dribside Dribbingenborne Bootworth Rockhead Camsdenden Chippenden Watchmanshead Hanscombe Chilcompcester Elmsbrook Cannenringwell Ashworth Stainsdenwold Pendingstoke Shrivditch Suddlebrough Reddenwell Pemhampton Enderavon Cammenenwich Hartrenslow Ciside Eggendhampton Cannerrebeck Kettingworth Cannerrebeck Skelcastle Wolborne Egwood Blanden Cammingbury Wolvingrethorne Warblesdown Elfield Pendton Cheddlesport Dribbinggrove Waltcombe Hannerworth Eggerrensling Chillerlow Sunderbrough Ellingey Hanworth Dribbasborne Melwold Durblechester Warrerbage Todderworth Whitseyborough Edgney Wydon Milditch Ketterwold Chippenringfield Chedlake Sodmersmith Bothensborough Whitby Cleresmith
26
Cleresmith Warringwood
Bothensborough Chippingwood
Ketterwold Ketterwold
Milditch Milditch
Basfield Basfield
Warrerbage Warrerbage
Durblechester Durblechester
Ellingey Ellingey
Eggerrensling Eggerrensling
Hannerworth Hannerworth
Dribbinggrove Pendrenslake
Elfield Elfield
Warblesdown Warblesdown
Cammingbury Soddenreey
Skelcastle Skelcastle
Cannerrebeck Cannerrebeck
Cammenenwich Cammenenwich
Reddenwell Reddenwell
Suddlebrough Suddlebrough
Reddentree Reddentree
Elmsbrook Elmsbrook
Chilcompcester Chilcompcester
Chippenden Shrivden
Rockhead Rockhead
Bootworth Bootworth
Wendlemerford Ribney Wetley
