Whitgrove Sodberling Ellerbridge Boothingchester Ellerbridge Ketchester Watchlake Bursted Botbage Penddenchester Chelmdenmoor Ketnell Chelmdenmoor Penddenchester Pemnell Penddenchester Botbage Botwick Tippingbage Watchlake Ketchester Ellerbridge Sodberling Whitgrove Worberney Whitgrove Dribblecombe Bursmith Hampingworth Basditch Hampingcastle Redcombe Siey Wychchester Waltbeck Cannerthorne Sirenshall Hampingbascombe Wetwick Stapbrook Southbury Bassinghead Nortwell Todhampton Bootwick Wycastle Marlbeck Faldenhall Wethampton Egsted Southmere Ribberrenston Shaftborough Wychcompwold Dribberham Bothenhall Rothead Southmere Maidendstoke Stainbrough Hamscombe Skelberden Sodport Durbrook Falderseythorne Worford Rotherlow Blansbrook Fullensborne Sundlethorne Endleberey Burlake Tipstoke Toddenmerbrough Endingnell Abgleham Siavon Horsnell Warsmith Horstleover Warsmith Falderbrough Marlbrook Shafthead Wetsmith Warsmith Skellingover Candleswick Endleshall Candleswick Endleshall Melwood Reddensden Cirerham Reddensden Cirerham Candleswick Ciringnell Penby Stapbrough Reddingtree Basditch Tippendham Warblestancester Basbage Warblestancester Tippendham Emmerley Bastlebury Emmerley Tippendham Warblestancester Bromssmith Reddendeney Worhall Hannersmith Shaftborough Cihead Skellenshot Egbeck Rothingcombe Horsmere Redwich Bothenton Shaftmoor Farnditch Shaftmoor Braddlesnell Shaftmoor Skellenshot Egbeck Cireport Leatherport Alddleringworth Worhall Ribbenhall Bromstanham Clereennell Botbeck Sundendford Whitringlake Milthorne Rothingcombe Faldenhall Marlbeck Tippenbrook Suddenmoor Egmerhampton Prestwick Sundcompney Sifield Abcester Shaftwick Abcester Sifield Enderbeck Sodberling Whitgrove
87
Sifield Sifield
Melwood Melwood
Wethampton Wethampton
Tipstoke Tipstoke
Ellerbridge Worrenberwang Suddingover Ellerbridge
Cannerthorne Cannerthorne
Reddendeney Reddendeney
Ketchester Ketchester
Enderbeck Enderbeck
Farnditch Abglewold Farnditch
Bastlebury Bastlebury Hamwold Rothendcombe
Ketnell Ketnell Staplow Toddenmoor
Skelberden Skelberden
Bothenton Bothenton
Faldenhall Faldenhall
Reddingtree Eley
Siavon Siavon
Todhampton Todhampton
Hampingcastle Hampingcastle
Toddenmerbrough Casbrook
Shaftborough Shaftborough
Redcombe Redcombe
Southbury Southbury
Dribblecombe Dribblecombe
Egmerhampton Egmerhampton
Watchlake Watchlake Farndlesover
Clereennell Clereennell
Penby Penby
Cihead Cihead
Rothingcombe Rothingcombe
Suddenmoor Staincombe Suddenmoor
Horsnell Horsnell
Wetsmith Wetsmith Elside
Shaftwick Falworth
Stapbrough Stapbrough
Tippingbage Tippingbage
Nortwell Nortwell Marlcester
Ribberrenston Ribberrenston
Cirerham Dartden Wolley
Rotherlow Rotherlow
Basditch Basditch
Prestwick Prestwick
Wycastle Wycastle
Milthorne Milthorne
Endingnell Endingnell
Worford Worford
Bootwick Bootwick
Waltbeck Waltbeck
Southmere Southmere
Skellenshot Skellenshot
Bromstanham Bromstanham
Worhall Worhall
Sundendford Chedworth Sundendford
Hampingworth Hampingworth
Sirenshall Sirenshall
Wetwick Wetwick
Bothenhall Bothenhall
Candleswick Candleswick
Siey Siey
Whitringlake Whitringlake
Wychcompwold Wychcompwold
Botbeck Botbeck
Tippenbrook Tippenbrook
Leatherport Leatherport
Dribberham Dribberham
Emmerley Emmerley
Skellingover Skellingover
Wychchester Wychchester
Sodberling Sodberling
Sodport Sodport
Tippendham Tippendham
Whitgrove Whitgrove
Hamscombe Alfmere
Horstleover Horstleover
Durbrook Durbrook
Abcester Abcester
Sundlethorne Sundlethorne
Marlbrook Marlbrook
Bursmith Bursmith
Abgleham Abgleham
Stainbrough Wendleringdown
Blansbrook Blansbrook
Ribbenhall Boothingmanstree
Falderseythorne Falderseythorne
Hampingbascombe Hampingbascombe
Egsted Egsted
Endleberey Endleberey
