0 49 154 53 113 153 38 6 116 120 54 50 62 61 159 143 33 143 65 84 173 89 184 9 35 164 24 61 117 95 96 67 44 182 77 50 157 70 155 28 103 163 161 145 160 85 99 58 64 118 48 51 111 149 111 51 150 69 112 104 97 36 73 97 40 83 60 83 14 4 141 125 133 10 100 81 181 123 66 172 39 8 166 8 26 179 196 66 196 105 22 31 115 99 3 175 106 86 199 186 193 178 180 135 81 121 20 130 12 25 156 168 128 134 119 29 95 96 137 131 143 109 165 109 127 191 52 7 108 102 108 75 32 116 6 153 110 154 56 98 56 185 18 139 183 1 129 91 63 74 19 91 114 146 129 194 188 0
91
173 173
179 179
83 83
75 75
160 160
6 6
103 103
156 156
25 25
14 14
118 17
116 116
178 178
64 64
185 185 27
109 109
48 48
32 32
196 196
121 121
89 89
111 126 111
24 24
91 91
26 26 176
166 166
28 28
184 184
186 186 197
133 133
39 151 39
182 182
180 180
120 120
194 194
9 9
65 65
159 159 87
35 138
4 4
84 42
108 108
12 12
193 193
106 106
175 175
22 22
67 67 47
44 44
98 98
81 81 78
125 125
77 77
49 49
157 157
100 100
18 18
51 51 79
36 36
130 130
70 70
20 20
117 117
139 139
102 102
137 137
10 10
38 38
104 104
85 85
58 58
96 96
134 134
128 128
19 19
31 31
155 155
168 168
149 149
1 170
63 63
50 50
69 69
119 119
145 145
74 74
95 95
146 146
163 163
199 199
99 99
