SantaClarita Carrollton GardenGrove Victorville Shreveport Huntsville Thornton Beaumont Thornton Yonkers Memphis Modesto Independence Fayetteville Irvine Scottsdale HuntingtonBeach Fontana Bellevue Alexandria Worcester Alexandria Glasses Newark Lafayette Brownsville Orlando LosAngeles OklahomaCity StPetersburg Miami Chandler SanDiego Henderson Portland Visalia Sunnyvale Surprise WestValleyCity Washington WestValleyCity LouisvilleJefferson Hartford Boston Ontario Omaha Wichita Peoria Allentown Pomona Stockton Indianapolis Austin PembrokePines Frisco Lubbock Carrollton SantaClarita
43
Thornton Midland
Victorville Victorville
Shreveport Shreveport
Washington Washington RanchoCucamonga
Independence Independence SiouxFalls
OklahomaCity OklahomaCity
Sunnyvale Sunnyvale
Newark Newark
GardenGrove GardenGrove
Frisco LexingtonFa
Scottsdale Scottsdale
Pomona Pomona
Carrollton Carrollton
Lafayette Lafayette
Worcester Worcester Garland
Bellevue Bellevue
SanDiego StLouis Stamford Waco
Fayetteville Fayetteville
Alexandria Alexandria
Chandler Paterson
Boston Boston
Beaumont NewportNews Beaumont
Visalia Visalia
StPetersburg StPetersburg
Henderson Henderson
Brownsville Brownsville
Omaha Omaha
LosAngeles LosAngeles
Huntsville Huntsville
Lubbock Concord
PembrokePines PembrokePines
Hartford Hartford LongBeach
LouisvilleJefferson LouisvilleJefferson
Ontario Ontario
Austin Austin
WestValleyCity WestValleyCity
Yonkers Yonkers
Stockton Stockton
Indianapolis Indianapolis
Allentown Allentown
Wichita Wichita
Orlando Orlando
Surprise Surprise
