Plano Rockford Riverside Tallahassee Cincinnati GrandRapids Irvine Olathe Miami Hampton SantaClara Amarillo Chandler Rochester Oakland LasVegas Clyde OklahomaCity Rochester Gainesville Warren MorenoValley Norman Sunnyvale Washington Memphis CapeCoral Memphis Mesa Chesapeake OWO Chesapeake Buffalo Mesa Charleston Memphis BatonRouge Miramar Kent Beaumont Atlanta VirginiaBeach Huntsville ElkGrove Fayetteville FortWayne Elizabeth Anaheim JerseyCity Anaheim ColoradoSprings Columbia Hollywood Glasses Stamford SantaRosa SiouxFalls FortCollins SantaRosa Denton FortWorth Denton Hialeah Laredo Tampa Portland GrandPrairie McAllen Yonkers Gilbert Houston SanAntonio Davidson NewHaven CoralSprings Indianapolis Phoenix Salem Teemo Greensboro Surprise NewOrleans HuntingtonBeach Mobile StPetersburg Worcester Dallas Hartford NewOrleans Surprise Corona Brownsville Knoxville SanBernardino Madison Fremont SantaClarita CorpusChristi Spokane Pomona Palmdale Toledo Raleigh Yonkers Hialeah SantaRosa Shreveport Allentown Killeen SanJose Glasses LosAngeles Akron Escondido Fontana LosAngeles Lancaster Elizabeth Orlando Lafayette PembrokePines Omaha Albuquerque Denver Hayward WinstonSalem Waco Ontario VirginiaBeach KansasCity Joliet Thornton Anchorage Lakewood Durham Lakewood Murfreesboro GardenGrove Salinas Bridgeport FortLauderdale Norfolk Reno LouisvilleJefferson Reno AnnArbor Jackson AnnArbor StLouis WestValleyCity Vancouver Beaumont Abilene Pasadena SanFrancisco Rochester Cary Amarillo SantaClara Plano
90
SanFrancisco SanFrancisco
SantaClara SantaClara Irving
Charleston Charleston
FortCollins FortCollins
Cincinnati Cincinnati
Joliet Mesquite
Stamford Stamford
Hollywood Hollywood
Riverside Riverside
Omaha Omaha
GardenGrove GardenGrove
Beaumont Beaumont
Anaheim Anaheim
Brownsville Brownsville
StLouis StLouis
SanJose SanJose
Gilbert Glendale
Elizabeth Elizabeth
Killeen Killeen
McAllen McAllen
LasVegas LasVegas
Ontario Ontario
Davidson Davidson
Norman Norman
BatonRouge Montgomery
KansasCity Garland
Mesa Mesa
SantaRosa SantaRosa
AnnArbor AnnArbor
Lancaster Lancaster Torrance
Hartford Hartford
Escondido Escondido
Salinas Salinas
Tampa Tampa ThousandOaks
Dallas Dallas
Hampton Hampton
Rockford Rockford
Portland Portland
Warren Warren
Waco Wichita Waco
Irvine LittleRock Irvine
SanBernardino SanBernardino
Raleigh Raleigh
PembrokePines Lincoln
SiouxFalls SiouxFalls
Surprise Surprise
Allentown Allentown
Norfolk Norfolk
Houston Houston
Fremont Fremont
Greensboro Greensboro
SanAntonio SanAntonio
OWO OWO
Anchorage Anchorage
Glasses Glasses
Yonkers Chicago
Atlanta Atlanta Oxnard
Cary Cary
MorenoValley MorenoValley
WestValleyCity Vallejo
LouisvilleJefferson LouisvilleJefferson Tulsa
Madison Madison
Thornton Thornton
Hayward Hayward
Miami Miami
Knoxville Knoxville
Denton Denton
Pasadena Pasadena
JerseyCity JerseyCity Pikachu
HuntingtonBeach AugustaRichmond SimiValley HuntingtonBeach
Denver Denver
Sunnyvale Sunnyvale
FortLauderdale FortLauderdale
Laredo Laredo
SantaClarita SantaClarita
Olathe Olathe
Corona Corona
NewOrleans NewOrleans
Lafayette Lafayette
OklahomaCity OklahomaCity
Huntsville Huntsville
Pomona Pomona
CorpusChristi CorpusChristi
Mobile Mobile
Memphis Memphis
GrandPrairie GrandPrairie
Vancouver Vancouver
Worcester Worcester
Akron Akron
NewHaven NewHaven
