Plano SantaClara Amarillo Gainesville Rochester OklahomaCity Clyde Vallejo LasVegas Cary Rochester Warren Atlanta Oxnard Cleveland Kent Vancouver Beaumont Memphis Charleston Mesa OWO Chesapeake Wichita Waco Ontario VirginiaBeach Huntsville Seattle Providence PembrokePines Elizabeth Anaheim JerseyCity Fayetteville ElkGrove Lafayette PembrokePines Torrance LosAngeles Akron Hollywood Escondido FortCollins SantaRosa Allentown SantaAna LouisvilleJefferson Reno Norfolk FortLauderdale AnnArbor StLouis Frisco Lakewood Thornton Lakewood Durham Lakewood Clarksville Frisco Murfreesboro Salinas Chattanooga Salinas ElPaso SanAntonio Houston Birmingham Scottsdale Davidson Charlotte Davidson Teemo Greensboro Surprise NewOrleans Surprise BoiseCity Teemo Scottsdale Salinas Oceanside Salinas Philadelphia CedarRapids Philadelphia Naperville Frisco DesMoines AnnArbor FortLauderdale Norfolk Reno Tulsa SantaAna SiouxFalls Springfield Denton FortWorth Raleigh Yonkers McAllen GrandPrairie Portland Tampa Arlington Hialeah ThousandOaks Tampa Laredo Shreveport Stamford Glasses Fontana LosAngeles Lancaster ColoradoSprings Columbia Elizabeth FortWayne Lafayette Omaha Denver Hayward BatonRouge CapeCoral Miramar BatonRouge Richmond Warren Oakland Pasadena Sunnyvale Washington Norman MorenoValley Tacoma Abilene Paterson MorenoValley SanFrancisco Rochester Warren PortStLucie Warren MorenoValley Abilene MorenoValley Chandler Amarillo SantaClara LongBeach SantaClara Hampton Miami Cincinnati Olathe Irvine LittleRock Irvine Mobile StPetersburg Syracuse Worcester Hartford HuntingtonBeach AugustaRichmond NewOrleans Domination Peoria SanBernardino Salem Knoxville Madison Spokane Toledo Raleigh Gilbert Spokane CorpusChristi SantaClarita Knoxville CoralSprings Indianapolis Phoenix Knoxville Lubbock Domination NewOrleans AugustaRichmond Fullerton Irvine GrandRapids Cincinnati Tallahassee Riverside Rockford Plano
91
SanFrancisco SanFrancisco
SantaClara SantaClara Irving
Charleston Charleston
FortCollins FortCollins
Cincinnati Cincinnati
Worcester Mesquite Worcester
Stamford Stamford
Hollywood Hollywood
Riverside Riverside
Omaha Omaha Garland
CedarRapids GardenGrove
Beaumont Beaumont
Anaheim Anaheim
Peoria Brownsville
StLouis StLouis
Glasses SanJose Glasses
Gilbert Glendale
Elizabeth Elizabeth
Allentown Killeen Allentown
McAllen McAllen
LasVegas LasVegas
Ontario Ontario
Davidson Davidson
Norman Norman
Richmond Montgomery
Mesa Mesa
SantaRosa SantaRosa
AnnArbor AnnArbor
Lancaster Lancaster
Hartford Hartford
Escondido Escondido
Salinas Salinas
Tampa Tampa
StPetersburg Dallas
Hampton Hampton
Rockford Rockford
Portland Portland
Warren Warren
Wichita Wichita
LittleRock LittleRock
SanBernardino SanBernardino
Raleigh Raleigh
Torrance Torrance
PembrokePines Lincoln
SiouxFalls SiouxFalls
Surprise Surprise Corona
Norfolk Norfolk
Houston Houston
Madison Fremont Madison
Greensboro Greensboro
SanAntonio SanAntonio
OWO OWO
Clarksville Anchorage
Springfield Chicago
Atlanta Atlanta
Cary Cary
Oxnard Oxnard
MorenoValley MorenoValley
Vallejo Vallejo
LouisvilleJefferson LouisvilleJefferson
Thornton Thornton
Hayward Hayward
Miami Miami
Knoxville Knoxville
Denton Denton
ThousandOaks ThousandOaks
Pasadena Pasadena
JerseyCity JerseyCity Pikachu
AugustaRichmond AugustaRichmond
Denver Denver
Sunnyvale Sunnyvale
HuntingtonBeach SimiValley HuntingtonBeach
FortLauderdale FortLauderdale
Laredo Laredo
SantaClarita SantaClarita
Olathe Olathe
Tulsa Tulsa
NewOrleans NewOrleans
Lafayette Lafayette
OklahomaCity OklahomaCity
Huntsville Huntsville
Spokane Pomona
CorpusChristi CorpusChristi
Mobile Mobile
Memphis Memphis
GrandPrairie GrandPrairie
Vancouver Vancouver
Irvine Irvine
Waco Waco
Akron Akron
Birmingham NewHaven
