Waco OverlandPark Newark Lincoln Detroit Lincoln ChulaVista SantaClara Irving Oski Rochester SaltLakeCity AnnArbor Palmdale Clarksville Stamford SanBernardino Victorville FortCollins Palmdale SterlingHeights OWO AthensClarkeCounty SanFrancisco Richmond Aurora KansasCity OverlandPark Waco
21
Rochester Rochester
Palmdale Palmdale FortWayne
Clarksville Clarksville
OWO OWO LexingtonFa
Stamford Cary Stamford
Waco SanAntonio MorenoValley
Victorville StPaul
SanFrancisco SanFrancisco
AnnArbor AnnArbor
SterlingHeights SterlingHeights
Detroit Detroit
KansasCity Omaha
FortCollins FortCollins
SaltLakeCity SaltLakeCity
SanBernardino SanBernardino
AthensClarkeCounty AthensClarkeCounty
ChulaVista ChulaVista
Irving Irving
Richmond Richmond
Lincoln Lincoln
Newark Newark
