0 185 132 81 75 81 128 155 107 115 135 182 86 84 38 74 22 197 13 14 117 175 173 52 126 101 45 199 59 106 12 164 51 176 69 167 26 78 72 184 122 195 160 5 17 137 11 193 27 97 141 159 42 119 174 119 125 19 89 98 2 39 15 6 15 16 116 190 9 169 67 172 134 172 88 180 63 150 63 183 63 180 88 67 88 130 83 87 114 154 163 1 133 30 102 179 153 111 112 123 158 107 155 128 28 187 65 128 11 138 178 168 170 127 29 195 122 195 160 108 37 72 143 175 117 41 151 24 31 129 152 21 143 23 60 35 3 35 133 113 192 18 196 101 92 95 124 70 7 185 0
91
0 0
1 1
2 2
3 3
9 4 9 103
5 5
135 8
11 11
13 13
14 14
15 15
16 16
17 17 94
18 18
108 20 166
21 21
22 22
23 23
24 24
26 26 80
27 27
28 28
31 31
113 33
35 35 157
38 38
39 39 56
42 42
87 43
129 47 129
182 50 182
51 51
52 52
59 59
65 65
195 66
67 67
92 68
69 69
70 70
170 71
72 72
74 74
78 78
81 81
83 83
84 84
86 86
89 89
150 93
124 96
98 98
112 100
101 101
102 102
107 107
111 111
114 114
115 115
116 116
12 120
125 125
128 128
130 130
133 133
134 134
137 137
138 138
141 141
143 143
163 146
151 151
152 152
153 153
154 154
158 158
159 159
160 160
164 164
167 167
172 172
173 173
174 174
106 177
183 183
184 184
187 187
190 190
193 193
197 197
199 199
