A B hJ N T N hO N T AB AK AJ AI hAH AI AJ AK hAR AK AJ AI hAH AG hAH AI AJ AK hAL AM hAN AM hAL AK AB hAA AB T hS hR hS T U hV U hV hW hV U T AB hAA Z hAA AB AK hAR BA BL BK BJ BI BH hBG BH BI BJ BK BL BU CA CE CA BU BL BA BB hBC BD hBE BD hBC BB BA BL BU BV BW hBX BW BV BU BL BM BN BO BN BM BL BU BV BU CA BU hBT hBS hBR hBS hBT BU BL BA BL BM BN BO BP hBQ BP BO BN BM BL BU CA CE hCF CE CA BU BL BA hAR AK AB T N hJ B F G H G F B A
23
B hC
hJ hI hJ
hO hO hP
hV hV
hR hR
hS hS
hW hW
hAA hAA
hAH hAH
hAL hAL
hAN hAN
hAR hAR
BA hAZ
hBC hBC
hBE hBE
hBG hBG
hBQ hBQ
hBR hBR
hBS hBS
hBT hBT
hBX hBX
CE hCD hCG
hCF hCF
