lyenDXSN wKxe hU Nro8QqD7 g5rTdl Nro8QqD7 zR86cxoBR1iHZrBRq s 4MdwVqEIlp6vzohvUqY KXiqhMJ qdOugTsQERXKb12woNAZ VgyX6hB MBLHuIgjJIXs 55SpzsmtpxRH5 uy3ouNIxumu7jEuoP1 GPeb ImSpax 7h2PJW8oD2ihKQrfQ6 lt1a5E0H 7h2PJW8oD2ihKQrfQ6 JkLZO8DirKOG2bdj excLR25Y6DhCWxI C8PRtY0wMczFLQQYxa zzYmU5YFhvp1 2FvJIR5cRPGGLqP FGQD6P s5vYb4jZWyq9Wl1 akZmiQ7tmX mMU5Ux7Gh9w cYPTdnJWL wcmx8dhmsO o3refHnx4qioqHztqMYE K6yVeBnomxSBet nWkakNi6Qt9d4g FLdC Plmj0j Iax35 HwQeXpOEZHQ3s Iax35 YjVTJewvHTIGLa fGVqheaVU3e YjVTJewvHTIGLa 8WC96lJgiKzF0uPcak 5MmyogVjSm PeQXpKEC z Mu 6DVIvuGfPs2BU 6yeW7sat9rvd wBJRoqVxn1t rsx24rm LMfJF3uF5T1mE7y ktk7W 2tgqbRzViyLj2zTX ZDtYWltAxD3Y l G50hiUpVStHCMrd hjCFXN9kbqn0UCNsZ PuHLBR9bv11yLyu nqeGwct a5oWSrhkZ1i hVfqebryM4wN EJDqk 2AR73oQdnbYqnDCGMFS uy3ouNIxumu7jEuoP1 Lg6vVK8maXvZ6YX rjuIDs qdOugTsQERXKb12woNAZ thb6t42A0YG DcRHjg8DDY6vnwByRY txdRlSWkHoanZg CmV NgQY7 D5kg LLftB9CiFP0 gNAsryh 7Q L STJYwXq9HmmawT vAIBd1Ae fzp 61 zI 4OPV7 LLftB9CiFP0 KtvQaJqCJTRpXM8ZI vJxAK1LaHyuu4yFNeul BR IT E3J9WM6DT0Hetm4lXQFQ Uq33lr5 4q56Ohva6NTLbWVwz td2wE ejGARlqqTb mQZe lyenDXSN
39
G50hiUpVStHCMrd G50hiUpVStHCMrd
BR BR
hU hU
MBLHuIgjJIXs MBLHuIgjJIXs
CmV CmV
K6yVeBnomxSBet frNA534JEvY4f
2FvJIR5cRPGGLqP VNvsbB7eWJcAK0fU
hjCFXN9kbqn0UCNsZ hjCFXN9kbqn0UCNsZ
L L
nWkakNi6Qt9d4g nWkakNi6Qt9d4g
nqeGwct nqeGwct
l l
wBJRoqVxn1t wBJRoqVxn1t
zzYmU5YFhvp1 zzYmU5YFhvp1
lt1a5E0H lt1a5E0H llx2p
wcmx8dhmsO wcmx8dhmsO
GPeb GPeb
vAIBd1Ae vAIBd1Ae
akZmiQ7tmX akZmiQ7tmX
Mu Mu
EJDqk K0A9bbVLm9atwTf
Plmj0j Plmj0j
6DVIvuGfPs2BU 6DVIvuGfPs2BU
ImSpax ImSpax
zI zI
o3refHnx4qioqHztqMYE o3refHnx4qioqHztqMYE
hVfqebryM4wN hVfqebryM4wN
7Q 7Q
fGVqheaVU3e A67f
vJxAK1LaHyuu4yFNeul vJxAK1LaHyuu4yFNeul
6yeW7sat9rvd 6yeW7sat9rvd
FGQD6P jvdVvQ
61 61
a5oWSrhkZ1i f
HwQeXpOEZHQ3s HwQeXpOEZHQ3s
cYPTdnJWL cYPTdnJWL
2AR73oQdnbYqnDCGMFS 2AR73oQdnbYqnDCGMFS
KtvQaJqCJTRpXM8ZI KtvQaJqCJTRpXM8ZI
ktk7W M1PxrOPSNUVpc
