lyenDXSN mQZe cnYBED3IXb5fpZ 6yeW7sat9rvd cnYBED3IXb5fpZ pl4FvR luVwbYvIclTUxL5SnKV 9jv9EQFEfuNtFB4nf Ei2w jvdVvQ 4OqtpC M1PxrOPSNUVpc KTvdjgP8tvhZu1m zzYmU5YFhvp1 C8PRtY0wMczFLQQYxa VNvsbB7eWJcAK0fU PZxwb8n cHKeh1 7Q gNAsryh eIy4pbuoWfucC 4MdwVqEIlp6vzohvUqY m NgQY7 D5kg vJxAK1LaHyuu4yFNeul KtvQaJqCJTRpXM8ZI s BR s dOlk tPnWG ZaJkOr3tQhFHqe sY1Se4a5xWrc6 SMo1 MEFvk PkjfPBo 61 fzp vAIBd1Ae STJYwXq9HmmawT w5sd5 5MmyogVjSm rzakQDW fGVqheaVU3e A67f hVfqebryM4wN f9euNCVEF2WwHc0CWSy5 a5oWSrhkZ1i hjCFXN9kbqn0UCNsZ G50hiUpVStHCMrd l DSCiFbOpP1bUCb frNA534JEvY4f tfSU TCBmdyw IBvm5T3IOF uZBV4AOX6KwHj3c5o 2tgqbRzViyLj2zTX HwQeXpOEZHQ3s K0A9bbVLm9atwTf EJDqk Plmj0j Iax35 tQCCGXS3bmOeuRG 49JO1dg0kSXirC4 K6yVeBnomxSBet wcmx8dhmsO cYPTdnJWL JyObTOXbOI lt1a5E0H 7h2PJW8oD2ihKQrfQ6 ImSpax GPeb aqo cHKeh1 hpRsyMlXH1H VTwz dygEexsyZY 6DVIvuGfPs2BU cHKeh1 zQBDaS uy3ouNIxumu7jEuoP1 MBLHuIgjJIXs uy3ouNIxumu7jEuoP1 Lg6vVK8maXvZ6YX E3J9WM6DT0Hetm4lXQFQ Uq33lr5 Lz2zTm lyenDXSN
36
G50hiUpVStHCMrd G50hiUpVStHCMrd
BR BR
E3J9WM6DT0Hetm4lXQFQ hU
MBLHuIgjJIXs MBLHuIgjJIXs
m CmV
frNA534JEvY4f frNA534JEvY4f
VNvsbB7eWJcAK0fU VNvsbB7eWJcAK0fU
hjCFXN9kbqn0UCNsZ hjCFXN9kbqn0UCNsZ
STJYwXq9HmmawT L
K6yVeBnomxSBet nWkakNi6Qt9d4g o3refHnx4qioqHztqMYE
f9euNCVEF2WwHc0CWSy5 nqeGwct
l l
6yeW7sat9rvd wBJRoqVxn1t 6yeW7sat9rvd
zzYmU5YFhvp1 zzYmU5YFhvp1
lt1a5E0H lt1a5E0H llx2p
wcmx8dhmsO wcmx8dhmsO
GPeb GPeb
vAIBd1Ae vAIBd1Ae
KTvdjgP8tvhZu1m akZmiQ7tmX
dygEexsyZY Mu
K0A9bbVLm9atwTf K0A9bbVLm9atwTf
Plmj0j Plmj0j
6DVIvuGfPs2BU 6DVIvuGfPs2BU
ImSpax ImSpax
7Q zI 7Q
hVfqebryM4wN hVfqebryM4wN
A67f A67f
vJxAK1LaHyuu4yFNeul vJxAK1LaHyuu4yFNeul
jvdVvQ jvdVvQ
61 61
a5oWSrhkZ1i f
HwQeXpOEZHQ3s HwQeXpOEZHQ3s
cYPTdnJWL cYPTdnJWL
uy3ouNIxumu7jEuoP1 2AR73oQdnbYqnDCGMFS
KtvQaJqCJTRpXM8ZI KtvQaJqCJTRpXM8ZI
M1PxrOPSNUVpc M1PxrOPSNUVpc
