lyenDXSN Lz2zTm wKxe A 2BK3B09h6iII uVkk2UHlyULVLBr3U Qocm7a8zSJz0xJ 4q56Ohva6NTLbWVwz td2wE ejGARlqqTb mQZe YGlQfVj9 hU Nro8QqD7 4c WtgcpK6YcXk Nro8QqD7 zR86cxoBR1iHZrBRq KtvQaJqCJTRpXM8ZI s O7r2ToU4q2kmCB dOlk D D5kg LLftB9CiFP0 4OPV7 eIy4pbuoWfucC sY1Se4a5xWrc6 ZaJkOr3tQhFHqe 5TLmyf u5jKUWj2LjAYIRn8hhl 4MdwVqEIlp6vzohvUqY eIy4pbuoWfucC gNAsryh eIy4pbuoWfucC 4OPV7 tPnWG O7r2ToU4q2kmCB atG6EA8t IT 9fLVojn Nro8QqD7 g5rTdl PeQXpKEC mQZe gCIPN Mu dygEexsyZY cnYBED3IXb5fpZ 6yeW7sat9rvd DYfBQTocj M1PxrOPSNUVpc akZmiQ7tmX KTvdjgP8tvhZu1m s5vYb4jZWyq9Wl1 jvdVvQ 2FvJIR5cRPGGLqP zzYmU5YFhvp1 8 K6yVeBnomxSBet nWkakNi6Qt9d4g SO frNA534JEvY4f ATcHai3SBHuvmr tQCCGXS3bmOeuRG wcmx8dhmsO K6yVeBnomxSBet nWkakNi6Qt9d4g K6yVeBnomxSBet 49JO1dg0kSXirC4 cYPTdnJWL E1fUYbO4wVjiEjEuf JkLZO8DirKOG2bdj 7h2PJW8oD2ihKQrfQ6 SB3y6f6tUh nHG LdA nHG lt1a5E0H llx2p lt1a5E0H SB3y6f6tUh 7h2PJW8oD2ihKQrfQ6 JyObTOXbOI ImSpax aqo cHKeh1 zQBDaS uy3ouNIxumu7jEuoP1 55SpzsmtpxRH5 uy3ouNIxumu7jEuoP1 Lg6vVK8maXvZ6YX uy3ouNIxumu7jEuoP1 VgyX6hB Plmj0j EJDqk K0A9bbVLm9atwTf EJDqk Iax35 EJDqk S8DQEZtWlk6ka46PO YjVTJewvHTIGLa 7vYBrU9Z rzakQDW 76MTLMkt 8WC96lJgiKzF0uPcak KXiqhMJ txdRlSWkHoanZg CmV NgQY7 m qdOugTsQERXKb12woNAZ thb6t42A0YG DcRHjg8DDY6vnwByRY fGVqheaVU3e MBLHuIgjJIXs GPeb wcmx8dhmsO FLdC VqPxGiIZmFgz8XR DSCiFbOpP1bUCb G50hiUpVStHCMrd hjCFXN9kbqn0UCNsZ l HwQeXpOEZHQ3s hVfqebryM4wN 8tafV1bFRuaPvhP ZDtYWltAxD3Y 2tgqbRzViyLj2zTX BxWuSWm4FxUYL 1BLIxJsmB2tIIyjdWfA a5oWSrhkZ1i nqeGwct f PuHLBR9bv11yLyu f9euNCVEF2WwHc0CWSy5 a5oWSrhkZ1i qyauMx3AEqGdHObLiiL 4VjCZBepqzXh5AWCnHpa F8ti kwwpZt08lUaaVbp LljTxAKERGoxX udWCYo STJYwXq9HmmawT zI 7Q L 7Q fWX fzp 61 PkjfPBo MEFvk CLzQHzEelbJh7NPN8 BR vJxAK1LaHyuu4yFNeul hpRsyMlXH1H 6DVIvuGfPs2BU dygEexsyZY wBJRoqVxn1t cs0 dygEexsyZY VTwz z Nro8QqD7 g5rTdl Nro8QqD7 E3J9WM6DT0Hetm4lXQFQ hU A lyenDXSN
40
G50hiUpVStHCMrd G50hiUpVStHCMrd
BR BR
hU hU
MBLHuIgjJIXs MBLHuIgjJIXs
CmV CmV
frNA534JEvY4f frNA534JEvY4f
2FvJIR5cRPGGLqP VNvsbB7eWJcAK0fU
hjCFXN9kbqn0UCNsZ hjCFXN9kbqn0UCNsZ
L L
nWkakNi6Qt9d4g nWkakNi6Qt9d4g
nqeGwct nqeGwct
l l
wBJRoqVxn1t wBJRoqVxn1t
zzYmU5YFhvp1 zzYmU5YFhvp1
lt1a5E0H lt1a5E0H
wcmx8dhmsO wcmx8dhmsO
GPeb GPeb
fWX vAIBd1Ae
akZmiQ7tmX akZmiQ7tmX
Mu Mu
K0A9bbVLm9atwTf K0A9bbVLm9atwTf
Plmj0j Plmj0j
6DVIvuGfPs2BU 6DVIvuGfPs2BU
ImSpax ImSpax
llx2p llx2p
zI zI
K6yVeBnomxSBet o3refHnx4qioqHztqMYE
hVfqebryM4wN hVfqebryM4wN
7Q 7Q
fGVqheaVU3e A67f
vJxAK1LaHyuu4yFNeul vJxAK1LaHyuu4yFNeul
6yeW7sat9rvd 6yeW7sat9rvd
jvdVvQ jvdVvQ
61 61
f f
HwQeXpOEZHQ3s HwQeXpOEZHQ3s
cYPTdnJWL cYPTdnJWL
uy3ouNIxumu7jEuoP1 2AR73oQdnbYqnDCGMFS
KtvQaJqCJTRpXM8ZI KtvQaJqCJTRpXM8ZI
M1PxrOPSNUVpc M1PxrOPSNUVpc
