6a5e7697411b4a5f9bee 9413e484b07844a0b2a5 5042f23712404074ac94 9eb57289806f45558a8e 774136cce4044ed08bc6 53a42035b7034adda5bf 2ce2b2e6256542928a0d 9a007b07478f49ea8ad1 65b7af53d28f4262bf8f 6c8fdc64a38545c8997a a11604bab4bc49008828 ab6a4a3d324a4e118998 72c52cfc431e4b0b82bd 36411ecb5b7b4ec3a8e2 cc5f406e2dcd46bebe75 eda12a5063b14342827b 9c906b337e8b4f708f0e 1cf20cc5d55a441b8446 9c906b337e8b4f708f0e a0c4fb99291e488f872a bd02ba8637cd4d18b24e 0584f8431be341e5ab2e 6ea877c3766c4669a150 0584f8431be341e5ab2e bd02ba8637cd4d18b24e 4f82fae7323443cba18a 5c8da1e70e304c18a2e4 03b01369da244ae890f3 3f86be020a0e43e4b1ff 36411ecb5b7b4ec3a8e2 cc5f406e2dcd46bebe75 6c5164d75c654b6e9e3b cc5f406e2dcd46bebe75 a5e69939e9704f81a60e 7eb60a6a304f406ea788 91cec3a2329f4857a37c e0d6bb0c69d74ec5a7c2 e2fc549039b94dfe9413 e52407732f114aa1a1dd d836b3a637a647759376 cea0fd102b73454ba9b5 d836b3a637a647759376 eb69bfc02d474eb3a982 4d0a02600180432cbc7e bd4440dc1af242438772 2cc84eddeb0f411a85bd bd4440dc1af242438772 007c7db5797943e7bd04 bd4440dc1af242438772 9c906b337e8b4f708f0e a3cee042a7d34328890f 268fc1cec41445e9ae4c d231535a16d747168db6 268fc1cec41445e9ae4c eb69bfc02d474eb3a982 bbb11a04c8a343348a26 a517a99fa3bb48a69b2a 008aafd1b0ec4150aacc c576aa1a65a847f98480 c0dbf396a3c644f697c5 821d08dd9ba24bb68d87 c0dbf396a3c644f697c5 55e89cf4bac74541ba85 1a7f1983167648c5aa97 d78d78f0d6974731a39a f3b9015900fe419ca570 113cbb314b8c423e99ac 0584f8431be341e5ab2e 79e28a889fa348f89be3 6e595bd5dd23413fa0e3 f451d0f96c4e44e5a7a2 f911fa4d522a4357aa0b 95119be28c194159a1ee aa3f52c94cbd4a128bbb 00ab75eeae43479b93a1 e0614a888e7646fbb095 e0d6bb0c69d74ec5a7c2 ebbbcdcdb3554877aeb0 5a90ec8096c2423fb598 365700b51db445e3a31a 4d6e33ce0fc84c6ea69d 950cb52e3a1446d9af98 c1b06ccaa4874b00a961 d8c441caf295405aaf52 587de4c09b3b4117bf1b 0f061ec7b93e40a5b96a 6a5e7697411b4a5f9bee
39
f3b9015900fe419ca570 728908ec3cef4db29934
2cc84eddeb0f411a85bd e3697cd0e4bb4631b60b 863d51b71d174e18a8b2
95119be28c194159a1ee 95119be28c194159a1ee d8981e847a1946839e08
a5e69939e9704f81a60e a5e69939e9704f81a60e
cc5f406e2dcd46bebe75 cc5f406e2dcd46bebe75
ebbbcdcdb3554877aeb0 ebbbcdcdb3554877aeb0
268fc1cec41445e9ae4c 268fc1cec41445e9ae4c
821d08dd9ba24bb68d87 bc0a76f3195549949d49
365700b51db445e3a31a 365700b51db445e3a31a
2ce2b2e6256542928a0d dcee8e551d34480d82e2
e0d6bb0c69d74ec5a7c2 e0d6bb0c69d74ec5a7c2
c576aa1a65a847f98480 4da00804134d4fc9a85c
6ea877c3766c4669a150 6ea877c3766c4669a150
9413e484b07844a0b2a5 68b5e6aea12140d2bb26 f4f0866d5e97488aa802 6e67d80aec8b4fc0a0f4 87ecc0a3a59f407c9b3d
ab6a4a3d324a4e118998 ab6a4a3d324a4e118998
c1b06ccaa4874b00a961 c1b06ccaa4874b00a961
bbb11a04c8a343348a26 bbb11a04c8a343348a26
0584f8431be341e5ab2e 4e25f87635bb4843b59f
5c8da1e70e304c18a2e4 5c8da1e70e304c18a2e4
f451d0f96c4e44e5a7a2 ced33625aef44e049e40 f451d0f96c4e44e5a7a2
5042f23712404074ac94 5042f23712404074ac94 12424155e29a4ad09224
d78d78f0d6974731a39a e0cb3963860e4d049310
5a90ec8096c2423fb598 5a90ec8096c2423fb598
a11604bab4bc49008828 a1480b86aa6b4e8ab46b
008aafd1b0ec4150aacc 008aafd1b0ec4150aacc
9a007b07478f49ea8ad1 9a007b07478f49ea8ad1
eda12a5063b14342827b 4aadb3216b4343adbebd
950cb52e3a1446d9af98 4fd54063e8fe4e6591e3 950cb52e3a1446d9af98 e9189c39d6f9459fb82b
00ab75eeae43479b93a1 ac82fe0455c04a6fbc21 00ab75eeae43479b93a1
d8c441caf295405aaf52 d8c441caf295405aaf52
113cbb314b8c423e99ac 113cbb314b8c423e99ac
1cf20cc5d55a441b8446 3b86319574304aac82c1 1733e0b32fcb468e9db5
3f86be020a0e43e4b1ff 3f86be020a0e43e4b1ff
79e28a889fa348f89be3 a72944b166b948ed8afb
6c5164d75c654b6e9e3b 6c5164d75c654b6e9e3b
4d0a02600180432cbc7e e73af41069ed4943a52c
4f82fae7323443cba18a 7a06c0a05152448791da
f911fa4d522a4357aa0b f911fa4d522a4357aa0b
d231535a16d747168db6 ce0b9987a99a4073beab
