2 17 199 27 131 29 161 29 14 141 36 63 35 115 110 115 88 109 59 57 11 16 11 139 40 168 50 184 50 70 100 86 182 166 45 121 53 70 31 181 91 11 57 75 109 175 178 165 26 119 34 38 117 163 52 111 85 43 97 69 135 113 195 146 132 146 172 15 95 39 10 99 151 7 196 95 39 146 101 33 55 33 97 69 44 54 52 111 42 82 191 145 160 94 60 101 123 124 87 124 20 192 1 28 137 133 154 8 155 5 48 157 21 167 164 83 21 3 47 25 185 129 154 155 104 13 147 142 143 142 37 81 72 4 177 193 144 149 153 1 51 1 77 187 103 61 23 77 65 49 179 9 2
88
1 1
3 3
5 5
7 7
9 9
11 11
13 13
15 15
17 17
55 19 55
21 21
23 23
25 25 173
27 27
29 29
31 31 93
33 33
35 35
37 37
39 39
164 41 197
43 43
45 45 189
47 47 107
49 49 73
51 51
53 53
57 57
59 59
61 61
63 63
65 65
34 67
69 69
195 71 195
75 75
77 77
157 79 157
81 81
83 83
85 85
87 87
137 89 137
91 91
95 95
97 97
99 99
101 101
103 103
10 105
109 109
111 111
113 113
115 115 183
117 117
119 119
121 121
123 123
72 125
4 127
129 129
131 131
133 133
135 135
139 139
141 141
143 143
145 145
147 147
149 149
151 151
153 153
155 155
154 159
161 161
163 163
165 165
167 167
181 169 181
196 171
175 175
177 177
179 179
185 185
187 187
191 191
193 193
199 199
