0 1 6 11 16 21 26 32 31 37 31 35 31 32 26 21 16 11 6 1 6 11 16 11 13 12 11 16 21 24 25 21 26 32 26 30 29 26 21 16 11 6 1 0 198 197 196 191 192 186 181 176 171 166 167 161 164 161 162 156 151 146 141 136 131 136 141 146 151 156 162 163 162 156 151 146 141 136 131 126 127 121 127 121 116 111 112 106 101 96 97 96 91 92 86 90 86 92 91 96 101 106 109 106 101 105 104 101 106 101 103 102 101 96 91 95 94 91 96 91 93 92 86 92 86 88 87 81 76 71 66 61 56 60 56 61 66 71 76 81 76 71 66 61 56 58 57 51 52 53 51 46 41 42 36 39 36 42 41 46 51 57 56 61 56 59 56 61 66 71 76 81 87 86 92 91 96 101 106 112 111 116 121 127 128 127 121 116 111 116 121 127 126 131 136 141 146 151 156 162 156 159 156 151 146 141 136 141 146 141 136 131 126 130 129 126 131 136 141 146 151 156 162 161 167 166 171 176 181 186 181 176 171 166 171 176 181 186 192 186 181 176 171 172 171 175 174 171 176 181 186 192 191 196 197 198 197 196 191 196 197 198 0
66
58 58
24 24
41 44
131 135
71 73 72 75 74
96 100 99 98
6 7
21 22
35 35 34
90 90
16 17 19
136 137 139 140 138
61 63 65 64 62
163 163
76 78 79 80
105 105
192 192
151 155 152 153
164 164 165
11 14
109 109
60 60
186 189 187
106 107 108
46 48 47
111 114 113
42 42
116 118
181 183 184 185
95 95
141 144 143 145 142
191 193 195
53 53
81 83 84 82
103 103
52 52
37 38
25 25
176 180 179
30 30
94 94
102 102
130 130
112 112
32 33 32
121 122
166 169 170
66 70 68
1 3
127 127
26 27
162 162
93 93
13 13
97 97
12 12
87 87
172 173
29 29
59 59
39 39
129 129
159 159
128 128
146 149
104 104
