93 71 20 169 155 124 104 132 105 101 172 27 129 74 130 75 113 77 165 143 89 168 117 49 137 161 73 86 23 52 151 82 116 128 84 163 31 139 119 1 68 79 61 38 131 36 95 2 81 141 125 171 41 22 56 34 121 176 147 26 19 154 47 91 110 72 45 159 122 140 64 170 108 39 53 177 136 87 11 99 11 66 65 126 98 4 24 107 14 0 174 70 146 46 80 94 18 62 93
82
1 1
2 2
4 4 76
14 14
18 18 157
19 19
20 20
24 24
26 26
27 27
34 34
36 36 109
38 38
39 39
91 40 91
165 43 165
46 46
47 47
49 49
45 51
52 52
53 53
56 56
132 57 67
61 61
62 62
82 63 82
64 64
65 65
66 66
70 70
72 72
73 73
74 74
75 75
77 77
79 79
80 80
81 81
84 84
86 86
87 87
176 90 176
95 95
98 98
99 99
101 101
113 102
105 105
108 108
110 110
23 111
131 115 131
116 116
117 117
119 119
121 121
122 122
124 124
125 125
129 129
130 130
136 136
137 137
94 138
140 140
141 141
143 143
146 146
147 147
151 151
154 154
155 155
161 161
163 163
168 168
169 169
170 170
171 171
172 172
174 174
177 177
