Acton Carlsbad Bellflower Bolinas Angwin Atascadero Antioch Banning Alamo Avalon Columbia Alpine Fontana Castroville August Cotati Bodfish Cartago Arbuckle Biola Brentwood Calabasas Beaumont Benicia Alpaugh Bell Artesia Fallbrook Carson Calwa Arcadia Belmont Brisbane Burbank Calimesa Barstow Capitola Avery Brea Bishop Arvin Cayucos Cambria Almanor Brawley Biggs Byron Fruitdale Escondido Albany Bayview Dinuba Alturas Florin Calexico Blairsden Calexico Anderson Cerritos Broadmoor Amesti Cabazon Crockett Campbell Arnold Bradley Caruthers Covelo Ashland Alhambra Belden Arcata Clayton Adelanto Bradbury Bakersfield Burney Duarte Cupertino Bloomington Ceres Auburn Berkeley Alameda Carrick Bonita Belvedere Calistoga Anaheim Bystrom Aromas Bootjack Azusa Beckwourth Boronda Buttonwillow Bowles Compton Acton
90
Adelanto Adelanto
Alameda Alameda
Alamo Alamo
Albany Albany
Alhambra Alhambra Burlingame
Almanor Almanor
Alpaugh Alpaugh
Alpine Alpine
Covelo Altadena
Alturas Alturas
Amesti Amesti
Anaheim Anaheim
Anderson Anderson Caribou
Angwin Angwin
Antioch Antioch
Cerritos Aptos Bluewater Cerritos
Arbuckle Arbuckle Blythe
Arcadia Arcadia
Arcata Arcata
Berkeley Armona Berkeley
Arnold Arnold
Aromas Aromas
Artesia Artesia
Arvin Arvin
Ashland Ashland
Atascadero Atascadero Bonsall
Blairsden Atherton Blairsden
Escondido Atwater
Cupertino Auberry
Auburn Auburn
August August
Avalon Avalon
Fruitdale Avenal
Avery Avery
Azusa Azusa
Bakersfield Bakersfield Canyondam
Banning Banning
Barstow Barstow
Bayview Bayview
Beaumont Beaumont
Beckwourth Beckwourth
Belden Belden
Bell Bell
Bellflower Bellflower
Belmont Belmont
Belvedere Belvedere
Benicia Benicia
Biggs Biggs
Biola Biola
Bishop Bishop
Bloomington Bloomington
Bodfish Bodfish
Bolinas Bolinas
Bonita Bonita
Bootjack Bootjack
Cotati Boron
Boronda Boronda
Bowles Bowles
Bradbury Bradbury
Bradley Bradley
Brawley Brawley
Brea Brea
Brentwood Brentwood
Brisbane Brisbane
Broadmoor Broadmoor
Burbank Burbank Camarillo
Burney Burney
Buttonwillow Buttonwillow
Byron Byron
Bystrom Bystrom
Cabazon Cabazon
Calabasas Calabasas
Calexico Calexico
Calimesa Calimesa
Crockett Calipatria
Calistoga Calistoga
Calwa Calwa
Cambria Cambria
Campbell Campbell
Capitola Capitola
Carlsbad Carlsbad
Duarte Carmichael
Columbia Carpinteria
Carrick Carrick
Carson Carson
Cartago Cartago
Caruthers Caruthers
Castroville Castroville
Cayucos Cayucos
Ceres Ceres
