0 22 31 20 30 40 51 52 61 70 71 81 101 100 91 93 103 102 122 112 123 133 143 132 111 92 82 80 90 62 63 73 64 75 84 94 95 85 105 115 126 135 124 114 104 106 116 117 128 138 137 147 157 156 155 165 175 174 173 172 182 181 162 151 150 161 162 171 180 192 193 184 185 186 196 188 178 168 167 158 159 149 139 129 118 107 97 87 88 77 76 66 56 57 47 46 45 55 54 43 33 24 35 36 26 27 28 19 8 17 6 15 4 3 13 12 11 0
95
3 3
4 4
6 6
8 8
11 11
12 12
13 13
15 15
17 17
19 19
20 20
22 22
24 24
26 26
27 27
28 28
30 30
31 31
33 33
35 35
36 36
40 40
43 43
45 45
46 46
47 47 58
51 51
52 52
54 54
55 55
56 56
57 57
62 62
63 63
64 64
66 66
73 73
75 75
76 76
77 77
80 80
82 82
84 84
85 85
87 87
88 89
90 90
91 91
92 92
94 94
95 95
104 104
105 105
107 107
111 111
112 112
114 114
115 115
129 119
123 123
124 124
126 126
132 132
135 135
137 137
138 138 148
139 139
143 143
147 147
149 149
150 150
151 151
155 155
156 156
157 157
158 158
159 159
161 161
162 162
167 167
168 168
171 171
172 172
173 173
174 174
175 175
178 178
180 180
184 184
185 185
186 186
188 188
192 192
193 193
196 196
