Loc1 Loc10 Loc100 Loc156 Loc192 Loc157 Loc38 Loc113 Loc151 Loc59 Loc151 Loc113 Loc77 Loc36 Loc152 Loc34 Loc18 Loc88 Loc7 Loc131 Loc99 Loc187 Loc14 Loc199 Loc76 Loc49 Loc46 Loc72 Loc15 Loc121 Loc134 Loc190 Loc138 Loc168 Loc47 Loc83 Loc47 Loc61 Loc155 Loc193 Loc0 Loc69 Loc115 Loc194 Loc92 Loc40 Loc161 Loc50 Loc158 Loc197 Loc86 Loc186 Loc96 Loc186 Loc122 Loc79 Loc80 Loc45 Loc167 Loc120 Loc101 Loc146 Loc175 Loc146 Loc26 Loc191 Loc159 Loc191 Loc6 Loc191 Loc145 Loc90 Loc153 Loc150 Loc183 Loc53 Loc22 Loc60 Loc174 Loc84 Loc141 Loc126 Loc11 Loc93 Loc8 Loc185 Loc133 Loc4 Loc171 Loc4 Loc3 Loc29 Loc178 Loc147 Loc178 Loc27 Loc58 Loc75 Loc135 Loc85 Loc98 Loc166 Loc111 Loc128 Loc91 Loc194 Loc94 Loc130 Loc41 Loc87 Loc173 Loc102 Loc176 Loc138 Loc70 Loc23 Loc95 Loc70 Loc106 Loc56 Loc195 Loc165 Loc188 Loc56 Loc180 Loc121 Loc5 Loc12 Loc154 Loc162 Loc9 Loc108 Loc17 Loc48 Loc172 Loc64 Loc71 Loc42 Loc16 Loc1
81
Loc0 Loc0
Loc3 Loc3
Loc5 Loc5
Loc6 Loc6
Loc7 Loc7
Loc8 Loc8
Loc9 Loc9
Loc11 Loc11
Loc42 Loc13
Loc14 Loc14
Loc15 Loc15
Loc16 Loc16
Loc17 Loc17
Loc18 Loc18
Loc165 Loc19 Loc110 Loc160 Loc177
Loc158 Loc20 Loc132 Loc140
Loc23 Loc23
Loc146 Loc25 Loc97
Loc27 Loc27
Loc1 Loc30
Loc47 Loc31 Loc163
Loc70 Loc32 Loc65 Loc124
Loc174 Loc33
Loc162 Loc37 Loc54 Loc144
Loc38 Loc38
Loc77 Loc39 Loc52 Loc77
Loc197 Loc44 Loc197
Loc46 Loc46
Loc50 Loc50
Loc173 Loc51
Loc53 Loc53
Loc108 Loc57
Loc60 Loc60
Loc61 Loc61
Loc45 Loc62 Loc170
Loc10 Loc67 Loc107 Loc137 Loc143
Loc71 Loc71
Loc36 Loc74
Loc75 Loc75
Loc76 Loc76
Loc83 Loc83
Loc85 Loc85
Loc91 Loc91
Loc94 Loc94
Loc95 Loc95
Loc96 Loc96
Loc99 Loc99
Loc100 Loc100
Loc101 Loc101
Loc157 Loc103
Loc106 Loc106
Loc155 Loc109
Loc111 Loc111
Loc93 Loc118
Loc122 Loc122
Loc128 Loc128
Loc58 Loc129
Loc133 Loc133
Loc141 Loc141
Loc145 Loc145
Loc147 Loc147
Loc135 Loc149
Loc153 Loc153
Loc154 Loc154
Loc159 Loc159
Loc167 Loc167
Loc168 Loc168
Loc171 Loc171
Loc172 Loc172
Loc175 Loc175
Loc176 Loc176
Loc180 Loc180
Loc187 Loc182
Loc183 Loc183
Loc188 Loc188
Loc121 Loc189
Loc190 Loc190
Loc192 Loc192
Loc195 Loc195
Loc151 Loc151
Loc59 Loc59 Loc123
