pace market vegetarian exile title pipe blonde shiver ignore audience sunrise rent swear coast profound view dive coincide identity straighten pig pier interactive error widen extort page separate science blonde native development skeleton profound view compromise shiver ignore due ignore shiver blonde virgin winner boom quality boom winner assignment winner virgin blonde native development confrontation development native mature prospect snuggle quiet feature demand injury tolerate decisive greeting begin lake thirsty dough physics linger title mystery driver imposter tablet note deter terms hospitality teacher ex beg control enemy ask quadruple ask enemy stress enemy illusion tool liver swop joystick beg ex teacher ex spoil desk enemy ask candle dialogue home dialogue rage bitter coffin attraction guarantee attraction excuse rob demand injury flag injury demand feature enter offset chew curriculum bleed smile bleed environment interface electronics swop nationalist brake bowel structure throne country triple country knot country single country throne respect chair mixture mercy financial injection pardon vegetarian exclusive dip opposed dramatic exempt buffet election lifestyle cotton paper viable likely comfortable likely other pace
96
exclusive exclusive
identity identity
injection injection
market market
nationalist acceptance
exempt exempt
coffin coffin
begin begin
teacher teacher
quality autonomy
development development
compromise drawer
control control
swop swop
stress stress
audience audience
injury injury
deter deter
environment environment
virgin virgin
tablet tablet
single output
dip dip
terms thumb
structure structure
buffet buffet
viable viable
dough dough
assignment assignment
coincide coincide
rent atmosphere rent
cotton cotton
triple triple
mature mature
pig pig
spoil spoil
profound profound
curriculum curriculum
widen widen
dive dive
shiver shiver
smile smile headline
note note
flag flag
physics physics
driver driver
tool railcar tool
mercy mercy
error error
throne throne
decisive decisive
candle candle
illusion illusion
rob rob
brake scheme
offset offset
knot knot
country country
comfortable comfortable
native native
skeleton skeleton
guarantee guarantee
coast coast
interface interface
electronics electronics
other other
confrontation confrontation forge
exile exile
pace pace
ask ask
imposter imposter
enemy enemy
straighten straighten
quadruple quadruple
liver liver
pardon pardon
due due
likely likely
bowel bowel
home home
financial financial
lifestyle lifestyle
ignore ignore
interactive interactive
respect respect
swear swear
chair chair
page page
boom boom
greeting greeting
attraction attraction
rage rage
election election
excuse excuse
feature feature
pipe pipe
