9iIwk 6EWVx jT5CK qkJ6b 1xmtC XYzcU 1xmtC Mj2eQ iEXNY ZzWHp MA43U jYfXn Ew56P 9ejIc Ew56P SgDk6 Ew56P LZomt QVYVG RhUVQ aHGHb WGJpQ vE0Pj knY3U Ri2t4 1uRw3 WJNpN AgYPL WJNpN YH6mk Y7IDR YH6mk 5ioW1 Be0ab XZKtP 5ioW1 vrNke k6V9L TI54i pXCjI ZgtaX veOJ7 ZgtaX BnAjj k64Ok fS0W8 Esl6u rrNj1 0mah3 ChXAd 1eRkH 9iIwk jASvw YZysZ 0GdkR oqPYQ jASvw 9iIwk
36
WJNpN 5VT1H
jT5CK jT5CK 5BDPJ
XZKtP bXinH XZKtP dw7aX
qkJ6b qkJ6b
Y7IDR Y7IDR 4a0W8
AgYPL AgYPL tnjfN
XYzcU XYzcU
vE0Pj vE0Pj
9iIwk 5R5Xa h2rea 9iIwk
iEXNY iEXNY
WGJpQ WGJpQ
1uRw3 1uRw3 1pxZM
1eRkH 1eRkH
veOJ7 veOJ7 iCgvV
YH6mk YH6mk
knY3U jAwQw
Ri2t4 Ri2t4 y89SK
jYfXn jYfXn
ChXAd ChXAd
Mj2eQ Mj2eQ
ZzWHp ZzWHp
jASvw jASvw
5ioW1 5ioW1
SgDk6 SgDk6
1xmtC 1xmtC
ZgtaX JgjFI Vake4 ZgtaX
0GdkR 0GdkR
fS0W8 fS0W8 p9vQm
oqPYQ oqPYQ
Be0ab Be0ab
LZomt LZomt
aHGHb kmzhT aHGHb
pXCjI pXCjI
BnAjj BnAjj
QVYVG 7G74f
RhUVQ RhUVQ
