HAZtD 6gp0A kPB79 Ssao4 UqGfS X2hjX vfAR8 EyMEe Cg1yP J0OP0 F7CZj RN9nS 3NU9e aWuHk XbFfE O8CwF XbFfE p3gJd 15wtn Mm2U8 15wtn 4AhmX 93R2m 4AhmX jesVt 69WZh Q5zY0 kvy7i Ia6ul eVDVP Agb0E WVEjT wVSYr WVEjT b9v0q eVDVP Ia6ul kvy7i Q5zY0 DchVt 7WH0C R6NzB 0FMEI tgL8p DmTRc GfIsc bMhFI 36fTo SfSL1 RkCLD E6pda e7SjH DuU0x e7SjH o2JtM 8x5TS ejBhY Vg6Sz iIQll GrnJ7 SEc9N gNinx GrnJ7 rmW0U bMhFI SfSL1 RkCLD 2kvzl RkCLD SfSL1 CHx6u rmW0U GrnJ7 iIQll Vg6Sz iPRoT 6sv9O HAKlt 0moVI rVnMc OWqP4 rVnMc SxklZ BaYb3 1VA1I BaYb3 IOpdQ 7kY28 URrao qz2Of iimZq GUEko 0moVI HAKlt Pk19A HAKlt 6sv9O GWb7L 6sv9O iPRoT Q8lcd iPRoT TyY1w 6sv9O HAKlt 0moVI GDCfm iimZq 6sv9O OEGHh Njpie 6sv9O ejBhY 8x5TS o2JtM TvWc0 o2JtM 8x5TS ejBhY Vg6Sz iIQll 7ZJYA iIQll GrnJ7 v9joy GrnJ7 rmW0U HOuAL rmW0U GrnJ7 DmTRc tgL8p 0FMEI RWE9G 0FMEI R6NzB VJX0I SE1WY fWz4T SE1WY ZKvNM v0WXM 7WH0C mdIe6 69WZh jesVt 69WZh zrVPv 69WZh onBu6 69WZh 15wtn cu5FB 15wtn npBgR 15wtn p3gJd aWuHk 3NU9e CXkxa ED9em CXkxa 3NU9e aWuHk XbFfE O8CwF aegld C4biR 93R2m 4AhmX GmE3O 4AhmX Qz8Ub rH3nx 1gvq4 XWtdT GxQg8 1gvq4 cMyGs DaieK p3gJd cpzS8 acHTt cpzS8 p3gJd Q9Dex lJnz7 1gvq4 rH3nx p3gJd XbFfE p3gJd cpzS8 p3gJd 9cp56 0F8yg 4PSW9 sU69u 9cp56 p3gJd cC0Rg gpbSj u60s4 cC0Rg p3gJd qXBVG p3gJd cpzS8 AwFdf 2zHfe fExZu 2zHfe AwFdf cpzS8 p3gJd mJExt iqOI4 UqGfS kPB79 6gp0A HAZtD
78
7kY28 pLg86 7kY28
iIQll p4kTx iIQll
AwFdf kNG2j AwFdf
aWuHk aWuHk
DaieK uPUO1 DaieK
4AhmX 4AhmX
bMhFI bMhFI lF8gH
HOuAL HOuAL
1VA1I Zok18 1VA1I
u60s4 Zxvdf u60s4
cu5FB cu5FB
0moVI 0moVI
Agb0E VG4na Agb0E
UqGfS UqGfS NqBQW
2kvzl xKTIz
EyMEe z82fM
OWqP4 OWqP4
URrao URrao fiXIW
DuU0x DuU0x BIY9X
zrVPv zrVPv wedr3
WVEjT WVEjT
RN9nS RN9nS
R6NzB R6NzB
ZKvNM TzGS5
Pk19A Pk19A
kPB79 4Tt2a 4PXv9
ED9em 5h4rt ED9em
b9v0q SEkfX
DmTRc 4jcrD DmTRc
cC0Rg cC0Rg
vfAR8 vfAR8 bW6Ms
gNinx gNinx
Q8lcd Q8lcd
v0WXM iHR3J
GxQg8 GxQg8
HAKlt HAKlt
e7SjH 2LhKB
fExZu fExZu v7hOX
jesVt jesVt
O8CwF O8CwF TlJnt
CHx6u CHx6u
fWz4T fWz4T EgumV
rmW0U 9tf0w
8x5TS H1xt8
1gvq4 1gvq4
J0OP0 J0OP0 iKwe0
lJnz7 lJnz7
mdIe6 mdIe6
X2hjX X2hjX
SxklZ SxklZ VESmp
aegld aegld
eVDVP eVDVP
15wtn ox9Gx
p3gJd p3gJd
Ia6ul Ia6ul
E6pda E6pda
0F8yg 0F8yg
acHTt acHTt
iimZq iimZq
GDCfm 6owsT
HAZtD wnnBN
GrnJ7 UbqWX iaaYU
Vg6Sz Vg6Sz
sU69u 5EAEu
4PSW9 zcuSA
cpzS8 cpzS8
IOpdQ IOpdQ
CXkxa Lusir
iqOI4 iqOI4
BaYb3 BaYb3
Ssao4 Ssao4
rH3nx rH3nx
qz2Of 8Qx0C
69WZh 69WZh
gpbSj gpbSj
RWE9G 2GCiD
v9joy v9joy
Cg1yP Cg1yP
