location12 location1 location11 location26 location29 location47 location15 location2 location35 location32 location36 location5 location25 location28 location24 location39 location4 location37 location44 location38 location45 location8 location23 location10 location0 location19 location46 location40 location33 location3 location34 location22 location12
22
location8 location8
location10 location10
location15 location15
location24 location24
location25 location25
location34 location34
location35 location35
location37 location37
location40 location40
location39 location42 location39 location17
location45 location45
location47 location47
location1 location1
location5 location5 location30
location22 location22
location2 location2
location3 location3
location4 location4
location11 location11
location29 location29
location32 location32
location38 location38
