loc0 loc38 loc27 loc58 loc99 loc16 loc63 loc28 loc60 loc4 loc48 loc10 loc6 loc90 loc44 loc30 loc46 loc24 loc56 loc87 loc68 loc36 loc82 loc78 loc26 loc84 loc88 loc42 loc70 loc51 loc8 loc69 loc86 loc39 loc72 loc96 loc15 loc80 loc18 loc14 loc12 loc0
38
loc0 loc0 loc2 loc62 loc66
loc4 loc4
loc6 loc6
loc8 loc8
loc10 loc10
loc12 loc12
loc14 loc14
loc16 loc16
loc18 loc18 loc52
loc87 loc20
loc78 loc22 loc34 loc78
loc24 loc24
loc26 loc26
loc28 loc28
loc30 loc30
loc48 loc32 loc48 loc50
loc36 loc36
loc38 loc38
loc51 loc40 loc76
loc42 loc42
loc44 loc44
loc46 loc46
loc72 loc54 loc72
loc56 loc56
loc58 loc58
loc60 loc60
loc39 loc64 loc94
loc68 loc68
loc70 loc70
loc63 loc74 loc98
loc80 loc80
loc82 loc82
loc84 loc84
loc86 loc86
loc88 loc88
loc90 loc90
loc99 loc92
loc96 loc96
