loc0 loc11 loc66 loc27 loc92 loc99 loc58 loc27 loc116 loc120 loc108 loc14 loc18 loc52 loc159 loc184 loc15 loc140 loc96 loc112 loc159 loc80 loc192 loc122 loc39 loc72 loc54 loc177 loc194 loc117 loc158 loc117 loc64 loc72 loc181 loc108 loc33 loc120 loc197 loc60 loc28 loc63 loc124 loc132 loc196 loc102 loc36 loc160 loc183 loc34 loc78 loc176 loc147 loc188 loc42 loc70 loc168 loc118 loc168 loc130 loc51 loc40 loc123 loc110 loc114 loc174 loc44 loc198 loc170 loc21 loc144 loc32 loc105 loc106 loc165 loc128 loc165 loc4 loc126 loc148 loc48 loc97 loc90 loc134 loc45 loc182 loc180 loc162 loc30 loc46 loc24 loc109 loc114 loc119 loc138 loc88 loc84 loc139 loc42 loc8 loc129 loc176 loc69 loc26 loc78 loc186 loc22 loc189 loc146 loc150 loc19 loc12 loc0
81
loc0 loc0
loc132 loc2 loc38 loc62 loc74 loc132
loc4 loc4
loc45 loc6 loc164
loc8 loc8
loc48 loc10 loc48
loc12 loc12
loc14 loc14
loc99 loc16
loc18 loc18 loc100 loc172 loc178
loc144 loc20 loc144
loc22 loc22
loc24 loc24
loc26 loc26
loc28 loc28
loc30 loc30
loc32 loc32
loc34 loc34
loc36 loc36 loc68
loc40 loc40
loc42 loc42 loc166
loc44 loc44
loc46 loc46
loc105 loc50
loc52 loc52
loc54 loc54
loc174 loc56 loc174 loc190
loc58 loc58
loc60 loc60
loc64 loc64
loc66 loc66 loc156
loc70 loc70
loc72 loc72
loc51 loc76
loc78 loc78
loc80 loc80
loc189 loc82
loc84 loc84
loc177 loc86 loc94 loc142
loc88 loc88
loc90 loc90
loc92 loc92
loc96 loc96
loc63 loc98
loc102 loc102
loc21 loc104
loc106 loc106
loc108 loc108
loc110 loc110
loc112 loc112
loc114 loc114
loc116 loc116
loc118 loc118
loc120 loc120
loc122 loc122
loc124 loc124
loc126 loc126
loc128 loc128
loc130 loc130
loc134 loc134
loc117 loc136 loc154
loc138 loc138 loc152
loc140 loc140
loc146 loc146
loc148 loc148
loc150 loc150
loc158 loc158
loc160 loc160
loc162 loc162
loc168 loc168
loc170 loc170
loc176 loc176
loc180 loc180
loc182 loc182
loc184 loc184
loc186 loc186
loc188 loc188
loc192 loc192
loc194 loc194
loc196 loc196
loc198 loc198
