0 10 21 22 31 42 52 63 64 74 75 76 87 97 98 109 119 129 138 128 117 116 115 114 113 123 132 143 144 145 135 136 137 148 149 159 169 178 188 197 187 177 168 169 179 189 199 198 188 178 168 157 147 136 126 115 105 94 84 83 82 81 80 70 71 72 83 93 104 114 125 135 146 156 167 177 167 156 146 135 126 127 128 117 107 96 86 75 65 64 73 83 72 62 52 42 32 23 24 34 45 34 24 13 3 4 5 6 7 8 17 16 15 26 36 47 57 58 69 79 89 98 109 99 89 78 68 77 76 86 85 95 94 84 73 64 53 43 42 51 61 71 82 81 90 100 110 121 131 132 133 123 122 132 142 152 163 173 172 183 184 183 182 192 193 194 195 196 186 175 166 156 146 155 165 154 164 153 152 151 162 161 160 150 140 130 120 110 111 101 102 103 104 114 125 126 127 116 107 108 118 129 139 149 158 148 147 157 167 176 187 186 185 174 164 153 144 134 124 114 105 106 96 87 96 97 98 88 78 69 59 49 39 38 37 28 18 9 8 7 6 5 4 14 24 34 33 44 54 55 46 35 25 14 13 12 11 12 2 1 0
97
53 53
125 125
186 186
86 86
31 31
152 152
154 154
114 114
61 61
10 20
130 130
196 196
160 160
80 80
108 108
127 127
18 29 18
22 22
99 99
77 77
12 12
101 101
82 82
15 15
103 103
2 2
178 178
155 155
64 64
21 21
188 188
122 122
158 158
9 9
33 33
132 132
51 51
71 71
16 16
123 123
39 39
68 68
139 139
95 95
146 146
147 147
5 5
164 164
149 149
166 166
175 175
151 151
4 4
76 76
167 167
87 87
83 83
189 189
118 118
182 181 182
73 73
153 153
8 8
120 120
184 184
81 81
129 129
133 133
26 26
17 17
105 105
140 140
111 111
37 48 37
165 165
150 150
43 43
42 42
45 45
94 94
70 70
98 98
104 104
107 107
199 199
198 198
96 96
161 161
116 116
102 102
24 24
183 183
187 187
72 72
89 89
176 176
57 67
