start g8 g10 g11 g14 g19 g23 g19 g24 g20 g15 g12 g16 g21 g25 g21 g17 g13 g9 g7 g6 start e17 e15 e24 e12 e23 e10 e22 e8 e6 e4 e3 e20 e2 e1 start g5 g1 g4 g3 start d3 d4 d2 d1 start f11 start h3 h25 h4 start a1 start f14 f13 f6 f15 f16 f17 f15 f5 f12 f13 f14 start h1 h11 h10 h9 h8 h1 start c6 c7 c24 c23 c30 c29 c27 c31 c35 c36 c20 c21 c20 c17 c18 c17 c20 c11 c12 c13 c10 c9 c8 c3 c1 c3 c5 c6 start a5 a3 a4 a2 start f14 f9 f18 f19 f20 f10 f14 start b16 b17 b18 b23 b18 b19 b20 b21 b25 b21 b20 b19 b18 b23 b27 b23 b18 b17 b16 b10 b9 b8 b7 b1 b7 b8 b9 b10 b11 b12 b4 b12 b13 b12 b11 b10 b16 start
70
g1 g1
g5 g2 g5
g3 g3
g4 g4
g6 g6
g7 g7
g8 g8
g9 g9
g10 g10
g11 g11
g12 g12
g13 g13
g14 g14
g15 g15
g16 g16
g17 g17
g23 g18 g23
g19 g19
g20 g20
g21 g21
g25 g22 g25
g24 g24
f11 f11
f12 f12
f13 f13
f14 f14
f15 f15
f16 f16
f17 f17
f18 f18
f19 f19
f20 f20
b1 b1
b8 b2
b11 b3
b4 b4
b13 b5 b6
b21 b15
b20 b24
b25 b25
b27 b26
c1 c1
c5 c5
c10 c10
c13 c13 c15
c17 c17
c21 c21
c23 c23
c27 c26 c27
c31 c31 c33
d1 d1
d4 d4 d5
a1 a1
a2 a2
a3 a3
a4 a4
a5 a5
e1 e19
e20 e20
e4 e21
e22 e22
e23 e23
e24 e24
e15 e25
h9 h9
h11 h13
h25 h17 h24
start h18
h4 h22
h3 h26
