Zjo93yXsdcDV6Oit TlojxXhc2qYoWZfd YlcO1JeEppwz4eg7 tQutySsTV1RolOTN b8Vzk6q5jI9QJXC8 e9vcyjNNidNUI5lw yE2ZPAIzLgGY7glD csYok6RDEEUhtSFo XxpoDiTW03kVmIFK Yp0NUpVecdudihTb 8Kka2UWih5IQ1cpb B5jkVyVn3f7O2An6 tdEnQcfBy667BmIr L25OgxwPsOzFiHDa w2eQINfJGzFmJVSa aS5gP3tBqF72MHBj FpgNaPpArWgevKg6 xoNuVQFyUNw60SHt 5n1nluRaX0VkRu5Y mp9G8QwevnO2Hxc1 jL8h52rHOflXCXG0 ja6XsDQlFAUw1yfc At29Qn6ybXGjj4BZ HzeL7kqwHpJiFrZV YwKbp1yTO34FUrbo LHmgxJJGYDLYYymZ ODpK9gk17jDT3Sp2 ksuRDz3lVhXKZaYK PNqsQWIcQ5cFHA0e HTIVnzfE1Yii5xog 6egkf72ClmAyyvWb oheo0bgdJ9E5AaZ3 yZq8BYkssUcfIKn0 1tbAFBLUOcEKBREU UH9oVz7dFZbHTRhz 7rCQ85ozq5ueBf3n DCIaACaQkHoovJqQ gbLSiDepCxsLEFEh CXs92joGuF2B74ma rz2oBnI3oNG0KAjO XPIKYdfAB6ArI8mX rz2oBnI3oNG0KAjO XRg1za6FD52J6r5T fsJIyl84Ptdh66ID vkQjvHsBMR7mOnyN 6GooyGuiju54f88f 3nUfHHB7quaxw3FP IXSaZ3tByNZthkqV 3nUfHHB7quaxw3FP wPFBAldpZF3WcEqd dtyOV6qcOqKFtIlH JTnpCiiBDFzgRSXg LjKfvPnu1IVb9d8E dBEYMpdveobbOa64 Plb766RuoiNfkOGW dBEYMpdveobbOa64 ZASkL5Mxwr8cbBFG TEBcdk0AQd6dKevH pi9Gjwqb8nw39ALT m8Rn3gh3HBuT9R8d qKKAwpkuJY9E8dpl kmMzOIvorXbmvHXw 8vLm5GS8pptr9y8t kmMzOIvorXbmvHXw 6Gt5ffOE5tOJA8A7 FzSHaHADmN7Zbhbr 1r13Qnmq9ixI97Qj FzSHaHADmN7Zbhbr 8ae7BICLTSRkgPWv yILnNjtdKS6kD3NP 6GsK7I0daq8OZxaS xLhGn69fZWxkF2ME ngcwhTcmwXuonGlk 0rKC7Chib5iDGjTC SLuZYQ4lYwLMQuMp 0BNdm9hpaqd4q3Tx EuY7nNg1nWHDnCBx Dg4uIWuVD7Xd3FfI drsNw5E8nXGgcxxE 2hsCdf5s2NPqItPy 3SYpu8y7n2lFaEgA 2hsCdf5s2NPqItPy HqZKcXPbTIsIN6eT 0Pfip4BXzoRzyFv2 kWAnmn2xV4T8moWO Byr8ftz6Pn4uac3K Gypke7sesv6WDuj9 fBCH5yXHMW5jQJjk z6aHWvfWV1YcOU3s uuhviI1p7F0sChqp z6aHWvfWV1YcOU3s QSabhET5tNnXgX60 asqla05DvWvndrgH qQzEeIfIOpoI9qKk ZsdU4FLz0FoJAHOC e9DWnoEu0mxMb9VK tZ46uZudk7AfSXt1 9L0zlmq9jRh6nd1I J5iqQt6wukvg6KLY rvadWwbDVrEOdUmt RnvIh4TOetAfG82E WVwd9ExLXa3zphJn ziJdi0Y4mj4TIJZ9 bpy0VAq3GZuO2R8U HAZt9xslXTTIQrh6 9L0zlmq9jRh6nd1I ZsdU4FLz0FoJAHOC e9DWnoEu0mxMb9VK KHBd51v9Lk79JoNu 9pH9xdreYrmVM1JI OMjRZA0G6vbBxKd5 qeVT6FbNKHRizFU8 xlWntBwCLfHgHam8 1bDI0W7o3Pb2zYhB QSabhET5tNnXgX60 LI7uFZ34s97AeNpk Gypke7sesv6WDuj9 8pFqGmxaOhvFeBf4 jVrty3u6KGOjBg80 W4POX5YqpnnI3x1U LdwRPFzBNqStC5X8 1yeDQmwUGYi8LEVC 0Pfip4BXzoRzyFv2 3PEg9lFbqEimkqjc CvZWFxoaMZYhwHYj EotYPttMvJbBfyaO Dg4uIWuVD7Xd3FfI pKGVzMiXVo3v1oQu EuY7nNg1nWHDnCBx 0BNdm9hpaqd4q3Tx uRc2j178KRm3sVAY fg0WyZdFGAAZWRqK pKGVzMiXVo3v1oQu EuY7nNg1nWHDnCBx 1ByTcIJH8XabOIWu 6La4alyyQSzgrmmj TbM88DujEo9BSxqT yILnNjtdKS6kD3NP nPVdEshNZOOx6qGx 1Eq6CyZRaHXkARva LsIlvCjQu9Xqre9U nkKMB647tDItOdTX 2v7uFoKD90sPVOTA 27KMNaF72cTW0PDA U5CEflgpFptgqHUL quCqGzaCZ5rVk9Gn ngcwhTcmwXuonGlk LZyPcj0slZv1Vk6U nkKMB647tDItOdTX 2v7uFoKD90sPVOTA AvHIDL41dbfeNksW YHVvi99ucaU9tYgf u7i0C02E9nMoZ6Ab 6GsK7I0daq8OZxaS LUoJ0iRCc71uZfNX gqX9V4QU6KrO7JGI MxcmtGZ6qJUnGaxB gqX9V4QU6KrO7JGI LUoJ0iRCc71uZfNX nPVdEshNZOOx6qGx 1Eq6CyZRaHXkARva 3th5kfdmmYoxH6sF 8ae7BICLTSRkgPWv uN0YmlR4YKMmyTVh Of6XUqufA1wxpnuj ZASkL5Mxwr8cbBFG M9il2j2XBWeGdURv 6Hb2AkYl2iXZkxwX OzkTPNRXrshRdmSk TTpGfZcLK9H1r488 wPFBAldpZF3WcEqd 6Hb2AkYl2iXZkxwX dtyOV6qcOqKFtIlH 3nUfHHB7quaxw3FP z6FjXytEu6d6tpnP XPIKYdfAB6ArI8mX P5s4K3vn5D6QckKy P86w2YmfZZMrKQDs gbLSiDepCxsLEFEh Qekd7ffZxAXDfLzq DtNMJrqE8gQwtB9A qu8g8cZOs78HG0ai 1UXSQQmGAB5bOsgu Qekd7ffZxAXDfLzq sbSIdAF67MT22Zr9 7rCQ85ozq5ueBf3n UH9oVz7dFZbHTRhz 1tbAFBLUOcEKBREU 51L9NWAsddRNCbso c0cA6NRQN8P1fJLx 6egkf72ClmAyyvWb HTIVnzfE1Yii5xog ksuRDz3lVhXKZaYK tE0AXQQBQImVJ6nW ZpYXkDvB4yWlBwtb lWi5N9iGPSdFbw4x 7exc1QixP81F0w95 UfyxHlwDsSdZxUWq mp9G8QwevnO2Hxc1 xoNuVQFyUNw60SHt jBnrdVZITnwrbrWj SXePDE8VmWVNc3gI AzbeVJsoSmTMPZLM 2jauppFGbaMwTDI2 AzbeVJsoSmTMPZLM aS5gP3tBqF72MHBj lFfRvw2OBMTapK25 L25OgxwPsOzFiHDa tdEnQcfBy667BmIr cKUQBLkhJ2YTpTZk B5jkVyVn3f7O2An6 10BaRDIVtibSNqCT B5jkVyVn3f7O2An6 8Kka2UWih5IQ1cpb Yp0NUpVecdudihTb XxpoDiTW03kVmIFK csYok6RDEEUhtSFo sas60VSUYjFu8PHB dhHQUqzQAf17QtlS JBll5vlJZ1mcnrE9 UZSiMvKda5EcJ9hm 5gVgbSJalKNpCPGR XePd6S3LslDFdMfx Zjo93yXsdcDV6Oit
88
HAZt9xslXTTIQrh6 HAZt9xslXTTIQrh6
bpy0VAq3GZuO2R8U bpy0VAq3GZuO2R8U
ziJdi0Y4mj4TIJZ9 ziJdi0Y4mj4TIJZ9
RnvIh4TOetAfG82E RnvIh4TOetAfG82E
OMjRZA0G6vbBxKd5 OMjRZA0G6vbBxKd5
WVwd9ExLXa3zphJn WVwd9ExLXa3zphJn
9pH9xdreYrmVM1JI 9pH9xdreYrmVM1JI
J5iqQt6wukvg6KLY J5iqQt6wukvg6KLY
rvadWwbDVrEOdUmt rvadWwbDVrEOdUmt
qeVT6FbNKHRizFU8 qeVT6FbNKHRizFU8
9L0zlmq9jRh6nd1I 9L0zlmq9jRh6nd1I
tZ46uZudk7AfSXt1 tZ46uZudk7AfSXt1
qQzEeIfIOpoI9qKk qQzEeIfIOpoI9qKk
ZsdU4FLz0FoJAHOC ZsdU4FLz0FoJAHOC
e9DWnoEu0mxMb9VK e9DWnoEu0mxMb9VK
KHBd51v9Lk79JoNu KHBd51v9Lk79JoNu
xlWntBwCLfHgHam8 xlWntBwCLfHgHam8 K5TJWlCDC2GiIJEC
asqla05DvWvndrgH asqla05DvWvndrgH
QSabhET5tNnXgX60 QSabhET5tNnXgX60
1bDI0W7o3Pb2zYhB 1bDI0W7o3Pb2zYhB
z6aHWvfWV1YcOU3s 9dVIdmIqrww8IL0A z6aHWvfWV1YcOU3s
uuhviI1p7F0sChqp uuhviI1p7F0sChqp eRAtRmExinGYKjYs
fBCH5yXHMW5jQJjk fBCH5yXHMW5jQJjk 5TjXpBJuIWCWGZis
LI7uFZ34s97AeNpk LI7uFZ34s97AeNpk
8pFqGmxaOhvFeBf4 8pFqGmxaOhvFeBf4
Gypke7sesv6WDuj9 Gypke7sesv6WDuj9
jVrty3u6KGOjBg80 jVrty3u6KGOjBg80
W4POX5YqpnnI3x1U W4POX5YqpnnI3x1U
Byr8ftz6Pn4uac3K Byr8ftz6Pn4uac3K
LdwRPFzBNqStC5X8 LdwRPFzBNqStC5X8
kWAnmn2xV4T8moWO kWAnmn2xV4T8moWO
1yeDQmwUGYi8LEVC 1yeDQmwUGYi8LEVC
0Pfip4BXzoRzyFv2 0Pfip4BXzoRzyFv2
3SYpu8y7n2lFaEgA 3SYpu8y7n2lFaEgA
3PEg9lFbqEimkqjc 3PEg9lFbqEimkqjc
2hsCdf5s2NPqItPy 2hsCdf5s2NPqItPy
HqZKcXPbTIsIN6eT HqZKcXPbTIsIN6eT
drsNw5E8nXGgcxxE drsNw5E8nXGgcxxE 2yhNJ9fcTz8hRVDj
CvZWFxoaMZYhwHYj CvZWFxoaMZYhwHYj
EotYPttMvJbBfyaO PmJZCdR41rbLgXgi EotYPttMvJbBfyaO
Dg4uIWuVD7Xd3FfI Dg4uIWuVD7Xd3FfI PDtM7hU3L1QjW9eR
uRc2j178KRm3sVAY uRc2j178KRm3sVAY
fg0WyZdFGAAZWRqK fg0WyZdFGAAZWRqK
pKGVzMiXVo3v1oQu pKGVzMiXVo3v1oQu
EuY7nNg1nWHDnCBx EuY7nNg1nWHDnCBx
0BNdm9hpaqd4q3Tx 0BNdm9hpaqd4q3Tx
1ByTcIJH8XabOIWu 1ByTcIJH8XabOIWu
SLuZYQ4lYwLMQuMp SLuZYQ4lYwLMQuMp
0rKC7Chib5iDGjTC 0rKC7Chib5iDGjTC
6La4alyyQSzgrmmj 6La4alyyQSzgrmmj
TbM88DujEo9BSxqT TbM88DujEo9BSxqT
U5CEflgpFptgqHUL U5CEflgpFptgqHUL
quCqGzaCZ5rVk9Gn quCqGzaCZ5rVk9Gn
ngcwhTcmwXuonGlk ngcwhTcmwXuonGlk
27KMNaF72cTW0PDA 27KMNaF72cTW0PDA
AvHIDL41dbfeNksW AvHIDL41dbfeNksW
LZyPcj0slZv1Vk6U LZyPcj0slZv1Vk6U
2v7uFoKD90sPVOTA 2v7uFoKD90sPVOTA
nkKMB647tDItOdTX nkKMB647tDItOdTX
YHVvi99ucaU9tYgf YHVvi99ucaU9tYgf
xLhGn69fZWxkF2ME xLhGn69fZWxkF2ME
u7i0C02E9nMoZ6Ab u7i0C02E9nMoZ6Ab YpZJ50mXHPeALpEr
LsIlvCjQu9Xqre9U LsIlvCjQu9Xqre9U
1Eq6CyZRaHXkARva 1Eq6CyZRaHXkARva
nPVdEshNZOOx6qGx nPVdEshNZOOx6qGx StSocpbFeWB0czP8
6GsK7I0daq8OZxaS Uw31N0oW965MP4qr 6GsK7I0daq8OZxaS
LUoJ0iRCc71uZfNX LUoJ0iRCc71uZfNX
MxcmtGZ6qJUnGaxB MxcmtGZ6qJUnGaxB
gqX9V4QU6KrO7JGI gqX9V4QU6KrO7JGI
yILnNjtdKS6kD3NP yILnNjtdKS6kD3NP
3th5kfdmmYoxH6sF 3th5kfdmmYoxH6sF
8ae7BICLTSRkgPWv 8ae7BICLTSRkgPWv
FzSHaHADmN7Zbhbr FzSHaHADmN7Zbhbr
uN0YmlR4YKMmyTVh uN0YmlR4YKMmyTVh
1r13Qnmq9ixI97Qj 1r13Qnmq9ixI97Qj
6Gt5ffOE5tOJA8A7 6Gt5ffOE5tOJA8A7
8vLm5GS8pptr9y8t 8vLm5GS8pptr9y8t
kmMzOIvorXbmvHXw kmMzOIvorXbmvHXw R43sDxzHzrO5kncN
qKKAwpkuJY9E8dpl qKKAwpkuJY9E8dpl
m8Rn3gh3HBuT9R8d m8Rn3gh3HBuT9R8d
pi9Gjwqb8nw39ALT pi9Gjwqb8nw39ALT
Of6XUqufA1wxpnuj Of6XUqufA1wxpnuj
TEBcdk0AQd6dKevH TEBcdk0AQd6dKevH
ZASkL5Mxwr8cbBFG ZASkL5Mxwr8cbBFG
Plb766RuoiNfkOGW Plb766RuoiNfkOGW
dBEYMpdveobbOa64 dBEYMpdveobbOa64
LjKfvPnu1IVb9d8E LjKfvPnu1IVb9d8E
M9il2j2XBWeGdURv M9il2j2XBWeGdURv Zo0umr3KFWOZJQPm
