l0 h0 h25 h58 h6 l12 h47 h92 h46 l3 h23 h77 h23 h50 h51 h45 l22 h28 l95 l66 h22 l66 h71 h7 h29 h70 l35 l14 h15 l87 h17 h80 h85 h16 l62 l80 l72 l31 h27 l72 h62 l72 l67 l76 h13 h97 h13 h12 h65 l64 l48 h82 l97 h61 h59 l42 h81 h73 h38 h66 h96 h54 h67 h75 h39 h90 h93 h57 h20 h10 l26 h52 h53 h4 l51 h5 l40 h4 h5 h88 h65 h88 h19 l9 h86 h64 h82 l97 l5 l48 l98 h42 l9 h86 h43 h13 l76 h87 l18 h37 l18 l20 l63 h9 h40 l88 h36 l69 h48 h49 h98 l39 h31 h69 l34 l39 h33 l15 h30 h32 h79 h35 l17 l28 l10 h94 h56 h94 l59 h66 h72 l36 h74 h2 h3 h83 h89 h83 h3 l0
88
h0 h0 h1
h2 h2
h3 h3 h91
h4 h4 h18
h5 h5
h6 h6
h7 h7
l88 h8
h9 h9 h95
h10 h10
h64 h11 h64
h12 h12
h13 h13
h71 h14 h71
h15 h15
h16 h16
h17 h17
h19 h19
h20 h20
l28 h21
h22 h22
h23 h23
h92 h24 h92
h25 h25
l31 h26 h63
h27 h27
h28 h28
h29 h29
h30 h30
h31 h31 h78
h32 h32
h33 h33
l17 h34
h35 h35
h36 h36
h37 h37
h38 h38
h39 h39
h40 h40
l20 h41
h42 h42
h43 h43
l95 h44
h45 h45
h46 h46
h47 h47
h48 h48
h49 h49
h50 h50
h51 h51
h52 h52
h53 h53
h54 h54 h55
h56 h56
h57 h57
h58 h58 h84
h59 h59
l97 h60
h61 h61
h62 h62
h65 h65 h99
h66 h66
h67 h67
l15 h68
h69 h69
h70 h70
h72 h72
h73 h73
h74 h74
h75 h75
l22 h76
h77 h77
h79 h79
h80 h80
h81 h81
h82 h82
h83 h83
h85 h85
h86 h86
h87 h87
h88 h88
h89 h89
h90 h90
h93 h93
h94 h94
h96 h96
h97 h97
h98 h98
