l0 h0 h1 h83 h89 h74 h2 h3 l86 h67 l71 l42 h59 l42 h81 l29 h55 h54 h96 l84 h20 h57 h93 h90 h39 l49 h56 l59 h66 h11 l32 l9 h19 h88 h65 l56 l54 l20 l63 h87 l69 h68 l15 h30 h32 h78 h31 h48 h49 h98 h79 l73 l74 l88 h36 h37 l18 h95 h9 l63 l54 l56 l64 h60 l97 h82 h64 h88 l76 h13 h97 l13 l31 h27 l72 l80 l76 h13 l6 h5 h4 h53 h52 l26 h10 h21 l28 l17 h34 h38 h91 l94 l44 l23 l55 l38 l25 h44 l95 h51 h45 l22 h28 h80 h29 h7 h29 l14 h85 l7 h43 l21 l62 h16 h15 l45 h70 h77 h23 h22 l66 h50 h71 l11 l3 h6 l12 h47 h92 h46 l91 h58 l91 l94 l0
88
h0 h0
h1 h1
h2 h2
h3 h3
h4 h4 h18
h5 h5
h6 h6
h7 h7
l88 h8 h40
h9 h9
h10 h10
h11 h11
h13 h12 h13
l45 h14
h15 h15
h16 h16
h80 h17 h80
h19 h19
h20 h20
h21 h21
h22 h22
h23 h23
h92 h24 h92
l91 h25
l31 h26 h63
h27 h27
h28 h28
h29 h29
h30 h30
h31 h31 h69
h32 h32
l73 h33
h34 h34
l17 h35
h36 h36
h37 h37
h38 h38
h39 h39
l20 h41
l9 h42 h86
h43 h43
h44 h44
h45 h45
h46 h46
h47 h47
h48 h48
h49 h49
h50 h50
h51 h51
h52 h52
h53 h53
h54 h54
h55 h55
h56 h56 h94
h57 h57
h58 h58 h84
h59 h59
h60 h60
l97 h61
l72 h62
h64 h64
h65 h65 h99
h66 h66 h72
h67 h67
h68 h68
h70 h70
h71 h71
l86 h73
h74 h74
l59 h75
l22 h76
h77 h77
h78 h78
h79 h79
h81 h81
h82 h82
h83 h83
h85 h85
h87 h87
h88 h88
h89 h89
h90 h90
h91 h91
h93 h93
h95 h95
h96 h96
h97 h97
h98 h98
