point0 point33 point25 point45 point39 point40 point38 point85 point89 point48 point45 point37 point35 point29 point32 point18 point20 point15 point5 point11 point10 point1 point12 point14 point21 point22 point3 point16 point32 point29 point28 point36 point34 point31 point34 point31 point77 point82 point90 point88 point94 point93 point86 point134 point140 point139 point135 point131 point184 point190 point182 point187 point138 point132 point120 point83 point75 point76 point79 point76 point78 point73 point72 point68 point67 point109 point164 point163 point159 point165 point173 point172 point168 point189 point183 point181 point183 point174 point169 point171 point159 point163 point162 point158 point162 point148 point151 point148 point144 point145 point149 point154 point152 point154 point149 point154 point152 point143 point146 point155 point115 point111 point110 point112 point102 point107 point103 point97 point98 point97 point101 point111 point113 point117 point127 point123 point127 point126 point121 point129 point125 point122 point83 point80 point77 point67 point68 point63 point68 point64 point59 point56 point52 point50 point49 point69 point0
75
point1 point1
point3 point3
point5 point5
point15 point6 point13 point15
point10 point10
point11 point11
point16 point16
point32 point17
point18 point18
point21 point21
point34 point27 point34
point29 point29
point25 point30
point31 point31
point33 point33
point38 point38
point39 point39 point43
point40 point40
point37 point41
point45 point42
point49 point49
point50 point51 point55
point52 point52
point0 point54
point56 point56
point67 point67
point69 point69
point72 point72
point73 point73
point75 point75
point76 point76
point78 point78
point79 point79
point83 point83
point85 point85
point86 point86
point89 point87 point89 point91
point94 point94
point107 point100
point102 point102 point108
point103 point103
point109 point109
point110 point110
point111 point111
point112 point112
point113 point113
point115 point115
point125 point119
point120 point120
point122 point122
point123 point123 point124
point126 point126
point131 point131
point132 point132
point134 point134
point135 point135
point138 point138
point139 point139 point180
point144 point144 point157
point148 point148
point149 point149
point151 point151
point152 point152
point146 point153
point155 point155
point158 point158
point163 point160 point163
point162 point162
point172 point172
point173 point177
point189 point179
point183 point183
point184 point184
point190 point185
point187 point187
