55 57 182 101 61 122 123 15 135 15 13 179 62 146 90 56 90 60 85 191 144 40 42 181 147 66 88 26 70 10 23 10 184 143 74 107 69 77 157 153 133 58 140 43 66 174 5 93 132 80 86 100 75 125 188 171 149 161 11 14 110 138 7 138 14 118 141 81 141 24 128 36 121 39 89 185 131 20 151 45 12 162 177 16 189 71 111 137 83 33 82 186 48 91 21 115 63 106 51 158 96 59 104 59 152 119 29 158 120 38 114 98 67 44 8 53 127 54 40 97 109 175 148 41 49 105 2 170 27 164 126 30 170 160 136 124 183 150 32 134 116 76 1 76 52 28 113 63 106 21 55
92
40 40
11 11
140 140
33 33
59 159 59
97 97
146 146
149 149
12 12
170 170
63 63
119 119
184 184
28 172
81 81
14 17
32 32
91 91
61 61
26 26
27 27
148 148
188 188
153 78 153
101 101
62 62
45 45
76 76
111 111
133 133
152 152
88 88
185 185
90 90
162 162
182 182
49 49
58 58 166
107 107
186 186
189 189
118 118
181 181
74 74
67 67
15 15
29 29
83 83
53 53
41 41
36 36
171 171
134 134
54 54
175 175
177 177 173
151 151
43 43
116 116
135 135
106 106
105 105
179 179
86 86
158 158
10 163
66 66
131 131
56 56
115 115
57 57
160 160
137 137
8 8
13 13
109 109
126 126
150 150
42 42
16 16
122 122
71 71
85 85
113 113
20 20
80 80
77 77
44 9
30 30
48 48
7 168
114 114
