55 171 24 138 17 14 36 14 125 188 86 80 125 100 149 89 185 131 39 151 130 162 177 92 12 84 16 108 71 189 145 137 111 176 190 159 59 96 51 63 115 123 61 15 144 191 135 15 113 6 62 42 181 112 26 174 70 43 140 58 23 153 78 133 10 163 184 143 169 74 73 77 69 107 157 22 10 26 88 66 43 95 147 56 90 179 13 129 106 21 91 48 63 120 30 126 164 170 160 136 124 27 172 44 8 54 127 53 40 97 109 175 148 41 49 150 32 134 116 76 67 114 1 120 158 29 119 186 33 83 82 68 176 117 189 4 173 45 161 20 149 171 17 14 7 138 118 121 14 110 154 93 88 60 85 37 101 182 101 35 101 55
92
40 40
161 11
140 140
33 33
159 159
97 97
191 146
149 149
12 12
170 170
63 63
119 119 152
184 184
172 172
24 81
17 17
32 32
91 91
61 61
26 26
27 27
148 148
188 188
78 78
101 101
62 62
45 45
76 76
111 111
133 133
88 88
185 185
90 90
162 162
182 182 57
49 49
59 59
58 58 166
107 107
186 186
189 189
118 118
181 181
74 74
67 67
15 15
29 29
83 83
53 53
41 41
36 36
171 171
134 134
54 54
175 175
177 177
151 151
43 43
116 116
135 135
106 106
124 105
179 179 122
86 86
158 158
163 163
66 66
131 131
56 56
115 115
160 160
137 137
8 8
13 13
109 109
126 126
150 150
42 42
16 16
71 71
85 85
113 113
20 20
153 153
80 80
77 77
173 173
44 9
30 30
48 48
7 168
114 114
