x182 x11 x14 x0 x14 x11 x192 x106 x15 x107 x184 x129 x3 x86 x84 x144 x194 x82 x4 x48 x64 x137 x156 x25 x80 x31 x191 x133 x55 x172 x5 x21 x76 x158 x143 x17 x104 x42 x98 x19 x9 x95 x101 x100 x99 x8 x151 x119 x45 x176 x56 x94 x14 x77 x166 x20 x7 x61 x71 x139 x198 x182
58
x191 x74 x185
x21 x21 x113 x118 x164
x86 x86 x87 x66
x20 x20
x42 x42
x45 x45 x79 x127 x27 x49
x31 x6 x161 x31
x137 x147 x137 x125
x9 x10 x128 x146 x18 x136 x50
x192 x192
x14 x69 x14
x64 x88 x64
x143 x72 x143
x3 x3
x158 x43 x141
x48 x48 x2
x176 x189
x133 x133
x184 x138 x30 x26 x46 x184
x19 x59 x19 x183 x32
x151 x151 x58
x56 x186 x56
x172 x172
x80 x80
x17 x17
x100 x153 x100 x92
x76 x114 x76
x104 x104
x8 x8
x166 x166
x101 x159
x144 x179
x0 x109 x163 x116
x129 x53
x99 x99
x15 x15
x94 x94
x71 x71
x84 x84
x198 x155 x177 x198
x7 x7
x119 x119 x23
x194 x194
x25 x25
x77 x77
x95 x95
x107 x107
x82 x82
x139 x139 x102
x11 x11
x106 x106
x4 x4
x5 x83
x98 x98
x55 x55
x182 x182
x61 x61
x156 x156
