awsq33VKPi6omYhDxD EEGmmDga qaNF4 a049zYG55Zn66Xbmpdp0 fnMwNw1M6Naw owJxU5AByA1usDUB3gkv K8FRNDo9AOC85 23LQ1uFKh B6zwxFUTXP7207OU e2CQ 10rY1cuVgs tH7nO948j59TD GqPS06 3l6XBJU8C1Vc5ugKIhUy J Tgw4KRLY56280J0 o2TJY8U 3AZZS7ZlVKs4rRsl T930LVMZqWnRhtA b88Y9j2qm7Ik9Uc1Akg 4o eh31Ty 5NI1AGh6XyxT39yE LgZ3kgV zvAc9Z2d7eDxV gE2u1BLhV0VP9W4K FXctIQn9v awsq33VKPi6omYhDxD
21
T930LVMZqWnRhtA T930LVMZqWnRhtA bIXpEU56v5EwRurYx
zvAc9Z2d7eDxV zvAc9Z2d7eDxV
3AZZS7ZlVKs4rRsl 3AZZS7ZlVKs4rRsl
Tgw4KRLY56280J0 Tgw4KRLY56280J0
awsq33VKPi6omYhDxD awsq33VKPi6omYhDxD
o2TJY8U o2TJY8U
e2CQ e2CQ
5NI1AGh6XyxT39yE 5NI1AGh6XyxT39yE
4o t4g038uD0J7N2MjjK 4o
a049zYG55Zn66Xbmpdp0 a049zYG55Zn66Xbmpdp0
fnMwNw1M6Naw fnMwNw1M6Naw
23LQ1uFKh l
3l6XBJU8C1Vc5ugKIhUy 3l6XBJU8C1Vc5ugKIhUy
B6zwxFUTXP7207OU B6zwxFUTXP7207OU
owJxU5AByA1usDUB3gkv owJxU5AByA1usDUB3gkv
10rY1cuVgs IU22L8 10rY1cuVgs
tH7nO948j59TD tH7nO948j59TD
gE2u1BLhV0VP9W4K gE2u1BLhV0VP9W4K
qaNF4 9NiO9NIt6mT qaNF4
J J
b88Y9j2qm7Ik9Uc1Akg b88Y9j2qm7Ik9Uc1Akg
