Soda Unit3 MainStacks Blackwell Unit1 Wheeler Haas RSF LakeMerrit Stephans Barrows TheRoof Doe GoldenStatePark BC Unit2 Mulford Morgan MLK ClarkKerr Sproul Foothill BWW Hertz GBC MemorialStadium Wellman Soda
26
Doe Doe
Wheeler Wheeler
Stephans Stephans
Haas Haas
Hertz Hertz
Barrows Barrows
RSF RSF
Sproul Sproul
GBC GBC
MLK MLK
BWW BWW
MemorialStadium MemorialStadium
MainStacks MainStacks
Morgan Morgan
Mulford Mulford
Wellman Wellman
Unit1 Unit1
Unit2 Unit2
Unit3 Unit3
Blackwell Blackwell
BC BC
Foothill Foothill
ClarkKerr ClarkKerr
LakeMerrit LakeMerrit
GoldenStatePark GoldenStatePark
TheRoof TheRoof
