maintenance difficulty economy movie contract sign action marketing photo selection focus example property style reputation inspection cause career account driver day salad role volume resolution complaint woman average feature philosophy income context future wife competition chest sister description population rock object depression obligation war rate bread price church beer version maintenance
50
philosophy philosophy
object object
competition competition
war war
style style
church church
wife wife
sign sign
complaint complaint
sister sister
cause cause
economy economy
contract contract
price price
rate rate
income income
role role
driver driver
career career
inspection inspection
average average
focus focus
action action
reputation reputation
account account
movie movie
description description
day day
depression depression
chest chest
beer beer
salad salad
photo photo
difficulty difficulty
context context
maintenance maintenance
population population
version version
example example
resolution resolution
rock rock
marketing marketing
future future
feature feature
obligation obligation
bread bread
volume volume
property property
selection selection
woman woman
