context interaction road reality while departure anxiety bit wood currency care attempt fat construction aspect teaching bread satisfaction store farmer bedroom thanks state ability soil context
25
care care
context context
while while
currency currency
reality reality
bedroom bedroom
wood wood
bit bit
ability ability
interaction interaction
farmer farmer
construction construction
teaching teaching
soil soil
state state
satisfaction satisfaction
store store
attempt attempt
departure departure
fat fat
thanks thanks
bread bread
anxiety anxiety
aspect aspect
road road
