liverance hypanthium catabolism studiously otate tortillons pallia handballer refortify asterisk coulde metamere lethiferal wellbores shutter hatrail moderatrix oversleeps bywoners jitterbugs pontage kamencheh achieve Akkub tightening liverance
25
catabolism catabolism
tortillons tortillons
studiously studiously
oversleeps oversleeps
bywoners bywoners
hypanthium hypanthium
Akkub Akkub
moderatrix moderatrix
liverance liverance
hatrail hatrail
jitterbugs jitterbugs
lethiferal lethiferal
wellbores wellbores
handballer handballer
metamere metamere
kamencheh kamencheh
tightening tightening
shutter shutter
achieve achieve
pontage pontage
asterisk asterisk
otate otate
coulde coulde
refortify refortify
pallia pallia
