Soda HaasPavilion Wellman Jacobs Koshland Hildebrand McCone Senior Giannini Foothill Wheeler Hertz Moses Cheit Stanley Haste Dwinelle Bowles Boalt DoeLibrary Morgan Blackwell Stern LifeSciences Pitzer Soda
24
Boalt Boalt
Cheit Cheit
Dwinelle Dwinelle
Giannini Giannini
Haste Haste
LifeSciences LifeSciences
Jacobs Jacobs
Hildebrand Hildebrand
Moses Moses
Senior Senior
Stern Stern
Wheeler Wheeler
Blackwell Blackwell
Bowles Bowles
DoeLibrary DoeLibrary
Foothill Foothill
HaasPavilion HaasPavilion
Hertz Hertz
Koshland Koshland
McCone McCone
Morgan Morgan
Pitzer Pitzer
Stanley Stanley
Wellman Wellman
