SusanneJohnBerrios LaquitaJohnBrunette RalphClydeMills JorgeHeatherSamuels JuliaLindaGordon RubyLelandCollard HarryNeilFranklin JuliaMollieHernandez DorothyDavidStromme MaryFrankieWomack GarryDavidKingery StephanieAaronWalker FernandoLindaWatson AntonioGeraldBaker DouglasRobertFerkovi MonteMonicaLum JuanDebbieAllen DinahCatherineFaulkn MattieBarbaraEkstrom SpencerCourtneyBroth DougHelenHornbeck ClaudiaDavidTaylor SusanneJohnBerrios
21
DouglasRobertFerkovi DouglasRobertFerkovi
DinahCatherineFaulkn DinahCatherineFaulkn
MonteMonicaLum MonteMonicaLum
DorothyDavidStromme DorothyDavidStromme
StephanieAaronWalker StephanieAaronWalker
JuliaMollieHernandez JuliaMollieHernandez
JorgeHeatherSamuels JorgeHeatherSamuels
RubyLelandCollard RubyLelandCollard
MattieBarbaraEkstrom MattieBarbaraEkstrom
RalphClydeMills RalphClydeMills
DougHelenHornbeck DougHelenHornbeck
JuliaLindaGordon JuliaLindaGordon
LaquitaJohnBrunette LaquitaJohnBrunette
FernandoLindaWatson FernandoLindaWatson
JuanDebbieAllen JuanDebbieAllen
AntonioGeraldBaker AntonioGeraldBaker
MaryFrankieWomack MaryFrankieWomack
HarryNeilFranklin HarryNeilFranklin
ClaudiaDavidTaylor ClaudiaDavidTaylor
SpencerCourtneyBroth SpencerCourtneyBroth
GarryDavidKingery GarryDavidKingery
