Abbey Rebecca Carlee Liberty Nora Avni Riley Eden Harley Haven Matilda Maeve Sophia Dana Kiera Helen Alexia Ayanna Jordin Marisol Shannon Isabella Beatrice Presley Ruth Tara Rayna Lillie Mckinley Mira Kayley Lilia Jamiya Yoselin Lana Kristina Lisa Vivian Karma Kimberly Tanya Abbey
40
Alexia Alexia
Avni Avni
Ayanna Ayanna
Beatrice Beatrice
Carlee Carlee
Dana Dana
Eden Eden
Harley Harley
Haven Haven
Helen Helen
Isabella Isabella
Jamiya Jamiya
Jordin Jordin
Karma Karma
Kayley Kayley
Kiera Kiera
Kimberly Kimberly
Kristina Kristina
Lana Lana
Liberty Liberty
Lilia Lilia
Lillie Lillie
Lisa Lisa
Maeve Maeve
Marisol Marisol
Matilda Matilda
Mckinley Mckinley
Mira Mira
Nora Nora
Presley Presley
Rayna Rayna
Rebecca Rebecca
Riley Riley
Ruth Ruth
Shannon Shannon
Sophia Sophia
Tanya Tanya
Tara Tara
Vivian Vivian
Yoselin Yoselin
