Abbey Matilda Arielle Lainey Emma Tara Dana Lacey Jimena Rylee Diana Emilie Lilyana Kiley Ariel Ashley Neveah Alivia Lilia Mya Ciara Kimberly Chasity Jasmin Aniya Lucille Ingrid Carlie Camilla Dayami Myah Alexus Mckinley Denisse Jillian Iyana Riley Mckayla Kayden Brooklyn Sharon Alexia Kaydence Juliette Claire Kristin Mireya Kiana Kristina Bryanna Kira Carleigh Jade Zara Lindsay Kaley Sophia Carly Maggie Carlee Haven Laylah Sophie Melina Christine Parker Avni Gillian Zaria Leila Jazmyn Natalee Kenzie Shyanne Alia Noelle Elianna Aubree Jaden Janiya Baylee Imani Taniyah Aryana Jamiya Keyla Madilynn Mira Nia Zion Abbey
90
Abbey Abbey
Alexia Alexia
Alexus Alexus
Alia Alia
Alivia Alivia
Aniya Aniya
Ariel Ariel
Arielle Arielle
Aryana Aryana
Ashley Ashley
Aubree Aubree
Avni Avni
Baylee Baylee
Brooklyn Brooklyn
Bryanna Bryanna
Camilla Camilla
Carlee Carlee
Carleigh Carleigh
Carlie Carlie
Carly Carly
Chasity Chasity
Christine Christine
Ciara Ciara
Claire Claire
Dana Dana
Dayami Dayami
Denisse Denisse
Diana Diana
Elianna Elianna
Emilie Emilie
Emma Emma
Gillian Gillian
Haven Haven
Imani Imani
Ingrid Ingrid
Iyana Iyana
Jade Jade
Jaden Jaden
Jamiya Jamiya
Janiya Janiya
Jasmin Jasmin
Jazmyn Jazmyn
Jillian Jillian
Jimena Jimena
Juliette Juliette
Kaley Kaley
Kayden Kayden
Kaydence Kaydence
Kenzie Kenzie
Keyla Keyla
Kiana Kiana
Kiley Kiley
Kimberly Kimberly
Kira Kira
Kristin Kristin
Kristina Kristina
Lacey Lacey
Lainey Lainey
Laylah Laylah
Leila Leila
Lilia Lilia
Lilyana Lilyana
Lindsay Lindsay
Lucille Lucille
Madilynn Madilynn
Maggie Maggie
Matilda Matilda
Mckayla Mckayla
Mckinley Mckinley
Melina Melina
Mira Mira
Mireya Mireya
Mya Mya
Myah Myah
Natalee Natalee
Neveah Neveah
Nia Nia
Noelle Noelle
Parker Parker
Riley Riley
Rylee Rylee
Sharon Sharon
Shyanne Shyanne
Sophia Sophia
Sophie Sophie
Taniyah Taniyah
Tara Tara
Zara Zara
Zaria Zaria
Zion Zion
