Qatar DemofChina Egypt Australia Burundi Macedonia Senegal Malta Angola Tunisia Kosovo CostaRica Belgium Estonia Mongolia Tanzania Morocco Netherlands Georgia UnitedKingdom Danzig Liberia SanMarino CzechRepublic VaticanCity Lebanon Mozambique Armenia Haiti GuineaBissau Kyrgyzstan Belarus RussianFederation Tuvalu Guyana Gabon UAE Montenegro Uzbekistan Peru SaintLucia Singapore Tajikistan Mali SierraLeone France Andorra Nicaragua Albania Qatar
49
Belarus Belarus
Peru Peru
Nicaragua Nicaragua
Gabon Gabon
Haiti Haiti
Tajikistan Tajikistan
Mongolia Mongolia Sweden
Danzig Danzig
Morocco Morocco
Liberia Liberia
UAE UAE
Armenia Armenia
Australia Australia
Estonia Estonia
Montenegro Montenegro
RussianFederation RussianFederation
Egypt Egypt
France France
CostaRica CostaRica
Senegal Senegal
SierraLeone SierraLeone
DemofChina DemofChina
Kosovo Kosovo
Netherlands Netherlands
UnitedKingdom UnitedKingdom
Macedonia Macedonia
Singapore Singapore
Mozambique Mozambique
Belgium Belgium
Angola Angola
Guyana Guyana
Tanzania Tanzania
Uzbekistan Uzbekistan
Mali Mali
SanMarino SanMarino
GuineaBissau GuineaBissau
Tunisia Tunisia
VaticanCity VaticanCity
Malta Malta
Lebanon Lebanon
Tuvalu Tuvalu
Albania Albania
Kyrgyzstan Kyrgyzstan
Qatar America
Burundi Burundi
Andorra Andorra
SaintLucia SaintLucia
Georgia Georgia
CzechRepublic CzechRepublic
