Shoreburn Mallowway Butterhill Lochmage Ostwynne Seamoor Stoneglass Newmill Rosemill Flowerfield Courtwall Janholt Marbleiron Westvale Flowermill Wellmage Freyview Snowsage Greyice Mallowness Wooddell Oldmoor Verthedge Goldwyvern Southpine Bluedale Orfort Oakmere Greensummer Corbank Bushgate Westerlight Bluewyn Morwald Clearland Wildemarsh Fogland Butterbush Orbarrow Rosegate Esterfall Silverlea Butterway Esterash Newley Northriver Dellwyn Mistshore Wolflea Eriwall Foxvale Summermage Newby Irondeer Deephedge Redwell Erilyn Bluedell Greenshore Foxhaven Northwynne Freymere Fairice Windbridge Coldville Courtedge Buttermead Brightrock Stonefair Goldcrest Lightmere Snowshore Silverbarrow Courtcastle Eastcastle Woodice Westmill Silverwitch Mallowbridge Ironriver Ironshore Valhaven Wellbank Fairsage Strongfall Highmont Southwheat Bluelake Redlake Applecastle Violetfay Morwall Icenesse Clearnesse Blackbush Fieldedge Brightmere Violetley Springfox Starryhill Shoreburn
100
Butterway Butterway
Lochmage Lochmage
Stonefair Stonefair
Highmont Highmont
Esterash Esterash
Oldmoor Oldmoor
Clearland Clearland
Wellmage Wellmage
Fairsage Fairsage
Fieldedge Fieldedge
Bluedale Bluedale
Greyice Greyice
Stoneglass Stoneglass
Northriver Northriver
Bluedell Bluedell
Orbarrow Orbarrow
Foxvale Foxvale
Newby Newby
Mallowbridge Mallowbridge
Clearnesse Clearnesse
Foxhaven Foxhaven
Dellwyn Dellwyn
Redwell Redwell
Windbridge Windbridge
Snowsage Snowsage
Goldcrest Goldcrest
Valhaven Valhaven
Starryhill Starryhill
Deephedge Deephedge
Silverwitch Silverwitch
Wolflea Wolflea
Ironriver Ironriver
Erilyn Erilyn
Freyview Freyview
Courtedge Courtedge
Westerlight Westerlight
Blackbush Blackbush
Irondeer Irondeer
Verthedge Verthedge
Butterbush Butterbush
Butterhill Butterhill
Courtwall Courtwall
Corbank Corbank
Seamoor Seamoor
Bluelake Bluelake
Oakmere Oakmere
Rosemill Rosemill
Strongfall Strongfall
Snowshore Snowshore
Brightmere Brightmere
Rosegate Rosegate
Brightrock Brightrock
Violetley Violetley
Bushgate Bushgate
Shoreburn Shoreburn
Mallowway Mallowway
Springfox Springfox
Applecastle Applecastle
Fogland Fogland
Icenesse Icenesse
Newmill Newmill
Esterfall Esterfall
Goldwyvern Goldwyvern
Janholt Janholt
Ironshore Ironshore
Courtcastle Courtcastle
Greenshore Greenshore
Mistshore Mistshore
Coldville Coldville
Southwheat Southwheat
Mallowness Mallowness
Greensummer Greensummer
Bluewyn Bluewyn
Southpine Southpine
Redlake Redlake
Westmill Westmill
Wellbank Wellbank
Flowermill Flowermill
Summermage Summermage
Woodice Woodice
Buttermead Buttermead
Northwynne Northwynne
Marbleiron Marbleiron
Fairice Fairice
Eriwall Eriwall
Newley Newley
Eastcastle Eastcastle
Wildemarsh Wildemarsh
Flowerfield Flowerfield
Lightmere Lightmere
Wooddell Wooddell
Ostwynne Ostwynne
Morwall Morwall
Violetfay Violetfay
Morwald Morwald
Orfort Orfort
Westvale Westvale
Freymere Freymere
Silverbarrow Silverbarrow
Silverlea Silverlea
