<<<<<<< HEAD
K CG CJ AO CI BT G BE AW CB M AH AG BV A AV BI I BB T H BL BR BJ AZ BF CC BU O AM AR BW CP B BM E AJ F AS BP AQ BA AB BN BD BG Y BH L CM V BZ BY U AP CU N BO Q BQ P AI C CD BK S CL Z CA CE X AT R CH D AK CN CF CQ AY CT BC AA W AC BS AF CR AE AU BX AD CS J CO CV CK AN AX AL K
=======
K CG CJ AO CI BT G BE BI AV A BV AG H T BB I AN CK CV CO CH D AK CN BU O AM AR BW CP B BM AB BA AQ BP AS F AJ E AY CT BC AA W AC BS CC BF AZ BJ BR BL CM V BZ BY U AP CU N BO Q BQ AW CB AH M R AT X CE CA Z CL S CQ CF BH L Y BG BD BN BK CD C AI P AE CR AF J CS AD BX AU AX AL K
>>>>>>> 65fac2e345f4df30fe063360f9eace58899f33cb
100
A A
B B
C C
D D
E E
F F
G G
H H
I I
J J
K K
L L
M M
N N
O O
P P
Q Q
R R
S S
T T
U U
V V
W W
X X
Y Y
Z Z
AA AA
AB AB
AC AC
AD AD
AE AE
AF AF
AG AG
AH AH
AI AI
AJ AJ
AK AK
AL AL
AM AM
AN AN
AO AO
AP AP
AQ AQ
AR AR
AS AS
AT AT
AU AU
AV AV
AW AW
AX AX
AY AY
AZ AZ
BA BA
BB BB
BC BC
BD BD
BE BE
BF BF
BG BG
BH BH
BI BI
BJ BJ
BK BK
BL BL
BM BM
BN BN
BO BO
BP BP
BQ BQ
BR BR
BS BS
BT BT
BU BU
BV BV
BW BW
BX BX
BY BY
BZ BZ
CA CA
CB CB
CC CC
CD CD
CE CE
CF CF
CG CG
CH CH
CI CI
CJ CJ
CK CK
CL CL
CM CM
CN CN
CO CO
CP CP
CQ CQ
CR CR
CS CS
CT CT
CU CU
CV CV
