ctUVEJSyNR Z82QDWb0Pr 7d3UA4fKWz 8Jejdr7ynm sY3UqAEMG3 HG8olhhcTZ BtCEVbHoQI VbPBW7rmhF UphA2uAaYC vzXeZbLrSW f91pUtm9EZ MuYreynm57 osdKgXyg1e gLI8ArV2Ui oPQmRUijH5 6lpxgUxCxO pxgZ5VHtpD MzId8uwrPz N4DMbR59L3 qg08r1Pg6g uVIshS2g8a VBTKstUXwG HTp005294X TDmNOuGJBk T3o9dNVbcG ctUVEJSyNR
21
Z82QDWb0Pr U5XdtBFGOe Z82QDWb0Pr
VBTKstUXwG 8UaR4YpZys VBTKstUXwG
uVIshS2g8a zUWT7uduzq
6lpxgUxCxO 6lpxgUxCxO
osdKgXyg1e osdKgXyg1e
oPQmRUijH5 oPQmRUijH5
BtCEVbHoQI I4iTN5KXjB BtCEVbHoQI
T3o9dNVbcG T3o9dNVbcG
8Jejdr7ynm 8Jejdr7ynm QwY2G6aX6c
gLI8ArV2Ui gLI8ArV2Ui
HG8olhhcTZ HG8olhhcTZ
HTp005294X IU0Ia8127Z
MuYreynm57 MuYreynm57
7d3UA4fKWz 7d3UA4fKWz
qg08r1Pg6g qg08r1Pg6g
VbPBW7rmhF RLF9v27sOQ
TDmNOuGJBk TDmNOuGJBk
MzId8uwrPz MzId8uwrPz
vzXeZbLrSW vzXeZbLrSW
f91pUtm9EZ f91pUtm9EZ
UphA2uAaYC UphA2uAaYC
