Soda Tang Platano InternationalHouse Venus Cancun Tuhuamixtel Chino SigmaKappa AlphaChi Tijuana Upland Sacramento ChiOmega Jupiter Irvine SanMiguel AlphaCentauri BayStreet Gregoire BerkeleyHillel Pomona SouthGate DKingGallery Talpa ElGrullo SanDiego SanBernardino Saturn CREAM FantasticComics Compton MexicoCity LosAngeles Tako BAMPFA Ashby ChezPanisse Kips Guadalajara DeltaDelta Myto Riverside Rasputin Jalisco CafeTibet Fontana SantaBarbara Whittier Emeryville VictoryPoint BerkeleyHigh Mars Tuxcacuesco TripleRock Perris Soda
55
ChiOmega ChiOmega
SigmaKappa SigmaKappa
AlphaChi AlphaChi
DeltaDelta DeltaDelta
InternationalHouse InternationalHouse
BerkeleyHillel BerkeleyHillel
BerkeleyHigh BerkeleyHigh
Jupiter Jupiter
Mars Mars
Venus Venus
Saturn Saturn
AlphaCentauri AlphaCentauri
Gregoire Gregoire
BayStreet BayStreet
Emeryville Emeryville
Pomona Pomona
Compton Compton
Ashby Ashby
Perris Perris
Fontana Fontana
SanBernardino SanBernardino
Upland Upland
Chino Chino
Whittier Whittier
SouthGate SouthGate
Tijuana Tijuana
SanDiego SanDiego
Jalisco Jalisco
Guadalajara Guadalajara
SanMiguel SanMiguel
Tuxcacuesco Tuxcacuesco
Talpa Talpa
ElGrullo ElGrullo
MexicoCity MexicoCity
Tuhuamixtel Tuhuamixtel
Myto Myto
Kips Kips
TripleRock TripleRock
Rasputin Rasputin
CREAM CREAM
Tako Tako
Tang Tang
Cancun Cancun
DKingGallery DKingGallery
BAMPFA BAMPFA
Platano Platano
CafeTibet CafeTibet
FantasticComics FantasticComics
SantaBarbara SantaBarbara
Sacramento Sacramento
LosAngeles LosAngeles
Irvine Irvine
Riverside Riverside
VictoryPoint VictoryPoint
ChezPanisse ChezPanisse
