Soda GoldenStatePark Stephans Mulford ClarkKerr Doe TheRoof BWW Hertz MainStacks RSF Haas MLK Barrows Unit2 MemorialStadium Wellman Morgan Blackwell Sproul BC Wheeler Unit3 Unit1 LakeMerrit GBC Foothill Soda
26
Doe Doe
Wheeler Wheeler
Stephans Stephans
Haas Haas
Hertz Hertz
Barrows Barrows
RSF RSF
Sproul Sproul
GBC GBC
MLK MLK
BWW BWW
MemorialStadium MemorialStadium
MainStacks MainStacks
Morgan Morgan
Mulford Mulford
Wellman Wellman
Unit1 Unit1
Unit2 Unit2
Unit3 Unit3
Blackwell Blackwell
BC BC
Foothill Foothill
ClarkKerr ClarkKerr
LakeMerrit LakeMerrit
GoldenStatePark GoldenStatePark
TheRoof TheRoof
