Qwilfish Tropius Drapion Taillow Scatterbug Terrakion Metang Slurpuff Inkay Metapod Whismur Lumineon Comfey Magnemite Swadloon Munna Skorupi Honedge Wartortle Vespiquen Shellder Bastiodon Weezing Tauros Gengar Bounsweet Yungoos Xerneas Wailord Plusle Jumpluff Steenee Volcarona Vullaby Paras Zekrom Conkeldurr Stufful Amoonguss Lotad Phanpy Skiddo Noibat Magmar Shellos Tsareena Weepinbell Escavalier Woobat Crawdaunt Porygon2 Meloetta Sandile Simisear Slowbro Nincada Seaking Treecko Kakuna Tornadus Politoed Dewpider Froakie Drampa Qwilfish
64
Qwilfish Qwilfish
Simisear Simisear
Phanpy Phanpy
Terrakion Terrakion
Drapion Drapion
Meloetta Meloetta
Volcarona Volcarona
Slurpuff Slurpuff
Skiddo Skiddo
Politoed Politoed
Tropius Tropius
Sandile Sandile
Magmar Magmar
Metang Metang
Taillow Taillow
Porygon2 Porygon2
Slowbro Slowbro
Drampa Drampa
Noibat Noibat
Lotad Lotad
Scatterbug Scatterbug
Vullaby Vullaby
Inkay Inkay
Steenee Steenee
Tornadus Tornadus
Skorupi Skorupi
Dewpider Dewpider
Shellos Shellos
Metapod Metapod
Wartortle Wartortle
Crawdaunt Crawdaunt
Paras Paras
Froakie Froakie
Nincada Nincada
Gengar Gengar
Honedge Honedge
Amoonguss Amoonguss
Tsareena Tsareena
Jumpluff Jumpluff
Vespiquen Vespiquen
Munna Munna
Kakuna Kakuna
Magnemite Magnemite
Whismur Whismur
Xerneas Xerneas
Weezing Weezing
Zekrom Zekrom
Woobat Woobat
Comfey Comfey
Bounsweet Bounsweet
Seaking Seaking
Tauros Tauros
Weepinbell Weepinbell
Stufful Stufful
Shellder Shellder
Plusle Plusle
Treecko Treecko
Swadloon Swadloon
Lumineon Lumineon
Yungoos Yungoos
Bastiodon Bastiodon
Wailord Wailord
Escavalier Escavalier
Conkeldurr Conkeldurr
