Myrtle Joliet Deltona Alexandria Minneapolis Lexington Macon Barnstable Mobile Brownsville Baltimore Montgomery Plen Huntington Muskegon Bloomington Medford Kansas Champaign Cary Huntsville Erie Grays Aribel Abilene Hartford Davidson Hollywood Cedar Corpus GreenBay Bridgeport Cathedral Chandler Dallas Hemet Bradenton Merced Moreno Nashua Appleton Leominster Houma Harlingen Lorain Lansing Chicago Miramar Kissimmee Albuquerque Albany Myrtle
50
Hartford Hartford
Joliet Joliet
Barnstable Barnstable
Dallas Dallas
Grays Grays
Muskegon Muskegon
Merced Merced
Erie Erie
Chicago Chicago
Hollywood Hollywood
Hemet Hemet
Cary Cary
Bridgeport Bridgeport
Harlingen Harlingen
Macon Macon
Cedar Cedar
Plen Plen
Bradenton Bradenton
Bloomington Bloomington
Brownsville Brownsville
Albuquerque Albuquerque
Lorain Lorain
Nashua Nashua
Miramar Miramar
Kissimmee Kissimmee
Montgomery Montgomery
Davidson Davidson
Leominster Leominster
Minneapolis Minneapolis
Lexington Lexington
GreenBay GreenBay
Aribel Aribel
Baltimore Baltimore
Albany Albany
Abilene Abilene
Kansas Kansas
Chandler Chandler
Mobile Mobile
Champaign Champaign
Appleton Appleton
Cathedral Cathedral
Lansing Lansing
Corpus Corpus
Deltona Deltona
Huntsville Huntsville
Houma Houma
Medford Medford
Huntington Huntington
Alexandria Alexandria
Moreno Moreno
