a er dq fy fu ga et ct fv fd bm ck bv aw ev dx k dt u do fh gl fn gh c em ey b fb cu al cv gb fa fs eu ew fg gp ed ae bb cs e ep j en dn y cq fl dg ec l dv h eg p gm eq gn ff ex fz bc ch bl bz aj az m de w bf by bi ap br o ea ah ci df fr dj ag cp ak t ar cl aa dm cd an du ab bd cb ee a
100
aj aj
fl fl
et et
aw aw
ci ci
fy fy
fn fn
w w
ec ec
eu eu
ae ae
ey ey
cv cv
ep ep
aa aa
de de
em em
m m
bl bl
gn gn
dq dq
az az
ex ex
u u
en en
df df
ee ee
dm dm
y y
du du
dt dt
ff ff
cl cl
e e
bi bi
fb fb
dx dx
bd bd
ct ct
bc bc
ga ga
eq eq
eg eg
dg dg
p p
ag ag
bm bm
gl gl
b b
ck ck
fh fh
ap ap
fa fa
cs cs
fz fz
l l
do do
cu cu
fv fv
ev ev
ar ar
er er
ea ea
a a
fd fd
t t
h h
fr fr
ew ew
c c
cq cq
ak ak
al al
fg fg
j j
fu fu
gp gp
bv bv
gh gh
dn dn
o o
ah ah
dj dj
gb gb
br br
cd cd
k k
gm gm
ch ch
fs fs
by by
bf bf
ed ed
an an
cp cp
cb cb
bz bz
ab ab
bb bb
dv dv
