engine engineering dealer time card delivery money sport speech tooth reputation grandmother moment side country funeral answer accident piano leadership office interaction departure significance clothes class standard member data buyer preparation figure song failure two source drawing variation tension volume series war beer space satisfaction analyst step tool beginning menu error bus choice teaching model drawer situation sympathy emphasis difficulty problem education dirt age flight meal eye area secretary mind performance teacher director police business view chapter understanding energy promotion idea town aspect measurement ratio politics singer worker light fact ear material temperature section birth process girl tax machine editor engine
100
business business
light light
beginning beginning
secretary secretary
drawer drawer
promotion promotion
piano piano
space space
volume volume
speech speech
member member
office office
meal meal
model model
situation situation
standard standard
beer beer
understanding understanding
teaching teaching
worker worker
chapter chapter
machine machine
teacher teacher
time time
preparation preparation
engine engine
card card
choice choice
emphasis emphasis
reputation reputation
satisfaction satisfaction
leadership leadership
politics politics
tax tax
aspect aspect
birth birth
grandmother grandmother
departure departure
money money
performance performance
age age
significance significance
accident accident
difficulty difficulty
interaction interaction
data data
failure failure
class class
eye eye
view view
two two
step step
fact fact
sympathy sympathy
mind mind
country country
engineering engineering
moment moment
funeral funeral
figure figure
editor editor
director director
song song
area area
section section
energy energy
problem problem
buyer buyer
measurement measurement
source source
war war
process process
tension tension
tooth tooth
ear ear
clothes clothes
police police
drawing drawing
tool tool
answer answer
singer singer
education education
side side
variation variation
error error
ratio ratio
analyst analyst
menu menu
delivery delivery
town town
idea idea
series series
sport sport
bus bus
material material
dirt dirt
dealer dealer
girl girl
temperature temperature
flight flight
