1FoundersRock 39SanFransisco 1FoundersRock 28SodaHall 27InternationalHouse 36CasaZimbabwe 26ClarkKerr 32DeltaPhiEpsilon 35ChanningBowdwitch 34Martinez 31Hillegass 21Unit1 16Giannini 19SouthHall 23Unit3 30Stonefire 38RajProperties 29VarsityBerkeley 17Wheeler 20Ehrman 18NorthGate 33Wada 24Blackwell 22Unit2 37OtherCoop 25Foothill 1FoundersRock
24
16Giannini 16Giannini
17Wheeler 17Wheeler
18NorthGate 18NorthGate
19SouthHall 19SouthHall
20Ehrman 20Ehrman
21Unit1 21Unit1
22Unit2 22Unit2
23Unit3 23Unit3
24Blackwell 24Blackwell
25Foothill 25Foothill
26ClarkKerr 26ClarkKerr
27InternationalHouse 27InternationalHouse
28SodaHall 28SodaHall
29VarsityBerkeley 29VarsityBerkeley
30Stonefire 30Stonefire
31Hillegass 31Hillegass
32DeltaPhiEpsilon 32DeltaPhiEpsilon
33Wada 33Wada
34Martinez 34Martinez
35ChanningBowdwitch 35ChanningBowdwitch
36CasaZimbabwe 36CasaZimbabwe
37OtherCoop 37OtherCoop
38RajProperties 38RajProperties
39SanFransisco 39SanFransisco 40Oaktown
