runcation nervus forepast revolution pentine maxim turnoff infants lichened yuzus triforium Simferopol grilses draftox coalblack wintrier yokeline fibrates stips holodeck tipuana embittered perfusive dollying decouples usant tholoi Carazo flourless wolfer metre greatborn Muscogee wideband huddle oogle broomer prairies ilian offset stoble wheatberry silicon agistments almshouse passcards tutelar urethritic megahero destinate undramatic miticides backpay palatial Margery erysipelas construed medicine inurns baken turbid fason Lipetsk haligi conceiv quakerlike ephas multifaith timefuse cutout polyuria jaborandi Marah festuca bookhouses aliens bewitch chargeback colocynth retexture begynnynge hambone toper unbribable foreshores trikini montages Astaire torsions boomah kempy tuneful stinkbugs cloaca ungroomed blackdye lionfish thereagain Massorete husbandman runcation
100
megahero megahero
wolfer wolfer
undramatic undramatic
coalblack coalblack
wideband wideband
ungroomed ungroomed
pentine pentine
Astaire Astaire
retexture retexture
wintrier wintrier
lichened lichened
forepast forepast
yuzus yuzus
Margery Margery
turnoff turnoff
tuneful tuneful
urethritic urethritic
ephas ephas
oogle oogle
agistments agistments
Massorete Massorete
palatial palatial
colocynth colocynth
conceiv conceiv
quakerlike quakerlike
tipuana tipuana
turbid turbid
dollying dollying
flourless flourless
toper toper
bookhouses bookhouses
infants infants
montages montages
greatborn greatborn
haligi haligi
passcards passcards
stoble stoble
husbandman husbandman
fibrates fibrates
bewitch bewitch
decouples decouples
broomer broomer
Lipetsk Lipetsk
backpay backpay
huddle huddle
revolution revolution
tutelar tutelar
kempy kempy
wheatberry wheatberry
almshouse almshouse
unbribable unbribable
miticides miticides
grilses grilses
stips stips
draftox draftox
thereagain thereagain
begynnynge begynnynge
trikini trikini
Muscogee Muscogee
polyuria polyuria
medicine medicine
offset offset
inurns inurns
stinkbugs stinkbugs
yokeline yokeline
perfusive perfusive
maxim maxim
lionfish lionfish
aliens aliens
blackdye blackdye
torsions torsions
prairies prairies
runcation runcation
erysipelas erysipelas
multifaith multifaith
baken baken
Carazo Carazo
construed construed
hambone hambone
triforium triforium
silicon silicon
boomah boomah
timefuse timefuse
fason fason
cloaca cloaca
holodeck holodeck
chargeback chargeback
Marah Marah
foreshores foreshores
Simferopol Simferopol
usant usant
ilian ilian
nervus nervus
destinate destinate
tholoi tholoi
metre metre
jaborandi jaborandi
embittered embittered
cutout cutout
festuca festuca
