liverance tortillons refortify hypanthium hatrail coulde pontage tightening asterisk handballer shutter studiously bywoners lethiferal pallia oversleeps jitterbugs catabolism metamere kamencheh achieve otate moderatrix wellbores Akkub liverance
25
catabolism catabolism
tortillons tortillons
studiously studiously
oversleeps oversleeps
bywoners bywoners
hypanthium hypanthium
Akkub Akkub
moderatrix moderatrix
liverance liverance
hatrail hatrail
jitterbugs jitterbugs
lethiferal lethiferal
wellbores wellbores
handballer handballer
metamere metamere
kamencheh kamencheh
tightening tightening
shutter shutter
achieve achieve
pontage pontage
asterisk asterisk
otate otate
coulde coulde
refortify refortify
pallia pallia
