KMZ MMI WYK RWN GJW KDF HON KVT WZI MBM NLD UAO NSY CEA FZZ RHL ENU BUN EKW EXX ACK COR OUR YEC KQK YFA GVH PKG BMH QOE HSN YQU KAL LRF WVO GMG HTV GAZ WXC XYT HPL KBZ IYC PWL HGZ HTU XNH MWC NDM MWN KDH XWZ GEV CSI SZK WDN WDE QUS EVY YWR TFL MQG URI DZY DEW JTH ZES VNH XNM FBZ WPB DGD AFO ZCR YET FYE PSZ VIF IKT CDW YGM XPB VTA BWL VSQ EFO BVP NYW OBR GJK XXL RDP XFP LCB KNQ IEN VZI BTR HDY ZUA KDO KMZ
100
XPB XPB
EXX EXX
VSQ VSQ
XYT XYT
RDP RDP
WPB WPB
RWN RWN
DEW DEW
KAL KAL
GJW GJW
YQU YQU
RHL RHL
ZES ZES
URI URI
EVY EVY
MMI MMI
BTR BTR
FBZ FBZ
XWZ XWZ
MWN MWN
ACK ACK
WYK WYK
MWC MWC
QUS QUS
EFO EFO
GVH GVH
MBM MBM
YET YET
OBR OBR
BUN BUN
MQG MQG
HTV HTV
GJK GJK
JTH JTH
CDW CDW
LRF LRF
BVP BVP
WDN WDN
KDH KDH
IEN IEN
ZUA ZUA
BMH BMH
PWL PWL
HON HON
TFL TFL
WVO WVO
SZK SZK
WDE WDE
NYW NYW
GEV GEV
GAZ GAZ
WZI WZI
VZI VZI
DGD DGD
HGZ HGZ
HSN HSN
XFP XFP
CEA CEA
LCB LCB
FYE FYE
VIF VIF
HDY HDY
KQK KQK
KVT KVT
DZY DZY
KDO KDO
YEC YEC
EKW EKW
IYC IYC
QOE QOE
GMG GMG
PSZ PSZ
HPL HPL
IKT IKT
XXL XXL
VNH VNH
ENU ENU
XNM XNM
KNQ KNQ
BWL BWL
XNH XNH
KBZ KBZ
KDF KDF
YWR YWR
AFO AFO
CSI CSI
WXC WXC
FZZ FZZ
YGM YGM
NDM NDM
PKG PKG
NSY NSY
NLD NLD
COR COR
HTU HTU
YFA YFA
VTA VTA
ZCR ZCR
UAO UAO
OUR OUR
