USG BFD KJA IUL POT CMD STT NRV SCZ GJX NMY KXU KHL IRG QUA OKD DPP WSF LYL SJL TIB RAI WIF XIG OJJ QFZ AKT OEK PST MBE IUT VKQ BYF BJT ZBM DZD GIG EMI UQJ VFE UWO WRP FPK HOD ZLI DZG KND TFP STN TWC EMJ USG
50
DPP DPP
LYL LYL
UQJ UQJ
AKT AKT
GIG GIG
ZBM ZBM
HOD HOD
GJX GJX
NMY NMY
BFD BFD
KJA KJA
BYF BYF
POT POT
TWC TWC
QUA QUA
KHL KHL
DZG DZG
CMD CMD
IUL IUL
OKD OKD
MBE MBE
TIB TIB
WRP WRP
STT STT
SJL SJL
ZLI ZLI
SCZ SCZ
QFZ QFZ
FPK FPK
WSF WSF
KXU KXU
EMI EMI
WIF WIF
UWO UWO
IRG IRG
VKQ VKQ
TFP TFP
BJT BJT
DZD DZD
PST PST
VFE VFE
RAI RAI
XIG XIG
OEK OEK
NRV NRV
IUT IUT
KND KND
STN STN
EMJ EMJ
OJJ OJJ
