Soda Senior LifeSciences DoeLibrary Dwinelle Koshland Haste Moses Wellman Blackwell Morgan Pitzer Jacobs Giannini Stern Hildebrand Wheeler Hertz HaasPavilion Foothill Cheit McCone Boalt Stanley Bowles Soda
24
Boalt Boalt
Cheit Cheit
Dwinelle Dwinelle
Giannini Giannini
Haste Haste
LifeSciences LifeSciences
Jacobs Jacobs
Hildebrand Hildebrand
Moses Moses
Senior Senior
Stern Stern
Wheeler Wheeler
Blackwell Blackwell
Bowles Bowles
DoeLibrary DoeLibrary
Foothill Foothill
HaasPavilion HaasPavilion
Hertz Hertz
Koshland Koshland
McCone McCone
Morgan Morgan
Pitzer Pitzer
Stanley Stanley
Wellman Wellman
