AlbertFredHaines CassandraJaniceGlove ClaudeBobbyBaker JoStephenMay GlennaMichaelBorden IsaacGregGargano RickyJamesBrumfield LillianJuanAncona ManuelaJoseBailey WadeSonnyMcbride HowardKennethCollins PeterJosephBarbee EdwardErnestSinger StephenWilliamCoffma RolandGregoryWatson KellyJohnnaOles JannaDavidCarranza MistyRobertKing DwainJoeFeldman ElmerDemetriusLark ThomasEssieEwing JessicaChristopherHa DeeAmandaBartley BernicePennyRiddick DorisJeffreyBinger PerryJamesBennett JackieSharonScherrer TravisMichelleMeller CherylMaryMorgan JeremyJamesChavez MichaelElizabethWeav JimmyFlorTasson GaryCharlesHudson RosaPatrickYankey SandraHarryStewart RobinStephenWebster StormyOllieYork StevenNeilNguyen CynthiaConnieWright LawrenceBarryHadden JosephAmandaMullen HeidiMayJohnson RonaldEdnaArant MarkDianeDuchon JohnRichardSmith JudeJanetHarcourt TommyAmandaMartin KevinCharlesEvans KevinThomasHiggins DeniseBrunoWilliam BrettDominickSonnier LynnKennethChavez BradleyDeborahSaball KathleenSherryDay MarkAngelaMccloud EricTammyScott AnnDeannaLarzazs FerdinandLukeJackson KathleenJoseClark GeorgeWilliamJackson DenaJewellDavis JoannCharlieWilkinso EricTinaPerea EricJamesJuckett JamesJordanZamora EdwardDennisStewart DianeElisePickett MarthaJackRobinson DebraJaneFitzgerald MichaelMarkHolloway GeorgeHenryVillar ZacharyWarrenKarth MarciaWalterKirschma MaryJamesDavila JudyPearlineKaminski JohnBrendaFuller CraigJohnLard WilliamDavidGray AlbertFredHaines
78
DenaJewellDavis DenaJewellDavis
KevinThomasHiggins KevinThomasHiggins
TommyAmandaMartin TommyAmandaMartin
CassandraJaniceGlove CassandraJaniceGlove
GlennaMichaelBorden GlennaMichaelBorden
CynthiaConnieWright CynthiaConnieWright
DwainJoeFeldman DwainJoeFeldman
RickyJamesBrumfield RickyJamesBrumfield
TravisMichelleMeller TravisMichelleMeller
MichaelElizabethWeav MichaelElizabethWeav
MarkAngelaMccloud MarkAngelaMccloud
ElmerDemetriusLark ElmerDemetriusLark
JosephAmandaMullen JosephAmandaMullen
BernicePennyRiddick BernicePennyRiddick
JudyPearlineKaminski JudyPearlineKaminski
GeorgeHenryVillar GeorgeHenryVillar
ThomasEssieEwing ThomasEssieEwing
DeeAmandaBartley DeeAmandaBartley
MistyRobertKing MistyRobertKing
MarthaJackRobinson MarthaJackRobinson
MarkDianeDuchon MarkDianeDuchon
FerdinandLukeJackson FerdinandLukeJackson
JimmyFlorTasson JimmyFlorTasson
GaryCharlesHudson GaryCharlesHudson
JohnRichardSmith JohnRichardSmith
JackieSharonScherrer JackieSharonScherrer
LawrenceBarryHadden LawrenceBarryHadden
SandraHarryStewart SandraHarryStewart
GeorgeWilliamJackson GeorgeWilliamJackson
CherylMaryMorgan CherylMaryMorgan
ZacharyWarrenKarth ZacharyWarrenKarth
KathleenJoseClark KathleenJoseClark
EdwardErnestSinger EdwardErnestSinger
JannaDavidCarranza JannaDavidCarranza
JudeJanetHarcourt JudeJanetHarcourt
EricTammyScott EricTammyScott
BradleyDeborahSaball BradleyDeborahSaball
EricTinaPerea EricTinaPerea
RolandGregoryWatson RolandGregoryWatson
RosaPatrickYankey RosaPatrickYankey
BrettDominickSonnier BrettDominickSonnier
WilliamDavidGray WilliamDavidGray
JamesJordanZamora JamesJordanZamora
LynnKennethChavez LynnKennethChavez
DeniseBrunoWilliam DeniseBrunoWilliam
MarciaWalterKirschma MarciaWalterKirschma
KathleenSherryDay KathleenSherryDay
HowardKennethCollins HowardKennethCollins
JoStephenMay JoStephenMay
DianeElisePickett DianeElisePickett
DebraJaneFitzgerald DebraJaneFitzgerald
LillianJuanAncona LillianJuanAncona
EricJamesJuckett EricJamesJuckett
ClaudeBobbyBaker ClaudeBobbyBaker
KellyJohnnaOles KellyJohnnaOles
StephenWilliamCoffma StephenWilliamCoffma
IsaacGregGargano IsaacGregGargano
CraigJohnLard CraigJohnLard
JeremyJamesChavez JeremyJamesChavez
PerryJamesBennett PerryJamesBennett
ManuelaJoseBailey ManuelaJoseBailey
RonaldEdnaArant RonaldEdnaArant
JohnBrendaFuller JohnBrendaFuller
PeterJosephBarbee PeterJosephBarbee
MaryJamesDavila MaryJamesDavila
StormyOllieYork StormyOllieYork
HeidiMayJohnson HeidiMayJohnson
AlbertFredHaines AlbertFredHaines
DorisJeffreyBinger DorisJeffreyBinger
WadeSonnyMcbride WadeSonnyMcbride
JessicaChristopherHa JessicaChristopherHa
EdwardDennisStewart EdwardDennisStewart
KevinCharlesEvans KevinCharlesEvans
RobinStephenWebster RobinStephenWebster
AnnDeannaLarzazs AnnDeannaLarzazs
StevenNeilNguyen StevenNeilNguyen
MichaelMarkHolloway MichaelMarkHolloway
JoannCharlieWilkinso JoannCharlieWilkinso
