Soda lo juliann daniel caroline meghan castro singhal connor yip alvin krishnan massachusetts walsh rob ritter ashley shah golden chloe berit grace roshan andrew jarrett tamara lewke sunny amanda liang shen bloch garcia davis garbers patagonia annie eshaan ruhi kevin ian rabie sarina vilaythong djajadi martinez noor aidan sriram rosen danyal winifred woolf Soda
50
danyal danyal
singhal singhal
grace grace
patagonia patagonia
shen shen
sunny sunny
vilaythong vilaythong
alvin alvin
rabie rabie
sriram sriram
daniel daniel
winifred winifred
davis davis
castro castro
rob rob
noor noor
lewke lewke
golden golden
martinez martinez
chloe chloe
garbers garbers
garcia garcia
sarina sarina
krishnan krishnan
amanda amanda
massachusetts massachusetts
ruhi ruhi
jarrett jarrett
tamara tamara
rosen rosen
shah shah
woolf woolf
eshaan eshaan
caroline caroline
yip yip
juliann juliann
kevin kevin
lo lo
roshan roshan
annie annie
djajadi djajadi
meghan meghan
ritter ritter
andrew andrew
ian ian
walsh walsh
aidan aidan
connor connor
ashley ashley
berit berit
