C0 C107 C88 C160 C167 C125 C185 C145 C194 C68 C183 C172 C166 C141 C154 C127 C142 C177 C153 C169 C159 C182 C126 C120 C187 C82 C187 C101 C157 C124 C179 C184 C168 C93 C168 C123 C195 C103 C104 C171 C161 C110 C198 C193 C105 C192 C114 C152 C181 C164 C151 C132 C129 C122 C163 C139 C162 C199 C137 C196 C134 C97 C121 C95 C191 C119 C198 C86 C198 C149 C144 C146 C190 C165 C107 C0
67
C185 C185 C48
C171 C171 C28
C105 C45 C105
C134 C134
C101 C101
C142 C10 C7
C167 C167 C26 C27
C132 C132
C192 C5 C192 C51 C1
C141 C4 C56 C141
C97 C97
C122 C122
C159 C35 C16 C63
C157 C78 C77
C103 C66 C103
C144 C144 C11
C145 C145
C179 C179
C137 C137 C55 C100 C32
C161 C161
C165 C165 C57
C152 C152
C125 C54
C193 C193
C184 C70 C24 C2
C0 C0
C146 C146 C84
C95 C95
C119 C119
C168 C168
C162 C52 C3
C169 C169 C50
C107 C107
C121 C121
C195 C19 C20
C129 C129
C198 C74 C198 C71
C177 C58
C187 C87
C194 C194
C190 C190
C93 C93
C153 C153
C191 C31
C151 C47
C160 C160 C59
C182 C182
C82 C8 C25
C126 C49
C88 C88
C154 C154 C30
C196 C196 C43
C120 C120
C172 C172
C127 C127
C104 C104
C149 C149
C114 C114
C181 C181
C124 C124
C68 C18 C68
C164 C164
C86 C86
C123 C123
C110 C110
C139 C139
C166 C166
