<<<<<<< HEAD
Albania Andorra Brazil Kiribati Burma IvoryCoast Dominica Mali Yemen Belarus Mongolia TheGambia SierraLeone SaintLucia Panama Bhutan Cuba Pakistan Gabon Poland Fiji Djibouti Thailand Paraguay Lesotho NorthKorea NewZealand Latvia Greece Suriname Slovenia Maldives Italy France Estonia Jamaica Philippines Guatemala VaticanCity Kosovo America BosHerzegovina Australia MountAthos Malaysia Qatar Burkina Japan Grenada CapeVerde Togo Nepal PapuaNewGuinea Mauritius Cambodia Comoros Danzig Seychelles Chile EquatorGuinea Venezuela Laos Rwanda Mauritania Lithuania Kazakhstan Vanuatu Eritrea CentralAfricanRep Switzerland Hungary Ukraine Portugal Bulgaria UnitedKingdom RussianFederation Finland Argentina Serbia Germany Algeria Newfoundland Rome SaudiArabia Tunisia Peru SriLanka Norway SolomonIslands Romania Ethiopia Israel Liechtenstein Niger Cyprus Bahamas Tanzania Luxembourg UAE SaoTomPrincipe Albania
=======
Albania Chile EquatorGuinea Malaysia America Qatar SaintLucia Eritrea Kiribati France Italy Ukraine Poland Slovenia Laos Bhutan Kosovo SaoTomPrincipe NewZealand Burma Romania VaticanCity Vanuatu Cuba Portugal Luxembourg Greece Paraguay TheGambia CapeVerde SaudiArabia Thailand BosHerzegovina Danzig Gabon NorthKorea Philippines UnitedKingdom SriLanka Mauritius Mongolia Andorra CentralAfricanRep IvoryCoast Belarus Australia Rome Guatemala Japan Norway Nepal Grenada Tunisia Burkina Maldives Bulgaria Niger Latvia Dominica Israel Lithuania Finland RussianFederation Fiji Newfoundland UAE Lesotho SolomonIslands Bahamas Tanzania Ethiopia Comoros Estonia Seychelles Rwanda SierraLeone PapuaNewGuinea Brazil Peru Venezuela Serbia Panama Kazakhstan SaintKitts Algeria Pakistan Mali Suriname Hungary Yemen Togo Djibouti Argentina Jamaica Liechtenstein Mauritania MountAthos Switzerland Cambodia Cyprus Germany Albania
>>>>>>> 65fac2e345f4df30fe063360f9eace58899f33cb
100
Bahamas Bahamas
Malaysia Malaysia
Rome Rome
Burkina Burkina
SolomonIslands SolomonIslands
IvoryCoast IvoryCoast
BosHerzegovina BosHerzegovina
Andorra Andorra
VaticanCity VaticanCity
EquatorGuinea EquatorGuinea
Djibouti Djibouti
Mauritania Mauritania
Pakistan Pakistan
Bulgaria Bulgaria
Thailand Thailand
Nepal Nepal
Estonia Estonia
Italy Italy
Comoros Comoros
Kosovo Kosovo
Norway Norway
Algeria Algeria
Panama Panama
Eritrea Eritrea
Mongolia Mongolia
UnitedKingdom UnitedKingdom
Peru Peru
Mauritius Mauritius
Laos Laos
Luxembourg Luxembourg
Belarus Belarus
Paraguay Paraguay
America America
Brazil Brazil
MountAthos MountAthos
Dominica Dominica
Philippines Philippines
CapeVerde CapeVerde
Niger Niger
Latvia Latvia
Cyprus Cyprus
Burma Burma
SierraLeone SierraLeone
Kazakhstan Kazakhstan
Cambodia Cambodia
Japan Japan
Portugal Portugal
Danzig Danzig
Jamaica Jamaica
Tunisia Tunisia
Qatar Qatar
Argentina Argentina
Chile Chile
Tanzania Tanzania
Kiribati Kiribati
Germany Germany
Ukraine Ukraine
Australia Australia
Yemen Yemen
France France
Newfoundland Newfoundland
Slovenia Slovenia
Lesotho Lesotho
CentralAfricanRep CentralAfricanRep
Romania Romania
Bhutan Bhutan
Ethiopia Ethiopia
NorthKorea NorthKorea
SaintLucia SaintLucia
Gabon Gabon
Hungary Hungary
<<<<<<< HEAD
Albania SaintKitts
=======
SaintKitts SaintKitts
>>>>>>> 65fac2e345f4df30fe063360f9eace58899f33cb
Vanuatu Vanuatu
SaudiArabia SaudiArabia
Grenada Grenada
SaoTomPrincipe SaoTomPrincipe
Rwanda Rwanda
RussianFederation RussianFederation
Guatemala Guatemala
UAE UAE
SriLanka SriLanka
Cuba Cuba
Togo Togo
Poland Poland
Israel Israel
Switzerland Switzerland
Seychelles Seychelles
Venezuela Venezuela
NewZealand NewZealand
PapuaNewGuinea PapuaNewGuinea
Finland Finland
Mali Mali
TheGambia TheGambia
Greece Greece
Suriname Suriname
Liechtenstein Liechtenstein
Lithuania Lithuania
Serbia Serbia
Maldives Maldives
Fiji Fiji
